2 path.c:128 0x5902a9 24
4 path.c:254 0x5902a9 24
2 path.c:128 0x5924d9 24
1 dynarray.c:84 0x5902a9 24
2 dynarray.c:95 0x592509 16
2 path.c:90 0x592539 6
1 path.c:143 0x592559 6
4 path.c:246 0x592559 6
4 path.c:31 0x592539 6
4 dynarray.c:112 0x592509 16
4 dynarray.c:113 0x5902a9 24
4 path.c:254 0x5924d9 24
1 dynarray.c:84 0x5924d9 24
2 dynarray.c:95 0x592579 16
1 bdtBad5.c:662 0x592539 1
4 dynarray.c:112 0x592579 16
4 dynarray.c:113 0x5924d9 24
4 bdt_client.c:39 0x592539 1
2 path.c:128 0x5925a9 24
4 path.c:254 0x5925a9 24
2 path.c:128 0x5925d9 24
1 dynarray.c:84 0x5925a9 24
2 dynarray.c:95 0x592609 16
4 dynarray.c:112 0x592609 16
4 dynarray.c:113 0x5925a9 24
4 path.c:254 0x5925d9 24
2 path.c:128 0x592639 24
1 dynarray.c:84 0x5925d9 24
2 dynarray.c:95 0x592669 16
2 path.c:90 0x592699 6
2 path.c:90 0x5926b9 7
4 path.c:31 0x592699 6
4 path.c:31 0x5926b9 7
4 dynarray.c:112 0x592669 16
4 dynarray.c:113 0x5925d9 24
4 path.c:254 0x592639 24
2 path.c:128 0x592639 24
1 dynarray.c:84 0x592669 24
2 dynarray.c:95 0x5925d9 16
2 path.c:90 0x5926d9 6
4 path.c:31 0x5926d9 6
4 dynarray.c:112 0x5925d9 16
4 dynarray.c:113 0x592669 24
4 path.c:254 0x592639 24
2 path.c:128 0x592639 24
1 dynarray.c:84 0x5925d9 24
2 dynarray.c:95 0x592669 16
2 path.c:90 0x5926f9 6
1 path.c:143 0x5926d9 6
2 path.c:178 0x592719 24
1 dynarray.c:84 0x5925a9 24
2 dynarray.c:95 0x592749 16
2 path.c:191 0x592779 6
2 path.c:205 0x592799 6
3 path.c:223 0x592779 0x592779 6 6
1 bdtBad5.c:143 0x5927b9 32
2 path.c:178 0x5927f9 24
1 dynarray.c:84 0x592609 24
2 dynarray.c:95 0x592829 16
2 path.c:191 0x592859 6
2 path.c:205 0x592879 6
3 path.c:223 0x592859 0x592859 6 6
4 path.c:246 0x592779 6
4 path.c:31 0x592799 6
4 dynarray.c:112 0x592749 16
4 dynarray.c:113 0x5925a9 24
4 path.c:254 0x592719 24
4 path.c:246 0x5926d9 6
4 path.c:31 0x5926f9 6
4 dynarray.c:112 0x592669 16
4 dynarray.c:113 0x5925d9 24
4 path.c:254 0x592639 24
2 path.c:128 0x592639 24
1 dynarray.c:84 0x592719 24
2 dynarray.c:95 0x5925d9 16
2 path.c:90 0x5926f9 6
2 path.c:90 0x592899 7
2 path.c:90 0x5928b9 12
3 dynarray.c:69 0x5928d9 0x5925d9 16 32
1 path.c:143 0x592669 25
2 path.c:178 0x5925d9 24
1 dynarray.c:84 0x5925a9 24
2 dynarray.c:95 0x592919 16
2 path.c:191 0x592949 25
2 path.c:205 0x592979 6
3 path.c:223 0x592949 0x592949 25 6
4 path.c:246 0x592949 6
4 path.c:31 0x592979 6
4 dynarray.c:112 0x592919 16
4 dynarray.c:113 0x5925a9 24
4 path.c:254 0x5925d9 24
2 path.c:178 0x5925d9 24
1 dynarray.c:84 0x592919 24
2 dynarray.c:95 0x5925a9 16
2 path.c:191 0x592999 25
2 path.c:205 0x592979 6
2 path.c:205 0x5929c9 7
3 path.c:223 0x592999 0x592999 25 13
4 path.c:246 0x592999 13
4 path.c:31 0x592979 6
4 path.c:31 0x5929c9 7
4 dynarray.c:112 0x5925a9 16
4 dynarray.c:113 0x592919 24
4 path.c:254 0x5925d9 24
2 path.c:178 0x5925d9 24
1 dynarray.c:84 0x592999 24
2 dynarray.c:95 0x592919 16
2 path.c:191 0x5929e9 25
2 path.c:205 0x5929c9 6
2 path.c:205 0x592979 7
3 path.c:223 0x5929e9 0x5929e9 25 13
1 bdtBad5.c:143 0x592a19 32
2 path.c:178 0x592a59 24
1 dynarray.c:84 0x5925a9 24
2 dynarray.c:95 0x592a89 16
2 path.c:191 0x592ab9 13
2 path.c:205 0x592ad9 6
2 path.c:205 0x592af9 7
3 path.c:223 0x592ab9 0x592ab9 13 13
4 path.c:246 0x5929e9 13
4 path.c:31 0x5929c9 6
4 path.c:31 0x592979 7
4 dynarray.c:112 0x592919 16
4 dynarray.c:113 0x592999 24
4 path.c:254 0x5925d9 24
2 path.c:178 0x5925d9 24
1 dynarray.c:84 0x5929e9 24
2 dynarray.c:95 0x592999 24
2 path.c:191 0x592b19 25
2 path.c:205 0x592979 6
2 path.c:205 0x5929c9 7
2 path.c:205 0x592b49 12
3 path.c:223 0x592b19 0x592b19 25 25
1 bdtBad5.c:143 0x592b69 32
2 path.c:178 0x592ba9 24
1 dynarray.c:84 0x592919 24
2 dynarray.c:95 0x592bd9 24
2 path.c:191 0x592c09 25
2 path.c:205 0x592c39 6
2 path.c:205 0x592c59 7
2 path.c:205 0x592c79 12
3 path.c:223 0x592c09 0x592c09 25 25
4 path.c:246 0x592b19 25
4 path.c:31 0x592979 6
4 path.c:31 0x5929c9 7
4 path.c:31 0x592b49 12
4 dynarray.c:112 0x592999 24
4 dynarray.c:113 0x5929e9 24
4 path.c:254 0x5925d9 24
4 path.c:246 0x592669 25
4 path.c:31 0x5926f9 6
4 path.c:31 0x592899 7
4 path.c:31 0x5928b9 12
4 dynarray.c:112 0x5928d9 32
4 dynarray.c:113 0x592719 24
4 path.c:254 0x592639 24
2 path.c:128 0x592639 24
1 dynarray.c:84 0x592b19 24
2 dynarray.c:95 0x592719 16
2 path.c:90 0x5928b9 6
1 path.c:143 0x5926d9 6
2 path.c:178 0x5925d9 24
1 dynarray.c:84 0x592669 24
2 dynarray.c:95 0x5929e9 16
2 path.c:191 0x592899 6
2 path.c:205 0x592b49 6
3 path.c:223 0x592899 0x592899 6 6
4 path.c:246 0x592899 6
4 path.c:31 0x592b49 6
4 dynarray.c:112 0x5929e9 16
4 dynarray.c:113 0x592669 24
4 path.c:254 0x5925d9 24
4 path.c:246 0x5926d9 6
4 path.c:31 0x5928b9 6
4 dynarray.c:112 0x592719 16
4 dynarray.c:113 0x592b19 24
4 path.c:254 0x592639 24
2 path.c:128 0x592639 24
1 dynarray.c:84 0x592999 24
2 dynarray.c:95 0x592b19 16
2 path.c:90 0x5928b9 6
2 path.c:90 0x5926d9 7
1 path.c:143 0x5926f9 13
2 path.c:178 0x5925d9 24
1 dynarray.c:84 0x592719 24
2 dynarray.c:95 0x592669 16
2 path.c:191 0x592b49 13
2 path.c:205 0x5929c9 6
3 path.c:223 0x592b49 0x592b49 13 6
4 path.c:246 0x592b49 6
4 path.c:31 0x5929c9 6
4 dynarray.c:112 0x592669 16
4 dynarray.c:113 0x592719 24
4 path.c:254 0x5925d9 24
2 path.c:178 0x5925d9 24
1 dynarray.c:84 0x5929e9 24
2 dynarray.c:95 0x592719 16
2 path.c:191 0x5929c9 13
2 path.c:205 0x592b49 6
2 path.c:205 0x592979 7
3 path.c:223 0x5929c9 0x5929c9 13 13
4 path.c:246 0x5929c9 13
4 path.c:31 0x592b49 6
4 path.c:31 0x592979 7
4 dynarray.c:112 0x592719 16
4 dynarray.c:113 0x5929e9 24
4 path.c:254 0x5925d9 24
4 path.c:246 0x5926f9 13
4 path.c:31 0x5928b9 6
4 path.c:31 0x5926d9 7
4 dynarray.c:112 0x592b19 16
4 dynarray.c:113 0x592999 24
4 path.c:254 0x592639 24
2 path.c:128 0x592639 24
1 dynarray.c:84 0x592669 24
2 dynarray.c:95 0x592999 16
2 path.c:90 0x5926d9 6
2 path.c:90 0x5928b9 7
2 path.c:90 0x5926f9 12
3 dynarray.c:69 0x592c99 0x592999 16 32
1 path.c:143 0x592b19 25
2 path.c:178 0x592999 24
1 dynarray.c:84 0x5925d9 24
2 dynarray.c:95 0x5929e9 16
2 path.c:191 0x592cd9 25
2 path.c:205 0x592979 6
3 path.c:223 0x592cd9 0x592cd9 25 6
4 path.c:246 0x592cd9 6
4 path.c:31 0x592979 6
4 dynarray.c:112 0x5929e9 16
4 dynarray.c:113 0x5925d9 24
4 path.c:254 0x592999 24
2 path.c:178 0x592999 24
1 dynarray.c:84 0x592719 24
2 dynarray.c:95 0x5925d9 16
2 path.c:191 0x592cd9 25
2 path.c:205 0x592979 6
2 path.c:205 0x592b49 7
3 path.c:223 0x592cd9 0x592cd9 25 13
4 path.c:246 0x592cd9 13
4 path.c:31 0x592979 6
4 path.c:31 0x592b49 7
4 dynarray.c:112 0x5925d9 16
4 dynarray.c:113 0x592719 24
4 path.c:254 0x592999 24
2 path.c:178 0x592999 24
1 dynarray.c:84 0x5929e9 24
2 dynarray.c:95 0x592719 24
2 path.c:191 0x592cd9 25
2 path.c:205 0x592b49 6
2 path.c:205 0x592979 7
2 path.c:205 0x5929c9 12
3 path.c:223 0x592cd9 0x592cd9 25 25
4 path.c:246 0x592cd9 25
4 path.c:31 0x592b49 6
4 path.c:31 0x592979 7
4 path.c:31 0x5929c9 12
4 dynarray.c:112 0x592719 24
4 dynarray.c:113 0x5929e9 24
4 path.c:254 0x592999 24
4 path.c:246 0x592b19 25
4 path.c:31 0x5926d9 6
4 path.c:31 0x5928b9 7
4 path.c:31 0x5926f9 12
4 dynarray.c:112 0x592c99 32
4 dynarray.c:113 0x592669 24
4 path.c:254 0x592639 24
2 path.c:128 0x592639 24
1 dynarray.c:84 0x5925d9 24
2 dynarray.c:95 0x592669 16
2 path.c:90 0x5926f9 12
1 path.c:143 0x592899 12
2 path.c:178 0x592999 24
1 dynarray.c:84 0x592b19 24
2 dynarray.c:95 0x5929e9 16
2 path.c:191 0x5928b9 12
2 path.c:205 0x5929c9 12
3 path.c:223 0x5928b9 0x5928b9 12 12
4 path.c:246 0x5928b9 12
4 path.c:31 0x5929c9 12
4 dynarray.c:112 0x5929e9 16
4 dynarray.c:113 0x592b19 24
4 path.c:254 0x592999 24
4 path.c:246 0x592899 12
4 path.c:31 0x5926f9 12
4 dynarray.c:112 0x592669 16
4 dynarray.c:113 0x5925d9 24
4 path.c:254 0x592639 24
2 path.c:128 0x592639 24
1 dynarray.c:84 0x592719 24
2 dynarray.c:95 0x5925d9 16
2 path.c:90 0x5926f9 12
1 path.c:143 0x5926d9 12
2 path.c:178 0x592999 24
1 dynarray.c:84 0x592669 24
2 dynarray.c:95 0x592b19 16
2 path.c:191 0x592899 12
2 path.c:205 0x5928b9 12
3 path.c:223 0x592899 0x592899 12 12
4 path.c:246 0x592899 12
4 path.c:31 0x5928b9 12
4 dynarray.c:112 0x592b19 16
4 dynarray.c:113 0x592669 24
4 path.c:254 0x592999 24
4 path.c:246 0x5926d9 12
4 path.c:31 0x5926f9 12
4 dynarray.c:112 0x5925d9 16
4 dynarray.c:113 0x592719 24
4 path.c:254 0x592639 24
2 path.c:128 0x592639 24
1 dynarray.c:84 0x5929e9 24
2 dynarray.c:95 0x592719 16
2 path.c:90 0x5926f9 12
1 path.c:143 0x5929c9 12
2 path.c:178 0x592999 24
1 dynarray.c:84 0x5925d9 24
2 dynarray.c:95 0x592669 16
2 path.c:191 0x5926d9 12
2 path.c:205 0x592899 12
3 path.c:223 0x5926d9 0x5926d9 12 12
4 path.c:246 0x5926d9 12
4 path.c:31 0x592899 12
4 dynarray.c:112 0x592669 16
4 dynarray.c:113 0x5925d9 24
4 path.c:254 0x592999 24
4 path.c:246 0x5929c9 12
4 path.c:31 0x5926f9 12
4 dynarray.c:112 0x592719 16
4 dynarray.c:113 0x5929e9 24
4 path.c:254 0x592639 24
2 path.c:128 0x592639 24
1 dynarray.c:84 0x592b19 24
2 dynarray.c:95 0x5929e9 16
2 path.c:90 0x5926f9 6
2 path.c:90 0x5929c9 8
1 path.c:143 0x5928b9 14
2 path.c:178 0x592999 24
1 dynarray.c:84 0x592719 24
2 dynarray.c:95 0x5925d9 16
2 path.c:191 0x592899 14
2 path.c:205 0x592979 6
3 path.c:223 0x592899 0x592899 14 6
4 path.c:246 0x592899 6
4 path.c:31 0x592979 6
4 dynarray.c:112 0x5925d9 16
4 dynarray.c:113 0x592719 24
4 path.c:254 0x592999 24
2 path.c:178 0x592999 24
1 dynarray.c:84 0x592669 24
2 dynarray.c:95 0x592719 16
2 path.c:191 0x592979 14
2 path.c:205 0x592899 6
2 path.c:205 0x592b49 8
3 path.c:223 0x592979 0x592979 14 14
4 path.c:246 0x592979 14
4 path.c:31 0x592899 6
4 path.c:31 0x592b49 8
4 dynarray.c:112 0x592719 16
4 dynarray.c:113 0x592669 24
4 path.c:254 0x592999 24
2 path.c:128 0x592999 24
1 dynarray.c:84 0x5925d9 24
2 dynarray.c:95 0x592669 16
2 path.c:90 0x592b49 6
2 path.c:90 0x592899 7
2 path.c:90 0x592979 12
3 dynarray.c:69 0x592d09 0x592669 16 32
1 path.c:143 0x592719 25
2 path.c:178 0x592669 24
1 dynarray.c:84 0x592cd9 24
2 dynarray.c:95 0x592d49 16
2 path.c:191 0x592d79 25
2 path.c:205 0x592da9 6
3 path.c:223 0x592d79 0x592d79 25 6
4 path.c:246 0x592d79 6
4 path.c:31 0x592da9 6
4 dynarray.c:112 0x592d49 16
4 dynarray.c:113 0x592cd9 24
4 path.c:254 0x592669 24
2 path.c:178 0x592669 24
1 dynarray.c:84 0x592d79 24
2 dynarray.c:95 0x592cd9 16
2 path.c:191 0x592dc9 25
2 path.c:205 0x592da9 6
2 path.c:205 0x592df9 7
3 path.c:223 0x592dc9 0x592dc9 25 13
4 path.c:246 0x592dc9 13
4 path.c:31 0x592da9 6
4 path.c:31 0x592df9 7
4 dynarray.c:112 0x592cd9 16
4 dynarray.c:113 0x592d79 24
4 path.c:254 0x592669 24
2 path.c:178 0x592669 24
1 dynarray.c:84 0x592d49 24
2 dynarray.c:95 0x592d79 24
2 path.c:191 0x592dc9 25
2 path.c:205 0x592df9 6
2 path.c:205 0x592da9 7
2 path.c:205 0x592e19 12
3 path.c:223 0x592dc9 0x592dc9 25 25
4 path.c:246 0x592dc9 25
4 path.c:31 0x592df9 6
4 path.c:31 0x592da9 7
4 path.c:31 0x592e19 12
4 dynarray.c:112 0x592d79 24
4 dynarray.c:113 0x592d49 24
4 path.c:254 0x592669 24
4 path.c:246 0x592719 25
4 path.c:31 0x592b49 6
4 path.c:31 0x592899 7
4 path.c:31 0x592979 12
4 dynarray.c:112 0x592d09 32
4 dynarray.c:113 0x5925d9 24
4 path.c:254 0x592999 24
2 path.c:128 0x592999 24
1 dynarray.c:84 0x592cd9 24
2 dynarray.c:95 0x5925d9 16
2 path.c:90 0x592979 12
2 path.c:90 0x592899 6
2 path.c:90 0x592b49 9
3 dynarray.c:69 0x592e39 0x5925d9 16 32
1 path.c:143 0x592719 27
2 path.c:178 0x5925d9 24
1 dynarray.c:84 0x592669 24
2 dynarray.c:95 0x592d49 16
2 path.c:191 0x592dc9 27
2 path.c:205 0x592e19 12
3 path.c:223 0x592dc9 0x592dc9 27 12
4 path.c:246 0x592dc9 12
4 path.c:31 0x592e19 12
4 dynarray.c:112 0x592d49 16
4 dynarray.c:113 0x592669 24
4 path.c:254 0x5925d9 24
4 path.c:246 0x592719 27
4 path.c:31 0x592979 12
4 path.c:31 0x592899 6
4 path.c:31 0x592b49 9
4 dynarray.c:112 0x592e39 32
4 dynarray.c:113 0x592cd9 24
4 path.c:254 0x592999 24
2 path.c:128 0x592999 24
1 dynarray.c:84 0x592d79 24
2 dynarray.c:95 0x592cd9 16
2 path.c:90 0x592b49 6
2 path.c:90 0x592899 8
1 path.c:143 0x5926d9 14
2 path.c:178 0x5925d9 24
1 dynarray.c:84 0x592719 24
2 dynarray.c:95 0x592669 16
2 path.c:191 0x592979 14
2 path.c:205 0x592da9 6
3 path.c:223 0x592979 0x592979 14 6
4 path.c:246 0x592979 6
4 path.c:31 0x592da9 6
4 dynarray.c:112 0x592669 16
4 dynarray.c:113 0x592719 24
4 path.c:254 0x5925d9 24
2 path.c:178 0x5925d9 24
1 dynarray.c:84 0x592d49 24
2 dynarray.c:95 0x592719 16
2 path.c:191 0x592da9 14
2 path.c:205 0x592979 6
2 path.c:205 0x592df9 8
3 path.c:223 0x592da9 0x592da9 14 14
4 path.c:246 0x592da9 14
4 path.c:31 0x592979 6
4 path.c:31 0x592df9 8
4 dynarray.c:112 0x592719 16
4 dynarray.c:113 0x592d49 24
4 path.c:254 0x5925d9 24
2 path.c:178 0x5925d9 24
1 dynarray.c:84 0x592669 24
2 dynarray.c:95 0x592d49 16
2 path.c:191 0x592df9 14
2 path.c:205 0x592979 6
2 path.c:205 0x592da9 8
3 path.c:223 0x592df9 0x592df9 14 14
1 bdtBad5.c:143 0x592e39 32
2 path.c:178 0x592dc9 24
1 dynarray.c:84 0x592719 24
2 dynarray.c:95 0x592e79 16
2 path.c:191 0x592ea9 14
2 path.c:205 0x592ec9 6
2 path.c:205 0x592ee9 8
3 path.c:223 0x592ea9 0x592ea9 14 14
4 path.c:246 0x592df9 14
4 path.c:31 0x592979 6
4 path.c:31 0x592da9 8
4 dynarray.c:112 0x592d49 16
4 dynarray.c:113 0x592669 24
4 path.c:254 0x5925d9 24
4 path.c:246 0x5926d9 14
4 path.c:31 0x592b49 6
4 path.c:31 0x592899 8
4 dynarray.c:112 0x592cd9 16
4 dynarray.c:113 0x592d79 24
4 path.c:254 0x592999 24
2 path.c:128 0x592999 24
1 dynarray.c:84 0x592d49 24
2 dynarray.c:95 0x592d79 16
2 path.c:90 0x592899 6
2 path.c:90 0x592b49 7
1 path.c:143 0x592e19 13
2 path.c:178 0x5925d9 24
1 dynarray.c:84 0x592cd9 24
2 dynarray.c:95 0x592669 16
2 path.c:191 0x5926d9 13
2 path.c:205 0x592979 6
3 path.c:223 0x5926d9 0x5926d9 13 6
4 path.c:246 0x5926d9 6
4 path.c:31 0x592979 6
4 dynarray.c:112 0x592669 16
4 dynarray.c:113 0x592cd9 24
4 path.c:254 0x5925d9 24
2 path.c:178 0x5925d9 24
1 dynarray.c:84 0x592669 24
2 dynarray.c:95 0x592cd9 16
2 path.c:191 0x592979 13
2 path.c:205 0x5926d9 6
2 path.c:205 0x592df9 7
3 path.c:223 0x592979 0x592979 13 13
4 path.c:246 0x592979 13
4 path.c:31 0x5926d9 6
4 path.c:31 0x592df9 7
4 dynarray.c:112 0x592cd9 16
4 dynarray.c:113 0x592669 24
4 path.c:254 0x5925d9 24
2 path.c:178 0x5925d9 24
1 dynarray.c:84 0x592cd9 24
2 dynarray.c:95 0x592669 16
2 path.c:191 0x592df9 13
2 path.c:205 0x5926d9 6
2 path.c:205 0x592979 7
3 path.c:223 0x592df9 0x592df9 13 13
1 bdtBad5.c:143 0x592d09 32
2 path.c:178 0x592f09 24
1 dynarray.c:84 0x592949 24
2 dynarray.c:95 0x592f39 16
2 path.c:191 0x592f69 13
2 path.c:205 0x592f89 6
2 path.c:205 0x592fa9 7
3 path.c:223 0x592f69 0x592f69 13 13
4 path.c:246 0x592f69 13
4 path.c:31 0x592f89 6
4 path.c:31 0x592fa9 7
4 dynarray.c:112 0x592f39 16
4 dynarray.c:113 0x592949 24
4 path.c:254 0x592f09 24
4 bdtBad5.c:193 0x592d09 32
4 path.c:246 0x592e19 13
4 path.c:31 0x592899 6
4 path.c:31 0x592b49 7
4 dynarray.c:112 0x592d79 16
4 dynarray.c:113 0x592d49 24
4 path.c:254 0x592999 24
4 path.c:246 0x592df9 13
4 path.c:31 0x5926d9 6
4 path.c:31 0x592979 7
4 dynarray.c:112 0x592669 16
4 dynarray.c:113 0x592cd9 24
4 path.c:254 0x5925d9 24
2 path.c:128 0x5925d9 24
1 dynarray.c:84 0x592949 24
2 dynarray.c:95 0x592cd9 16
2 path.c:90 0x592979 6
2 path.c:90 0x5926d9 4
2 path.c:90 0x592df9 5
3 dynarray.c:69 0x592fc9 0x592cd9 16 32
2 path.c:90 0x592b49 7
1 path.c:143 0x592669 22
2 path.c:178 0x592cd9 24
1 dynarray.c:84 0x592999 24
2 dynarray.c:95 0x592d49 16
2 path.c:191 0x592f09 22
2 path.c:205 0x592899 6
3 path.c:223 0x592f09 0x592f09 22 6
4 path.c:246 0x592f09 6
4 path.c:31 0x592899 6
4 dynarray.c:112 0x592d49 16
4 dynarray.c:113 0x592999 24
4 path.c:254 0x592cd9 24
2 path.c:178 0x592cd9 24
1 dynarray.c:84 0x592d79 24
2 dynarray.c:95 0x592999 16
2 path.c:191 0x592f09 22
2 path.c:205 0x592899 6
2 path.c:205 0x592e19 4
3 path.c:223 0x592f09 0x592f09 22 10
4 path.c:246 0x592f09 10
4 path.c:31 0x592899 6
4 path.c:31 0x592e19 4
4 dynarray.c:112 0x592999 16
4 dynarray.c:113 0x592d79 24
4 path.c:254 0x592cd9 24
2 path.c:178 0x592cd9 24
1 dynarray.c:84 0x592d49 24
2 dynarray.c:95 0x592d79 16
2 path.c:191 0x592f09 22
2 path.c:205 0x592e19 6
2 path.c:205 0x592899 4
3 path.c:223 0x592f09 0x592f09 22 10
1 bdtBad5.c:143 0x592d09 32
2 path.c:178 0x593009 24
1 dynarray.c:84 0x592999 24
2 dynarray.c:95 0x593039 16
2 path.c:191 0x592fa9 10
2 path.c:205 0x592f89 6
2 path.c:205 0x592f69 4
3 path.c:223 0x592fa9 0x592fa9 10 10
4 path.c:246 0x592fa9 10
4 path.c:31 0x592f89 6
4 path.c:31 0x592f69 4
4 dynarray.c:112 0x593039 16
4 dynarray.c:113 0x592999 24
4 path.c:254 0x593009 24
4 bdtBad5.c:193 0x592d09 32
4 path.c:246 0x592669 22
4 path.c:31 0x592979 6
4 path.c:31 0x5926d9 4
4 path.c:31 0x592df9 5
4 path.c:31 0x592b49 7
4 dynarray.c:112 0x592fc9 32
4 dynarray.c:113 0x592949 24
4 path.c:254 0x5925d9 24
4 path.c:246 0x592f09 10
4 path.c:31 0x592e19 6
4 path.c:31 0x592899 4
4 dynarray.c:112 0x592d79 16
4 dynarray.c:113 0x592d49 24
4 path.c:254 0x592cd9 24
2 path.c:128 0x592cd9 24
1 dynarray.c:84 0x593039 24
2 dynarray.c:95 0x592d49 16
2 path.c:90 0x592899 6
1 path.c:143 0x592da9 6
2 path.c:178 0x592f09 24
1 dynarray.c:84 0x592d79 24
2 dynarray.c:95 0x5925d9 16
2 path.c:191 0x592e19 6
2 path.c:205 0x592df9 6
3 path.c:223 0x592e19 0x592e19 6 6
4 path.c:246 0x592e19 6
4 path.c:31 0x592df9 6
4 dynarray.c:112 0x5925d9 16
4 dynarray.c:113 0x592d79 24
4 path.c:254 0x592f09 24
4 path.c:246 0x592da9 6
4 path.c:31 0x592899 6
4 dynarray.c:112 0x592d49 16
4 dynarray.c:113 0x593039 24
4 path.c:254 0x592cd9 24
2 path.c:128 0x592cd9 24
1 dynarray.c:84 0x592949 24
2 dynarray.c:95 0x593039 16
2 path.c:90 0x592899 6
2 path.c:90 0x592da9 7
1 path.c:143 0x592b49 13
2 path.c:178 0x592f09 24
1 dynarray.c:84 0x592d49 24
2 dynarray.c:95 0x592d79 16
2 path.c:191 0x592df9 13
2 path.c:205 0x5926d9 6
3 path.c:223 0x592df9 0x592df9 13 6
4 path.c:246 0x592df9 6
4 path.c:31 0x5926d9 6
4 dynarray.c:112 0x592d79 16
4 dynarray.c:113 0x592d49 24
4 path.c:254 0x592f09 24
2 path.c:178 0x592f09 24
1 dynarray.c:84 0x5925d9 24
2 dynarray.c:95 0x592d49 16
2 path.c:191 0x5926d9 13
2 path.c:205 0x592df9 6
2 path.c:205 0x592979 7
3 path.c:223 0x5926d9 0x5926d9 13 13
4 path.c:246 0x5926d9 13
4 path.c:31 0x592df9 6
4 path.c:31 0x592979 7
4 dynarray.c:112 0x592d49 16
4 dynarray.c:113 0x5925d9 24
4 path.c:254 0x592f09 24
4 path.c:246 0x592b49 13
4 path.c:31 0x592899 6
4 path.c:31 0x592da9 7
4 dynarray.c:112 0x593039 16
4 dynarray.c:113 0x592949 24
4 path.c:254 0x592cd9 24
2 path.c:128 0x592cd9 24
1 dynarray.c:84 0x592d79 24
2 dynarray.c:95 0x592949 16
2 path.c:90 0x592da9 6
2 path.c:90 0x592899 8
1 path.c:143 0x592e19 14
2 path.c:178 0x592f09 24
1 dynarray.c:84 0x593039 24
2 dynarray.c:95 0x5925d9 16
2 path.c:191 0x592b49 14
2 path.c:205 0x592df9 6
3 path.c:223 0x592b49 0x592b49 14 6
4 path.c:246 0x592b49 6
4 path.c:31 0x592df9 6
4 dynarray.c:112 0x5925d9 16
4 dynarray.c:113 0x593039 24
4 path.c:254 0x592f09 24
2 path.c:178 0x592f09 24
1 dynarray.c:84 0x592d49 24
2 dynarray.c:95 0x593039 16
2 path.c:191 0x592df9 14
2 path.c:205 0x592b49 6
2 path.c:205 0x5926d9 8
3 path.c:223 0x592df9 0x592df9 14 14
4 path.c:246 0x592df9 14
4 path.c:31 0x592b49 6
4 path.c:31 0x5926d9 8
4 dynarray.c:112 0x593039 16
4 dynarray.c:113 0x592d49 24
4 path.c:254 0x592f09 24
4 path.c:246 0x592e19 14
4 path.c:31 0x592da9 6
4 path.c:31 0x592899 8
4 dynarray.c:112 0x592949 16
4 dynarray.c:113 0x592d79 24
4 path.c:254 0x592cd9 24
2 path.c:128 0x592cd9 24
1 dynarray.c:84 0x5925d9 24
2 dynarray.c:95 0x592d79 16
2 path.c:90 0x592899 6
2 path.c:90 0x592da9 7
1 path.c:143 0x592979 13
2 path.c:178 0x592f09 24
1 dynarray.c:84 0x592949 24
2 dynarray.c:95 0x592d49 16
2 path.c:191 0x592e19 13
2 path.c:205 0x592b49 6
3 path.c:223 0x592e19 0x592e19 13 6
4 path.c:246 0x592e19 6
4 path.c:31 0x592b49 6
4 dynarray.c:112 0x592d49 16
4 dynarray.c:113 0x592949 24
4 path.c:254 0x592f09 24
2 path.c:178 0x592f09 24
1 dynarray.c:84 0x593039 24
2 dynarray.c:95 0x592949 16
2 path.c:191 0x592b49 13
2 path.c:205 0x592e19 6
2 path.c:205 0x592df9 7
3 path.c:223 0x592b49 0x592b49 13 13
4 path.c:246 0x592b49 13
4 path.c:31 0x592e19 6
4 path.c:31 0x592df9 7
4 dynarray.c:112 0x592949 16
4 dynarray.c:113 0x593039 24
4 path.c:254 0x592f09 24
2 path.c:128 0x592f09 24
1 dynarray.c:84 0x592d49 24
2 dynarray.c:95 0x593039 16
2 path.c:90 0x592df9 6
2 path.c:90 0x592e19 4
1 path.c:143 0x5926d9 10
2 path.c:178 0x592669 24
1 dynarray.c:84 0x592949 24
2 dynarray.c:95 0x593009 16
2 path.c:191 0x592b49 10
2 path.c:205 0x592f89 6
3 path.c:223 0x592b49 0x592b49 10 6
4 path.c:246 0x592b49 6
4 path.c:31 0x592f89 6
4 dynarray.c:112 0x593009 16
4 dynarray.c:113 0x592949 24
4 path.c:254 0x592669 24
2 path.c:178 0x592669 24
1 dynarray.c:84 0x592999 24
2 dynarray.c:95 0x592949 16
2 path.c:191 0x592f89 10
2 path.c:205 0x592b49 6
2 path.c:205 0x592fa9 4
3 path.c:223 0x592f89 0x592f89 10 10
4 path.c:246 0x592f89 10
4 path.c:31 0x592b49 6
4 path.c:31 0x592fa9 4
4 dynarray.c:112 0x592949 16
4 dynarray.c:113 0x592999 24
4 path.c:254 0x592669 24
2 path.c:128 0x592669 24
1 dynarray.c:84 0x593009 24
2 dynarray.c:95 0x592999 16
2 path.c:90 0x592fa9 6
2 path.c:90 0x592b49 4
2 path.c:90 0x592f89 5
3 dynarray.c:69 0x593069 0x592999 16 32
1 path.c:143 0x592949 15
2 path.c:178 0x592999 24
1 dynarray.c:84 0x592f39 24
2 dynarray.c:95 0x5930a9 16
2 path.c:191 0x5930d9 15
2 path.c:205 0x593109 6
3 path.c:223 0x5930d9 0x5930d9 15 6
4 path.c:246 0x5930d9 6
4 path.c:31 0x593109 6
4 dynarray.c:112 0x5930a9 16
4 dynarray.c:113 0x592f39 24
4 path.c:254 0x592999 24
2 path.c:178 0x592999 24
1 dynarray.c:84 0x5930a9 24
2 dynarray.c:95 0x592f39 16
2 path.c:191 0x593129 15
2 path.c:205 0x593109 6
2 path.c:205 0x593159 4
3 path.c:223 0x593129 0x593129 15 10
4 path.c:246 0x593129 10
4 path.c:31 0x593109 6
4 path.c:31 0x593159 4
4 dynarray.c:112 0x592f39 16
4 dynarray.c:113 0x5930a9 24
4 path.c:254 0x592999 24
2 path.c:128 0x592999 24
1 dynarray.c:84 0x593129 24
2 dynarray.c:95 0x5930a9 16
2 path.c:90 0x593159 6
2 path.c:90 0x593109 4
2 path.c:90 0x593179 5
3 dynarray.c:69 0x593199 0x5930a9 16 32
2 path.c:90 0x5931d9 7
1 path.c:143 0x592f39 22
2 path.c:178 0x5930a9 24
1 dynarray.c:84 0x5930d9 24
2 dynarray.c:95 0x5931f9 16
2 path.c:191 0x593229 22
2 path.c:205 0x593259 6
3 path.c:223 0x593229 0x593229 22 6
4 path.c:246 0x593229 6
4 path.c:31 0x593259 6
4 dynarray.c:112 0x5931f9 16
4 dynarray.c:113 0x5930d9 24
4 path.c:254 0x5930a9 24
2 path.c:178 0x5930a9 24
1 dynarray.c:84 0x5931f9 24
2 dynarray.c:95 0x5930d9 16
2 path.c:191 0x593279 22
2 path.c:205 0x593259 6
2 path.c:205 0x5932a9 4
3 path.c:223 0x593279 0x593279 22 10
4 path.c:246 0x593279 10
4 path.c:31 0x593259 6
4 path.c:31 0x5932a9 4
4 dynarray.c:112 0x5930d9 16
4 dynarray.c:113 0x5931f9 24
4 path.c:254 0x5930a9 24
1 dynarray.c:84 0x593279 24
2 dynarray.c:95 0x5932c9 32
1 bdtBad5.c:662 0x593309 59
4 dynarray.c:112 0x5932c9 32
4 dynarray.c:113 0x593279 24
4 bdt_client.c:82 0x593309 59
2 path.c:128 0x5930a9 24
1 dynarray.c:84 0x593279 24
2 dynarray.c:95 0x5931f9 16
2 path.c:90 0x5932a9 6
2 path.c:90 0x593259 7
2 path.c:90 0x593359 12
3 dynarray.c:69 0x593379 0x5931f9 16 32
1 path.c:143 0x5930d9 25
2 path.c:178 0x5931f9 24
1 dynarray.c:84 0x593229 24
2 dynarray.c:95 0x5933b9 16
2 path.c:191 0x5933e9 25
2 path.c:205 0x593419 6
3 path.c:223 0x5933e9 0x5933e9 25 6
4 path.c:246 0x5933e9 6
4 path.c:31 0x593419 6
4 dynarray.c:112 0x5933b9 16
4 dynarray.c:113 0x593229 24
4 path.c:254 0x5931f9 24
2 path.c:178 0x5931f9 24
1 dynarray.c:84 0x5933b9 24
2 dynarray.c:95 0x593229 16
2 path.c:191 0x593439 25
2 path.c:205 0x593419 6
2 path.c:205 0x593469 7
3 path.c:223 0x593439 0x593439 25 13
4 path.c:246 0x593439 13
4 path.c:31 0x593419 6
4 path.c:31 0x593469 7
4 dynarray.c:112 0x593229 16
4 dynarray.c:113 0x5933b9 24
4 path.c:254 0x5931f9 24
2 path.c:178 0x5931f9 24
1 dynarray.c:84 0x593439 24
2 dynarray.c:95 0x5933b9 24
2 path.c:191 0x593489 25
2 path.c:205 0x593469 6
2 path.c:205 0x593419 7
2 path.c:205 0x5934b9 12
3 path.c:223 0x593489 0x593489 25 25
4 path.c:246 0x593489 25
4 path.c:31 0x593469 6
4 path.c:31 0x593419 7
4 path.c:31 0x5934b9 12
4 dynarray.c:112 0x5933b9 24
4 dynarray.c:113 0x593439 24
4 path.c:254 0x5931f9 24
4 path.c:246 0x5930d9 25
4 path.c:31 0x5932a9 6
4 path.c:31 0x593259 7
4 path.c:31 0x593359 12
4 dynarray.c:112 0x593379 32
4 dynarray.c:113 0x593279 24
4 path.c:254 0x5930a9 24
2 path.c:128 0x5930a9 24
1 dynarray.c:84 0x593229 24
2 dynarray.c:95 0x593279 16
2 path.c:90 0x593359 6
2 path.c:90 0x593259 8
2 path.c:90 0x5932a9 12
3 dynarray.c:69 0x5934d9 0x593279 16 32
1 path.c:143 0x5930d9 26
2 path.c:178 0x593279 24
1 dynarray.c:84 0x5931f9 24
2 dynarray.c:95 0x593439 16
2 path.c:191 0x593489 26
2 path.c:205 0x5934b9 6
3 path.c:223 0x593489 0x593489 26 6
4 path.c:246 0x593489 6
4 path.c:31 0x5934b9 6
4 dynarray.c:112 0x593439 16
4 dynarray.c:113 0x5931f9 24
4 path.c:254 0x593279 24
2 path.c:178 0x593279 24
1 dynarray.c:84 0x5933b9 24
2 dynarray.c:95 0x5931f9 16
2 path.c:191 0x593489 26
2 path.c:205 0x5934b9 6
2 path.c:205 0x593419 8
3 path.c:223 0x593489 0x593489 26 14
4 path.c:246 0x593489 14
4 path.c:31 0x5934b9 6
4 path.c:31 0x593419 8
4 dynarray.c:112 0x5931f9 16
4 dynarray.c:113 0x5933b9 24
4 path.c:254 0x593279 24
2 path.c:178 0x593279 24
1 dynarray.c:84 0x593439 24
2 dynarray.c:95 0x5933b9 24
2 path.c:191 0x593489 26
2 path.c:205 0x593419 6
2 path.c:205 0x5934b9 8
2 path.c:205 0x593469 12
3 path.c:223 0x593489 0x593489 26 26
4 path.c:246 0x593489 26
4 path.c:31 0x593419 6
4 path.c:31 0x5934b9 8
4 path.c:31 0x593469 12
4 dynarray.c:112 0x5933b9 24
4 dynarray.c:113 0x593439 24
4 path.c:254 0x593279 24
2 path.c:128 0x593279 24
1 dynarray.c:84 0x5931f9 24
2 dynarray.c:95 0x593439 16
2 path.c:90 0x593469 6
2 path.c:90 0x5934b9 8
2 path.c:90 0x593419 12
3 dynarray.c:69 0x593519 0x593439 16 32
1 path.c:143 0x5933b9 26
2 path.c:178 0x593439 24
1 dynarray.c:84 0x593489 24
2 dynarray.c:95 0x593559 16
2 path.c:191 0x593589 26
2 path.c:205 0x5935b9 6
3 path.c:223 0x593589 0x593589 26 6
4 path.c:246 0x593589 6
4 path.c:31 0x5935b9 6
4 dynarray.c:112 0x593559 16
4 dynarray.c:113 0x593489 24
4 path.c:254 0x593439 24
2 path.c:178 0x593439 24
1 dynarray.c:84 0x593589 24
2 dynarray.c:95 0x593489 16
2 path.c:191 0x5935d9 26
2 path.c:205 0x5935b9 6
2 path.c:205 0x593609 8
3 path.c:223 0x5935d9 0x5935d9 26 14
4 path.c:246 0x5935d9 14
4 path.c:31 0x5935b9 6
4 path.c:31 0x593609 8
4 dynarray.c:112 0x593489 16
4 dynarray.c:113 0x593589 24
4 path.c:254 0x593439 24
2 path.c:178 0x593439 24
1 dynarray.c:84 0x593559 24
2 dynarray.c:95 0x593589 24
2 path.c:191 0x5935d9 26
2 path.c:205 0x593609 6
2 path.c:205 0x5935b9 8
2 path.c:205 0x593629 12
3 path.c:223 0x5935d9 0x5935d9 26 26
4 path.c:246 0x5935d9 26
4 path.c:31 0x593609 6
4 path.c:31 0x5935b9 8
4 path.c:31 0x593629 12
4 dynarray.c:112 0x593589 24
4 dynarray.c:113 0x593559 24
4 path.c:254 0x593439 24
2 path.c:178 0x593439 24
1 dynarray.c:84 0x593489 24
2 dynarray.c:95 0x593559 24
2 path.c:191 0x5935d9 26
2 path.c:205 0x593629 6
2 path.c:205 0x5935b9 8
2 path.c:205 0x593609 12
3 path.c:223 0x5935d9 0x5935d9 26 26
1 bdtBad5.c:143 0x593379 32
2 path.c:178 0x593649 24
1 dynarray.c:84 0x593589 24
2 dynarray.c:95 0x593679 24
2 path.c:191 0x5936a9 26
2 path.c:205 0x5936d9 6
2 path.c:205 0x5936f9 8
2 path.c:205 0x593719 12
3 path.c:223 0x5936a9 0x5936a9 26 26
4 path.c:246 0x5935d9 26
4 path.c:31 0x593629 6
4 path.c:31 0x5935b9 8
4 path.c:31 0x593609 12
4 dynarray.c:112 0x593559 24
4 dynarray.c:113 0x593489 24
4 path.c:254 0x593439 24
4 path.c:246 0x5933b9 26
4 path.c:31 0x593469 6
4 path.c:31 0x5934b9 8
4 path.c:31 0x593419 12
4 dynarray.c:112 0x593519 32
4 dynarray.c:113 0x5931f9 24
4 path.c:254 0x593279 24
2 path.c:128 0x593279 24
1 dynarray.c:84 0x5935d9 24
2 dynarray.c:95 0x5931f9 16
2 path.c:90 0x593419 6
2 path.c:90 0x5934b9 7
2 path.c:90 0x593469 12
3 dynarray.c:69 0x593739 0x5931f9 16 32
1 path.c:143 0x5933b9 25
2 path.c:178 0x5931f9 24
1 dynarray.c:84 0x593439 24
2 dynarray.c:95 0x593489 16
2 path.c:191 0x593779 25
2 path.c:205 0x593609 6
3 path.c:223 0x593779 0x593779 25 6
4 path.c:246 0x593779 6
4 path.c:31 0x593609 6
4 dynarray.c:112 0x593489 16
4 dynarray.c:113 0x593439 24
4 path.c:254 0x5931f9 24
2 path.c:178 0x5931f9 24
1 dynarray.c:84 0x593559 24
2 dynarray.c:95 0x593439 16
2 path.c:191 0x593779 25
2 path.c:205 0x593609 6
2 path.c:205 0x5935b9 7
3 path.c:223 0x593779 0x593779 25 13
4 path.c:246 0x593779 13
4 path.c:31 0x593609 6
4 path.c:31 0x5935b9 7
4 dynarray.c:112 0x593439 16
4 dynarray.c:113 0x593559 24
4 path.c:254 0x5931f9 24
2 path.c:178 0x5931f9 24
1 dynarray.c:84 0x593489 24
2 dynarray.c:95 0x593559 24
2 path.c:191 0x593779 25
2 path.c:205 0x5935b9 6
2 path.c:205 0x593609 7
2 path.c:205 0x593629 12
3 path.c:223 0x593779 0x593779 25 25
4 path.c:246 0x593779 25
4 path.c:31 0x5935b9 6
4 path.c:31 0x593609 7
4 path.c:31 0x593629 12
4 dynarray.c:112 0x593559 24
4 dynarray.c:113 0x593489 24
4 path.c:254 0x5931f9 24
4 path.c:246 0x5933b9 25
4 path.c:31 0x593419 6
4 path.c:31 0x5934b9 7
4 path.c:31 0x593469 12
4 dynarray.c:112 0x593739 32
4 dynarray.c:113 0x5935d9 24
4 path.c:254 0x593279 24
2 path.c:128 0x593279 24
1 dynarray.c:84 0x593439 24
2 dynarray.c:95 0x5935d9 16
2 path.c:90 0x593469 6
2 path.c:90 0x5934b9 8
2 path.c:90 0x593419 12
3 dynarray.c:69 0x5937a9 0x5935d9 16 32
1 path.c:143 0x5933b9 26
2 path.c:178 0x5935d9 24
1 dynarray.c:84 0x5931f9 24
2 dynarray.c:95 0x593489 16
2 path.c:191 0x593779 26
2 path.c:205 0x593629 6
3 path.c:223 0x593779 0x593779 26 6
4 path.c:246 0x593779 6
4 path.c:31 0x593629 6
4 dynarray.c:112 0x593489 16
4 dynarray.c:113 0x5931f9 24
4 path.c:254 0x5935d9 24
2 path.c:178 0x5935d9 24
1 dynarray.c:84 0x593559 24
2 dynarray.c:95 0x5931f9 16
2 path.c:191 0x593779 26
2 path.c:205 0x593629 6
2 path.c:205 0x593609 8
3 path.c:223 0x593779 0x593779 26 14
4 path.c:246 0x593779 14
4 path.c:31 0x593629 6
4 path.c:31 0x593609 8
4 dynarray.c:112 0x5931f9 16
4 dynarray.c:113 0x593559 24
4 path.c:254 0x5935d9 24
2 path.c:178 0x5935d9 24
1 dynarray.c:84 0x593489 24
2 dynarray.c:95 0x593559 24
2 path.c:191 0x593779 26
2 path.c:205 0x593609 6
2 path.c:205 0x593629 8
2 path.c:205 0x5935b9 12
3 path.c:223 0x593779 0x593779 26 26
4 path.c:246 0x593779 26
4 path.c:31 0x593609 6
4 path.c:31 0x593629 8
4 path.c:31 0x5935b9 12
4 dynarray.c:112 0x593559 24
4 dynarray.c:113 0x593489 24
4 path.c:254 0x5935d9 24
4 path.c:246 0x5933b9 26
4 path.c:31 0x593469 6
4 path.c:31 0x5934b9 8
4 path.c:31 0x593419 12
4 dynarray.c:112 0x5937a9 32
4 dynarray.c:113 0x593439 24
4 path.c:254 0x593279 24
2 path.c:128 0x593279 24
1 dynarray.c:84 0x5931f9 24
2 dynarray.c:95 0x593439 16
2 path.c:90 0x593419 6
2 path.c:90 0x5934b9 8
2 path.c:90 0x593469 12
3 dynarray.c:69 0x5937a9 0x593439 16 32
1 path.c:143 0x5933b9 26
2 path.c:178 0x593439 24
1 dynarray.c:84 0x5935d9 24
2 dynarray.c:95 0x593489 16
2 path.c:191 0x593779 26
2 path.c:205 0x5935b9 6
3 path.c:223 0x593779 0x593779 26 6
4 path.c:246 0x593779 6
4 path.c:31 0x5935b9 6
4 dynarray.c:112 0x593489 16
4 dynarray.c:113 0x5935d9 24
4 path.c:254 0x593439 24
2 path.c:178 0x593439 24
1 dynarray.c:84 0x593559 24
2 dynarray.c:95 0x5935d9 16
2 path.c:191 0x593779 26
2 path.c:205 0x5935b9 6
2 path.c:205 0x593629 8
3 path.c:223 0x593779 0x593779 26 14
4 path.c:246 0x593779 14
4 path.c:31 0x5935b9 6
4 path.c:31 0x593629 8
4 dynarray.c:112 0x5935d9 16
4 dynarray.c:113 0x593559 24
4 path.c:254 0x593439 24
2 path.c:178 0x593439 24
1 dynarray.c:84 0x593489 24
2 dynarray.c:95 0x593559 24
2 path.c:191 0x593779 26
2 path.c:205 0x593629 6
2 path.c:205 0x5935b9 8
2 path.c:205 0x593609 12
3 path.c:223 0x593779 0x593779 26 26
4 path.c:246 0x593779 26
4 path.c:31 0x593629 6
4 path.c:31 0x5935b9 8
4 path.c:31 0x593609 12
4 dynarray.c:112 0x593559 24
4 dynarray.c:113 0x593489 24
4 path.c:254 0x593439 24
4 path.c:246 0x5933b9 26
4 path.c:31 0x593419 6
4 path.c:31 0x5934b9 8
4 path.c:31 0x593469 12
4 dynarray.c:112 0x5937a9 32
4 dynarray.c:113 0x5931f9 24
4 path.c:254 0x593279 24
2 path.c:128 0x593279 24
1 dynarray.c:84 0x5935d9 24
2 dynarray.c:95 0x5931f9 16
2 path.c:90 0x593469 6
2 path.c:90 0x5934b9 8
2 path.c:90 0x593419 12
3 dynarray.c:69 0x5937a9 0x5931f9 16 32
2 path.c:90 0x593609 6
1 path.c:143 0x593739 32
2 path.c:178 0x5931f9 24
1 dynarray.c:84 0x5933b9 24
2 dynarray.c:95 0x593439 16
2 path.c:191 0x5937e9 32
2 path.c:205 0x5935b9 6
3 path.c:223 0x5937e9 0x5937e9 32 6
4 path.c:246 0x5937e9 6
4 path.c:31 0x5935b9 6
4 dynarray.c:112 0x593439 16
4 dynarray.c:113 0x5933b9 24
4 path.c:254 0x5931f9 24
2 path.c:178 0x5931f9 24
1 dynarray.c:84 0x593489 24
2 dynarray.c:95 0x5933b9 16
2 path.c:191 0x593829 32
2 path.c:205 0x5935b9 6
2 path.c:205 0x5937e9 8
3 path.c:223 0x593829 0x593829 32 14
4 path.c:246 0x593829 14
4 path.c:31 0x5935b9 6
4 path.c:31 0x5937e9 8
4 dynarray.c:112 0x5933b9 16
4 dynarray.c:113 0x593489 24
4 path.c:254 0x5931f9 24
2 path.c:178 0x5931f9 24
1 dynarray.c:84 0x593439 24
2 dynarray.c:95 0x593489 24
2 path.c:191 0x593869 32
2 path.c:205 0x5937e9 6
2 path.c:205 0x5935b9 8
2 path.c:205 0x593829 12
3 path.c:223 0x593869 0x593869 32 26
4 path.c:246 0x593869 26
4 path.c:31 0x5937e9 6
4 path.c:31 0x5935b9 8
4 path.c:31 0x593829 12
4 dynarray.c:112 0x593489 24
4 dynarray.c:113 0x593439 24
4 path.c:254 0x5931f9 24
2 path.c:178 0x5931f9 24
1 dynarray.c:84 0x5933b9 24
2 dynarray.c:95 0x5938a9 32
2 path.c:191 0x5938e9 32
2 path.c:205 0x593829 6
2 path.c:205 0x5935b9 8
2 path.c:205 0x5937e9 12
2 path.c:205 0x593849 6
3 path.c:223 0x5938e9 0x5938e9 32 32
4 path.c:246 0x5938e9 32
4 path.c:31 0x593829 6
4 path.c:31 0x5935b9 8
4 path.c:31 0x5937e9 12
4 path.c:31 0x593849 6
4 dynarray.c:112 0x5938a9 32
4 dynarray.c:113 0x5933b9 24
4 path.c:254 0x5931f9 24
2 path.c:178 0x5931f9 24
1 dynarray.c:84 0x5933b9 24
2 dynarray.c:95 0x5938a9 32
2 path.c:191 0x5938e9 32
2 path.c:205 0x593849 6
2 path.c:205 0x5937e9 8
2 path.c:205 0x5935b9 12
2 path.c:205 0x593829 6
3 path.c:223 0x5938e9 0x5938e9 32 32
1 bdtBad5.c:143 0x593869 32
2 path.c:178 0x593439 24
1 dynarray.c:84 0x593489 24
2 dynarray.c:95 0x593929 32
2 path.c:191 0x593969 32
2 path.c:205 0x593809 6
2 path.c:205 0x593629 8
2 path.c:205 0x5939a9 12
2 path.c:205 0x5939c9 6
3 path.c:223 0x593969 0x593969 32 32
4 path.c:246 0x5938e9 32
4 path.c:31 0x593849 6
4 path.c:31 0x5937e9 8
4 path.c:31 0x5935b9 12
4 path.c:31 0x593829 6
4 dynarray.c:112 0x5938a9 32
4 dynarray.c:113 0x5933b9 24
4 path.c:254 0x5931f9 24
4 path.c:246 0x593739 32
4 path.c:31 0x593469 6
4 path.c:31 0x5934b9 8
4 path.c:31 0x593419 12
4 path.c:31 0x593609 6
4 dynarray.c:112 0x5937a9 32
4 dynarray.c:113 0x5935d9 24
4 path.c:254 0x593279 24
2 path.c:128 0x593279 24
1 dynarray.c:84 0x5933b9 24
2 dynarray.c:95 0x5935d9 16
2 path.c:90 0x593609 6
2 path.c:90 0x593419 8
2 path.c:90 0x5934b9 12
3 dynarray.c:69 0x5937a9 0x5935d9 16 32
2 path.c:90 0x593469 6
1 path.c:143 0x5938e9 32
2 path.c:178 0x5935d9 24
1 dynarray.c:84 0x5931f9 24
2 dynarray.c:95 0x593559 16
2 path.c:191 0x593739 32
2 path.c:205 0x593829 6
3 path.c:223 0x593739 0x593739 32 6
4 path.c:246 0x593739 6
4 path.c:31 0x593829 6
4 dynarray.c:112 0x593559 16
4 dynarray.c:113 0x5931f9 24
4 path.c:254 0x5935d9 24
2 path.c:178 0x5935d9 24
1 dynarray.c:84 0x593779 24
2 dynarray.c:95 0x5931f9 16
2 path.c:191 0x5939e9 32
2 path.c:205 0x593829 6
2 path.c:205 0x593739 8
3 path.c:223 0x5939e9 0x5939e9 32 14
4 path.c:246 0x5939e9 14
4 path.c:31 0x593829 6
4 path.c:31 0x593739 8
4 dynarray.c:112 0x5931f9 16
4 dynarray.c:113 0x593779 24
4 path.c:254 0x5935d9 24
2 path.c:178 0x5935d9 24
1 dynarray.c:84 0x593559 24
2 dynarray.c:95 0x593779 24
2 path.c:191 0x593a29 32
2 path.c:205 0x593739 6
2 path.c:205 0x593829 8
2 path.c:205 0x5939e9 12
3 path.c:223 0x593a29 0x593a29 32 26
4 path.c:246 0x593a29 26
4 path.c:31 0x593739 6
4 path.c:31 0x593829 8
4 path.c:31 0x5939e9 12
4 dynarray.c:112 0x593779 24
4 dynarray.c:113 0x593559 24
4 path.c:254 0x5935d9 24
2 path.c:178 0x5935d9 24
1 dynarray.c:84 0x5931f9 24
2 dynarray.c:95 0x593a29 32
2 path.c:191 0x593a69 32
2 path.c:205 0x5939e9 6
2 path.c:205 0x593829 8
2 path.c:205 0x593739 12
2 path.c:205 0x593a09 6
3 path.c:223 0x593a69 0x593a69 32 32
4 path.c:246 0x593a69 32
4 path.c:31 0x5939e9 6
4 path.c:31 0x593829 8
4 path.c:31 0x593739 12
4 path.c:31 0x593a09 6
4 dynarray.c:112 0x593a29 32
4 dynarray.c:113 0x5931f9 24
4 path.c:254 0x5935d9 24
4 path.c:246 0x5938e9 32
4 path.c:31 0x593609 6
4 path.c:31 0x593419 8
4 path.c:31 0x5934b9 12
4 path.c:31 0x593469 6
4 dynarray.c:112 0x5937a9 32
4 dynarray.c:113 0x5933b9 24
4 path.c:254 0x593279 24
1 dynarray.c:84 0x5931f9 24
2 dynarray.c:95 0x593aa9 48
1 bdtBad5.c:662 0x593af9 117
4 dynarray.c:112 0x593aa9 48
4 dynarray.c:113 0x5931f9 24
4 bdt_client.c:96 0x593af9 117
2 path.c:128 0x593279 24
1 dynarray.c:84 0x5931f9 24
2 dynarray.c:95 0x5933b9 16
2 path.c:90 0x593469 6
2 path.c:90 0x5934b9 8
2 path.c:90 0x593419 12
3 dynarray.c:69 0x5937a9 0x5933b9 16 32
2 path.c:90 0x593609 6
1 path.c:143 0x5938a9 32
2 path.c:178 0x5933b9 24
1 dynarray.c:84 0x5935d9 24
2 dynarray.c:95 0x593559 16
2 path.c:191 0x5938e9 32
2 path.c:205 0x593a09 6
3 path.c:223 0x5938e9 0x5938e9 32 6
4 path.c:246 0x5938e9 6
4 path.c:31 0x593a09 6
4 dynarray.c:112 0x593559 16
4 dynarray.c:113 0x5935d9 24
4 path.c:254 0x5933b9 24
2 path.c:178 0x5933b9 24
1 dynarray.c:84 0x593779 24
2 dynarray.c:95 0x5935d9 16
2 path.c:191 0x593a69 32
2 path.c:205 0x593a09 6
2 path.c:205 0x5938e9 8
3 path.c:223 0x593a69 0x593a69 32 14
4 path.c:246 0x593a69 14
4 path.c:31 0x593a09 6
4 path.c:31 0x5938e9 8
4 dynarray.c:112 0x5935d9 16
4 dynarray.c:113 0x593779 24
4 path.c:254 0x5933b9 24
2 path.c:178 0x5933b9 24
1 dynarray.c:84 0x593559 24
2 dynarray.c:95 0x593779 24
2 path.c:191 0x593b89 32
2 path.c:205 0x5938e9 6
2 path.c:205 0x593a09 8
2 path.c:205 0x593a69 12
3 path.c:223 0x593b89 0x593b89 32 26
4 path.c:246 0x593b89 26
4 path.c:31 0x5938e9 6
4 path.c:31 0x593a09 8
4 path.c:31 0x593a69 12
4 dynarray.c:112 0x593779 24
4 dynarray.c:113 0x593559 24
4 path.c:254 0x5933b9 24
2 path.c:178 0x5933b9 24
1 dynarray.c:84 0x5935d9 24
2 dynarray.c:95 0x593b89 32
2 path.c:191 0x593bc9 32
2 path.c:205 0x593a69 6
2 path.c:205 0x593a09 8
2 path.c:205 0x5938e9 12
2 path.c:205 0x593a89 6
3 path.c:223 0x593bc9 0x593bc9 32 32
4 path.c:246 0x593bc9 32
4 path.c:31 0x593a69 6
4 path.c:31 0x593a09 8
4 path.c:31 0x5938e9 12
4 path.c:31 0x593a89 6
4 dynarray.c:112 0x593b89 32
4 dynarray.c:113 0x5935d9 24
4 path.c:254 0x5933b9 24
4 path.c:246 0x5938a9 32
4 path.c:31 0x593469 6
4 path.c:31 0x5934b9 8
4 path.c:31 0x593419 12
4 path.c:31 0x593609 6
4 dynarray.c:112 0x5937a9 32
4 dynarray.c:113 0x5931f9 24
4 path.c:254 0x593279 24
2 path.c:128 0x593279 24
1 dynarray.c:84 0x5935d9 24
2 dynarray.c:95 0x5931f9 16
2 path.c:90 0x593609 6
2 path.c:90 0x593419 8
2 path.c:90 0x5934b9 8
3 dynarray.c:69 0x5937a9 0x5931f9 16 32
1 path.c:143 0x5933b9 22
2 path.c:178 0x5931f9 24
1 dynarray.c:84 0x593559 24
2 dynarray.c:95 0x593779 16
2 path.c:191 0x593c09 22
2 path.c:205 0x593469 6
3 path.c:223 0x593c09 0x593c09 22 6
4 path.c:246 0x593c09 6
4 path.c:31 0x593469 6
4 dynarray.c:112 0x593779 16
4 dynarray.c:113 0x593559 24
4 path.c:254 0x5931f9 24
2 path.c:178 0x5931f9 24
1 dynarray.c:84 0x593c09 24
2 dynarray.c:95 0x593559 16
2 path.c:191 0x593c39 22
2 path.c:205 0x593469 6
2 path.c:205 0x593a89 8
3 path.c:223 0x593c39 0x593c39 22 14
4 path.c:246 0x593c39 14
4 path.c:31 0x593469 6
4 path.c:31 0x593a89 8
4 dynarray.c:112 0x593559 16
4 dynarray.c:113 0x593c09 24
4 path.c:254 0x5931f9 24
2 path.c:178 0x5931f9 24
1 dynarray.c:84 0x593779 24
2 dynarray.c:95 0x593c09 24
2 path.c:191 0x593c39 22
2 path.c:205 0x593a89 6
2 path.c:205 0x593469 8
2 path.c:205 0x5938e9 8
3 path.c:223 0x593c39 0x593c39 22 22
4 path.c:246 0x593c39 22
4 path.c:31 0x593a89 6
4 path.c:31 0x593469 8
4 path.c:31 0x5938e9 8
4 dynarray.c:112 0x593c09 24
4 dynarray.c:113 0x593779 24
4 path.c:254 0x5931f9 24
2 path.c:128 0x5931f9 24
1 dynarray.c:84 0x593559 24
2 dynarray.c:95 0x593779 16
2 path.c:90 0x5938e9 6
2 path.c:90 0x593469 8
2 path.c:90 0x593a89 8
3 dynarray.c:69 0x5938a9 0x593779 16 32
1 path.c:143 0x593c09 22
2 path.c:178 0x593779 24
1 dynarray.c:84 0x593c39 24
2 dynarray.c:95 0x593c69 16
2 path.c:191 0x593c99 22
2 path.c:205 0x593a09 6
3 path.c:223 0x593c99 0x593c99 22 6
4 path.c:246 0x593c99 6
4 path.c:31 0x593a09 6
4 dynarray.c:112 0x593c69 16
4 dynarray.c:113 0x593c39 24
4 path.c:254 0x593779 24
2 path.c:178 0x593779 24
1 dynarray.c:84 0x593c99 24
2 dynarray.c:95 0x593c39 16
2 path.c:191 0x593cc9 22
2 path.c:205 0x593a09 6
2 path.c:205 0x593a69 8
3 path.c:223 0x593cc9 0x593cc9 22 14
4 path.c:246 0x593cc9 14
4 path.c:31 0x593a09 6
4 path.c:31 0x593a69 8
4 dynarray.c:112 0x593c39 16
4 dynarray.c:113 0x593c99 24
4 path.c:254 0x593779 24
2 path.c:178 0x593779 24
1 dynarray.c:84 0x593c69 24
2 dynarray.c:95 0x593c99 24
2 path.c:191 0x593cc9 22
2 path.c:205 0x593a69 6
2 path.c:205 0x593a09 8
2 path.c:205 0x593909 8
3 path.c:223 0x593cc9 0x593cc9 22 22
4 path.c:246 0x593cc9 22
4 path.c:31 0x593a69 6
4 path.c:31 0x593a09 8
4 path.c:31 0x593909 8
4 dynarray.c:112 0x593c99 24
4 dynarray.c:113 0x593c69 24
4 path.c:254 0x593779 24
2 path.c:128 0x593779 24
1 dynarray.c:84 0x593c39 24
2 dynarray.c:95 0x593c69 16
2 path.c:90 0x593909 6
2 path.c:90 0x593a09 8
2 path.c:90 0x593a69 8
3 dynarray.c:69 0x593b89 0x593c69 16 32
1 path.c:143 0x593c99 22
2 path.c:178 0x593c69 24
1 dynarray.c:84 0x593cc9 24
2 dynarray.c:95 0x593cf9 16
2 path.c:191 0x593d29 22
2 path.c:205 0x593739 6
3 path.c:223 0x593d29 0x593d29 22 6
4 path.c:246 0x593d29 6
4 path.c:31 0x593739 6
4 dynarray.c:112 0x593cf9 16
4 dynarray.c:113 0x593cc9 24
4 path.c:254 0x593c69 24
2 path.c:178 0x593c69 24
1 dynarray.c:84 0x593d29 24
2 dynarray.c:95 0x593cc9 16
2 path.c:191 0x593d59 22
2 path.c:205 0x593739 6
2 path.c:205 0x593829 8
3 path.c:223 0x593d59 0x593d59 22 14
4 path.c:246 0x593d59 14
4 path.c:31 0x593739 6
4 path.c:31 0x593829 8
4 dynarray.c:112 0x593cc9 16
4 dynarray.c:113 0x593d29 24
4 path.c:254 0x593c69 24
2 path.c:178 0x593c69 24
1 dynarray.c:84 0x593cf9 24
2 dynarray.c:95 0x593d29 24
2 path.c:191 0x593d59 22
2 path.c:205 0x593829 6
2 path.c:205 0x593739 8
2 path.c:205 0x5939e9 8
3 path.c:223 0x593d59 0x593d59 22 22
4 path.c:246 0x593d59 22
4 path.c:31 0x593829 6
4 path.c:31 0x593739 8
4 path.c:31 0x5939e9 8
4 dynarray.c:112 0x593d29 24
4 dynarray.c:113 0x593cf9 24
4 path.c:254 0x593c69 24
2 path.c:128 0x593c69 24
1 dynarray.c:84 0x593cc9 24
2 dynarray.c:95 0x593cf9 16
2 path.c:90 0x5939e9 6
2 path.c:90 0x593739 8
1 path.c:143 0x592f69 14
2 path.c:178 0x593d59 24
1 dynarray.c:84 0x593d29 24
2 dynarray.c:95 0x593d89 16
2 path.c:191 0x593829 14
2 path.c:205 0x5935b9 6
3 path.c:223 0x593829 0x593829 14 6
4 path.c:246 0x593829 6
4 path.c:31 0x5935b9 6
4 dynarray.c:112 0x593d89 16
4 dynarray.c:113 0x593d29 24
4 path.c:254 0x593d59 24
2 path.c:178 0x593d59 24
1 dynarray.c:84 0x593d89 24
2 dynarray.c:95 0x593d29 16
2 path.c:191 0x5935b9 14
2 path.c:205 0x593829 6
2 path.c:205 0x5937e9 8
3 path.c:223 0x5935b9 0x5935b9 14 14
4 path.c:246 0x5935b9 14
4 path.c:31 0x593829 6
4 path.c:31 0x5937e9 8
4 dynarray.c:112 0x593d29 16
4 dynarray.c:113 0x593d89 24
4 path.c:254 0x593d59 24
4 path.c:246 0x592f69 14
4 path.c:31 0x5939e9 6
4 path.c:31 0x593739 8
4 dynarray.c:112 0x593cf9 16
4 dynarray.c:113 0x593cc9 24
4 path.c:254 0x593c69 24
4 path.c:246 0x593969 32
4 path.c:31 0x593809 6
4 path.c:31 0x593629 8
4 path.c:31 0x5939a9 12
4 path.c:31 0x5939c9 6
4 dynarray.c:112 0x593929 32
4 dynarray.c:113 0x593489 24
4 path.c:254 0x593439 24
4 bdtBad5.c:263 0x593869 32
4 path.c:246 0x5936a9 26
4 path.c:31 0x5936d9 6
4 path.c:31 0x5936f9 8
4 path.c:31 0x593719 12
4 dynarray.c:112 0x593679 24
4 dynarray.c:113 0x593589 24
4 path.c:254 0x593649 24
4 bdtBad5.c:263 0x593379 32
4 path.c:246 0x592ea9 14
4 path.c:31 0x592ec9 6
4 path.c:31 0x592ee9 8
4 dynarray.c:112 0x592e79 16
4 dynarray.c:113 0x592719 24
4 path.c:254 0x592dc9 24
4 bdtBad5.c:263 0x592e39 32
2 path.c:128 0x592dc9 24
1 dynarray.c:84 0x593d29 24
2 dynarray.c:95 0x592719 16
2 path.c:90 0x592ee9 6
1 path.c:143 0x593759 6
2 path.c:178 0x593649 24
1 dynarray.c:84 0x592e79 24
2 dynarray.c:95 0x593589 16
2 path.c:191 0x592ec9 6
2 path.c:205 0x593719 6
3 path.c:223 0x592ec9 0x592ec9 6 6
4 path.c:246 0x592ec9 6
4 path.c:31 0x593719 6
4 dynarray.c:112 0x593589 16
4 dynarray.c:113 0x592e79 24
4 path.c:254 0x593649 24
4 path.c:246 0x593759 6
4 path.c:31 0x592ee9 6
4 dynarray.c:112 0x592719 16
4 dynarray.c:113 0x593d29 24
4 path.c:254 0x592dc9 24
2 path.c:128 0x592dc9 24
1 dynarray.c:84 0x593679 24
2 dynarray.c:95 0x593d29 16
2 path.c:90 0x592ee9 6
2 path.c:90 0x593759 7
1 path.c:143 0x592ea9 13
2 path.c:178 0x593649 24
1 dynarray.c:84 0x592719 24
2 dynarray.c:95 0x592e79 16
2 path.c:191 0x593719 13
2 path.c:205 0x5936f9 6
3 path.c:223 0x593719 0x593719 13 6
4 path.c:246 0x593719 6
4 path.c:31 0x5936f9 6
4 dynarray.c:112 0x592e79 16
4 dynarray.c:113 0x592719 24
4 path.c:254 0x593649 24
2 path.c:178 0x593649 24
1 dynarray.c:84 0x593589 24
2 dynarray.c:95 0x592719 16
2 path.c:191 0x5936f9 13
2 path.c:205 0x593719 6
2 path.c:205 0x5936d9 7
3 path.c:223 0x5936f9 0x5936f9 13 13
4 path.c:246 0x5936f9 13
4 path.c:31 0x593719 6
4 path.c:31 0x5936d9 7
4 dynarray.c:112 0x592719 16
4 dynarray.c:113 0x593589 24
4 path.c:254 0x593649 24
4 path.c:246 0x592ea9 13
4 path.c:31 0x592ee9 6
4 path.c:31 0x593759 7
4 dynarray.c:112 0x593d29 16
4 dynarray.c:113 0x593679 24
4 path.c:254 0x592dc9 24
2 path.c:128 0x592dc9 24
1 dynarray.c:84 0x592e79 24
2 dynarray.c:95 0x593679 16
2 path.c:90 0x593759 6
2 path.c:90 0x592ee9 8
1 path.c:143 0x592ec9 14
2 path.c:178 0x593649 24
1 dynarray.c:84 0x593d29 24
2 dynarray.c:95 0x593589 16
2 path.c:191 0x592ea9 14
2 path.c:205 0x593719 6
3 path.c:223 0x592ea9 0x592ea9 14 6
4 path.c:246 0x592ea9 6
4 path.c:31 0x593719 6
4 dynarray.c:112 0x593589 16
4 dynarray.c:113 0x593d29 24
4 path.c:254 0x593649 24
2 path.c:178 0x593649 24
1 dynarray.c:84 0x592719 24
2 dynarray.c:95 0x593d29 16
2 path.c:191 0x593719 14
2 path.c:205 0x592ea9 6
2 path.c:205 0x5936f9 8
3 path.c:223 0x593719 0x593719 14 14
4 path.c:246 0x593719 14
4 path.c:31 0x592ea9 6
4 path.c:31 0x5936f9 8
4 dynarray.c:112 0x593d29 16
4 dynarray.c:113 0x592719 24
4 path.c:254 0x593649 24
2 path.c:128 0x593649 24
1 dynarray.c:84 0x593589 24
2 dynarray.c:95 0x592719 16
2 path.c:90 0x5936f9 6
2 path.c:90 0x592ea9 8
2 path.c:90 0x593719 12
3 dynarray.c:69 0x592e39 0x592719 16 32
1 path.c:143 0x593d29 26
2 path.c:178 0x592719 24
1 dynarray.c:84 0x5936a9 24
2 dynarray.c:95 0x593439 16
2 path.c:191 0x593c69 26
2 path.c:205 0x5939c9 6
3 path.c:223 0x593c69 0x593c69 26 6
4 path.c:246 0x593c69 6
4 path.c:31 0x5939c9 6
4 dynarray.c:112 0x593439 16
4 dynarray.c:113 0x5936a9 24
4 path.c:254 0x592719 24
2 path.c:178 0x592719 24
1 dynarray.c:84 0x593489 24
2 dynarray.c:95 0x5936a9 16
2 path.c:191 0x593c69 26
2 path.c:205 0x5939c9 6
2 path.c:205 0x5939a9 8
3 path.c:223 0x593c69 0x593c69 26 14
4 path.c:246 0x593c69 14
4 path.c:31 0x5939c9 6
4 path.c:31 0x5939a9 8
4 dynarray.c:112 0x5936a9 16
4 dynarray.c:113 0x593489 24
4 path.c:254 0x592719 24
2 path.c:128 0x592719 24
1 dynarray.c:84 0x593439 24
2 dynarray.c:95 0x593489 16
2 path.c:90 0x5939a9 6
2 path.c:90 0x5939c9 8
2 path.c:90 0x593629 12
3 dynarray.c:69 0x593379 0x593489 16 32
2 path.c:90 0x593809 6
1 path.c:143 0x593a29 32
2 path.c:178 0x593489 24
1 dynarray.c:84 0x5936a9 24
2 dynarray.c:95 0x593c69 16
2 path.c:191 0x593869 32
2 path.c:205 0x593739 6
3 path.c:223 0x593869 0x593869 32 6
4 path.c:246 0x593869 6
4 path.c:31 0x593739 6
4 dynarray.c:112 0x593c69 16
4 dynarray.c:113 0x5936a9 24
4 path.c:254 0x593489 24
2 path.c:178 0x593489 24
1 dynarray.c:84 0x593cc9 24
2 dynarray.c:95 0x5936a9 16
2 path.c:191 0x593969 32
2 path.c:205 0x593739 6
2 path.c:205 0x593869 8
3 path.c:223 0x593969 0x593969 32 14
4 path.c:246 0x593969 14
4 path.c:31 0x593739 6
4 path.c:31 0x593869 8
4 dynarray.c:112 0x5936a9 16
4 dynarray.c:113 0x593cc9 24
4 path.c:254 0x593489 24
1 dynarray.c:84 0x593c69 24
2 dynarray.c:95 0x593489 24
1 bdtBad5.c:662 0x593929 45
4 dynarray.c:112 0x593489 24
4 dynarray.c:113 0x593c69 24
4 bdt_client.c:113 0x593929 45
2 path.c:128 0x593c69 24
1 dynarray.c:84 0x593cc9 24
2 dynarray.c:95 0x593489 16
2 path.c:90 0x593869 13
1 path.c:143 0x5936d9 13
2 path.c:178 0x593cf9 24
1 dynarray.c:84 0x5936a9 24
2 dynarray.c:95 0x593d59 16
2 path.c:191 0x593739 13
2 path.c:205 0x593989 13
3 path.c:223 0x593739 0x593739 13 13
4 path.c:246 0x593739 13
4 path.c:31 0x593989 13
4 dynarray.c:112 0x593d59 16
4 dynarray.c:113 0x5936a9 24
4 path.c:254 0x593cf9 24
4 path.c:246 0x5936d9 13
4 path.c:31 0x593869 13
4 dynarray.c:112 0x593489 16
4 dynarray.c:113 0x593cc9 24
4 path.c:254 0x593c69 24
2 path.c:128 0x593c69 24
1 dynarray.c:84 0x593d89 24
2 dynarray.c:95 0x593cc9 16
2 path.c:90 0x593869 6
1 path.c:143 0x593969 6
2 path.c:178 0x593cf9 24
1 dynarray.c:84 0x593489 24
2 dynarray.c:95 0x5936a9 16
2 path.c:191 0x5936d9 6
2 path.c:205 0x593739 6
3 path.c:223 0x5936d9 0x5936d9 6 6
4 path.c:246 0x5936d9 6
4 path.c:31 0x593739 6
4 dynarray.c:112 0x5936a9 16
4 dynarray.c:113 0x593489 24
4 path.c:254 0x593cf9 24
4 path.c:246 0x593969 6
4 path.c:31 0x593869 6
4 dynarray.c:112 0x593cc9 16
4 dynarray.c:113 0x593d89 24
4 path.c:254 0x593c69 24
4 path.c:246 0x592c09 25
4 path.c:31 0x592c39 6
4 path.c:31 0x592c59 7
4 path.c:31 0x592c79 12
4 dynarray.c:112 0x592bd9 24
4 dynarray.c:113 0x592919 24
4 path.c:254 0x592ba9 24
4 bdtBad5.c:263 0x592b69 32
4 path.c:246 0x592ab9 13
4 path.c:31 0x592ad9 6
4 path.c:31 0x592af9 7
4 dynarray.c:112 0x592a89 16
4 dynarray.c:113 0x5925a9 24
4 path.c:254 0x592a59 24
4 bdtBad5.c:263 0x592a19 32
4 path.c:246 0x592859 6
4 path.c:31 0x592879 6
4 dynarray.c:112 0x592829 16
4 dynarray.c:113 0x592609 24
4 path.c:254 0x5927f9 24
4 bdtBad5.c:263 0x5927b9 32
2 path.c:128 0x5927f9 24
1 dynarray.c:84 0x593d59 24
2 dynarray.c:95 0x592609 16
2 path.c:90 0x592879 6
2 path.c:90 0x592859 7
1 path.c:143 0x593989 13
4 path.c:246 0x593989 13
4 path.c:31 0x592879 6
4 path.c:31 0x592859 7
4 dynarray.c:112 0x592609 16
4 dynarray.c:113 0x593d59 24
4 path.c:254 0x5927f9 24
2 path.c:128 0x5927f9 24
1 dynarray.c:84 0x592829 24
2 dynarray.c:95 0x593d59 16
2 path.c:90 0x592859 6
1 path.c:143 0x593989 6
4 path.c:246 0x593989 6
4 path.c:31 0x592859 6
4 dynarray.c:112 0x593d59 16
4 dynarray.c:113 0x592829 24
4 path.c:254 0x5927f9 24
2 path.c:128 0x5927f9 24
1 dynarray.c:84 0x592609 24
2 dynarray.c:95 0x592829 16
2 path.c:90 0x592859 6
1 path.c:143 0x593989 6
4 path.c:246 0x593989 6
4 path.c:31 0x592859 6
4 dynarray.c:112 0x592829 16
4 dynarray.c:113 0x592609 24
4 path.c:254 0x5927f9 24
2 path.c:128 0x5927f9 24
1 dynarray.c:84 0x593d59 24
2 dynarray.c:95 0x592609 16
2 path.c:90 0x592859 13
1 path.c:143 0x593989 13
4 path.c:246 0x593989 13
4 path.c:31 0x592859 13
4 dynarray.c:112 0x592609 16
4 dynarray.c:113 0x593d59 24
4 path.c:254 0x5927f9 24
1 dynarray.c:84 0x592829 24
2 dynarray.c:95 0x5927f9 16
1 bdtBad5.c:662 0x593989 1
4 dynarray.c:112 0x5927f9 16
4 dynarray.c:113 0x592829 24
4 bdt_client.c:124 0x593989 1
2 path.c:128 0x592829 24
1 dynarray.c:84 0x593d59 24
2 dynarray.c:95 0x5927f9 16
2 path.c:90 0x592859 2
2 path.c:90 0x592879 2
1 path.c:143 0x593989 4
2 path.c:178 0x592a59 24
1 dynarray.c:84 0x592609 24
2 dynarray.c:95 0x5925a9 16
2 path.c:191 0x592af9 4
2 path.c:205 0x592ab9 2
3 path.c:223 0x592af9 0x592af9 4 2
1 bdtBad5.c:143 0x593929 32
2 path.c:178 0x592ba9 24
1 dynarray.c:84 0x592a89 24
2 dynarray.c:95 0x592919 16
2 path.c:191 0x592c79 2
2 path.c:205 0x592c59 2
3 path.c:223 0x592c79 0x592c79 2 2
4 path.c:246 0x592af9 2
4 path.c:31 0x592ab9 2
4 dynarray.c:112 0x5925a9 16
4 dynarray.c:113 0x592609 24
4 path.c:254 0x592a59 24
2 path.c:178 0x592a59 24
1 dynarray.c:84 0x592bd9 24
2 dynarray.c:95 0x592609 16
2 path.c:191 0x592ab9 4
2 path.c:205 0x592af9 2
2 path.c:205 0x592c39 2
3 path.c:223 0x592ab9 0x592ab9 4 4
1 bdtBad5.c:143 0x593519 32
2 path.c:178 0x592c09 24
1 dynarray.c:84 0x5925a9 24
2 dynarray.c:95 0x593c69 16
2 path.c:191 0x593869 4
2 path.c:205 0x593969 2
2 path.c:205 0x593739 2
3 path.c:223 0x593869 0x593869 4 4
4 path.c:246 0x592ab9 4
4 path.c:31 0x592af9 2
4 path.c:31 0x592c39 2
4 dynarray.c:112 0x592609 16
4 dynarray.c:113 0x592bd9 24
4 path.c:254 0x592a59 24
4 path.c:246 0x593989 4
4 path.c:31 0x592859 2
4 path.c:31 0x592879 2
4 dynarray.c:112 0x5927f9 16
4 dynarray.c:113 0x593d59 24
4 path.c:254 0x592829 24
1 dynarray.c:84 0x593d89 24
2 dynarray.c:95 0x592829 16
1 bdtBad5.c:662 0x592ad9 7
4 dynarray.c:112 0x592829 16
4 dynarray.c:113 0x593d89 24
4 bdt_client.c:136 0x592ad9 7
2 path.c:128 0x593d89 24
1 dynarray.c:84 0x593d59 24
2 dynarray.c:95 0x592829 16
2 path.c:90 0x592879 2
2 path.c:90 0x592859 2
1 path.c:143 0x592ad9 4
2 path.c:178 0x592a59 24
1 dynarray.c:84 0x5927f9 24
2 dynarray.c:95 0x592bd9 16
2 path.c:191 0x593989 4
2 path.c:205 0x592af9 2
3 path.c:223 0x593989 0x593989 4 2
4 path.c:246 0x593989 2
4 path.c:31 0x592af9 2
4 dynarray.c:112 0x592bd9 16
4 dynarray.c:113 0x5927f9 24
4 path.c:254 0x592a59 24
2 path.c:178 0x592a59 24
1 dynarray.c:84 0x592609 24
2 dynarray.c:95 0x5927f9 16
2 path.c:191 0x592af9 4
2 path.c:205 0x593989 2
2 path.c:205 0x592ab9 2
3 path.c:223 0x592af9 0x592af9 4 4
4 path.c:246 0x592af9 4
4 path.c:31 0x593989 2
4 path.c:31 0x592ab9 2
4 dynarray.c:112 0x5927f9 16
4 dynarray.c:113 0x592609 24
4 path.c:254 0x592a59 24
2 path.c:178 0x592a59 24
1 dynarray.c:84 0x592bd9 24
2 dynarray.c:95 0x592609 16
2 path.c:191 0x592ab9 4
2 path.c:205 0x593989 2
2 path.c:205 0x592af9 2
3 path.c:223 0x592ab9 0x592ab9 4 4
1 bdtBad5.c:143 0x5932c9 32
2 path.c:178 0x593cc9 24
1 dynarray.c:84 0x5927f9 24
2 dynarray.c:95 0x593cf9 16
2 path.c:191 0x5936d9 4
2 path.c:205 0x593889 2
2 path.c:205 0x5939e9 2
3 path.c:223 0x5936d9 0x5936d9 4 4
4 path.c:246 0x592ab9 4
4 path.c:31 0x593989 2
4 path.c:31 0x592af9 2
4 dynarray.c:112 0x592609 16
4 dynarray.c:113 0x592bd9 24
4 path.c:254 0x592a59 24
4 path.c:246 0x592ad9 4
4 path.c:31 0x592879 2
4 path.c:31 0x592859 2
4 dynarray.c:112 0x592829 16
4 dynarray.c:113 0x593d59 24
4 path.c:254 0x593d89 24
1 dynarray.c:84 0x593489 24
2 dynarray.c:95 0x593d89 24
1 bdtBad5.c:662 0x592c39 11
4 dynarray.c:112 0x593d89 24
4 dynarray.c:113 0x593489 24
4 bdt_client.c:140 0x592c39 11
2 path.c:128 0x593489 24
1 dynarray.c:84 0x593d59 24
2 dynarray.c:95 0x593d89 16
2 path.c:90 0x592859 2
2 path.c:90 0x592879 2
1 path.c:143 0x592c39 4
2 path.c:178 0x592a59 24
1 dynarray.c:84 0x592829 24
2 dynarray.c:95 0x592bd9 16
2 path.c:191 0x592ad9 4
2 path.c:205 0x593989 2
3 path.c:223 0x592ad9 0x592ad9 4 2
4 path.c:246 0x592ad9 2
4 path.c:31 0x593989 2
4 dynarray.c:112 0x592bd9 16
4 dynarray.c:113 0x592829 24
4 path.c:254 0x592a59 24
2 path.c:178 0x592a59 24
1 dynarray.c:84 0x592609 24
2 dynarray.c:95 0x592829 16
2 path.c:191 0x593989 4
2 path.c:205 0x592ad9 2
2 path.c:205 0x592ab9 2
3 path.c:223 0x593989 0x593989 4 4
4 path.c:246 0x593989 4
4 path.c:31 0x592ad9 2
4 path.c:31 0x592ab9 2
4 dynarray.c:112 0x592829 16
4 dynarray.c:113 0x592609 24
4 path.c:254 0x592a59 24
4 path.c:246 0x592c39 4
4 path.c:31 0x592859 2
4 path.c:31 0x592879 2
4 dynarray.c:112 0x593d89 16
4 dynarray.c:113 0x593d59 24
4 path.c:254 0x593489 24
4 path.c:246 0x593869 4
4 path.c:31 0x593969 2
4 path.c:31 0x593739 2
4 dynarray.c:112 0x593c69 16
4 dynarray.c:113 0x5925a9 24
4 path.c:254 0x592c09 24
4 bdtBad5.c:263 0x593519 32
1 dynarray.c:84 0x592bd9 24
2 dynarray.c:95 0x592c09 16
1 bdtBad5.c:662 0x592af9 7
4 dynarray.c:112 0x592c09 16
4 dynarray.c:113 0x592bd9 24
4 bdt_client.c:144 0x592af9 7
2 path.c:128 0x592bd9 24
1 dynarray.c:84 0x5925a9 24
2 dynarray.c:95 0x592c09 16
2 path.c:90 0x593739 2
2 path.c:90 0x593969 3
1 path.c:143 0x592af9 5
2 path.c:178 0x593489 24
1 dynarray.c:84 0x593c69 24
2 dynarray.c:95 0x593d59 16
2 path.c:191 0x593869 5
2 path.c:205 0x592859 2
3 path.c:223 0x593869 0x593869 5 2
4 path.c:246 0x593869 2
4 path.c:31 0x592859 2
4 dynarray.c:112 0x593d59 16
4 dynarray.c:113 0x593c69 24
4 path.c:254 0x593489 24
2 path.c:178 0x593489 24
1 dynarray.c:84 0x593d89 24
2 dynarray.c:95 0x593c69 16
2 path.c:191 0x592859 5
2 path.c:205 0x593869 2
2 path.c:205 0x592c39 3
3 path.c:223 0x592859 0x592859 5 5
4 path.c:246 0x592859 5
4 path.c:31 0x593869 2
4 path.c:31 0x592c39 3
4 dynarray.c:112 0x593c69 16
4 dynarray.c:113 0x593d89 24
4 path.c:254 0x593489 24
2 path.c:178 0x593489 24
1 dynarray.c:84 0x593d59 24
2 dynarray.c:95 0x593d89 16
2 path.c:191 0x592c39 5
2 path.c:205 0x593869 2
2 path.c:205 0x592859 3
3 path.c:223 0x592c39 0x592c39 5 5
1 bdtBad5.c:143 0x593519 32
2 path.c:178 0x592a59 24
1 dynarray.c:84 0x593c69 24
2 dynarray.c:95 0x592609 16
2 path.c:191 0x592ab9 5
2 path.c:205 0x592ad9 2
2 path.c:205 0x593989 3
3 path.c:223 0x592ab9 0x592ab9 5 5
4 path.c:246 0x592c39 5
4 path.c:31 0x593869 2
4 path.c:31 0x592859 3
4 dynarray.c:112 0x593d89 16
4 dynarray.c:113 0x593d59 24
4 path.c:254 0x593489 24
4 path.c:246 0x592af9 5
4 path.c:31 0x593739 2
4 path.c:31 0x593969 3
4 dynarray.c:112 0x592c09 16
4 dynarray.c:113 0x5925a9 24
4 path.c:254 0x592bd9 24
1 dynarray.c:84 0x592829 24
2 dynarray.c:95 0x592bd9 24
1 bdtBad5.c:662 0x592879 12
4 dynarray.c:112 0x592bd9 24
4 dynarray.c:113 0x592829 24
4 bdt_client.c:148 0x592879 12
2 path.c:128 0x592829 24
1 dynarray.c:84 0x5925a9 24
2 dynarray.c:95 0x592bd9 16
2 path.c:90 0x593969 2
2 path.c:90 0x593739 3
1 path.c:143 0x592879 5
2 path.c:178 0x593489 24
1 dynarray.c:84 0x592c09 24
2 dynarray.c:95 0x593d59 16
2 path.c:191 0x592af9 5
2 path.c:205 0x593869 2
3 path.c:223 0x592af9 0x592af9 5 2
4 path.c:246 0x592af9 2
4 path.c:31 0x593869 2
4 dynarray.c:112 0x593d59 16
4 dynarray.c:113 0x592c09 24
4 path.c:254 0x593489 24
2 path.c:178 0x593489 24
1 dynarray.c:84 0x593d89 24
2 dynarray.c:95 0x592c09 16
2 path.c:191 0x593869 5
2 path.c:205 0x592af9 2
2 path.c:205 0x592c39 3
3 path.c:223 0x593869 0x593869 5 5
4 path.c:246 0x593869 5
4 path.c:31 0x592af9 2
4 path.c:31 0x592c39 3
4 dynarray.c:112 0x592c09 16
4 dynarray.c:113 0x593d89 24
4 path.c:254 0x593489 24
4 path.c:246 0x592879 5
4 path.c:31 0x593969 2
4 path.c:31 0x593739 3
4 dynarray.c:112 0x592bd9 16
4 dynarray.c:113 0x5925a9 24
4 path.c:254 0x592829 24
4 path.c:246 0x592ab9 5
4 path.c:31 0x592ad9 2
4 path.c:31 0x593989 3
4 dynarray.c:112 0x592609 16
4 dynarray.c:113 0x593c69 24
4 path.c:254 0x592a59 24
4 bdtBad5.c:263 0x593519 32
1 dynarray.c:84 0x593d59 24
2 dynarray.c:95 0x592a59 16
1 bdtBad5.c:662 0x592859 7
4 dynarray.c:112 0x592a59 16
4 dynarray.c:113 0x593d59 24
4 bdt_client.c:152 0x592859 7
2 path.c:128 0x593d59 24
1 dynarray.c:84 0x593c69 24
2 dynarray.c:95 0x592a59 16
2 path.c:90 0x593989 2
2 path.c:90 0x592ad9 3
1 path.c:143 0x592859 5
2 path.c:178 0x592829 24
1 dynarray.c:84 0x592609 24
2 dynarray.c:95 0x5925a9 16
2 path.c:191 0x592ab9 5
2 path.c:205 0x593969 2
3 path.c:223 0x592ab9 0x592ab9 5 2
4 path.c:246 0x592ab9 2
4 path.c:31 0x593969 2
4 dynarray.c:112 0x5925a9 16
4 dynarray.c:113 0x592609 24
4 path.c:254 0x592829 24
2 path.c:178 0x592829 24
1 dynarray.c:84 0x592bd9 24
2 dynarray.c:95 0x592609 16
2 path.c:191 0x593969 5
2 path.c:205 0x592ab9 2
2 path.c:205 0x592879 3
3 path.c:223 0x593969 0x593969 5 5
4 path.c:246 0x593969 5
4 path.c:31 0x592ab9 2
4 path.c:31 0x592879 3
4 dynarray.c:112 0x592609 16
4 dynarray.c:113 0x592bd9 24
4 path.c:254 0x592829 24
2 path.c:178 0x592829 24
1 dynarray.c:84 0x5925a9 24
2 dynarray.c:95 0x592bd9 16
2 path.c:191 0x592879 5
2 path.c:205 0x592ab9 2
2 path.c:205 0x593969 3
3 path.c:223 0x592879 0x592879 5 5
1 bdtBad5.c:143 0x593519 32
2 path.c:178 0x593489 24
1 dynarray.c:84 0x592609 24
2 dynarray.c:95 0x593d89 16
2 path.c:191 0x592c39 5
2 path.c:205 0x592af9 2
2 path.c:205 0x593869 3
3 path.c:223 0x592c39 0x592c39 5 5
4 path.c:246 0x592879 5
4 path.c:31 0x592ab9 2
4 path.c:31 0x593969 3
4 dynarray.c:112 0x592bd9 16
4 dynarray.c:113 0x5925a9 24
4 path.c:254 0x592829 24
4 path.c:246 0x592859 5
4 path.c:31 0x593989 2
4 path.c:31 0x592ad9 3
4 dynarray.c:112 0x592a59 16
4 dynarray.c:113 0x593c69 24
4 path.c:254 0x593d59 24
1 dynarray.c:84 0x592c09 24
2 dynarray.c:95 0x593d59 24
1 bdtBad5.c:662 0x593739 12
4 dynarray.c:112 0x593d59 24
4 dynarray.c:113 0x592c09 24
4 bdt_client.c:156 0x593739 12
2 path.c:128 0x592c09 24
1 dynarray.c:84 0x593c69 24
2 dynarray.c:95 0x593d59 16
2 path.c:90 0x592ad9 2
2 path.c:90 0x593989 2
1 path.c:143 0x593739 4
2 path.c:178 0x592829 24
1 dynarray.c:84 0x592a59 24
2 dynarray.c:95 0x5925a9 16
2 path.c:191 0x592859 4
2 path.c:205 0x592ab9 2
3 path.c:223 0x592859 0x592859 4 2
4 path.c:246 0x592859 2
4 path.c:31 0x592ab9 2
4 dynarray.c:112 0x5925a9 16
4 dynarray.c:113 0x592a59 24
4 path.c:254 0x592829 24
2 path.c:178 0x592829 24
1 dynarray.c:84 0x592bd9 24
2 dynarray.c:95 0x592a59 16
2 path.c:191 0x592ab9 4
2 path.c:205 0x592859 2
2 path.c:205 0x592879 2
3 path.c:223 0x592ab9 0x592ab9 4 4
4 path.c:246 0x592ab9 4
4 path.c:31 0x592859 2
4 path.c:31 0x592879 2
4 dynarray.c:112 0x592a59 16
4 dynarray.c:113 0x592bd9 24
4 path.c:254 0x592829 24
4 path.c:246 0x593739 4
4 path.c:31 0x592ad9 2
4 path.c:31 0x593989 2
4 dynarray.c:112 0x593d59 16
4 dynarray.c:113 0x593c69 24
4 path.c:254 0x592c09 24
4 path.c:246 0x5936d9 4
4 path.c:31 0x593889 2
4 path.c:31 0x5939e9 2
4 dynarray.c:112 0x593cf9 16
4 dynarray.c:113 0x5927f9 24
4 path.c:254 0x593cc9 24
4 bdtBad5.c:263 0x5932c9 32
1 dynarray.c:84 0x5925a9 24
2 dynarray.c:95 0x593cc9 16
1 bdtBad5.c:662 0x593969 8
4 dynarray.c:112 0x593cc9 16
4 dynarray.c:113 0x5925a9 24
4 bdt_client.c:160 0x593969 8
4 path.c:246 0x592c39 5
4 path.c:31 0x592af9 2
4 path.c:31 0x593869 3
4 dynarray.c:112 0x593d89 16
4 dynarray.c:113 0x592609 24
4 path.c:254 0x593489 24
4 bdtBad5.c:263 0x593519 32
4 path.c:246 0x592c79 2
4 path.c:31 0x592c59 2
4 dynarray.c:112 0x592919 16
4 dynarray.c:113 0x592a89 24
4 path.c:254 0x592ba9 24
4 bdtBad5.c:263 0x593929 32
