2 path.c:128 0xfb402a9 24
4 path.c:254 0xfb402a9 24
2 path.c:128 0xfb424d9 24
1 dynarray.c:84 0xfb402a9 24
2 dynarray.c:95 0xfb42509 16
2 path.c:90 0xfb42539 6
1 path.c:143 0xfb42559 6
4 path.c:246 0xfb42559 6
4 path.c:31 0xfb42539 6
4 dynarray.c:112 0xfb42509 16
4 dynarray.c:113 0xfb402a9 24
4 path.c:254 0xfb424d9 24
1 dynarray.c:84 0xfb424d9 24
2 dynarray.c:95 0xfb42579 16
1 bdtBad5.c:662 0xfb42539 1
4 dynarray.c:112 0xfb42579 16
4 dynarray.c:113 0xfb424d9 24
4 bdt_client.c:39 0xfb42539 1
2 path.c:128 0xfb425a9 24
4 path.c:254 0xfb425a9 24
2 path.c:128 0xfb425d9 24
1 dynarray.c:84 0xfb425a9 24
2 dynarray.c:95 0xfb42609 16
4 dynarray.c:112 0xfb42609 16
4 dynarray.c:113 0xfb425a9 24
4 path.c:254 0xfb425d9 24
2 path.c:128 0xfb42639 24
1 dynarray.c:84 0xfb425d9 24
2 dynarray.c:95 0xfb42669 16
2 path.c:90 0xfb42699 6
2 path.c:90 0xfb426b9 7
4 path.c:31 0xfb42699 6
4 path.c:31 0xfb426b9 7
4 dynarray.c:112 0xfb42669 16
4 dynarray.c:113 0xfb425d9 24
4 path.c:254 0xfb42639 24
2 path.c:128 0xfb42639 24
1 dynarray.c:84 0xfb42669 24
2 dynarray.c:95 0xfb425d9 16
2 path.c:90 0xfb426d9 6
4 path.c:31 0xfb426d9 6
4 dynarray.c:112 0xfb425d9 16
4 dynarray.c:113 0xfb42669 24
4 path.c:254 0xfb42639 24
2 path.c:128 0xfb42639 24
1 dynarray.c:84 0xfb425d9 24
2 dynarray.c:95 0xfb42669 16
2 path.c:90 0xfb426f9 6
1 path.c:143 0xfb426d9 6
2 path.c:178 0xfb42719 24
1 dynarray.c:84 0xfb425a9 24
2 dynarray.c:95 0xfb42749 16
2 path.c:191 0xfb42779 6
2 path.c:205 0xfb42799 6
3 path.c:223 0xfb42779 0xfb42779 6 6
1 bdtBad5.c:143 0xfb427b9 32
2 path.c:178 0xfb427f9 24
1 dynarray.c:84 0xfb42609 24
2 dynarray.c:95 0xfb42829 16
2 path.c:191 0xfb42859 6
2 path.c:205 0xfb42879 6
3 path.c:223 0xfb42859 0xfb42859 6 6
4 path.c:246 0xfb42779 6
4 path.c:31 0xfb42799 6
4 dynarray.c:112 0xfb42749 16
4 dynarray.c:113 0xfb425a9 24
4 path.c:254 0xfb42719 24
4 path.c:246 0xfb426d9 6
4 path.c:31 0xfb426f9 6
4 dynarray.c:112 0xfb42669 16
4 dynarray.c:113 0xfb425d9 24
4 path.c:254 0xfb42639 24
2 path.c:128 0xfb42639 24
1 dynarray.c:84 0xfb42719 24
2 dynarray.c:95 0xfb425d9 16
2 path.c:90 0xfb426f9 6
2 path.c:90 0xfb42899 7
2 path.c:90 0xfb428b9 12
3 dynarray.c:69 0xfb428d9 0xfb425d9 16 32
1 path.c:143 0xfb42669 25
2 path.c:178 0xfb425d9 24
1 dynarray.c:84 0xfb425a9 24
2 dynarray.c:95 0xfb42919 16
2 path.c:191 0xfb42949 25
2 path.c:205 0xfb42979 6
3 path.c:223 0xfb42949 0xfb42949 25 6
4 path.c:246 0xfb42949 6
4 path.c:31 0xfb42979 6
4 dynarray.c:112 0xfb42919 16
4 dynarray.c:113 0xfb425a9 24
4 path.c:254 0xfb425d9 24
2 path.c:178 0xfb425d9 24
1 dynarray.c:84 0xfb42919 24
2 dynarray.c:95 0xfb425a9 16
2 path.c:191 0xfb42999 25
2 path.c:205 0xfb42979 6
2 path.c:205 0xfb429c9 7
3 path.c:223 0xfb42999 0xfb42999 25 13
4 path.c:246 0xfb42999 13
4 path.c:31 0xfb42979 6
4 path.c:31 0xfb429c9 7
4 dynarray.c:112 0xfb425a9 16
4 dynarray.c:113 0xfb42919 24
4 path.c:254 0xfb425d9 24
2 path.c:178 0xfb425d9 24
1 dynarray.c:84 0xfb42999 24
2 dynarray.c:95 0xfb42919 16
2 path.c:191 0xfb429e9 25
2 path.c:205 0xfb429c9 6
2 path.c:205 0xfb42979 7
3 path.c:223 0xfb429e9 0xfb429e9 25 13
1 bdtBad5.c:143 0xfb42a19 32
2 path.c:178 0xfb42a59 24
1 dynarray.c:84 0xfb425a9 24
2 dynarray.c:95 0xfb42a89 16
2 path.c:191 0xfb42ab9 13
2 path.c:205 0xfb42ad9 6
2 path.c:205 0xfb42af9 7
3 path.c:223 0xfb42ab9 0xfb42ab9 13 13
4 path.c:246 0xfb429e9 13
4 path.c:31 0xfb429c9 6
4 path.c:31 0xfb42979 7
4 dynarray.c:112 0xfb42919 16
4 dynarray.c:113 0xfb42999 24
4 path.c:254 0xfb425d9 24
2 path.c:178 0xfb425d9 24
1 dynarray.c:84 0xfb429e9 24
2 dynarray.c:95 0xfb42999 24
2 path.c:191 0xfb42b19 25
2 path.c:205 0xfb42979 6
2 path.c:205 0xfb429c9 7
2 path.c:205 0xfb42b49 12
3 path.c:223 0xfb42b19 0xfb42b19 25 25
1 bdtBad5.c:143 0xfb42b69 32
2 path.c:178 0xfb42ba9 24
1 dynarray.c:84 0xfb42919 24
2 dynarray.c:95 0xfb42bd9 24
2 path.c:191 0xfb42c09 25
2 path.c:205 0xfb42c39 6
2 path.c:205 0xfb42c59 7
2 path.c:205 0xfb42c79 12
3 path.c:223 0xfb42c09 0xfb42c09 25 25
4 path.c:246 0xfb42b19 25
4 path.c:31 0xfb42979 6
4 path.c:31 0xfb429c9 7
4 path.c:31 0xfb42b49 12
4 dynarray.c:112 0xfb42999 24
4 dynarray.c:113 0xfb429e9 24
4 path.c:254 0xfb425d9 24
4 path.c:246 0xfb42669 25
4 path.c:31 0xfb426f9 6
4 path.c:31 0xfb42899 7
4 path.c:31 0xfb428b9 12
4 dynarray.c:112 0xfb428d9 32
4 dynarray.c:113 0xfb42719 24
4 path.c:254 0xfb42639 24
2 path.c:128 0xfb42639 24
1 dynarray.c:84 0xfb42b19 24
2 dynarray.c:95 0xfb42719 16
2 path.c:90 0xfb428b9 6
1 path.c:143 0xfb426d9 6
2 path.c:178 0xfb425d9 24
1 dynarray.c:84 0xfb42669 24
2 dynarray.c:95 0xfb429e9 16
2 path.c:191 0xfb42899 6
2 path.c:205 0xfb42b49 6
3 path.c:223 0xfb42899 0xfb42899 6 6
4 path.c:246 0xfb42899 6
4 path.c:31 0xfb42b49 6
4 dynarray.c:112 0xfb429e9 16
4 dynarray.c:113 0xfb42669 24
4 path.c:254 0xfb425d9 24
4 path.c:246 0xfb426d9 6
4 path.c:31 0xfb428b9 6
4 dynarray.c:112 0xfb42719 16
4 dynarray.c:113 0xfb42b19 24
4 path.c:254 0xfb42639 24
2 path.c:128 0xfb42639 24
1 dynarray.c:84 0xfb42999 24
2 dynarray.c:95 0xfb42b19 16
2 path.c:90 0xfb428b9 6
2 path.c:90 0xfb426d9 7
1 path.c:143 0xfb426f9 13
2 path.c:178 0xfb425d9 24
1 dynarray.c:84 0xfb42719 24
2 dynarray.c:95 0xfb42669 16
2 path.c:191 0xfb42b49 13
2 path.c:205 0xfb429c9 6
3 path.c:223 0xfb42b49 0xfb42b49 13 6
4 path.c:246 0xfb42b49 6
4 path.c:31 0xfb429c9 6
4 dynarray.c:112 0xfb42669 16
4 dynarray.c:113 0xfb42719 24
4 path.c:254 0xfb425d9 24
2 path.c:178 0xfb425d9 24
1 dynarray.c:84 0xfb429e9 24
2 dynarray.c:95 0xfb42719 16
2 path.c:191 0xfb429c9 13
2 path.c:205 0xfb42b49 6
2 path.c:205 0xfb42979 7
3 path.c:223 0xfb429c9 0xfb429c9 13 13
4 path.c:246 0xfb429c9 13
4 path.c:31 0xfb42b49 6
4 path.c:31 0xfb42979 7
4 dynarray.c:112 0xfb42719 16
4 dynarray.c:113 0xfb429e9 24
4 path.c:254 0xfb425d9 24
4 path.c:246 0xfb426f9 13
4 path.c:31 0xfb428b9 6
4 path.c:31 0xfb426d9 7
4 dynarray.c:112 0xfb42b19 16
4 dynarray.c:113 0xfb42999 24
4 path.c:254 0xfb42639 24
2 path.c:128 0xfb42639 24
1 dynarray.c:84 0xfb42669 24
2 dynarray.c:95 0xfb42999 16
2 path.c:90 0xfb426d9 6
2 path.c:90 0xfb428b9 7
2 path.c:90 0xfb426f9 12
3 dynarray.c:69 0xfb42c99 0xfb42999 16 32
1 path.c:143 0xfb42b19 25
2 path.c:178 0xfb42999 24
1 dynarray.c:84 0xfb425d9 24
2 dynarray.c:95 0xfb429e9 16
2 path.c:191 0xfb42cd9 25
2 path.c:205 0xfb42979 6
3 path.c:223 0xfb42cd9 0xfb42cd9 25 6
4 path.c:246 0xfb42cd9 6
4 path.c:31 0xfb42979 6
4 dynarray.c:112 0xfb429e9 16
4 dynarray.c:113 0xfb425d9 24
4 path.c:254 0xfb42999 24
2 path.c:178 0xfb42999 24
1 dynarray.c:84 0xfb42719 24
2 dynarray.c:95 0xfb425d9 16
2 path.c:191 0xfb42cd9 25
2 path.c:205 0xfb42979 6
2 path.c:205 0xfb42b49 7
3 path.c:223 0xfb42cd9 0xfb42cd9 25 13
4 path.c:246 0xfb42cd9 13
4 path.c:31 0xfb42979 6
4 path.c:31 0xfb42b49 7
4 dynarray.c:112 0xfb425d9 16
4 dynarray.c:113 0xfb42719 24
4 path.c:254 0xfb42999 24
2 path.c:178 0xfb42999 24
1 dynarray.c:84 0xfb429e9 24
2 dynarray.c:95 0xfb42719 24
2 path.c:191 0xfb42cd9 25
2 path.c:205 0xfb42b49 6
2 path.c:205 0xfb42979 7
2 path.c:205 0xfb429c9 12
3 path.c:223 0xfb42cd9 0xfb42cd9 25 25
4 path.c:246 0xfb42cd9 25
4 path.c:31 0xfb42b49 6
4 path.c:31 0xfb42979 7
4 path.c:31 0xfb429c9 12
4 dynarray.c:112 0xfb42719 24
4 dynarray.c:113 0xfb429e9 24
4 path.c:254 0xfb42999 24
4 path.c:246 0xfb42b19 25
4 path.c:31 0xfb426d9 6
4 path.c:31 0xfb428b9 7
4 path.c:31 0xfb426f9 12
4 dynarray.c:112 0xfb42c99 32
4 dynarray.c:113 0xfb42669 24
4 path.c:254 0xfb42639 24
2 path.c:128 0xfb42639 24
1 dynarray.c:84 0xfb425d9 24
2 dynarray.c:95 0xfb42669 16
2 path.c:90 0xfb426f9 12
1 path.c:143 0xfb42899 12
2 path.c:178 0xfb42999 24
1 dynarray.c:84 0xfb42b19 24
2 dynarray.c:95 0xfb429e9 16
2 path.c:191 0xfb428b9 12
2 path.c:205 0xfb429c9 12
3 path.c:223 0xfb428b9 0xfb428b9 12 12
4 path.c:246 0xfb428b9 12
4 path.c:31 0xfb429c9 12
4 dynarray.c:112 0xfb429e9 16
4 dynarray.c:113 0xfb42b19 24
4 path.c:254 0xfb42999 24
4 path.c:246 0xfb42899 12
4 path.c:31 0xfb426f9 12
4 dynarray.c:112 0xfb42669 16
4 dynarray.c:113 0xfb425d9 24
4 path.c:254 0xfb42639 24
2 path.c:128 0xfb42639 24
1 dynarray.c:84 0xfb42719 24
2 dynarray.c:95 0xfb425d9 16
2 path.c:90 0xfb426f9 12
1 path.c:143 0xfb426d9 12
2 path.c:178 0xfb42999 24
1 dynarray.c:84 0xfb42669 24
2 dynarray.c:95 0xfb42b19 16
2 path.c:191 0xfb42899 12
2 path.c:205 0xfb428b9 12
3 path.c:223 0xfb42899 0xfb42899 12 12
4 path.c:246 0xfb42899 12
4 path.c:31 0xfb428b9 12
4 dynarray.c:112 0xfb42b19 16
4 dynarray.c:113 0xfb42669 24
4 path.c:254 0xfb42999 24
4 path.c:246 0xfb426d9 12
4 path.c:31 0xfb426f9 12
4 dynarray.c:112 0xfb425d9 16
4 dynarray.c:113 0xfb42719 24
4 path.c:254 0xfb42639 24
2 path.c:128 0xfb42639 24
1 dynarray.c:84 0xfb429e9 24
2 dynarray.c:95 0xfb42719 16
2 path.c:90 0xfb426f9 12
1 path.c:143 0xfb429c9 12
2 path.c:178 0xfb42999 24
1 dynarray.c:84 0xfb425d9 24
2 dynarray.c:95 0xfb42669 16
2 path.c:191 0xfb426d9 12
2 path.c:205 0xfb42899 12
3 path.c:223 0xfb426d9 0xfb426d9 12 12
4 path.c:246 0xfb426d9 12
4 path.c:31 0xfb42899 12
4 dynarray.c:112 0xfb42669 16
4 dynarray.c:113 0xfb425d9 24
4 path.c:254 0xfb42999 24
4 path.c:246 0xfb429c9 12
4 path.c:31 0xfb426f9 12
4 dynarray.c:112 0xfb42719 16
4 dynarray.c:113 0xfb429e9 24
4 path.c:254 0xfb42639 24
2 path.c:128 0xfb42639 24
1 dynarray.c:84 0xfb42b19 24
2 dynarray.c:95 0xfb429e9 16
2 path.c:90 0xfb426f9 6
2 path.c:90 0xfb429c9 8
1 path.c:143 0xfb428b9 14
2 path.c:178 0xfb42999 24
1 dynarray.c:84 0xfb42719 24
2 dynarray.c:95 0xfb425d9 16
2 path.c:191 0xfb42899 14
2 path.c:205 0xfb42979 6
3 path.c:223 0xfb42899 0xfb42899 14 6
4 path.c:246 0xfb42899 6
4 path.c:31 0xfb42979 6
4 dynarray.c:112 0xfb425d9 16
4 dynarray.c:113 0xfb42719 24
4 path.c:254 0xfb42999 24
2 path.c:178 0xfb42999 24
1 dynarray.c:84 0xfb42669 24
2 dynarray.c:95 0xfb42719 16
2 path.c:191 0xfb42979 14
2 path.c:205 0xfb42899 6
2 path.c:205 0xfb42b49 8
3 path.c:223 0xfb42979 0xfb42979 14 14
4 path.c:246 0xfb42979 14
4 path.c:31 0xfb42899 6
4 path.c:31 0xfb42b49 8
4 dynarray.c:112 0xfb42719 16
4 dynarray.c:113 0xfb42669 24
4 path.c:254 0xfb42999 24
2 path.c:128 0xfb42999 24
1 dynarray.c:84 0xfb425d9 24
2 dynarray.c:95 0xfb42669 16
2 path.c:90 0xfb42b49 6
2 path.c:90 0xfb42899 7
2 path.c:90 0xfb42979 12
3 dynarray.c:69 0xfb42d09 0xfb42669 16 32
1 path.c:143 0xfb42719 25
2 path.c:178 0xfb42669 24
1 dynarray.c:84 0xfb42cd9 24
2 dynarray.c:95 0xfb42d49 16
2 path.c:191 0xfb42d79 25
2 path.c:205 0xfb42da9 6
3 path.c:223 0xfb42d79 0xfb42d79 25 6
4 path.c:246 0xfb42d79 6
4 path.c:31 0xfb42da9 6
4 dynarray.c:112 0xfb42d49 16
4 dynarray.c:113 0xfb42cd9 24
4 path.c:254 0xfb42669 24
2 path.c:178 0xfb42669 24
1 dynarray.c:84 0xfb42d79 24
2 dynarray.c:95 0xfb42cd9 16
2 path.c:191 0xfb42dc9 25
2 path.c:205 0xfb42da9 6
2 path.c:205 0xfb42df9 7
3 path.c:223 0xfb42dc9 0xfb42dc9 25 13
4 path.c:246 0xfb42dc9 13
4 path.c:31 0xfb42da9 6
4 path.c:31 0xfb42df9 7
4 dynarray.c:112 0xfb42cd9 16
4 dynarray.c:113 0xfb42d79 24
4 path.c:254 0xfb42669 24
2 path.c:178 0xfb42669 24
1 dynarray.c:84 0xfb42d49 24
2 dynarray.c:95 0xfb42d79 24
2 path.c:191 0xfb42dc9 25
2 path.c:205 0xfb42df9 6
2 path.c:205 0xfb42da9 7
2 path.c:205 0xfb42e19 12
3 path.c:223 0xfb42dc9 0xfb42dc9 25 25
4 path.c:246 0xfb42dc9 25
4 path.c:31 0xfb42df9 6
4 path.c:31 0xfb42da9 7
4 path.c:31 0xfb42e19 12
4 dynarray.c:112 0xfb42d79 24
4 dynarray.c:113 0xfb42d49 24
4 path.c:254 0xfb42669 24
4 path.c:246 0xfb42719 25
4 path.c:31 0xfb42b49 6
4 path.c:31 0xfb42899 7
4 path.c:31 0xfb42979 12
4 dynarray.c:112 0xfb42d09 32
4 dynarray.c:113 0xfb425d9 24
4 path.c:254 0xfb42999 24
2 path.c:128 0xfb42999 24
1 dynarray.c:84 0xfb42cd9 24
2 dynarray.c:95 0xfb425d9 16
2 path.c:90 0xfb42979 12
2 path.c:90 0xfb42899 6
2 path.c:90 0xfb42b49 9
3 dynarray.c:69 0xfb42e39 0xfb425d9 16 32
1 path.c:143 0xfb42719 27
2 path.c:178 0xfb425d9 24
1 dynarray.c:84 0xfb42669 24
2 dynarray.c:95 0xfb42d49 16
2 path.c:191 0xfb42dc9 27
2 path.c:205 0xfb42e19 12
3 path.c:223 0xfb42dc9 0xfb42dc9 27 12
4 path.c:246 0xfb42dc9 12
4 path.c:31 0xfb42e19 12
4 dynarray.c:112 0xfb42d49 16
4 dynarray.c:113 0xfb42669 24
4 path.c:254 0xfb425d9 24
4 path.c:246 0xfb42719 27
4 path.c:31 0xfb42979 12
4 path.c:31 0xfb42899 6
4 path.c:31 0xfb42b49 9
4 dynarray.c:112 0xfb42e39 32
4 dynarray.c:113 0xfb42cd9 24
4 path.c:254 0xfb42999 24
2 path.c:128 0xfb42999 24
1 dynarray.c:84 0xfb42d79 24
2 dynarray.c:95 0xfb42cd9 16
2 path.c:90 0xfb42b49 6
2 path.c:90 0xfb42899 8
1 path.c:143 0xfb426d9 14
2 path.c:178 0xfb425d9 24
1 dynarray.c:84 0xfb42719 24
2 dynarray.c:95 0xfb42669 16
2 path.c:191 0xfb42979 14
2 path.c:205 0xfb42da9 6
3 path.c:223 0xfb42979 0xfb42979 14 6
4 path.c:246 0xfb42979 6
4 path.c:31 0xfb42da9 6
4 dynarray.c:112 0xfb42669 16
4 dynarray.c:113 0xfb42719 24
4 path.c:254 0xfb425d9 24
2 path.c:178 0xfb425d9 24
1 dynarray.c:84 0xfb42d49 24
2 dynarray.c:95 0xfb42719 16
2 path.c:191 0xfb42da9 14
2 path.c:205 0xfb42979 6
2 path.c:205 0xfb42df9 8
3 path.c:223 0xfb42da9 0xfb42da9 14 14
4 path.c:246 0xfb42da9 14
4 path.c:31 0xfb42979 6
4 path.c:31 0xfb42df9 8
4 dynarray.c:112 0xfb42719 16
4 dynarray.c:113 0xfb42d49 24
4 path.c:254 0xfb425d9 24
2 path.c:178 0xfb425d9 24
1 dynarray.c:84 0xfb42669 24
2 dynarray.c:95 0xfb42d49 16
2 path.c:191 0xfb42df9 14
2 path.c:205 0xfb42979 6
2 path.c:205 0xfb42da9 8
3 path.c:223 0xfb42df9 0xfb42df9 14 14
1 bdtBad5.c:143 0xfb42e39 32
2 path.c:178 0xfb42dc9 24
1 dynarray.c:84 0xfb42719 24
2 dynarray.c:95 0xfb42e79 16
2 path.c:191 0xfb42ea9 14
2 path.c:205 0xfb42ec9 6
2 path.c:205 0xfb42ee9 8
3 path.c:223 0xfb42ea9 0xfb42ea9 14 14
4 path.c:246 0xfb42df9 14
4 path.c:31 0xfb42979 6
4 path.c:31 0xfb42da9 8
4 dynarray.c:112 0xfb42d49 16
4 dynarray.c:113 0xfb42669 24
4 path.c:254 0xfb425d9 24
4 path.c:246 0xfb426d9 14
4 path.c:31 0xfb42b49 6
4 path.c:31 0xfb42899 8
4 dynarray.c:112 0xfb42cd9 16
4 dynarray.c:113 0xfb42d79 24
4 path.c:254 0xfb42999 24
2 path.c:128 0xfb42999 24
1 dynarray.c:84 0xfb42d49 24
2 dynarray.c:95 0xfb42d79 16
2 path.c:90 0xfb42899 6
2 path.c:90 0xfb42b49 7
1 path.c:143 0xfb42e19 13
2 path.c:178 0xfb425d9 24
1 dynarray.c:84 0xfb42cd9 24
2 dynarray.c:95 0xfb42669 16
2 path.c:191 0xfb426d9 13
2 path.c:205 0xfb42979 6
3 path.c:223 0xfb426d9 0xfb426d9 13 6
4 path.c:246 0xfb426d9 6
4 path.c:31 0xfb42979 6
4 dynarray.c:112 0xfb42669 16
4 dynarray.c:113 0xfb42cd9 24
4 path.c:254 0xfb425d9 24
2 path.c:178 0xfb425d9 24
1 dynarray.c:84 0xfb42669 24
2 dynarray.c:95 0xfb42cd9 16
2 path.c:191 0xfb42979 13
2 path.c:205 0xfb426d9 6
2 path.c:205 0xfb42df9 7
3 path.c:223 0xfb42979 0xfb42979 13 13
4 path.c:246 0xfb42979 13
4 path.c:31 0xfb426d9 6
4 path.c:31 0xfb42df9 7
4 dynarray.c:112 0xfb42cd9 16
4 dynarray.c:113 0xfb42669 24
4 path.c:254 0xfb425d9 24
2 path.c:178 0xfb425d9 24
1 dynarray.c:84 0xfb42cd9 24
2 dynarray.c:95 0xfb42669 16
2 path.c:191 0xfb42df9 13
2 path.c:205 0xfb426d9 6
2 path.c:205 0xfb42979 7
3 path.c:223 0xfb42df9 0xfb42df9 13 13
1 bdtBad5.c:143 0xfb42d09 32
2 path.c:178 0xfb42f09 24
1 dynarray.c:84 0xfb42949 24
2 dynarray.c:95 0xfb42f39 16
2 path.c:191 0xfb42f69 13
2 path.c:205 0xfb42f89 6
2 path.c:205 0xfb42fa9 7
3 path.c:223 0xfb42f69 0xfb42f69 13 13
4 path.c:246 0xfb42f69 13
4 path.c:31 0xfb42f89 6
4 path.c:31 0xfb42fa9 7
4 dynarray.c:112 0xfb42f39 16
4 dynarray.c:113 0xfb42949 24
4 path.c:254 0xfb42f09 24
4 bdtBad5.c:193 0xfb42d09 32
4 path.c:246 0xfb42e19 13
4 path.c:31 0xfb42899 6
4 path.c:31 0xfb42b49 7
4 dynarray.c:112 0xfb42d79 16
4 dynarray.c:113 0xfb42d49 24
4 path.c:254 0xfb42999 24
4 path.c:246 0xfb42df9 13
4 path.c:31 0xfb426d9 6
4 path.c:31 0xfb42979 7
4 dynarray.c:112 0xfb42669 16
4 dynarray.c:113 0xfb42cd9 24
4 path.c:254 0xfb425d9 24
2 path.c:128 0xfb425d9 24
1 dynarray.c:84 0xfb42949 24
2 dynarray.c:95 0xfb42cd9 16
2 path.c:90 0xfb42979 6
2 path.c:90 0xfb426d9 4
2 path.c:90 0xfb42df9 5
3 dynarray.c:69 0xfb42fc9 0xfb42cd9 16 32
2 path.c:90 0xfb42b49 7
1 path.c:143 0xfb42669 22
2 path.c:178 0xfb42cd9 24
1 dynarray.c:84 0xfb42999 24
2 dynarray.c:95 0xfb42d49 16
2 path.c:191 0xfb42f09 22
2 path.c:205 0xfb42899 6
3 path.c:223 0xfb42f09 0xfb42f09 22 6
4 path.c:246 0xfb42f09 6
4 path.c:31 0xfb42899 6
4 dynarray.c:112 0xfb42d49 16
4 dynarray.c:113 0xfb42999 24
4 path.c:254 0xfb42cd9 24
2 path.c:178 0xfb42cd9 24
1 dynarray.c:84 0xfb42d79 24
2 dynarray.c:95 0xfb42999 16
2 path.c:191 0xfb42f09 22
2 path.c:205 0xfb42899 6
2 path.c:205 0xfb42e19 4
3 path.c:223 0xfb42f09 0xfb42f09 22 10
4 path.c:246 0xfb42f09 10
4 path.c:31 0xfb42899 6
4 path.c:31 0xfb42e19 4
4 dynarray.c:112 0xfb42999 16
4 dynarray.c:113 0xfb42d79 24
4 path.c:254 0xfb42cd9 24
2 path.c:178 0xfb42cd9 24
1 dynarray.c:84 0xfb42d49 24
2 dynarray.c:95 0xfb42d79 16
2 path.c:191 0xfb42f09 22
2 path.c:205 0xfb42e19 6
2 path.c:205 0xfb42899 4
3 path.c:223 0xfb42f09 0xfb42f09 22 10
1 bdtBad5.c:143 0xfb42d09 32
2 path.c:178 0xfb43009 24
1 dynarray.c:84 0xfb42999 24
2 dynarray.c:95 0xfb43039 16
2 path.c:191 0xfb42fa9 10
2 path.c:205 0xfb42f89 6
2 path.c:205 0xfb42f69 4
3 path.c:223 0xfb42fa9 0xfb42fa9 10 10
4 path.c:246 0xfb42fa9 10
4 path.c:31 0xfb42f89 6
4 path.c:31 0xfb42f69 4
4 dynarray.c:112 0xfb43039 16
4 dynarray.c:113 0xfb42999 24
4 path.c:254 0xfb43009 24
4 bdtBad5.c:193 0xfb42d09 32
4 path.c:246 0xfb42669 22
4 path.c:31 0xfb42979 6
4 path.c:31 0xfb426d9 4
4 path.c:31 0xfb42df9 5
4 path.c:31 0xfb42b49 7
4 dynarray.c:112 0xfb42fc9 32
4 dynarray.c:113 0xfb42949 24
4 path.c:254 0xfb425d9 24
4 path.c:246 0xfb42f09 10
4 path.c:31 0xfb42e19 6
4 path.c:31 0xfb42899 4
4 dynarray.c:112 0xfb42d79 16
4 dynarray.c:113 0xfb42d49 24
4 path.c:254 0xfb42cd9 24
2 path.c:128 0xfb42cd9 24
1 dynarray.c:84 0xfb43039 24
2 dynarray.c:95 0xfb42d49 16
2 path.c:90 0xfb42899 6
1 path.c:143 0xfb42da9 6
2 path.c:178 0xfb42f09 24
1 dynarray.c:84 0xfb42d79 24
2 dynarray.c:95 0xfb425d9 16
2 path.c:191 0xfb42e19 6
2 path.c:205 0xfb42df9 6
3 path.c:223 0xfb42e19 0xfb42e19 6 6
4 path.c:246 0xfb42e19 6
4 path.c:31 0xfb42df9 6
4 dynarray.c:112 0xfb425d9 16
4 dynarray.c:113 0xfb42d79 24
4 path.c:254 0xfb42f09 24
4 path.c:246 0xfb42da9 6
4 path.c:31 0xfb42899 6
4 dynarray.c:112 0xfb42d49 16
4 dynarray.c:113 0xfb43039 24
4 path.c:254 0xfb42cd9 24
2 path.c:128 0xfb42cd9 24
1 dynarray.c:84 0xfb42949 24
2 dynarray.c:95 0xfb43039 16
2 path.c:90 0xfb42899 6
2 path.c:90 0xfb42da9 7
1 path.c:143 0xfb42b49 13
2 path.c:178 0xfb42f09 24
1 dynarray.c:84 0xfb42d49 24
2 dynarray.c:95 0xfb42d79 16
2 path.c:191 0xfb42df9 13
2 path.c:205 0xfb426d9 6
3 path.c:223 0xfb42df9 0xfb42df9 13 6
4 path.c:246 0xfb42df9 6
4 path.c:31 0xfb426d9 6
4 dynarray.c:112 0xfb42d79 16
4 dynarray.c:113 0xfb42d49 24
4 path.c:254 0xfb42f09 24
2 path.c:178 0xfb42f09 24
1 dynarray.c:84 0xfb425d9 24
2 dynarray.c:95 0xfb42d49 16
2 path.c:191 0xfb426d9 13
2 path.c:205 0xfb42df9 6
2 path.c:205 0xfb42979 7
3 path.c:223 0xfb426d9 0xfb426d9 13 13
4 path.c:246 0xfb426d9 13
4 path.c:31 0xfb42df9 6
4 path.c:31 0xfb42979 7
4 dynarray.c:112 0xfb42d49 16
4 dynarray.c:113 0xfb425d9 24
4 path.c:254 0xfb42f09 24
4 path.c:246 0xfb42b49 13
4 path.c:31 0xfb42899 6
4 path.c:31 0xfb42da9 7
4 dynarray.c:112 0xfb43039 16
4 dynarray.c:113 0xfb42949 24
4 path.c:254 0xfb42cd9 24
2 path.c:128 0xfb42cd9 24
1 dynarray.c:84 0xfb42d79 24
2 dynarray.c:95 0xfb42949 16
2 path.c:90 0xfb42da9 6
2 path.c:90 0xfb42899 8
1 path.c:143 0xfb42e19 14
2 path.c:178 0xfb42f09 24
1 dynarray.c:84 0xfb43039 24
2 dynarray.c:95 0xfb425d9 16
2 path.c:191 0xfb42b49 14
2 path.c:205 0xfb42df9 6
3 path.c:223 0xfb42b49 0xfb42b49 14 6
4 path.c:246 0xfb42b49 6
4 path.c:31 0xfb42df9 6
4 dynarray.c:112 0xfb425d9 16
4 dynarray.c:113 0xfb43039 24
4 path.c:254 0xfb42f09 24
2 path.c:178 0xfb42f09 24
1 dynarray.c:84 0xfb42d49 24
2 dynarray.c:95 0xfb43039 16
2 path.c:191 0xfb42df9 14
2 path.c:205 0xfb42b49 6
2 path.c:205 0xfb426d9 8
3 path.c:223 0xfb42df9 0xfb42df9 14 14
4 path.c:246 0xfb42df9 14
4 path.c:31 0xfb42b49 6
4 path.c:31 0xfb426d9 8
4 dynarray.c:112 0xfb43039 16
4 dynarray.c:113 0xfb42d49 24
4 path.c:254 0xfb42f09 24
4 path.c:246 0xfb42e19 14
4 path.c:31 0xfb42da9 6
4 path.c:31 0xfb42899 8
4 dynarray.c:112 0xfb42949 16
4 dynarray.c:113 0xfb42d79 24
4 path.c:254 0xfb42cd9 24
2 path.c:128 0xfb42cd9 24
1 dynarray.c:84 0xfb425d9 24
2 dynarray.c:95 0xfb42d79 16
2 path.c:90 0xfb42899 6
2 path.c:90 0xfb42da9 7
1 path.c:143 0xfb42979 13
2 path.c:178 0xfb42f09 24
1 dynarray.c:84 0xfb42949 24
2 dynarray.c:95 0xfb42d49 16
2 path.c:191 0xfb42e19 13
2 path.c:205 0xfb42b49 6
3 path.c:223 0xfb42e19 0xfb42e19 13 6
4 path.c:246 0xfb42e19 6
4 path.c:31 0xfb42b49 6
4 dynarray.c:112 0xfb42d49 16
4 dynarray.c:113 0xfb42949 24
4 path.c:254 0xfb42f09 24
2 path.c:178 0xfb42f09 24
1 dynarray.c:84 0xfb43039 24
2 dynarray.c:95 0xfb42949 16
2 path.c:191 0xfb42b49 13
2 path.c:205 0xfb42e19 6
2 path.c:205 0xfb42df9 7
3 path.c:223 0xfb42b49 0xfb42b49 13 13
4 path.c:246 0xfb42b49 13
4 path.c:31 0xfb42e19 6
4 path.c:31 0xfb42df9 7
4 dynarray.c:112 0xfb42949 16
4 dynarray.c:113 0xfb43039 24
4 path.c:254 0xfb42f09 24
2 path.c:128 0xfb42f09 24
1 dynarray.c:84 0xfb42d49 24
2 dynarray.c:95 0xfb43039 16
2 path.c:90 0xfb42df9 6
2 path.c:90 0xfb42e19 4
1 path.c:143 0xfb426d9 10
2 path.c:178 0xfb42669 24
1 dynarray.c:84 0xfb42949 24
2 dynarray.c:95 0xfb43009 16
2 path.c:191 0xfb42b49 10
2 path.c:205 0xfb42f89 6
3 path.c:223 0xfb42b49 0xfb42b49 10 6
4 path.c:246 0xfb42b49 6
4 path.c:31 0xfb42f89 6
4 dynarray.c:112 0xfb43009 16
4 dynarray.c:113 0xfb42949 24
4 path.c:254 0xfb42669 24
2 path.c:178 0xfb42669 24
1 dynarray.c:84 0xfb42999 24
2 dynarray.c:95 0xfb42949 16
2 path.c:191 0xfb42f89 10
2 path.c:205 0xfb42b49 6
2 path.c:205 0xfb42fa9 4
3 path.c:223 0xfb42f89 0xfb42f89 10 10
4 path.c:246 0xfb42f89 10
4 path.c:31 0xfb42b49 6
4 path.c:31 0xfb42fa9 4
4 dynarray.c:112 0xfb42949 16
4 dynarray.c:113 0xfb42999 24
4 path.c:254 0xfb42669 24
2 path.c:128 0xfb42669 24
1 dynarray.c:84 0xfb43009 24
2 dynarray.c:95 0xfb42999 16
2 path.c:90 0xfb42fa9 6
2 path.c:90 0xfb42b49 4
2 path.c:90 0xfb42f89 5
3 dynarray.c:69 0xfb43069 0xfb42999 16 32
1 path.c:143 0xfb42949 15
2 path.c:178 0xfb42999 24
1 dynarray.c:84 0xfb42f39 24
2 dynarray.c:95 0xfb430a9 16
2 path.c:191 0xfb430d9 15
2 path.c:205 0xfb43109 6
3 path.c:223 0xfb430d9 0xfb430d9 15 6
4 path.c:246 0xfb430d9 6
4 path.c:31 0xfb43109 6
4 dynarray.c:112 0xfb430a9 16
4 dynarray.c:113 0xfb42f39 24
4 path.c:254 0xfb42999 24
2 path.c:178 0xfb42999 24
1 dynarray.c:84 0xfb430a9 24
2 dynarray.c:95 0xfb42f39 16
2 path.c:191 0xfb43129 15
2 path.c:205 0xfb43109 6
2 path.c:205 0xfb43159 4
3 path.c:223 0xfb43129 0xfb43129 15 10
4 path.c:246 0xfb43129 10
4 path.c:31 0xfb43109 6
4 path.c:31 0xfb43159 4
4 dynarray.c:112 0xfb42f39 16
4 dynarray.c:113 0xfb430a9 24
4 path.c:254 0xfb42999 24
2 path.c:128 0xfb42999 24
1 dynarray.c:84 0xfb43129 24
2 dynarray.c:95 0xfb430a9 16
2 path.c:90 0xfb43159 6
2 path.c:90 0xfb43109 4
2 path.c:90 0xfb43179 5
3 dynarray.c:69 0xfb43199 0xfb430a9 16 32
2 path.c:90 0xfb431d9 7
1 path.c:143 0xfb42f39 22
2 path.c:178 0xfb430a9 24
1 dynarray.c:84 0xfb430d9 24
2 dynarray.c:95 0xfb431f9 16
2 path.c:191 0xfb43229 22
2 path.c:205 0xfb43259 6
3 path.c:223 0xfb43229 0xfb43229 22 6
4 path.c:246 0xfb43229 6
4 path.c:31 0xfb43259 6
4 dynarray.c:112 0xfb431f9 16
4 dynarray.c:113 0xfb430d9 24
4 path.c:254 0xfb430a9 24
2 path.c:178 0xfb430a9 24
1 dynarray.c:84 0xfb431f9 24
2 dynarray.c:95 0xfb430d9 16
2 path.c:191 0xfb43279 22
2 path.c:205 0xfb43259 6
2 path.c:205 0xfb432a9 4
3 path.c:223 0xfb43279 0xfb43279 22 10
4 path.c:246 0xfb43279 10
4 path.c:31 0xfb43259 6
4 path.c:31 0xfb432a9 4
4 dynarray.c:112 0xfb430d9 16
4 dynarray.c:113 0xfb431f9 24
4 path.c:254 0xfb430a9 24
1 dynarray.c:84 0xfb43279 24
2 dynarray.c:95 0xfb432c9 32
1 bdtBad5.c:662 0xfb43309 59
4 dynarray.c:112 0xfb432c9 32
4 dynarray.c:113 0xfb43279 24
4 bdt_client.c:82 0xfb43309 59
2 path.c:128 0xfb430a9 24
1 dynarray.c:84 0xfb43279 24
2 dynarray.c:95 0xfb431f9 16
2 path.c:90 0xfb432a9 6
2 path.c:90 0xfb43259 7
2 path.c:90 0xfb43359 12
3 dynarray.c:69 0xfb43379 0xfb431f9 16 32
1 path.c:143 0xfb430d9 25
2 path.c:178 0xfb431f9 24
1 dynarray.c:84 0xfb43229 24
2 dynarray.c:95 0xfb433b9 16
2 path.c:191 0xfb433e9 25
2 path.c:205 0xfb43419 6
3 path.c:223 0xfb433e9 0xfb433e9 25 6
4 path.c:246 0xfb433e9 6
4 path.c:31 0xfb43419 6
4 dynarray.c:112 0xfb433b9 16
4 dynarray.c:113 0xfb43229 24
4 path.c:254 0xfb431f9 24
2 path.c:178 0xfb431f9 24
1 dynarray.c:84 0xfb433b9 24
2 dynarray.c:95 0xfb43229 16
2 path.c:191 0xfb43439 25
2 path.c:205 0xfb43419 6
2 path.c:205 0xfb43469 7
3 path.c:223 0xfb43439 0xfb43439 25 13
4 path.c:246 0xfb43439 13
4 path.c:31 0xfb43419 6
4 path.c:31 0xfb43469 7
4 dynarray.c:112 0xfb43229 16
4 dynarray.c:113 0xfb433b9 24
4 path.c:254 0xfb431f9 24
2 path.c:178 0xfb431f9 24
1 dynarray.c:84 0xfb43439 24
2 dynarray.c:95 0xfb433b9 24
2 path.c:191 0xfb43489 25
2 path.c:205 0xfb43469 6
2 path.c:205 0xfb43419 7
2 path.c:205 0xfb434b9 12
3 path.c:223 0xfb43489 0xfb43489 25 25
4 path.c:246 0xfb43489 25
4 path.c:31 0xfb43469 6
4 path.c:31 0xfb43419 7
4 path.c:31 0xfb434b9 12
4 dynarray.c:112 0xfb433b9 24
4 dynarray.c:113 0xfb43439 24
4 path.c:254 0xfb431f9 24
4 path.c:246 0xfb430d9 25
4 path.c:31 0xfb432a9 6
4 path.c:31 0xfb43259 7
4 path.c:31 0xfb43359 12
4 dynarray.c:112 0xfb43379 32
4 dynarray.c:113 0xfb43279 24
4 path.c:254 0xfb430a9 24
2 path.c:128 0xfb430a9 24
1 dynarray.c:84 0xfb43229 24
2 dynarray.c:95 0xfb43279 16
2 path.c:90 0xfb43359 6
2 path.c:90 0xfb43259 8
2 path.c:90 0xfb432a9 12
3 dynarray.c:69 0xfb434d9 0xfb43279 16 32
1 path.c:143 0xfb430d9 26
2 path.c:178 0xfb43279 24
1 dynarray.c:84 0xfb431f9 24
2 dynarray.c:95 0xfb43439 16
2 path.c:191 0xfb43489 26
2 path.c:205 0xfb434b9 6
3 path.c:223 0xfb43489 0xfb43489 26 6
4 path.c:246 0xfb43489 6
4 path.c:31 0xfb434b9 6
4 dynarray.c:112 0xfb43439 16
4 dynarray.c:113 0xfb431f9 24
4 path.c:254 0xfb43279 24
2 path.c:178 0xfb43279 24
1 dynarray.c:84 0xfb433b9 24
2 dynarray.c:95 0xfb431f9 16
2 path.c:191 0xfb43489 26
2 path.c:205 0xfb434b9 6
2 path.c:205 0xfb43419 8
3 path.c:223 0xfb43489 0xfb43489 26 14
4 path.c:246 0xfb43489 14
4 path.c:31 0xfb434b9 6
4 path.c:31 0xfb43419 8
4 dynarray.c:112 0xfb431f9 16
4 dynarray.c:113 0xfb433b9 24
4 path.c:254 0xfb43279 24
2 path.c:178 0xfb43279 24
1 dynarray.c:84 0xfb43439 24
2 dynarray.c:95 0xfb433b9 24
2 path.c:191 0xfb43489 26
2 path.c:205 0xfb43419 6
2 path.c:205 0xfb434b9 8
2 path.c:205 0xfb43469 12
3 path.c:223 0xfb43489 0xfb43489 26 26
4 path.c:246 0xfb43489 26
4 path.c:31 0xfb43419 6
4 path.c:31 0xfb434b9 8
4 path.c:31 0xfb43469 12
4 dynarray.c:112 0xfb433b9 24
4 dynarray.c:113 0xfb43439 24
4 path.c:254 0xfb43279 24
2 path.c:128 0xfb43279 24
1 dynarray.c:84 0xfb431f9 24
2 dynarray.c:95 0xfb43439 16
2 path.c:90 0xfb43469 6
2 path.c:90 0xfb434b9 8
2 path.c:90 0xfb43419 12
3 dynarray.c:69 0xfb43519 0xfb43439 16 32
1 path.c:143 0xfb433b9 26
2 path.c:178 0xfb43439 24
1 dynarray.c:84 0xfb43489 24
2 dynarray.c:95 0xfb43559 16
2 path.c:191 0xfb43589 26
2 path.c:205 0xfb435b9 6
3 path.c:223 0xfb43589 0xfb43589 26 6
4 path.c:246 0xfb43589 6
4 path.c:31 0xfb435b9 6
4 dynarray.c:112 0xfb43559 16
4 dynarray.c:113 0xfb43489 24
4 path.c:254 0xfb43439 24
2 path.c:178 0xfb43439 24
1 dynarray.c:84 0xfb43589 24
2 dynarray.c:95 0xfb43489 16
2 path.c:191 0xfb435d9 26
2 path.c:205 0xfb435b9 6
2 path.c:205 0xfb43609 8
3 path.c:223 0xfb435d9 0xfb435d9 26 14
4 path.c:246 0xfb435d9 14
4 path.c:31 0xfb435b9 6
4 path.c:31 0xfb43609 8
4 dynarray.c:112 0xfb43489 16
4 dynarray.c:113 0xfb43589 24
4 path.c:254 0xfb43439 24
2 path.c:178 0xfb43439 24
1 dynarray.c:84 0xfb43559 24
2 dynarray.c:95 0xfb43589 24
2 path.c:191 0xfb435d9 26
2 path.c:205 0xfb43609 6
2 path.c:205 0xfb435b9 8
2 path.c:205 0xfb43629 12
3 path.c:223 0xfb435d9 0xfb435d9 26 26
4 path.c:246 0xfb435d9 26
4 path.c:31 0xfb43609 6
4 path.c:31 0xfb435b9 8
4 path.c:31 0xfb43629 12
4 dynarray.c:112 0xfb43589 24
4 dynarray.c:113 0xfb43559 24
4 path.c:254 0xfb43439 24
2 path.c:178 0xfb43439 24
1 dynarray.c:84 0xfb43489 24
2 dynarray.c:95 0xfb43559 24
2 path.c:191 0xfb435d9 26
2 path.c:205 0xfb43629 6
2 path.c:205 0xfb435b9 8
2 path.c:205 0xfb43609 12
3 path.c:223 0xfb435d9 0xfb435d9 26 26
1 bdtBad5.c:143 0xfb43379 32
2 path.c:178 0xfb43649 24
1 dynarray.c:84 0xfb43589 24
2 dynarray.c:95 0xfb43679 24
2 path.c:191 0xfb436a9 26
2 path.c:205 0xfb436d9 6
2 path.c:205 0xfb436f9 8
2 path.c:205 0xfb43719 12
3 path.c:223 0xfb436a9 0xfb436a9 26 26
4 path.c:246 0xfb435d9 26
4 path.c:31 0xfb43629 6
4 path.c:31 0xfb435b9 8
4 path.c:31 0xfb43609 12
4 dynarray.c:112 0xfb43559 24
4 dynarray.c:113 0xfb43489 24
4 path.c:254 0xfb43439 24
4 path.c:246 0xfb433b9 26
4 path.c:31 0xfb43469 6
4 path.c:31 0xfb434b9 8
4 path.c:31 0xfb43419 12
4 dynarray.c:112 0xfb43519 32
4 dynarray.c:113 0xfb431f9 24
4 path.c:254 0xfb43279 24
2 path.c:128 0xfb43279 24
1 dynarray.c:84 0xfb435d9 24
2 dynarray.c:95 0xfb431f9 16
2 path.c:90 0xfb43419 6
2 path.c:90 0xfb434b9 7
2 path.c:90 0xfb43469 12
3 dynarray.c:69 0xfb43739 0xfb431f9 16 32
1 path.c:143 0xfb433b9 25
2 path.c:178 0xfb431f9 24
1 dynarray.c:84 0xfb43439 24
2 dynarray.c:95 0xfb43489 16
2 path.c:191 0xfb43779 25
2 path.c:205 0xfb43609 6
3 path.c:223 0xfb43779 0xfb43779 25 6
4 path.c:246 0xfb43779 6
4 path.c:31 0xfb43609 6
4 dynarray.c:112 0xfb43489 16
4 dynarray.c:113 0xfb43439 24
4 path.c:254 0xfb431f9 24
2 path.c:178 0xfb431f9 24
1 dynarray.c:84 0xfb43559 24
2 dynarray.c:95 0xfb43439 16
2 path.c:191 0xfb43779 25
2 path.c:205 0xfb43609 6
2 path.c:205 0xfb435b9 7
3 path.c:223 0xfb43779 0xfb43779 25 13
4 path.c:246 0xfb43779 13
4 path.c:31 0xfb43609 6
4 path.c:31 0xfb435b9 7
4 dynarray.c:112 0xfb43439 16
4 dynarray.c:113 0xfb43559 24
4 path.c:254 0xfb431f9 24
2 path.c:178 0xfb431f9 24
1 dynarray.c:84 0xfb43489 24
2 dynarray.c:95 0xfb43559 24
2 path.c:191 0xfb43779 25
2 path.c:205 0xfb435b9 6
2 path.c:205 0xfb43609 7
2 path.c:205 0xfb43629 12
3 path.c:223 0xfb43779 0xfb43779 25 25
4 path.c:246 0xfb43779 25
4 path.c:31 0xfb435b9 6
4 path.c:31 0xfb43609 7
4 path.c:31 0xfb43629 12
4 dynarray.c:112 0xfb43559 24
4 dynarray.c:113 0xfb43489 24
4 path.c:254 0xfb431f9 24
4 path.c:246 0xfb433b9 25
4 path.c:31 0xfb43419 6
4 path.c:31 0xfb434b9 7
4 path.c:31 0xfb43469 12
4 dynarray.c:112 0xfb43739 32
4 dynarray.c:113 0xfb435d9 24
4 path.c:254 0xfb43279 24
2 path.c:128 0xfb43279 24
1 dynarray.c:84 0xfb43439 24
2 dynarray.c:95 0xfb435d9 16
2 path.c:90 0xfb43469 6
2 path.c:90 0xfb434b9 8
2 path.c:90 0xfb43419 12
3 dynarray.c:69 0xfb437a9 0xfb435d9 16 32
1 path.c:143 0xfb433b9 26
2 path.c:178 0xfb435d9 24
1 dynarray.c:84 0xfb431f9 24
2 dynarray.c:95 0xfb43489 16
2 path.c:191 0xfb43779 26
2 path.c:205 0xfb43629 6
3 path.c:223 0xfb43779 0xfb43779 26 6
4 path.c:246 0xfb43779 6
4 path.c:31 0xfb43629 6
4 dynarray.c:112 0xfb43489 16
4 dynarray.c:113 0xfb431f9 24
4 path.c:254 0xfb435d9 24
2 path.c:178 0xfb435d9 24
1 dynarray.c:84 0xfb43559 24
2 dynarray.c:95 0xfb431f9 16
2 path.c:191 0xfb43779 26
2 path.c:205 0xfb43629 6
2 path.c:205 0xfb43609 8
3 path.c:223 0xfb43779 0xfb43779 26 14
4 path.c:246 0xfb43779 14
4 path.c:31 0xfb43629 6
4 path.c:31 0xfb43609 8
4 dynarray.c:112 0xfb431f9 16
4 dynarray.c:113 0xfb43559 24
4 path.c:254 0xfb435d9 24
2 path.c:178 0xfb435d9 24
1 dynarray.c:84 0xfb43489 24
2 dynarray.c:95 0xfb43559 24
2 path.c:191 0xfb43779 26
2 path.c:205 0xfb43609 6
2 path.c:205 0xfb43629 8
2 path.c:205 0xfb435b9 12
3 path.c:223 0xfb43779 0xfb43779 26 26
4 path.c:246 0xfb43779 26
4 path.c:31 0xfb43609 6
4 path.c:31 0xfb43629 8
4 path.c:31 0xfb435b9 12
4 dynarray.c:112 0xfb43559 24
4 dynarray.c:113 0xfb43489 24
4 path.c:254 0xfb435d9 24
4 path.c:246 0xfb433b9 26
4 path.c:31 0xfb43469 6
4 path.c:31 0xfb434b9 8
4 path.c:31 0xfb43419 12
4 dynarray.c:112 0xfb437a9 32
4 dynarray.c:113 0xfb43439 24
4 path.c:254 0xfb43279 24
2 path.c:128 0xfb43279 24
1 dynarray.c:84 0xfb431f9 24
2 dynarray.c:95 0xfb43439 16
2 path.c:90 0xfb43419 6
2 path.c:90 0xfb434b9 8
2 path.c:90 0xfb43469 12
3 dynarray.c:69 0xfb437a9 0xfb43439 16 32
1 path.c:143 0xfb433b9 26
2 path.c:178 0xfb43439 24
1 dynarray.c:84 0xfb435d9 24
2 dynarray.c:95 0xfb43489 16
2 path.c:191 0xfb43779 26
2 path.c:205 0xfb435b9 6
3 path.c:223 0xfb43779 0xfb43779 26 6
4 path.c:246 0xfb43779 6
4 path.c:31 0xfb435b9 6
4 dynarray.c:112 0xfb43489 16
4 dynarray.c:113 0xfb435d9 24
4 path.c:254 0xfb43439 24
2 path.c:178 0xfb43439 24
1 dynarray.c:84 0xfb43559 24
2 dynarray.c:95 0xfb435d9 16
2 path.c:191 0xfb43779 26
2 path.c:205 0xfb435b9 6
2 path.c:205 0xfb43629 8
3 path.c:223 0xfb43779 0xfb43779 26 14
4 path.c:246 0xfb43779 14
4 path.c:31 0xfb435b9 6
4 path.c:31 0xfb43629 8
4 dynarray.c:112 0xfb435d9 16
4 dynarray.c:113 0xfb43559 24
4 path.c:254 0xfb43439 24
2 path.c:178 0xfb43439 24
1 dynarray.c:84 0xfb43489 24
2 dynarray.c:95 0xfb43559 24
2 path.c:191 0xfb43779 26
2 path.c:205 0xfb43629 6
2 path.c:205 0xfb435b9 8
2 path.c:205 0xfb43609 12
3 path.c:223 0xfb43779 0xfb43779 26 26
4 path.c:246 0xfb43779 26
4 path.c:31 0xfb43629 6
4 path.c:31 0xfb435b9 8
4 path.c:31 0xfb43609 12
4 dynarray.c:112 0xfb43559 24
4 dynarray.c:113 0xfb43489 24
4 path.c:254 0xfb43439 24
4 path.c:246 0xfb433b9 26
4 path.c:31 0xfb43419 6
4 path.c:31 0xfb434b9 8
4 path.c:31 0xfb43469 12
4 dynarray.c:112 0xfb437a9 32
4 dynarray.c:113 0xfb431f9 24
4 path.c:254 0xfb43279 24
2 path.c:128 0xfb43279 24
1 dynarray.c:84 0xfb435d9 24
2 dynarray.c:95 0xfb431f9 16
2 path.c:90 0xfb43469 6
2 path.c:90 0xfb434b9 8
2 path.c:90 0xfb43419 12
3 dynarray.c:69 0xfb437a9 0xfb431f9 16 32
2 path.c:90 0xfb43609 6
1 path.c:143 0xfb43739 32
2 path.c:178 0xfb431f9 24
1 dynarray.c:84 0xfb433b9 24
2 dynarray.c:95 0xfb43439 16
2 path.c:191 0xfb437e9 32
2 path.c:205 0xfb435b9 6
3 path.c:223 0xfb437e9 0xfb437e9 32 6
4 path.c:246 0xfb437e9 6
4 path.c:31 0xfb435b9 6
4 dynarray.c:112 0xfb43439 16
4 dynarray.c:113 0xfb433b9 24
4 path.c:254 0xfb431f9 24
2 path.c:178 0xfb431f9 24
1 dynarray.c:84 0xfb43489 24
2 dynarray.c:95 0xfb433b9 16
2 path.c:191 0xfb43829 32
2 path.c:205 0xfb435b9 6
2 path.c:205 0xfb437e9 8
3 path.c:223 0xfb43829 0xfb43829 32 14
4 path.c:246 0xfb43829 14
4 path.c:31 0xfb435b9 6
4 path.c:31 0xfb437e9 8
4 dynarray.c:112 0xfb433b9 16
4 dynarray.c:113 0xfb43489 24
4 path.c:254 0xfb431f9 24
2 path.c:178 0xfb431f9 24
1 dynarray.c:84 0xfb43439 24
2 dynarray.c:95 0xfb43489 24
2 path.c:191 0xfb43869 32
2 path.c:205 0xfb437e9 6
2 path.c:205 0xfb435b9 8
2 path.c:205 0xfb43829 12
3 path.c:223 0xfb43869 0xfb43869 32 26
4 path.c:246 0xfb43869 26
4 path.c:31 0xfb437e9 6
4 path.c:31 0xfb435b9 8
4 path.c:31 0xfb43829 12
4 dynarray.c:112 0xfb43489 24
4 dynarray.c:113 0xfb43439 24
4 path.c:254 0xfb431f9 24
2 path.c:178 0xfb431f9 24
1 dynarray.c:84 0xfb433b9 24
2 dynarray.c:95 0xfb438a9 32
2 path.c:191 0xfb438e9 32
2 path.c:205 0xfb43829 6
2 path.c:205 0xfb435b9 8
2 path.c:205 0xfb437e9 12
2 path.c:205 0xfb43849 6
3 path.c:223 0xfb438e9 0xfb438e9 32 32
4 path.c:246 0xfb438e9 32
4 path.c:31 0xfb43829 6
4 path.c:31 0xfb435b9 8
4 path.c:31 0xfb437e9 12
4 path.c:31 0xfb43849 6
4 dynarray.c:112 0xfb438a9 32
4 dynarray.c:113 0xfb433b9 24
4 path.c:254 0xfb431f9 24
2 path.c:178 0xfb431f9 24
1 dynarray.c:84 0xfb433b9 24
2 dynarray.c:95 0xfb438a9 32
2 path.c:191 0xfb438e9 32
2 path.c:205 0xfb43849 6
2 path.c:205 0xfb437e9 8
2 path.c:205 0xfb435b9 12
2 path.c:205 0xfb43829 6
3 path.c:223 0xfb438e9 0xfb438e9 32 32
1 bdtBad5.c:143 0xfb43869 32
2 path.c:178 0xfb43439 24
1 dynarray.c:84 0xfb43489 24
2 dynarray.c:95 0xfb43929 32
2 path.c:191 0xfb43969 32
2 path.c:205 0xfb43809 6
2 path.c:205 0xfb43629 8
2 path.c:205 0xfb439a9 12
2 path.c:205 0xfb439c9 6
3 path.c:223 0xfb43969 0xfb43969 32 32
4 path.c:246 0xfb438e9 32
4 path.c:31 0xfb43849 6
4 path.c:31 0xfb437e9 8
4 path.c:31 0xfb435b9 12
4 path.c:31 0xfb43829 6
4 dynarray.c:112 0xfb438a9 32
4 dynarray.c:113 0xfb433b9 24
4 path.c:254 0xfb431f9 24
4 path.c:246 0xfb43739 32
4 path.c:31 0xfb43469 6
4 path.c:31 0xfb434b9 8
4 path.c:31 0xfb43419 12
4 path.c:31 0xfb43609 6
4 dynarray.c:112 0xfb437a9 32
4 dynarray.c:113 0xfb435d9 24
4 path.c:254 0xfb43279 24
2 path.c:128 0xfb43279 24
1 dynarray.c:84 0xfb433b9 24
2 dynarray.c:95 0xfb435d9 16
2 path.c:90 0xfb43609 6
2 path.c:90 0xfb43419 8
2 path.c:90 0xfb434b9 12
3 dynarray.c:69 0xfb437a9 0xfb435d9 16 32
2 path.c:90 0xfb43469 6
1 path.c:143 0xfb438e9 32
2 path.c:178 0xfb435d9 24
1 dynarray.c:84 0xfb431f9 24
2 dynarray.c:95 0xfb43559 16
2 path.c:191 0xfb43739 32
2 path.c:205 0xfb43829 6
3 path.c:223 0xfb43739 0xfb43739 32 6
4 path.c:246 0xfb43739 6
4 path.c:31 0xfb43829 6
4 dynarray.c:112 0xfb43559 16
4 dynarray.c:113 0xfb431f9 24
4 path.c:254 0xfb435d9 24
2 path.c:178 0xfb435d9 24
1 dynarray.c:84 0xfb43779 24
2 dynarray.c:95 0xfb431f9 16
2 path.c:191 0xfb439e9 32
2 path.c:205 0xfb43829 6
2 path.c:205 0xfb43739 8
3 path.c:223 0xfb439e9 0xfb439e9 32 14
4 path.c:246 0xfb439e9 14
4 path.c:31 0xfb43829 6
4 path.c:31 0xfb43739 8
4 dynarray.c:112 0xfb431f9 16
4 dynarray.c:113 0xfb43779 24
4 path.c:254 0xfb435d9 24
2 path.c:178 0xfb435d9 24
1 dynarray.c:84 0xfb43559 24
2 dynarray.c:95 0xfb43779 24
2 path.c:191 0xfb43a29 32
2 path.c:205 0xfb43739 6
2 path.c:205 0xfb43829 8
2 path.c:205 0xfb439e9 12
3 path.c:223 0xfb43a29 0xfb43a29 32 26
4 path.c:246 0xfb43a29 26
4 path.c:31 0xfb43739 6
4 path.c:31 0xfb43829 8
4 path.c:31 0xfb439e9 12
4 dynarray.c:112 0xfb43779 24
4 dynarray.c:113 0xfb43559 24
4 path.c:254 0xfb435d9 24
2 path.c:178 0xfb435d9 24
1 dynarray.c:84 0xfb431f9 24
2 dynarray.c:95 0xfb43a29 32
2 path.c:191 0xfb43a69 32
2 path.c:205 0xfb439e9 6
2 path.c:205 0xfb43829 8
2 path.c:205 0xfb43739 12
2 path.c:205 0xfb43a09 6
3 path.c:223 0xfb43a69 0xfb43a69 32 32
4 path.c:246 0xfb43a69 32
4 path.c:31 0xfb439e9 6
4 path.c:31 0xfb43829 8
4 path.c:31 0xfb43739 12
4 path.c:31 0xfb43a09 6
4 dynarray.c:112 0xfb43a29 32
4 dynarray.c:113 0xfb431f9 24
4 path.c:254 0xfb435d9 24
4 path.c:246 0xfb438e9 32
4 path.c:31 0xfb43609 6
4 path.c:31 0xfb43419 8
4 path.c:31 0xfb434b9 12
4 path.c:31 0xfb43469 6
4 dynarray.c:112 0xfb437a9 32
4 dynarray.c:113 0xfb433b9 24
4 path.c:254 0xfb43279 24
1 dynarray.c:84 0xfb431f9 24
2 dynarray.c:95 0xfb43aa9 48
1 bdtBad5.c:662 0xfb43af9 117
4 dynarray.c:112 0xfb43aa9 48
4 dynarray.c:113 0xfb431f9 24
4 bdt_client.c:96 0xfb43af9 117
2 path.c:128 0xfb43279 24
1 dynarray.c:84 0xfb431f9 24
2 dynarray.c:95 0xfb433b9 16
2 path.c:90 0xfb43469 6
2 path.c:90 0xfb434b9 8
2 path.c:90 0xfb43419 12
3 dynarray.c:69 0xfb437a9 0xfb433b9 16 32
2 path.c:90 0xfb43609 6
1 path.c:143 0xfb438a9 32
2 path.c:178 0xfb433b9 24
1 dynarray.c:84 0xfb435d9 24
2 dynarray.c:95 0xfb43559 16
2 path.c:191 0xfb438e9 32
2 path.c:205 0xfb43a09 6
3 path.c:223 0xfb438e9 0xfb438e9 32 6
4 path.c:246 0xfb438e9 6
4 path.c:31 0xfb43a09 6
4 dynarray.c:112 0xfb43559 16
4 dynarray.c:113 0xfb435d9 24
4 path.c:254 0xfb433b9 24
2 path.c:178 0xfb433b9 24
1 dynarray.c:84 0xfb43779 24
2 dynarray.c:95 0xfb435d9 16
2 path.c:191 0xfb43a69 32
2 path.c:205 0xfb43a09 6
2 path.c:205 0xfb438e9 8
3 path.c:223 0xfb43a69 0xfb43a69 32 14
4 path.c:246 0xfb43a69 14
4 path.c:31 0xfb43a09 6
4 path.c:31 0xfb438e9 8
4 dynarray.c:112 0xfb435d9 16
4 dynarray.c:113 0xfb43779 24
4 path.c:254 0xfb433b9 24
2 path.c:178 0xfb433b9 24
1 dynarray.c:84 0xfb43559 24
2 dynarray.c:95 0xfb43779 24
2 path.c:191 0xfb43b89 32
2 path.c:205 0xfb438e9 6
2 path.c:205 0xfb43a09 8
2 path.c:205 0xfb43a69 12
3 path.c:223 0xfb43b89 0xfb43b89 32 26
4 path.c:246 0xfb43b89 26
4 path.c:31 0xfb438e9 6
4 path.c:31 0xfb43a09 8
4 path.c:31 0xfb43a69 12
4 dynarray.c:112 0xfb43779 24
4 dynarray.c:113 0xfb43559 24
4 path.c:254 0xfb433b9 24
2 path.c:178 0xfb433b9 24
1 dynarray.c:84 0xfb435d9 24
2 dynarray.c:95 0xfb43b89 32
2 path.c:191 0xfb43bc9 32
2 path.c:205 0xfb43a69 6
2 path.c:205 0xfb43a09 8
2 path.c:205 0xfb438e9 12
2 path.c:205 0xfb43a89 6
3 path.c:223 0xfb43bc9 0xfb43bc9 32 32
4 path.c:246 0xfb43bc9 32
4 path.c:31 0xfb43a69 6
4 path.c:31 0xfb43a09 8
4 path.c:31 0xfb438e9 12
4 path.c:31 0xfb43a89 6
4 dynarray.c:112 0xfb43b89 32
4 dynarray.c:113 0xfb435d9 24
4 path.c:254 0xfb433b9 24
4 path.c:246 0xfb438a9 32
4 path.c:31 0xfb43469 6
4 path.c:31 0xfb434b9 8
4 path.c:31 0xfb43419 12
4 path.c:31 0xfb43609 6
4 dynarray.c:112 0xfb437a9 32
4 dynarray.c:113 0xfb431f9 24
4 path.c:254 0xfb43279 24
2 path.c:128 0xfb43279 24
1 dynarray.c:84 0xfb435d9 24
2 dynarray.c:95 0xfb431f9 16
2 path.c:90 0xfb43609 6
2 path.c:90 0xfb43419 8
2 path.c:90 0xfb434b9 8
3 dynarray.c:69 0xfb437a9 0xfb431f9 16 32
1 path.c:143 0xfb433b9 22
2 path.c:178 0xfb431f9 24
1 dynarray.c:84 0xfb43559 24
2 dynarray.c:95 0xfb43779 16
2 path.c:191 0xfb43c09 22
2 path.c:205 0xfb43469 6
3 path.c:223 0xfb43c09 0xfb43c09 22 6
4 path.c:246 0xfb43c09 6
4 path.c:31 0xfb43469 6
4 dynarray.c:112 0xfb43779 16
4 dynarray.c:113 0xfb43559 24
4 path.c:254 0xfb431f9 24
2 path.c:178 0xfb431f9 24
1 dynarray.c:84 0xfb43c09 24
2 dynarray.c:95 0xfb43559 16
2 path.c:191 0xfb43c39 22
2 path.c:205 0xfb43469 6
2 path.c:205 0xfb43a89 8
3 path.c:223 0xfb43c39 0xfb43c39 22 14
4 path.c:246 0xfb43c39 14
4 path.c:31 0xfb43469 6
4 path.c:31 0xfb43a89 8
4 dynarray.c:112 0xfb43559 16
4 dynarray.c:113 0xfb43c09 24
4 path.c:254 0xfb431f9 24
2 path.c:178 0xfb431f9 24
1 dynarray.c:84 0xfb43779 24
2 dynarray.c:95 0xfb43c09 24
2 path.c:191 0xfb43c39 22
2 path.c:205 0xfb43a89 6
2 path.c:205 0xfb43469 8
2 path.c:205 0xfb438e9 8
3 path.c:223 0xfb43c39 0xfb43c39 22 22
4 path.c:246 0xfb43c39 22
4 path.c:31 0xfb43a89 6
4 path.c:31 0xfb43469 8
4 path.c:31 0xfb438e9 8
4 dynarray.c:112 0xfb43c09 24
4 dynarray.c:113 0xfb43779 24
4 path.c:254 0xfb431f9 24
2 path.c:128 0xfb431f9 24
1 dynarray.c:84 0xfb43559 24
2 dynarray.c:95 0xfb43779 16
2 path.c:90 0xfb438e9 6
2 path.c:90 0xfb43469 8
2 path.c:90 0xfb43a89 8
3 dynarray.c:69 0xfb438a9 0xfb43779 16 32
1 path.c:143 0xfb43c09 22
2 path.c:178 0xfb43779 24
1 dynarray.c:84 0xfb43c39 24
2 dynarray.c:95 0xfb43c69 16
2 path.c:191 0xfb43c99 22
2 path.c:205 0xfb43a09 6
3 path.c:223 0xfb43c99 0xfb43c99 22 6
4 path.c:246 0xfb43c99 6
4 path.c:31 0xfb43a09 6
4 dynarray.c:112 0xfb43c69 16
4 dynarray.c:113 0xfb43c39 24
4 path.c:254 0xfb43779 24
2 path.c:178 0xfb43779 24
1 dynarray.c:84 0xfb43c99 24
2 dynarray.c:95 0xfb43c39 16
2 path.c:191 0xfb43cc9 22
2 path.c:205 0xfb43a09 6
2 path.c:205 0xfb43a69 8
3 path.c:223 0xfb43cc9 0xfb43cc9 22 14
4 path.c:246 0xfb43cc9 14
4 path.c:31 0xfb43a09 6
4 path.c:31 0xfb43a69 8
4 dynarray.c:112 0xfb43c39 16
4 dynarray.c:113 0xfb43c99 24
4 path.c:254 0xfb43779 24
2 path.c:178 0xfb43779 24
1 dynarray.c:84 0xfb43c69 24
2 dynarray.c:95 0xfb43c99 24
2 path.c:191 0xfb43cc9 22
2 path.c:205 0xfb43a69 6
2 path.c:205 0xfb43a09 8
2 path.c:205 0xfb43909 8
3 path.c:223 0xfb43cc9 0xfb43cc9 22 22
4 path.c:246 0xfb43cc9 22
4 path.c:31 0xfb43a69 6
4 path.c:31 0xfb43a09 8
4 path.c:31 0xfb43909 8
4 dynarray.c:112 0xfb43c99 24
4 dynarray.c:113 0xfb43c69 24
4 path.c:254 0xfb43779 24
2 path.c:128 0xfb43779 24
1 dynarray.c:84 0xfb43c39 24
2 dynarray.c:95 0xfb43c69 16
2 path.c:90 0xfb43909 6
2 path.c:90 0xfb43a09 8
2 path.c:90 0xfb43a69 8
3 dynarray.c:69 0xfb43b89 0xfb43c69 16 32
1 path.c:143 0xfb43c99 22
2 path.c:178 0xfb43c69 24
1 dynarray.c:84 0xfb43cc9 24
2 dynarray.c:95 0xfb43cf9 16
2 path.c:191 0xfb43d29 22
2 path.c:205 0xfb43739 6
3 path.c:223 0xfb43d29 0xfb43d29 22 6
4 path.c:246 0xfb43d29 6
4 path.c:31 0xfb43739 6
4 dynarray.c:112 0xfb43cf9 16
4 dynarray.c:113 0xfb43cc9 24
4 path.c:254 0xfb43c69 24
2 path.c:178 0xfb43c69 24
1 dynarray.c:84 0xfb43d29 24
2 dynarray.c:95 0xfb43cc9 16
2 path.c:191 0xfb43d59 22
2 path.c:205 0xfb43739 6
2 path.c:205 0xfb43829 8
3 path.c:223 0xfb43d59 0xfb43d59 22 14
4 path.c:246 0xfb43d59 14
4 path.c:31 0xfb43739 6
4 path.c:31 0xfb43829 8
4 dynarray.c:112 0xfb43cc9 16
4 dynarray.c:113 0xfb43d29 24
4 path.c:254 0xfb43c69 24
2 path.c:178 0xfb43c69 24
1 dynarray.c:84 0xfb43cf9 24
2 dynarray.c:95 0xfb43d29 24
2 path.c:191 0xfb43d59 22
2 path.c:205 0xfb43829 6
2 path.c:205 0xfb43739 8
2 path.c:205 0xfb439e9 8
3 path.c:223 0xfb43d59 0xfb43d59 22 22
4 path.c:246 0xfb43d59 22
4 path.c:31 0xfb43829 6
4 path.c:31 0xfb43739 8
4 path.c:31 0xfb439e9 8
4 dynarray.c:112 0xfb43d29 24
4 dynarray.c:113 0xfb43cf9 24
4 path.c:254 0xfb43c69 24
2 path.c:128 0xfb43c69 24
1 dynarray.c:84 0xfb43cc9 24
2 dynarray.c:95 0xfb43cf9 16
2 path.c:90 0xfb439e9 6
2 path.c:90 0xfb43739 8
1 path.c:143 0xfb42f69 14
2 path.c:178 0xfb43d59 24
1 dynarray.c:84 0xfb43d29 24
2 dynarray.c:95 0xfb43d89 16
2 path.c:191 0xfb43829 14
2 path.c:205 0xfb435b9 6
3 path.c:223 0xfb43829 0xfb43829 14 6
4 path.c:246 0xfb43829 6
4 path.c:31 0xfb435b9 6
4 dynarray.c:112 0xfb43d89 16
4 dynarray.c:113 0xfb43d29 24
4 path.c:254 0xfb43d59 24
2 path.c:178 0xfb43d59 24
1 dynarray.c:84 0xfb43d89 24
2 dynarray.c:95 0xfb43d29 16
2 path.c:191 0xfb435b9 14
2 path.c:205 0xfb43829 6
2 path.c:205 0xfb437e9 8
3 path.c:223 0xfb435b9 0xfb435b9 14 14
4 path.c:246 0xfb435b9 14
4 path.c:31 0xfb43829 6
4 path.c:31 0xfb437e9 8
4 dynarray.c:112 0xfb43d29 16
4 dynarray.c:113 0xfb43d89 24
4 path.c:254 0xfb43d59 24
4 path.c:246 0xfb42f69 14
4 path.c:31 0xfb439e9 6
4 path.c:31 0xfb43739 8
4 dynarray.c:112 0xfb43cf9 16
4 dynarray.c:113 0xfb43cc9 24
4 path.c:254 0xfb43c69 24
4 path.c:246 0xfb43969 32
4 path.c:31 0xfb43809 6
4 path.c:31 0xfb43629 8
4 path.c:31 0xfb439a9 12
4 path.c:31 0xfb439c9 6
4 dynarray.c:112 0xfb43929 32
4 dynarray.c:113 0xfb43489 24
4 path.c:254 0xfb43439 24
4 bdtBad5.c:263 0xfb43869 32
4 path.c:246 0xfb436a9 26
4 path.c:31 0xfb436d9 6
4 path.c:31 0xfb436f9 8
4 path.c:31 0xfb43719 12
4 dynarray.c:112 0xfb43679 24
4 dynarray.c:113 0xfb43589 24
4 path.c:254 0xfb43649 24
4 bdtBad5.c:263 0xfb43379 32
4 path.c:246 0xfb42ea9 14
4 path.c:31 0xfb42ec9 6
4 path.c:31 0xfb42ee9 8
4 dynarray.c:112 0xfb42e79 16
4 dynarray.c:113 0xfb42719 24
4 path.c:254 0xfb42dc9 24
4 bdtBad5.c:263 0xfb42e39 32
2 path.c:128 0xfb42dc9 24
1 dynarray.c:84 0xfb43d29 24
2 dynarray.c:95 0xfb42719 16
2 path.c:90 0xfb42ee9 6
1 path.c:143 0xfb43759 6
2 path.c:178 0xfb43649 24
1 dynarray.c:84 0xfb42e79 24
2 dynarray.c:95 0xfb43589 16
2 path.c:191 0xfb42ec9 6
2 path.c:205 0xfb43719 6
3 path.c:223 0xfb42ec9 0xfb42ec9 6 6
4 path.c:246 0xfb42ec9 6
4 path.c:31 0xfb43719 6
4 dynarray.c:112 0xfb43589 16
4 dynarray.c:113 0xfb42e79 24
4 path.c:254 0xfb43649 24
4 path.c:246 0xfb43759 6
4 path.c:31 0xfb42ee9 6
4 dynarray.c:112 0xfb42719 16
4 dynarray.c:113 0xfb43d29 24
4 path.c:254 0xfb42dc9 24
2 path.c:128 0xfb42dc9 24
1 dynarray.c:84 0xfb43679 24
2 dynarray.c:95 0xfb43d29 16
2 path.c:90 0xfb42ee9 6
2 path.c:90 0xfb43759 7
1 path.c:143 0xfb42ea9 13
2 path.c:178 0xfb43649 24
1 dynarray.c:84 0xfb42719 24
2 dynarray.c:95 0xfb42e79 16
2 path.c:191 0xfb43719 13
2 path.c:205 0xfb436f9 6
3 path.c:223 0xfb43719 0xfb43719 13 6
4 path.c:246 0xfb43719 6
4 path.c:31 0xfb436f9 6
4 dynarray.c:112 0xfb42e79 16
4 dynarray.c:113 0xfb42719 24
4 path.c:254 0xfb43649 24
2 path.c:178 0xfb43649 24
1 dynarray.c:84 0xfb43589 24
2 dynarray.c:95 0xfb42719 16
2 path.c:191 0xfb436f9 13
2 path.c:205 0xfb43719 6
2 path.c:205 0xfb436d9 7
3 path.c:223 0xfb436f9 0xfb436f9 13 13
4 path.c:246 0xfb436f9 13
4 path.c:31 0xfb43719 6
4 path.c:31 0xfb436d9 7
4 dynarray.c:112 0xfb42719 16
4 dynarray.c:113 0xfb43589 24
4 path.c:254 0xfb43649 24
4 path.c:246 0xfb42ea9 13
4 path.c:31 0xfb42ee9 6
4 path.c:31 0xfb43759 7
4 dynarray.c:112 0xfb43d29 16
4 dynarray.c:113 0xfb43679 24
4 path.c:254 0xfb42dc9 24
2 path.c:128 0xfb42dc9 24
1 dynarray.c:84 0xfb42e79 24
2 dynarray.c:95 0xfb43679 16
2 path.c:90 0xfb43759 6
2 path.c:90 0xfb42ee9 8
1 path.c:143 0xfb42ec9 14
2 path.c:178 0xfb43649 24
1 dynarray.c:84 0xfb43d29 24
2 dynarray.c:95 0xfb43589 16
2 path.c:191 0xfb42ea9 14
2 path.c:205 0xfb43719 6
3 path.c:223 0xfb42ea9 0xfb42ea9 14 6
4 path.c:246 0xfb42ea9 6
4 path.c:31 0xfb43719 6
4 dynarray.c:112 0xfb43589 16
4 dynarray.c:113 0xfb43d29 24
4 path.c:254 0xfb43649 24
2 path.c:178 0xfb43649 24
1 dynarray.c:84 0xfb42719 24
2 dynarray.c:95 0xfb43d29 16
2 path.c:191 0xfb43719 14
2 path.c:205 0xfb42ea9 6
2 path.c:205 0xfb436f9 8
3 path.c:223 0xfb43719 0xfb43719 14 14
4 path.c:246 0xfb43719 14
4 path.c:31 0xfb42ea9 6
4 path.c:31 0xfb436f9 8
4 dynarray.c:112 0xfb43d29 16
4 dynarray.c:113 0xfb42719 24
4 path.c:254 0xfb43649 24
2 path.c:128 0xfb43649 24
1 dynarray.c:84 0xfb43589 24
2 dynarray.c:95 0xfb42719 16
2 path.c:90 0xfb436f9 6
2 path.c:90 0xfb42ea9 8
2 path.c:90 0xfb43719 12
3 dynarray.c:69 0xfb42e39 0xfb42719 16 32
1 path.c:143 0xfb43d29 26
2 path.c:178 0xfb42719 24
1 dynarray.c:84 0xfb436a9 24
2 dynarray.c:95 0xfb43439 16
2 path.c:191 0xfb43c69 26
2 path.c:205 0xfb439c9 6
3 path.c:223 0xfb43c69 0xfb43c69 26 6
4 path.c:246 0xfb43c69 6
4 path.c:31 0xfb439c9 6
4 dynarray.c:112 0xfb43439 16
4 dynarray.c:113 0xfb436a9 24
4 path.c:254 0xfb42719 24
2 path.c:178 0xfb42719 24
1 dynarray.c:84 0xfb43489 24
2 dynarray.c:95 0xfb436a9 16
2 path.c:191 0xfb43c69 26
2 path.c:205 0xfb439c9 6
2 path.c:205 0xfb439a9 8
3 path.c:223 0xfb43c69 0xfb43c69 26 14
4 path.c:246 0xfb43c69 14
4 path.c:31 0xfb439c9 6
4 path.c:31 0xfb439a9 8
4 dynarray.c:112 0xfb436a9 16
4 dynarray.c:113 0xfb43489 24
4 path.c:254 0xfb42719 24
2 path.c:128 0xfb42719 24
1 dynarray.c:84 0xfb43439 24
2 dynarray.c:95 0xfb43489 16
2 path.c:90 0xfb439a9 6
2 path.c:90 0xfb439c9 8
2 path.c:90 0xfb43629 12
3 dynarray.c:69 0xfb43379 0xfb43489 16 32
2 path.c:90 0xfb43809 6
1 path.c:143 0xfb43a29 32
2 path.c:178 0xfb43489 24
1 dynarray.c:84 0xfb436a9 24
2 dynarray.c:95 0xfb43c69 16
2 path.c:191 0xfb43869 32
2 path.c:205 0xfb43739 6
3 path.c:223 0xfb43869 0xfb43869 32 6
4 path.c:246 0xfb43869 6
4 path.c:31 0xfb43739 6
4 dynarray.c:112 0xfb43c69 16
4 dynarray.c:113 0xfb436a9 24
4 path.c:254 0xfb43489 24
2 path.c:178 0xfb43489 24
1 dynarray.c:84 0xfb43cc9 24
2 dynarray.c:95 0xfb436a9 16
2 path.c:191 0xfb43969 32
2 path.c:205 0xfb43739 6
2 path.c:205 0xfb43869 8
3 path.c:223 0xfb43969 0xfb43969 32 14
4 path.c:246 0xfb43969 14
4 path.c:31 0xfb43739 6
4 path.c:31 0xfb43869 8
4 dynarray.c:112 0xfb436a9 16
4 dynarray.c:113 0xfb43cc9 24
4 path.c:254 0xfb43489 24
1 dynarray.c:84 0xfb43c69 24
2 dynarray.c:95 0xfb43489 24
1 bdtBad5.c:662 0xfb43929 45
4 dynarray.c:112 0xfb43489 24
4 dynarray.c:113 0xfb43c69 24
4 bdt_client.c:113 0xfb43929 45
2 path.c:128 0xfb43c69 24
1 dynarray.c:84 0xfb43cc9 24
2 dynarray.c:95 0xfb43489 16
2 path.c:90 0xfb43869 13
1 path.c:143 0xfb436d9 13
2 path.c:178 0xfb43cf9 24
1 dynarray.c:84 0xfb436a9 24
2 dynarray.c:95 0xfb43d59 16
2 path.c:191 0xfb43739 13
2 path.c:205 0xfb43989 13
3 path.c:223 0xfb43739 0xfb43739 13 13
4 path.c:246 0xfb43739 13
4 path.c:31 0xfb43989 13
4 dynarray.c:112 0xfb43d59 16
4 dynarray.c:113 0xfb436a9 24
4 path.c:254 0xfb43cf9 24
4 path.c:246 0xfb436d9 13
4 path.c:31 0xfb43869 13
4 dynarray.c:112 0xfb43489 16
4 dynarray.c:113 0xfb43cc9 24
4 path.c:254 0xfb43c69 24
2 path.c:128 0xfb43c69 24
1 dynarray.c:84 0xfb43d89 24
2 dynarray.c:95 0xfb43cc9 16
2 path.c:90 0xfb43869 6
1 path.c:143 0xfb43969 6
2 path.c:178 0xfb43cf9 24
1 dynarray.c:84 0xfb43489 24
2 dynarray.c:95 0xfb436a9 16
2 path.c:191 0xfb436d9 6
2 path.c:205 0xfb43739 6
3 path.c:223 0xfb436d9 0xfb436d9 6 6
4 path.c:246 0xfb436d9 6
4 path.c:31 0xfb43739 6
4 dynarray.c:112 0xfb436a9 16
4 dynarray.c:113 0xfb43489 24
4 path.c:254 0xfb43cf9 24
4 path.c:246 0xfb43969 6
4 path.c:31 0xfb43869 6
4 dynarray.c:112 0xfb43cc9 16
4 dynarray.c:113 0xfb43d89 24
4 path.c:254 0xfb43c69 24
4 path.c:246 0xfb42c09 25
4 path.c:31 0xfb42c39 6
4 path.c:31 0xfb42c59 7
4 path.c:31 0xfb42c79 12
4 dynarray.c:112 0xfb42bd9 24
4 dynarray.c:113 0xfb42919 24
4 path.c:254 0xfb42ba9 24
4 bdtBad5.c:263 0xfb42b69 32
4 path.c:246 0xfb42ab9 13
4 path.c:31 0xfb42ad9 6
4 path.c:31 0xfb42af9 7
4 dynarray.c:112 0xfb42a89 16
4 dynarray.c:113 0xfb425a9 24
4 path.c:254 0xfb42a59 24
4 bdtBad5.c:263 0xfb42a19 32
4 path.c:246 0xfb42859 6
4 path.c:31 0xfb42879 6
4 dynarray.c:112 0xfb42829 16
4 dynarray.c:113 0xfb42609 24
4 path.c:254 0xfb427f9 24
4 bdtBad5.c:263 0xfb427b9 32
2 path.c:128 0xfb427f9 24
1 dynarray.c:84 0xfb43d59 24
2 dynarray.c:95 0xfb42609 16
2 path.c:90 0xfb42879 6
2 path.c:90 0xfb42859 7
1 path.c:143 0xfb43989 13
4 path.c:246 0xfb43989 13
4 path.c:31 0xfb42879 6
4 path.c:31 0xfb42859 7
4 dynarray.c:112 0xfb42609 16
4 dynarray.c:113 0xfb43d59 24
4 path.c:254 0xfb427f9 24
2 path.c:128 0xfb427f9 24
1 dynarray.c:84 0xfb42829 24
2 dynarray.c:95 0xfb43d59 16
2 path.c:90 0xfb42859 6
1 path.c:143 0xfb43989 6
4 path.c:246 0xfb43989 6
4 path.c:31 0xfb42859 6
4 dynarray.c:112 0xfb43d59 16
4 dynarray.c:113 0xfb42829 24
4 path.c:254 0xfb427f9 24
2 path.c:128 0xfb427f9 24
1 dynarray.c:84 0xfb42609 24
2 dynarray.c:95 0xfb42829 16
2 path.c:90 0xfb42859 6
1 path.c:143 0xfb43989 6
4 path.c:246 0xfb43989 6
4 path.c:31 0xfb42859 6
4 dynarray.c:112 0xfb42829 16
4 dynarray.c:113 0xfb42609 24
4 path.c:254 0xfb427f9 24
2 path.c:128 0xfb427f9 24
1 dynarray.c:84 0xfb43d59 24
2 dynarray.c:95 0xfb42609 16
2 path.c:90 0xfb42859 13
1 path.c:143 0xfb43989 13
4 path.c:246 0xfb43989 13
4 path.c:31 0xfb42859 13
4 dynarray.c:112 0xfb42609 16
4 dynarray.c:113 0xfb43d59 24
4 path.c:254 0xfb427f9 24
1 dynarray.c:84 0xfb42829 24
2 dynarray.c:95 0xfb427f9 16
1 bdtBad5.c:662 0xfb43989 1
4 dynarray.c:112 0xfb427f9 16
4 dynarray.c:113 0xfb42829 24
4 bdt_client.c:124 0xfb43989 1
2 path.c:128 0xfb42829 24
1 dynarray.c:84 0xfb43d59 24
2 dynarray.c:95 0xfb427f9 16
2 path.c:90 0xfb42859 2
2 path.c:90 0xfb42879 2
1 path.c:143 0xfb43989 4
2 path.c:178 0xfb42a59 24
1 dynarray.c:84 0xfb42609 24
2 dynarray.c:95 0xfb425a9 16
2 path.c:191 0xfb42af9 4
2 path.c:205 0xfb42ab9 2
3 path.c:223 0xfb42af9 0xfb42af9 4 2
1 bdtBad5.c:143 0xfb43929 32
2 path.c:178 0xfb42ba9 24
1 dynarray.c:84 0xfb42a89 24
2 dynarray.c:95 0xfb42919 16
2 path.c:191 0xfb42c79 2
2 path.c:205 0xfb42c59 2
3 path.c:223 0xfb42c79 0xfb42c79 2 2
4 path.c:246 0xfb42af9 2
4 path.c:31 0xfb42ab9 2
4 dynarray.c:112 0xfb425a9 16
4 dynarray.c:113 0xfb42609 24
4 path.c:254 0xfb42a59 24
2 path.c:178 0xfb42a59 24
1 dynarray.c:84 0xfb42bd9 24
2 dynarray.c:95 0xfb42609 16
2 path.c:191 0xfb42ab9 4
2 path.c:205 0xfb42af9 2
2 path.c:205 0xfb42c39 2
3 path.c:223 0xfb42ab9 0xfb42ab9 4 4
1 bdtBad5.c:143 0xfb43519 32
2 path.c:178 0xfb42c09 24
1 dynarray.c:84 0xfb425a9 24
2 dynarray.c:95 0xfb43c69 16
2 path.c:191 0xfb43869 4
2 path.c:205 0xfb43969 2
2 path.c:205 0xfb43739 2
3 path.c:223 0xfb43869 0xfb43869 4 4
4 path.c:246 0xfb42ab9 4
4 path.c:31 0xfb42af9 2
4 path.c:31 0xfb42c39 2
4 dynarray.c:112 0xfb42609 16
4 dynarray.c:113 0xfb42bd9 24
4 path.c:254 0xfb42a59 24
4 path.c:246 0xfb43989 4
4 path.c:31 0xfb42859 2
4 path.c:31 0xfb42879 2
4 dynarray.c:112 0xfb427f9 16
4 dynarray.c:113 0xfb43d59 24
4 path.c:254 0xfb42829 24
1 dynarray.c:84 0xfb43d89 24
2 dynarray.c:95 0xfb42829 16
1 bdtBad5.c:662 0xfb42ad9 7
4 dynarray.c:112 0xfb42829 16
4 dynarray.c:113 0xfb43d89 24
4 bdt_client.c:136 0xfb42ad9 7
2 path.c:128 0xfb43d89 24
1 dynarray.c:84 0xfb43d59 24
2 dynarray.c:95 0xfb42829 16
2 path.c:90 0xfb42879 2
2 path.c:90 0xfb42859 2
1 path.c:143 0xfb42ad9 4
2 path.c:178 0xfb42a59 24
1 dynarray.c:84 0xfb427f9 24
2 dynarray.c:95 0xfb42bd9 16
2 path.c:191 0xfb43989 4
2 path.c:205 0xfb42af9 2
3 path.c:223 0xfb43989 0xfb43989 4 2
4 path.c:246 0xfb43989 2
4 path.c:31 0xfb42af9 2
4 dynarray.c:112 0xfb42bd9 16
4 dynarray.c:113 0xfb427f9 24
4 path.c:254 0xfb42a59 24
2 path.c:178 0xfb42a59 24
1 dynarray.c:84 0xfb42609 24
2 dynarray.c:95 0xfb427f9 16
2 path.c:191 0xfb42af9 4
2 path.c:205 0xfb43989 2
2 path.c:205 0xfb42ab9 2
3 path.c:223 0xfb42af9 0xfb42af9 4 4
4 path.c:246 0xfb42af9 4
4 path.c:31 0xfb43989 2
4 path.c:31 0xfb42ab9 2
4 dynarray.c:112 0xfb427f9 16
4 dynarray.c:113 0xfb42609 24
4 path.c:254 0xfb42a59 24
2 path.c:178 0xfb42a59 24
1 dynarray.c:84 0xfb42bd9 24
2 dynarray.c:95 0xfb42609 16
2 path.c:191 0xfb42ab9 4
2 path.c:205 0xfb43989 2
2 path.c:205 0xfb42af9 2
3 path.c:223 0xfb42ab9 0xfb42ab9 4 4
1 bdtBad5.c:143 0xfb432c9 32
2 path.c:178 0xfb43cc9 24
1 dynarray.c:84 0xfb427f9 24
2 dynarray.c:95 0xfb43cf9 16
2 path.c:191 0xfb436d9 4
2 path.c:205 0xfb43889 2
2 path.c:205 0xfb439e9 2
3 path.c:223 0xfb436d9 0xfb436d9 4 4
4 path.c:246 0xfb42ab9 4
4 path.c:31 0xfb43989 2
4 path.c:31 0xfb42af9 2
4 dynarray.c:112 0xfb42609 16
4 dynarray.c:113 0xfb42bd9 24
4 path.c:254 0xfb42a59 24
4 path.c:246 0xfb42ad9 4
4 path.c:31 0xfb42879 2
4 path.c:31 0xfb42859 2
4 dynarray.c:112 0xfb42829 16
4 dynarray.c:113 0xfb43d59 24
4 path.c:254 0xfb43d89 24
1 dynarray.c:84 0xfb43489 24
2 dynarray.c:95 0xfb43d89 24
1 bdtBad5.c:662 0xfb42c39 11
4 dynarray.c:112 0xfb43d89 24
4 dynarray.c:113 0xfb43489 24
4 bdt_client.c:140 0xfb42c39 11
2 path.c:128 0xfb43489 24
1 dynarray.c:84 0xfb43d59 24
2 dynarray.c:95 0xfb43d89 16
2 path.c:90 0xfb42859 2
2 path.c:90 0xfb42879 2
1 path.c:143 0xfb42c39 4
2 path.c:178 0xfb42a59 24
1 dynarray.c:84 0xfb42829 24
2 dynarray.c:95 0xfb42bd9 16
2 path.c:191 0xfb42ad9 4
2 path.c:205 0xfb43989 2
3 path.c:223 0xfb42ad9 0xfb42ad9 4 2
4 path.c:246 0xfb42ad9 2
4 path.c:31 0xfb43989 2
4 dynarray.c:112 0xfb42bd9 16
4 dynarray.c:113 0xfb42829 24
4 path.c:254 0xfb42a59 24
2 path.c:178 0xfb42a59 24
1 dynarray.c:84 0xfb42609 24
2 dynarray.c:95 0xfb42829 16
2 path.c:191 0xfb43989 4
2 path.c:205 0xfb42ad9 2
2 path.c:205 0xfb42ab9 2
3 path.c:223 0xfb43989 0xfb43989 4 4
4 path.c:246 0xfb43989 4
4 path.c:31 0xfb42ad9 2
4 path.c:31 0xfb42ab9 2
4 dynarray.c:112 0xfb42829 16
4 dynarray.c:113 0xfb42609 24
4 path.c:254 0xfb42a59 24
4 path.c:246 0xfb42c39 4
4 path.c:31 0xfb42859 2
4 path.c:31 0xfb42879 2
4 dynarray.c:112 0xfb43d89 16
4 dynarray.c:113 0xfb43d59 24
4 path.c:254 0xfb43489 24
4 path.c:246 0xfb43869 4
4 path.c:31 0xfb43969 2
4 path.c:31 0xfb43739 2
4 dynarray.c:112 0xfb43c69 16
4 dynarray.c:113 0xfb425a9 24
4 path.c:254 0xfb42c09 24
4 bdtBad5.c:263 0xfb43519 32
1 dynarray.c:84 0xfb42bd9 24
2 dynarray.c:95 0xfb42c09 16
1 bdtBad5.c:662 0xfb42af9 7
4 dynarray.c:112 0xfb42c09 16
4 dynarray.c:113 0xfb42bd9 24
4 bdt_client.c:144 0xfb42af9 7
2 path.c:128 0xfb42bd9 24
1 dynarray.c:84 0xfb425a9 24
2 dynarray.c:95 0xfb42c09 16
2 path.c:90 0xfb43739 2
2 path.c:90 0xfb43969 3
1 path.c:143 0xfb42af9 5
2 path.c:178 0xfb43489 24
1 dynarray.c:84 0xfb43c69 24
2 dynarray.c:95 0xfb43d59 16
2 path.c:191 0xfb43869 5
2 path.c:205 0xfb42859 2
3 path.c:223 0xfb43869 0xfb43869 5 2
4 path.c:246 0xfb43869 2
4 path.c:31 0xfb42859 2
4 dynarray.c:112 0xfb43d59 16
4 dynarray.c:113 0xfb43c69 24
4 path.c:254 0xfb43489 24
2 path.c:178 0xfb43489 24
1 dynarray.c:84 0xfb43d89 24
2 dynarray.c:95 0xfb43c69 16
2 path.c:191 0xfb42859 5
2 path.c:205 0xfb43869 2
2 path.c:205 0xfb42c39 3
3 path.c:223 0xfb42859 0xfb42859 5 5
4 path.c:246 0xfb42859 5
4 path.c:31 0xfb43869 2
4 path.c:31 0xfb42c39 3
4 dynarray.c:112 0xfb43c69 16
4 dynarray.c:113 0xfb43d89 24
4 path.c:254 0xfb43489 24
2 path.c:178 0xfb43489 24
1 dynarray.c:84 0xfb43d59 24
2 dynarray.c:95 0xfb43d89 16
2 path.c:191 0xfb42c39 5
2 path.c:205 0xfb43869 2
2 path.c:205 0xfb42859 3
3 path.c:223 0xfb42c39 0xfb42c39 5 5
1 bdtBad5.c:143 0xfb43519 32
2 path.c:178 0xfb42a59 24
1 dynarray.c:84 0xfb43c69 24
2 dynarray.c:95 0xfb42609 16
2 path.c:191 0xfb42ab9 5
2 path.c:205 0xfb42ad9 2
2 path.c:205 0xfb43989 3
3 path.c:223 0xfb42ab9 0xfb42ab9 5 5
4 path.c:246 0xfb42c39 5
4 path.c:31 0xfb43869 2
4 path.c:31 0xfb42859 3
4 dynarray.c:112 0xfb43d89 16
4 dynarray.c:113 0xfb43d59 24
4 path.c:254 0xfb43489 24
4 path.c:246 0xfb42af9 5
4 path.c:31 0xfb43739 2
4 path.c:31 0xfb43969 3
4 dynarray.c:112 0xfb42c09 16
4 dynarray.c:113 0xfb425a9 24
4 path.c:254 0xfb42bd9 24
1 dynarray.c:84 0xfb42829 24
2 dynarray.c:95 0xfb42bd9 24
1 bdtBad5.c:662 0xfb42879 12
4 dynarray.c:112 0xfb42bd9 24
4 dynarray.c:113 0xfb42829 24
4 bdt_client.c:148 0xfb42879 12
2 path.c:128 0xfb42829 24
1 dynarray.c:84 0xfb425a9 24
2 dynarray.c:95 0xfb42bd9 16
2 path.c:90 0xfb43969 2
2 path.c:90 0xfb43739 3
1 path.c:143 0xfb42879 5
2 path.c:178 0xfb43489 24
1 dynarray.c:84 0xfb42c09 24
2 dynarray.c:95 0xfb43d59 16
2 path.c:191 0xfb42af9 5
2 path.c:205 0xfb43869 2
3 path.c:223 0xfb42af9 0xfb42af9 5 2
4 path.c:246 0xfb42af9 2
4 path.c:31 0xfb43869 2
4 dynarray.c:112 0xfb43d59 16
4 dynarray.c:113 0xfb42c09 24
4 path.c:254 0xfb43489 24
2 path.c:178 0xfb43489 24
1 dynarray.c:84 0xfb43d89 24
2 dynarray.c:95 0xfb42c09 16
2 path.c:191 0xfb43869 5
2 path.c:205 0xfb42af9 2
2 path.c:205 0xfb42c39 3
3 path.c:223 0xfb43869 0xfb43869 5 5
4 path.c:246 0xfb43869 5
4 path.c:31 0xfb42af9 2
4 path.c:31 0xfb42c39 3
4 dynarray.c:112 0xfb42c09 16
4 dynarray.c:113 0xfb43d89 24
4 path.c:254 0xfb43489 24
4 path.c:246 0xfb42879 5
4 path.c:31 0xfb43969 2
4 path.c:31 0xfb43739 3
4 dynarray.c:112 0xfb42bd9 16
4 dynarray.c:113 0xfb425a9 24
4 path.c:254 0xfb42829 24
4 path.c:246 0xfb42ab9 5
4 path.c:31 0xfb42ad9 2
4 path.c:31 0xfb43989 3
4 dynarray.c:112 0xfb42609 16
4 dynarray.c:113 0xfb43c69 24
4 path.c:254 0xfb42a59 24
4 bdtBad5.c:263 0xfb43519 32
1 dynarray.c:84 0xfb43d59 24
2 dynarray.c:95 0xfb42a59 16
1 bdtBad5.c:662 0xfb42859 7
4 dynarray.c:112 0xfb42a59 16
4 dynarray.c:113 0xfb43d59 24
4 bdt_client.c:152 0xfb42859 7
2 path.c:128 0xfb43d59 24
1 dynarray.c:84 0xfb43c69 24
2 dynarray.c:95 0xfb42a59 16
2 path.c:90 0xfb43989 2
2 path.c:90 0xfb42ad9 3
1 path.c:143 0xfb42859 5
2 path.c:178 0xfb42829 24
1 dynarray.c:84 0xfb42609 24
2 dynarray.c:95 0xfb425a9 16
2 path.c:191 0xfb42ab9 5
2 path.c:205 0xfb43969 2
3 path.c:223 0xfb42ab9 0xfb42ab9 5 2
4 path.c:246 0xfb42ab9 2
4 path.c:31 0xfb43969 2
4 dynarray.c:112 0xfb425a9 16
4 dynarray.c:113 0xfb42609 24
4 path.c:254 0xfb42829 24
2 path.c:178 0xfb42829 24
1 dynarray.c:84 0xfb42bd9 24
2 dynarray.c:95 0xfb42609 16
2 path.c:191 0xfb43969 5
2 path.c:205 0xfb42ab9 2
2 path.c:205 0xfb42879 3
3 path.c:223 0xfb43969 0xfb43969 5 5
4 path.c:246 0xfb43969 5
4 path.c:31 0xfb42ab9 2
4 path.c:31 0xfb42879 3
4 dynarray.c:112 0xfb42609 16
4 dynarray.c:113 0xfb42bd9 24
4 path.c:254 0xfb42829 24
2 path.c:178 0xfb42829 24
1 dynarray.c:84 0xfb425a9 24
2 dynarray.c:95 0xfb42bd9 16
2 path.c:191 0xfb42879 5
2 path.c:205 0xfb42ab9 2
2 path.c:205 0xfb43969 3
3 path.c:223 0xfb42879 0xfb42879 5 5
1 bdtBad5.c:143 0xfb43519 32
2 path.c:178 0xfb43489 24
1 dynarray.c:84 0xfb42609 24
2 dynarray.c:95 0xfb43d89 16
2 path.c:191 0xfb42c39 5
2 path.c:205 0xfb42af9 2
2 path.c:205 0xfb43869 3
3 path.c:223 0xfb42c39 0xfb42c39 5 5
4 path.c:246 0xfb42879 5
4 path.c:31 0xfb42ab9 2
4 path.c:31 0xfb43969 3
4 dynarray.c:112 0xfb42bd9 16
4 dynarray.c:113 0xfb425a9 24
4 path.c:254 0xfb42829 24
4 path.c:246 0xfb42859 5
4 path.c:31 0xfb43989 2
4 path.c:31 0xfb42ad9 3
4 dynarray.c:112 0xfb42a59 16
4 dynarray.c:113 0xfb43c69 24
4 path.c:254 0xfb43d59 24
1 dynarray.c:84 0xfb42c09 24
2 dynarray.c:95 0xfb43d59 24
1 bdtBad5.c:662 0xfb43739 12
4 dynarray.c:112 0xfb43d59 24
4 dynarray.c:113 0xfb42c09 24
4 bdt_client.c:156 0xfb43739 12
2 path.c:128 0xfb42c09 24
1 dynarray.c:84 0xfb43c69 24
2 dynarray.c:95 0xfb43d59 16
2 path.c:90 0xfb42ad9 2
2 path.c:90 0xfb43989 2
1 path.c:143 0xfb43739 4
2 path.c:178 0xfb42829 24
1 dynarray.c:84 0xfb42a59 24
2 dynarray.c:95 0xfb425a9 16
2 path.c:191 0xfb42859 4
2 path.c:205 0xfb42ab9 2
3 path.c:223 0xfb42859 0xfb42859 4 2
4 path.c:246 0xfb42859 2
4 path.c:31 0xfb42ab9 2
4 dynarray.c:112 0xfb425a9 16
4 dynarray.c:113 0xfb42a59 24
4 path.c:254 0xfb42829 24
2 path.c:178 0xfb42829 24
1 dynarray.c:84 0xfb42bd9 24
2 dynarray.c:95 0xfb42a59 16
2 path.c:191 0xfb42ab9 4
2 path.c:205 0xfb42859 2
2 path.c:205 0xfb42879 2
3 path.c:223 0xfb42ab9 0xfb42ab9 4 4
4 path.c:246 0xfb42ab9 4
4 path.c:31 0xfb42859 2
4 path.c:31 0xfb42879 2
4 dynarray.c:112 0xfb42a59 16
4 dynarray.c:113 0xfb42bd9 24
4 path.c:254 0xfb42829 24
4 path.c:246 0xfb43739 4
4 path.c:31 0xfb42ad9 2
4 path.c:31 0xfb43989 2
4 dynarray.c:112 0xfb43d59 16
4 dynarray.c:113 0xfb43c69 24
4 path.c:254 0xfb42c09 24
4 path.c:246 0xfb436d9 4
4 path.c:31 0xfb43889 2
4 path.c:31 0xfb439e9 2
4 dynarray.c:112 0xfb43cf9 16
4 dynarray.c:113 0xfb427f9 24
4 path.c:254 0xfb43cc9 24
4 bdtBad5.c:263 0xfb432c9 32
1 dynarray.c:84 0xfb425a9 24
2 dynarray.c:95 0xfb43cc9 16
1 bdtBad5.c:662 0xfb43969 8
4 dynarray.c:112 0xfb43cc9 16
4 dynarray.c:113 0xfb425a9 24
4 bdt_client.c:160 0xfb43969 8
4 path.c:246 0xfb42c39 5
4 path.c:31 0xfb42af9 2
4 path.c:31 0xfb43869 3
4 dynarray.c:112 0xfb43d89 16
4 dynarray.c:113 0xfb42609 24
4 path.c:254 0xfb43489 24
4 bdtBad5.c:263 0xfb43519 32
4 path.c:246 0xfb42c79 2
4 path.c:31 0xfb42c59 2
4 dynarray.c:112 0xfb42919 16
4 dynarray.c:113 0xfb42a89 24
4 path.c:254 0xfb42ba9 24
4 bdtBad5.c:263 0xfb43929 32
