2 path.c:128 0x209e02a9 24
4 path.c:254 0x209e02a9 24
2 path.c:128 0x209e24d9 24
1 dynarray.c:84 0x209e02a9 24
2 dynarray.c:95 0x209e2509 16
2 path.c:90 0x209e2539 6
1 path.c:143 0x209e2559 6
4 path.c:246 0x209e2559 6
4 path.c:31 0x209e2539 6
4 dynarray.c:112 0x209e2509 16
4 dynarray.c:113 0x209e02a9 24
4 path.c:254 0x209e24d9 24
1 dynarray.c:84 0x209e24d9 24
2 dynarray.c:95 0x209e2579 16
1 bdtBad4.c:663 0x209e2539 1
4 dynarray.c:112 0x209e2579 16
4 dynarray.c:113 0x209e24d9 24
4 bdt_client.c:39 0x209e2539 1
2 path.c:128 0x209e25a9 24
4 path.c:254 0x209e25a9 24
2 path.c:128 0x209e25d9 24
1 dynarray.c:84 0x209e25a9 24
2 dynarray.c:95 0x209e2609 16
4 dynarray.c:112 0x209e2609 16
4 dynarray.c:113 0x209e25a9 24
4 path.c:254 0x209e25d9 24
2 path.c:128 0x209e2639 24
1 dynarray.c:84 0x209e25d9 24
2 dynarray.c:95 0x209e2669 16
2 path.c:90 0x209e2699 6
2 path.c:90 0x209e26b9 7
4 path.c:31 0x209e2699 6
4 path.c:31 0x209e26b9 7
4 dynarray.c:112 0x209e2669 16
4 dynarray.c:113 0x209e25d9 24
4 path.c:254 0x209e2639 24
2 path.c:128 0x209e2639 24
1 dynarray.c:84 0x209e2669 24
2 dynarray.c:95 0x209e25d9 16
2 path.c:90 0x209e26d9 6
4 path.c:31 0x209e26d9 6
4 dynarray.c:112 0x209e25d9 16
4 dynarray.c:113 0x209e2669 24
4 path.c:254 0x209e2639 24
2 path.c:128 0x209e2639 24
1 dynarray.c:84 0x209e25d9 24
2 dynarray.c:95 0x209e2669 16
2 path.c:90 0x209e26f9 6
1 path.c:143 0x209e26d9 6
2 path.c:178 0x209e2719 24
1 dynarray.c:84 0x209e25a9 24
2 dynarray.c:95 0x209e2749 16
2 path.c:191 0x209e2779 6
2 path.c:205 0x209e2799 6
3 path.c:223 0x209e2779 0x209e2779 6 6
1 bdtBad4.c:143 0x209e27b9 32
2 path.c:178 0x209e27f9 24
1 dynarray.c:84 0x209e2609 24
2 dynarray.c:95 0x209e2829 16
2 path.c:191 0x209e2859 6
2 path.c:205 0x209e2879 6
3 path.c:223 0x209e2859 0x209e2859 6 6
4 path.c:246 0x209e2779 6
4 path.c:31 0x209e2799 6
4 dynarray.c:112 0x209e2749 16
4 dynarray.c:113 0x209e25a9 24
4 path.c:254 0x209e2719 24
4 path.c:246 0x209e26d9 6
4 path.c:31 0x209e26f9 6
4 dynarray.c:112 0x209e2669 16
4 dynarray.c:113 0x209e25d9 24
4 path.c:254 0x209e2639 24
2 path.c:128 0x209e2639 24
1 dynarray.c:84 0x209e2719 24
2 dynarray.c:95 0x209e25d9 16
2 path.c:90 0x209e26f9 6
2 path.c:90 0x209e2899 7
2 path.c:90 0x209e28b9 12
3 dynarray.c:69 0x209e28d9 0x209e25d9 16 32
1 path.c:143 0x209e2669 25
2 path.c:178 0x209e25d9 24
1 dynarray.c:84 0x209e25a9 24
2 dynarray.c:95 0x209e2919 16
2 path.c:191 0x209e2949 25
2 path.c:205 0x209e2979 6
3 path.c:223 0x209e2949 0x209e2949 25 6
4 path.c:246 0x209e2949 6
4 path.c:31 0x209e2979 6
4 dynarray.c:112 0x209e2919 16
4 dynarray.c:113 0x209e25a9 24
4 path.c:254 0x209e25d9 24
2 path.c:178 0x209e25d9 24
1 dynarray.c:84 0x209e2919 24
2 dynarray.c:95 0x209e25a9 16
2 path.c:191 0x209e2999 25
2 path.c:205 0x209e2979 6
2 path.c:205 0x209e29c9 7
3 path.c:223 0x209e2999 0x209e2999 25 13
4 path.c:246 0x209e2999 13
4 path.c:31 0x209e2979 6
4 path.c:31 0x209e29c9 7
4 dynarray.c:112 0x209e25a9 16
4 dynarray.c:113 0x209e2919 24
4 path.c:254 0x209e25d9 24
2 path.c:178 0x209e25d9 24
1 dynarray.c:84 0x209e2999 24
2 dynarray.c:95 0x209e2919 16
2 path.c:191 0x209e29e9 25
2 path.c:205 0x209e29c9 6
2 path.c:205 0x209e2979 7
3 path.c:223 0x209e29e9 0x209e29e9 25 13
1 bdtBad4.c:143 0x209e2a19 32
2 path.c:178 0x209e2a59 24
1 dynarray.c:84 0x209e25a9 24
2 dynarray.c:95 0x209e2a89 16
2 path.c:191 0x209e2ab9 13
2 path.c:205 0x209e2ad9 6
2 path.c:205 0x209e2af9 7
3 path.c:223 0x209e2ab9 0x209e2ab9 13 13
4 path.c:246 0x209e29e9 13
4 path.c:31 0x209e29c9 6
4 path.c:31 0x209e2979 7
4 dynarray.c:112 0x209e2919 16
4 dynarray.c:113 0x209e2999 24
4 path.c:254 0x209e25d9 24
2 path.c:178 0x209e25d9 24
1 dynarray.c:84 0x209e29e9 24
2 dynarray.c:95 0x209e2999 24
2 path.c:191 0x209e2b19 25
2 path.c:205 0x209e2979 6
2 path.c:205 0x209e29c9 7
2 path.c:205 0x209e2b49 12
3 path.c:223 0x209e2b19 0x209e2b19 25 25
1 bdtBad4.c:143 0x209e2b69 32
2 path.c:178 0x209e2ba9 24
1 dynarray.c:84 0x209e2919 24
2 dynarray.c:95 0x209e2bd9 24
2 path.c:191 0x209e2c09 25
2 path.c:205 0x209e2c39 6
2 path.c:205 0x209e2c59 7
2 path.c:205 0x209e2c79 12
3 path.c:223 0x209e2c09 0x209e2c09 25 25
4 path.c:246 0x209e2b19 25
4 path.c:31 0x209e2979 6
4 path.c:31 0x209e29c9 7
4 path.c:31 0x209e2b49 12
4 dynarray.c:112 0x209e2999 24
4 dynarray.c:113 0x209e29e9 24
4 path.c:254 0x209e25d9 24
4 path.c:246 0x209e2669 25
4 path.c:31 0x209e26f9 6
4 path.c:31 0x209e2899 7
4 path.c:31 0x209e28b9 12
4 dynarray.c:112 0x209e28d9 32
4 dynarray.c:113 0x209e2719 24
4 path.c:254 0x209e2639 24
2 path.c:128 0x209e2639 24
1 dynarray.c:84 0x209e2b19 24
2 dynarray.c:95 0x209e2719 16
2 path.c:90 0x209e28b9 6
1 path.c:143 0x209e26d9 6
2 path.c:178 0x209e25d9 24
1 dynarray.c:84 0x209e2669 24
2 dynarray.c:95 0x209e29e9 16
2 path.c:191 0x209e2899 6
2 path.c:205 0x209e2b49 6
3 path.c:223 0x209e2899 0x209e2899 6 6
4 path.c:246 0x209e2899 6
4 path.c:31 0x209e2b49 6
4 dynarray.c:112 0x209e29e9 16
4 dynarray.c:113 0x209e2669 24
4 path.c:254 0x209e25d9 24
4 path.c:246 0x209e26d9 6
4 path.c:31 0x209e28b9 6
4 dynarray.c:112 0x209e2719 16
4 dynarray.c:113 0x209e2b19 24
4 path.c:254 0x209e2639 24
2 path.c:128 0x209e2639 24
1 dynarray.c:84 0x209e2999 24
2 dynarray.c:95 0x209e2b19 16
2 path.c:90 0x209e28b9 6
2 path.c:90 0x209e26d9 7
1 path.c:143 0x209e26f9 13
2 path.c:178 0x209e25d9 24
1 dynarray.c:84 0x209e2719 24
2 dynarray.c:95 0x209e2669 16
2 path.c:191 0x209e2b49 13
2 path.c:205 0x209e29c9 6
3 path.c:223 0x209e2b49 0x209e2b49 13 6
4 path.c:246 0x209e2b49 6
4 path.c:31 0x209e29c9 6
4 dynarray.c:112 0x209e2669 16
4 dynarray.c:113 0x209e2719 24
4 path.c:254 0x209e25d9 24
2 path.c:178 0x209e25d9 24
1 dynarray.c:84 0x209e29e9 24
2 dynarray.c:95 0x209e2719 16
2 path.c:191 0x209e29c9 13
2 path.c:205 0x209e2b49 6
2 path.c:205 0x209e2979 7
3 path.c:223 0x209e29c9 0x209e29c9 13 13
4 path.c:246 0x209e29c9 13
4 path.c:31 0x209e2b49 6
4 path.c:31 0x209e2979 7
4 dynarray.c:112 0x209e2719 16
4 dynarray.c:113 0x209e29e9 24
4 path.c:254 0x209e25d9 24
4 path.c:246 0x209e26f9 13
4 path.c:31 0x209e28b9 6
4 path.c:31 0x209e26d9 7
4 dynarray.c:112 0x209e2b19 16
4 dynarray.c:113 0x209e2999 24
4 path.c:254 0x209e2639 24
2 path.c:128 0x209e2639 24
1 dynarray.c:84 0x209e2669 24
2 dynarray.c:95 0x209e2999 16
2 path.c:90 0x209e26d9 6
2 path.c:90 0x209e28b9 7
2 path.c:90 0x209e26f9 12
3 dynarray.c:69 0x209e2c99 0x209e2999 16 32
1 path.c:143 0x209e2b19 25
2 path.c:178 0x209e2999 24
1 dynarray.c:84 0x209e25d9 24
2 dynarray.c:95 0x209e29e9 16
2 path.c:191 0x209e2cd9 25
2 path.c:205 0x209e2979 6
3 path.c:223 0x209e2cd9 0x209e2cd9 25 6
4 path.c:246 0x209e2cd9 6
4 path.c:31 0x209e2979 6
4 dynarray.c:112 0x209e29e9 16
4 dynarray.c:113 0x209e25d9 24
4 path.c:254 0x209e2999 24
2 path.c:178 0x209e2999 24
1 dynarray.c:84 0x209e2719 24
2 dynarray.c:95 0x209e25d9 16
2 path.c:191 0x209e2cd9 25
2 path.c:205 0x209e2979 6
2 path.c:205 0x209e2b49 7
3 path.c:223 0x209e2cd9 0x209e2cd9 25 13
4 path.c:246 0x209e2cd9 13
4 path.c:31 0x209e2979 6
4 path.c:31 0x209e2b49 7
4 dynarray.c:112 0x209e25d9 16
4 dynarray.c:113 0x209e2719 24
4 path.c:254 0x209e2999 24
2 path.c:178 0x209e2999 24
1 dynarray.c:84 0x209e29e9 24
2 dynarray.c:95 0x209e2719 24
2 path.c:191 0x209e2cd9 25
2 path.c:205 0x209e2b49 6
2 path.c:205 0x209e2979 7
2 path.c:205 0x209e29c9 12
3 path.c:223 0x209e2cd9 0x209e2cd9 25 25
4 path.c:246 0x209e2cd9 25
4 path.c:31 0x209e2b49 6
4 path.c:31 0x209e2979 7
4 path.c:31 0x209e29c9 12
4 dynarray.c:112 0x209e2719 24
4 dynarray.c:113 0x209e29e9 24
4 path.c:254 0x209e2999 24
4 path.c:246 0x209e2b19 25
4 path.c:31 0x209e26d9 6
4 path.c:31 0x209e28b9 7
4 path.c:31 0x209e26f9 12
4 dynarray.c:112 0x209e2c99 32
4 dynarray.c:113 0x209e2669 24
4 path.c:254 0x209e2639 24
2 path.c:128 0x209e2639 24
1 dynarray.c:84 0x209e25d9 24
2 dynarray.c:95 0x209e2669 16
2 path.c:90 0x209e26f9 12
1 path.c:143 0x209e2899 12
2 path.c:178 0x209e2999 24
1 dynarray.c:84 0x209e2b19 24
2 dynarray.c:95 0x209e29e9 16
2 path.c:191 0x209e28b9 12
2 path.c:205 0x209e29c9 12
3 path.c:223 0x209e28b9 0x209e28b9 12 12
4 path.c:246 0x209e28b9 12
4 path.c:31 0x209e29c9 12
4 dynarray.c:112 0x209e29e9 16
4 dynarray.c:113 0x209e2b19 24
4 path.c:254 0x209e2999 24
4 path.c:246 0x209e2899 12
4 path.c:31 0x209e26f9 12
4 dynarray.c:112 0x209e2669 16
4 dynarray.c:113 0x209e25d9 24
4 path.c:254 0x209e2639 24
2 path.c:128 0x209e2639 24
1 dynarray.c:84 0x209e2719 24
2 dynarray.c:95 0x209e25d9 16
2 path.c:90 0x209e26f9 12
1 path.c:143 0x209e26d9 12
2 path.c:178 0x209e2999 24
1 dynarray.c:84 0x209e2669 24
2 dynarray.c:95 0x209e2b19 16
2 path.c:191 0x209e2899 12
2 path.c:205 0x209e28b9 12
3 path.c:223 0x209e2899 0x209e2899 12 12
4 path.c:246 0x209e2899 12
4 path.c:31 0x209e28b9 12
4 dynarray.c:112 0x209e2b19 16
4 dynarray.c:113 0x209e2669 24
4 path.c:254 0x209e2999 24
4 path.c:246 0x209e26d9 12
4 path.c:31 0x209e26f9 12
4 dynarray.c:112 0x209e25d9 16
4 dynarray.c:113 0x209e2719 24
4 path.c:254 0x209e2639 24
2 path.c:128 0x209e2639 24
1 dynarray.c:84 0x209e29e9 24
2 dynarray.c:95 0x209e2719 16
2 path.c:90 0x209e26f9 12
1 path.c:143 0x209e29c9 12
2 path.c:178 0x209e2999 24
1 dynarray.c:84 0x209e25d9 24
2 dynarray.c:95 0x209e2669 16
2 path.c:191 0x209e26d9 12
2 path.c:205 0x209e2899 12
3 path.c:223 0x209e26d9 0x209e26d9 12 12
4 path.c:246 0x209e26d9 12
4 path.c:31 0x209e2899 12
4 dynarray.c:112 0x209e2669 16
4 dynarray.c:113 0x209e25d9 24
4 path.c:254 0x209e2999 24
4 path.c:246 0x209e29c9 12
4 path.c:31 0x209e26f9 12
4 dynarray.c:112 0x209e2719 16
4 dynarray.c:113 0x209e29e9 24
4 path.c:254 0x209e2639 24
2 path.c:128 0x209e2639 24
1 dynarray.c:84 0x209e2b19 24
2 dynarray.c:95 0x209e29e9 16
2 path.c:90 0x209e26f9 6
2 path.c:90 0x209e29c9 8
1 path.c:143 0x209e28b9 14
2 path.c:178 0x209e2999 24
1 dynarray.c:84 0x209e2719 24
2 dynarray.c:95 0x209e25d9 16
2 path.c:191 0x209e2899 14
2 path.c:205 0x209e2979 6
3 path.c:223 0x209e2899 0x209e2899 14 6
4 path.c:246 0x209e2899 6
4 path.c:31 0x209e2979 6
4 dynarray.c:112 0x209e25d9 16
4 dynarray.c:113 0x209e2719 24
4 path.c:254 0x209e2999 24
2 path.c:178 0x209e2999 24
1 dynarray.c:84 0x209e2669 24
2 dynarray.c:95 0x209e2719 16
2 path.c:191 0x209e2979 14
2 path.c:205 0x209e2899 6
2 path.c:205 0x209e2b49 8
3 path.c:223 0x209e2979 0x209e2979 14 14
4 path.c:246 0x209e2979 14
4 path.c:31 0x209e2899 6
4 path.c:31 0x209e2b49 8
4 dynarray.c:112 0x209e2719 16
4 dynarray.c:113 0x209e2669 24
4 path.c:254 0x209e2999 24
4 path.c:246 0x209e28b9 14
4 path.c:31 0x209e26f9 6
4 path.c:31 0x209e29c9 8
4 dynarray.c:112 0x209e29e9 16
4 dynarray.c:113 0x209e2b19 24
4 path.c:254 0x209e2639 24
2 path.c:128 0x209e2639 24
1 dynarray.c:84 0x209e25d9 24
2 dynarray.c:95 0x209e2b19 16
2 path.c:90 0x209e29c9 6
2 path.c:90 0x209e26f9 7
2 path.c:90 0x209e28b9 12
3 dynarray.c:69 0x209e2d09 0x209e2b19 16 32
1 path.c:143 0x209e29e9 25
2 path.c:178 0x209e2b19 24
1 dynarray.c:84 0x209e2999 24
2 dynarray.c:95 0x209e2669 16
2 path.c:191 0x209e2cd9 25
2 path.c:205 0x209e2b49 6
3 path.c:223 0x209e2cd9 0x209e2cd9 25 6
4 path.c:246 0x209e2cd9 6
4 path.c:31 0x209e2b49 6
4 dynarray.c:112 0x209e2669 16
4 dynarray.c:113 0x209e2999 24
4 path.c:254 0x209e2b19 24
2 path.c:178 0x209e2b19 24
1 dynarray.c:84 0x209e2719 24
2 dynarray.c:95 0x209e2999 16
2 path.c:191 0x209e2cd9 25
2 path.c:205 0x209e2b49 6
2 path.c:205 0x209e2899 7
3 path.c:223 0x209e2cd9 0x209e2cd9 25 13
4 path.c:246 0x209e2cd9 13
4 path.c:31 0x209e2b49 6
4 path.c:31 0x209e2899 7
4 dynarray.c:112 0x209e2999 16
4 dynarray.c:113 0x209e2719 24
4 path.c:254 0x209e2b19 24
2 path.c:178 0x209e2b19 24
1 dynarray.c:84 0x209e2669 24
2 dynarray.c:95 0x209e2719 24
2 path.c:191 0x209e2cd9 25
2 path.c:205 0x209e2899 6
2 path.c:205 0x209e2b49 7
2 path.c:205 0x209e2979 12
3 path.c:223 0x209e2cd9 0x209e2cd9 25 25
4 path.c:246 0x209e2cd9 25
4 path.c:31 0x209e2899 6
4 path.c:31 0x209e2b49 7
4 path.c:31 0x209e2979 12
4 dynarray.c:112 0x209e2719 24
4 dynarray.c:113 0x209e2669 24
4 path.c:254 0x209e2b19 24
4 path.c:246 0x209e29e9 25
4 path.c:31 0x209e29c9 6
4 path.c:31 0x209e26f9 7
4 path.c:31 0x209e28b9 12
4 dynarray.c:112 0x209e2d09 32
4 dynarray.c:113 0x209e25d9 24
4 path.c:254 0x209e2639 24
2 path.c:128 0x209e2639 24
1 dynarray.c:84 0x209e2999 24
2 dynarray.c:95 0x209e25d9 16
2 path.c:90 0x209e28b9 12
2 path.c:90 0x209e26f9 6
2 path.c:90 0x209e29c9 9
3 dynarray.c:69 0x209e2d49 0x209e25d9 16 32
1 path.c:143 0x209e29e9 27
2 path.c:178 0x209e25d9 24
1 dynarray.c:84 0x209e2b19 24
2 dynarray.c:95 0x209e2669 16
2 path.c:191 0x209e2cd9 27
2 path.c:205 0x209e2979 12
3 path.c:223 0x209e2cd9 0x209e2cd9 27 12
4 path.c:246 0x209e2cd9 12
4 path.c:31 0x209e2979 12
4 dynarray.c:112 0x209e2669 16
4 dynarray.c:113 0x209e2b19 24
4 path.c:254 0x209e25d9 24
4 path.c:246 0x209e29e9 27
4 path.c:31 0x209e28b9 12
4 path.c:31 0x209e26f9 6
4 path.c:31 0x209e29c9 9
4 dynarray.c:112 0x209e2d49 32
4 dynarray.c:113 0x209e2999 24
4 path.c:254 0x209e2639 24
2 path.c:128 0x209e2639 24
1 dynarray.c:84 0x209e2719 24
2 dynarray.c:95 0x209e2999 16
2 path.c:90 0x209e29c9 6
2 path.c:90 0x209e26f9 8
1 path.c:143 0x209e26d9 14
2 path.c:178 0x209e25d9 24
1 dynarray.c:84 0x209e29e9 24
2 dynarray.c:95 0x209e2b19 16
2 path.c:191 0x209e28b9 14
2 path.c:205 0x209e2b49 6
3 path.c:223 0x209e28b9 0x209e28b9 14 6
4 path.c:246 0x209e28b9 6
4 path.c:31 0x209e2b49 6
4 dynarray.c:112 0x209e2b19 16
4 dynarray.c:113 0x209e29e9 24
4 path.c:254 0x209e25d9 24
2 path.c:178 0x209e25d9 24
1 dynarray.c:84 0x209e2669 24
2 dynarray.c:95 0x209e29e9 16
2 path.c:191 0x209e2b49 14
2 path.c:205 0x209e28b9 6
2 path.c:205 0x209e2899 8
3 path.c:223 0x209e2b49 0x209e2b49 14 14
4 path.c:246 0x209e2b49 14
4 path.c:31 0x209e28b9 6
4 path.c:31 0x209e2899 8
4 dynarray.c:112 0x209e29e9 16
4 dynarray.c:113 0x209e2669 24
4 path.c:254 0x209e25d9 24
2 path.c:178 0x209e25d9 24
1 dynarray.c:84 0x209e2b19 24
2 dynarray.c:95 0x209e2669 16
2 path.c:191 0x209e2899 14
2 path.c:205 0x209e28b9 6
2 path.c:205 0x209e2b49 8
3 path.c:223 0x209e2899 0x209e2899 14 14
1 bdtBad4.c:143 0x209e2d49 32
2 path.c:178 0x209e2cd9 24
1 dynarray.c:84 0x209e29e9 24
2 dynarray.c:95 0x209e2d89 16
2 path.c:191 0x209e2db9 14
2 path.c:205 0x209e2dd9 6
2 path.c:205 0x209e2df9 8
3 path.c:223 0x209e2db9 0x209e2db9 14 14
4 path.c:246 0x209e2899 14
4 path.c:31 0x209e28b9 6
4 path.c:31 0x209e2b49 8
4 dynarray.c:112 0x209e2669 16
4 dynarray.c:113 0x209e2b19 24
4 path.c:254 0x209e25d9 24
4 path.c:246 0x209e26d9 14
4 path.c:31 0x209e29c9 6
4 path.c:31 0x209e26f9 8
4 dynarray.c:112 0x209e2999 16
4 dynarray.c:113 0x209e2719 24
4 path.c:254 0x209e2639 24
2 path.c:128 0x209e2639 24
1 dynarray.c:84 0x209e2669 24
2 dynarray.c:95 0x209e2719 16
2 path.c:90 0x209e26f9 6
2 path.c:90 0x209e29c9 7
1 path.c:143 0x209e2979 13
2 path.c:178 0x209e25d9 24
1 dynarray.c:84 0x209e2999 24
2 dynarray.c:95 0x209e2b19 16
2 path.c:191 0x209e26d9 13
2 path.c:205 0x209e28b9 6
3 path.c:223 0x209e26d9 0x209e26d9 13 6
4 path.c:246 0x209e26d9 6
4 path.c:31 0x209e28b9 6
4 dynarray.c:112 0x209e2b19 16
4 dynarray.c:113 0x209e2999 24
4 path.c:254 0x209e25d9 24
2 path.c:178 0x209e25d9 24
1 dynarray.c:84 0x209e2b19 24
2 dynarray.c:95 0x209e2999 16
2 path.c:191 0x209e28b9 13
2 path.c:205 0x209e26d9 6
2 path.c:205 0x209e2899 7
3 path.c:223 0x209e28b9 0x209e28b9 13 13
4 path.c:246 0x209e28b9 13
4 path.c:31 0x209e26d9 6
4 path.c:31 0x209e2899 7
4 dynarray.c:112 0x209e2999 16
4 dynarray.c:113 0x209e2b19 24
4 path.c:254 0x209e25d9 24
2 path.c:178 0x209e25d9 24
1 dynarray.c:84 0x209e2999 24
2 dynarray.c:95 0x209e2b19 16
2 path.c:191 0x209e2899 13
2 path.c:205 0x209e26d9 6
2 path.c:205 0x209e28b9 7
3 path.c:223 0x209e2899 0x209e2899 13 13
1 bdtBad4.c:143 0x209e2d09 32
2 path.c:178 0x209e2e19 24
1 dynarray.c:84 0x209e2949 24
2 dynarray.c:95 0x209e2e49 16
2 path.c:191 0x209e2e79 13
2 path.c:205 0x209e2e99 6
2 path.c:205 0x209e2eb9 7
3 path.c:223 0x209e2e79 0x209e2e79 13 13
4 path.c:246 0x209e2e79 13
4 path.c:31 0x209e2e99 6
4 path.c:31 0x209e2eb9 7
4 dynarray.c:112 0x209e2e49 16
4 dynarray.c:113 0x209e2949 24
4 path.c:254 0x209e2e19 24
4 bdtBad4.c:193 0x209e2d09 32
4 path.c:246 0x209e2979 13
4 path.c:31 0x209e26f9 6
4 path.c:31 0x209e29c9 7
4 dynarray.c:112 0x209e2719 16
4 dynarray.c:113 0x209e2669 24
4 path.c:254 0x209e2639 24
4 path.c:246 0x209e2899 13
4 path.c:31 0x209e26d9 6
4 path.c:31 0x209e28b9 7
4 dynarray.c:112 0x209e2b19 16
4 dynarray.c:113 0x209e2999 24
4 path.c:254 0x209e25d9 24
2 path.c:128 0x209e25d9 24
1 dynarray.c:84 0x209e2949 24
2 dynarray.c:95 0x209e2999 16
2 path.c:90 0x209e28b9 6
2 path.c:90 0x209e26d9 4
2 path.c:90 0x209e2899 5
3 dynarray.c:69 0x209e2ed9 0x209e2999 16 32
2 path.c:90 0x209e29c9 7
1 path.c:143 0x209e2b19 22
2 path.c:178 0x209e2999 24
1 dynarray.c:84 0x209e2639 24
2 dynarray.c:95 0x209e2669 16
2 path.c:191 0x209e2e19 22
2 path.c:205 0x209e26f9 6
3 path.c:223 0x209e2e19 0x209e2e19 22 6
4 path.c:246 0x209e2e19 6
4 path.c:31 0x209e26f9 6
4 dynarray.c:112 0x209e2669 16
4 dynarray.c:113 0x209e2639 24
4 path.c:254 0x209e2999 24
2 path.c:178 0x209e2999 24
1 dynarray.c:84 0x209e2719 24
2 dynarray.c:95 0x209e2639 16
2 path.c:191 0x209e2e19 22
2 path.c:205 0x209e26f9 6
2 path.c:205 0x209e2979 4
3 path.c:223 0x209e2e19 0x209e2e19 22 10
4 path.c:246 0x209e2e19 10
4 path.c:31 0x209e26f9 6
4 path.c:31 0x209e2979 4
4 dynarray.c:112 0x209e2639 16
4 dynarray.c:113 0x209e2719 24
4 path.c:254 0x209e2999 24
2 path.c:178 0x209e2999 24
1 dynarray.c:84 0x209e2669 24
2 dynarray.c:95 0x209e2719 16
2 path.c:191 0x209e2e19 22
2 path.c:205 0x209e2979 6
2 path.c:205 0x209e26f9 4
3 path.c:223 0x209e2e19 0x209e2e19 22 10
1 bdtBad4.c:143 0x209e2d09 32
2 path.c:178 0x209e2f19 24
1 dynarray.c:84 0x209e2639 24
2 dynarray.c:95 0x209e2f49 16
2 path.c:191 0x209e2eb9 10
2 path.c:205 0x209e2e99 6
2 path.c:205 0x209e2e79 4
3 path.c:223 0x209e2eb9 0x209e2eb9 10 10
4 path.c:246 0x209e2eb9 10
4 path.c:31 0x209e2e99 6
4 path.c:31 0x209e2e79 4
4 dynarray.c:112 0x209e2f49 16
4 dynarray.c:113 0x209e2639 24
4 path.c:254 0x209e2f19 24
4 bdtBad4.c:193 0x209e2d09 32
4 path.c:246 0x209e2b19 22
4 path.c:31 0x209e28b9 6
4 path.c:31 0x209e26d9 4
4 path.c:31 0x209e2899 5
4 path.c:31 0x209e29c9 7
4 dynarray.c:112 0x209e2ed9 32
4 dynarray.c:113 0x209e2949 24
4 path.c:254 0x209e25d9 24
4 path.c:246 0x209e2e19 10
4 path.c:31 0x209e2979 6
4 path.c:31 0x209e26f9 4
4 dynarray.c:112 0x209e2719 16
4 dynarray.c:113 0x209e2669 24
4 path.c:254 0x209e2999 24
2 path.c:128 0x209e2999 24
1 dynarray.c:84 0x209e2f49 24
2 dynarray.c:95 0x209e2669 16
2 path.c:90 0x209e26f9 6
1 path.c:143 0x209e2b49 6
2 path.c:178 0x209e2e19 24
1 dynarray.c:84 0x209e2719 24
2 dynarray.c:95 0x209e25d9 16
2 path.c:191 0x209e2979 6
2 path.c:205 0x209e2899 6
3 path.c:223 0x209e2979 0x209e2979 6 6
4 path.c:246 0x209e2979 6
4 path.c:31 0x209e2899 6
4 dynarray.c:112 0x209e25d9 16
4 dynarray.c:113 0x209e2719 24
4 path.c:254 0x209e2e19 24
4 path.c:246 0x209e2b49 6
4 path.c:31 0x209e26f9 6
4 dynarray.c:112 0x209e2669 16
4 dynarray.c:113 0x209e2f49 24
4 path.c:254 0x209e2999 24
2 path.c:128 0x209e2999 24
1 dynarray.c:84 0x209e2949 24
2 dynarray.c:95 0x209e2f49 16
2 path.c:90 0x209e26f9 6
2 path.c:90 0x209e2b49 7
1 path.c:143 0x209e29c9 13
2 path.c:178 0x209e2e19 24
1 dynarray.c:84 0x209e2669 24
2 dynarray.c:95 0x209e2719 16
2 path.c:191 0x209e2899 13
2 path.c:205 0x209e26d9 6
3 path.c:223 0x209e2899 0x209e2899 13 6
4 path.c:246 0x209e2899 6
4 path.c:31 0x209e26d9 6
4 dynarray.c:112 0x209e2719 16
4 dynarray.c:113 0x209e2669 24
4 path.c:254 0x209e2e19 24
2 path.c:178 0x209e2e19 24
1 dynarray.c:84 0x209e25d9 24
2 dynarray.c:95 0x209e2669 16
2 path.c:191 0x209e26d9 13
2 path.c:205 0x209e2899 6
2 path.c:205 0x209e28b9 7
3 path.c:223 0x209e26d9 0x209e26d9 13 13
4 path.c:246 0x209e26d9 13
4 path.c:31 0x209e2899 6
4 path.c:31 0x209e28b9 7
4 dynarray.c:112 0x209e2669 16
4 dynarray.c:113 0x209e25d9 24
4 path.c:254 0x209e2e19 24
4 path.c:246 0x209e29c9 13
4 path.c:31 0x209e26f9 6
4 path.c:31 0x209e2b49 7
4 dynarray.c:112 0x209e2f49 16
4 dynarray.c:113 0x209e2949 24
4 path.c:254 0x209e2999 24
2 path.c:128 0x209e2999 24
1 dynarray.c:84 0x209e2719 24
2 dynarray.c:95 0x209e2949 16
2 path.c:90 0x209e2b49 6
2 path.c:90 0x209e26f9 8
1 path.c:143 0x209e2979 14
2 path.c:178 0x209e2e19 24
1 dynarray.c:84 0x209e2f49 24
2 dynarray.c:95 0x209e25d9 16
2 path.c:191 0x209e29c9 14
2 path.c:205 0x209e2899 6
3 path.c:223 0x209e29c9 0x209e29c9 14 6
4 path.c:246 0x209e29c9 6
4 path.c:31 0x209e2899 6
4 dynarray.c:112 0x209e25d9 16
4 dynarray.c:113 0x209e2f49 24
4 path.c:254 0x209e2e19 24
2 path.c:178 0x209e2e19 24
1 dynarray.c:84 0x209e2669 24
2 dynarray.c:95 0x209e2f49 16
2 path.c:191 0x209e2899 14
2 path.c:205 0x209e29c9 6
2 path.c:205 0x209e26d9 8
3 path.c:223 0x209e2899 0x209e2899 14 14
4 path.c:246 0x209e2899 14
4 path.c:31 0x209e29c9 6
4 path.c:31 0x209e26d9 8
4 dynarray.c:112 0x209e2f49 16
4 dynarray.c:113 0x209e2669 24
4 path.c:254 0x209e2e19 24
4 path.c:246 0x209e2979 14
4 path.c:31 0x209e2b49 6
4 path.c:31 0x209e26f9 8
4 dynarray.c:112 0x209e2949 16
4 dynarray.c:113 0x209e2719 24
4 path.c:254 0x209e2999 24
2 path.c:128 0x209e2999 24
1 dynarray.c:84 0x209e25d9 24
2 dynarray.c:95 0x209e2719 16
2 path.c:90 0x209e26f9 6
2 path.c:90 0x209e2b49 7
1 path.c:143 0x209e28b9 13
2 path.c:178 0x209e2e19 24
1 dynarray.c:84 0x209e2949 24
2 dynarray.c:95 0x209e2669 16
2 path.c:191 0x209e2979 13
2 path.c:205 0x209e29c9 6
3 path.c:223 0x209e2979 0x209e2979 13 6
4 path.c:246 0x209e2979 6
4 path.c:31 0x209e29c9 6
4 dynarray.c:112 0x209e2669 16
4 dynarray.c:113 0x209e2949 24
4 path.c:254 0x209e2e19 24
2 path.c:178 0x209e2e19 24
1 dynarray.c:84 0x209e2f49 24
2 dynarray.c:95 0x209e2949 16
2 path.c:191 0x209e29c9 13
2 path.c:205 0x209e2979 6
2 path.c:205 0x209e2899 7
3 path.c:223 0x209e29c9 0x209e29c9 13 13
4 path.c:246 0x209e29c9 13
4 path.c:31 0x209e2979 6
4 path.c:31 0x209e2899 7
4 dynarray.c:112 0x209e2949 16
4 dynarray.c:113 0x209e2f49 24
4 path.c:254 0x209e2e19 24
4 path.c:246 0x209e28b9 13
4 path.c:31 0x209e26f9 6
4 path.c:31 0x209e2b49 7
4 dynarray.c:112 0x209e2719 16
4 dynarray.c:113 0x209e25d9 24
4 path.c:254 0x209e2999 24
2 path.c:128 0x209e2999 24
1 dynarray.c:84 0x209e2669 24
2 dynarray.c:95 0x209e25d9 16
2 path.c:90 0x209e2b49 6
2 path.c:90 0x209e26f9 4
1 path.c:143 0x209e26d9 10
2 path.c:178 0x209e2e19 24
1 dynarray.c:84 0x209e2719 24
2 dynarray.c:95 0x209e2f49 16
2 path.c:191 0x209e28b9 10
2 path.c:205 0x209e2979 6
3 path.c:223 0x209e28b9 0x209e28b9 10 6
4 path.c:246 0x209e28b9 6
4 path.c:31 0x209e2979 6
4 dynarray.c:112 0x209e2f49 16
4 dynarray.c:113 0x209e2719 24
4 path.c:254 0x209e2e19 24
2 path.c:178 0x209e2e19 24
1 dynarray.c:84 0x209e2949 24
2 dynarray.c:95 0x209e2719 16
2 path.c:191 0x209e2979 10
2 path.c:205 0x209e28b9 6
2 path.c:205 0x209e29c9 4
3 path.c:223 0x209e2979 0x209e2979 10 10
4 path.c:246 0x209e2979 10
4 path.c:31 0x209e28b9 6
4 path.c:31 0x209e29c9 4
4 dynarray.c:112 0x209e2719 16
4 dynarray.c:113 0x209e2949 24
4 path.c:254 0x209e2e19 24
4 path.c:246 0x209e26d9 10
4 path.c:31 0x209e2b49 6
4 path.c:31 0x209e26f9 4
4 dynarray.c:112 0x209e25d9 16
4 dynarray.c:113 0x209e2669 24
4 path.c:254 0x209e2999 24
2 path.c:128 0x209e2999 24
1 dynarray.c:84 0x209e2f49 24
2 dynarray.c:95 0x209e2669 16
2 path.c:90 0x209e26f9 6
2 path.c:90 0x209e2b49 4
2 path.c:90 0x209e26d9 5
3 dynarray.c:69 0x209e2f79 0x209e2669 16 32
1 path.c:143 0x209e25d9 15
2 path.c:178 0x209e2669 24
1 dynarray.c:84 0x209e2e19 24
2 dynarray.c:95 0x209e2949 16
2 path.c:191 0x209e2b19 15
2 path.c:205 0x209e29c9 6
3 path.c:223 0x209e2b19 0x209e2b19 15 6
4 path.c:246 0x209e2b19 6
4 path.c:31 0x209e29c9 6
4 dynarray.c:112 0x209e2949 16
4 dynarray.c:113 0x209e2e19 24
4 path.c:254 0x209e2669 24
2 path.c:178 0x209e2669 24
1 dynarray.c:84 0x209e2719 24
2 dynarray.c:95 0x209e2e19 16
2 path.c:191 0x209e2b19 15
2 path.c:205 0x209e29c9 6
2 path.c:205 0x209e28b9 4
3 path.c:223 0x209e2b19 0x209e2b19 15 10
4 path.c:246 0x209e2b19 10
4 path.c:31 0x209e29c9 6
4 path.c:31 0x209e28b9 4
4 dynarray.c:112 0x209e2e19 16
4 dynarray.c:113 0x209e2719 24
4 path.c:254 0x209e2669 24
4 path.c:246 0x209e25d9 15
4 path.c:31 0x209e26f9 6
4 path.c:31 0x209e2b49 4
4 path.c:31 0x209e26d9 5
4 dynarray.c:112 0x209e2f79 32
4 dynarray.c:113 0x209e2f49 24
4 path.c:254 0x209e2999 24
2 path.c:128 0x209e2999 24
1 dynarray.c:84 0x209e2949 24
2 dynarray.c:95 0x209e2f49 16
2 path.c:90 0x209e26d9 6
2 path.c:90 0x209e2b49 4
2 path.c:90 0x209e26f9 5
3 dynarray.c:69 0x209e2fb9 0x209e2f49 16 32
2 path.c:90 0x209e28b9 7
1 path.c:143 0x209e25d9 22
2 path.c:178 0x209e2f49 24
1 dynarray.c:84 0x209e2669 24
2 dynarray.c:95 0x209e2719 16
2 path.c:191 0x209e2b19 22
2 path.c:205 0x209e29c9 6
3 path.c:223 0x209e2b19 0x209e2b19 22 6
4 path.c:246 0x209e2b19 6
4 path.c:31 0x209e29c9 6
4 dynarray.c:112 0x209e2719 16
4 dynarray.c:113 0x209e2669 24
4 path.c:254 0x209e2f49 24
2 path.c:178 0x209e2f49 24
1 dynarray.c:84 0x209e2e19 24
2 dynarray.c:95 0x209e2669 16
2 path.c:191 0x209e2b19 22
2 path.c:205 0x209e29c9 6
2 path.c:205 0x209e2979 4
3 path.c:223 0x209e2b19 0x209e2b19 22 10
4 path.c:246 0x209e2b19 10
4 path.c:31 0x209e29c9 6
4 path.c:31 0x209e2979 4
4 dynarray.c:112 0x209e2669 16
4 dynarray.c:113 0x209e2e19 24
4 path.c:254 0x209e2f49 24
4 path.c:246 0x209e25d9 22
4 path.c:31 0x209e26d9 6
4 path.c:31 0x209e2b49 4
4 path.c:31 0x209e26f9 5
4 path.c:31 0x209e28b9 7
4 dynarray.c:112 0x209e2fb9 32
4 dynarray.c:113 0x209e2949 24
4 path.c:254 0x209e2999 24
1 dynarray.c:84 0x209e2719 24
2 dynarray.c:95 0x209e2ff9 32
1 bdtBad4.c:663 0x209e3039 55
4 dynarray.c:112 0x209e2ff9 32
4 dynarray.c:113 0x209e2719 24
6 bdt_client.c:82 0x209e3039
4 bdt_client.c:82 0x209e3039 55
2 path.c:128 0x209e2999 24
1 dynarray.c:84 0x209e2719 24
2 dynarray.c:95 0x209e2949 16
2 path.c:90 0x209e28b9 6
2 path.c:90 0x209e26f9 7
2 path.c:90 0x209e2b49 12
3 dynarray.c:69 0x209e3089 0x209e2949 16 32
1 path.c:143 0x209e25d9 25
2 path.c:178 0x209e2949 24
1 dynarray.c:84 0x209e2f49 24
2 dynarray.c:95 0x209e2e19 16
2 path.c:191 0x209e2b19 25
2 path.c:205 0x209e26d9 6
3 path.c:223 0x209e2b19 0x209e2b19 25 6
4 path.c:246 0x209e2b19 6
4 path.c:31 0x209e26d9 6
4 dynarray.c:112 0x209e2e19 16
4 dynarray.c:113 0x209e2f49 24
4 path.c:254 0x209e2949 24
2 path.c:178 0x209e2949 24
1 dynarray.c:84 0x209e2669 24
2 dynarray.c:95 0x209e2f49 16
2 path.c:191 0x209e2b19 25
2 path.c:205 0x209e26d9 6
2 path.c:205 0x209e2979 7
3 path.c:223 0x209e2b19 0x209e2b19 25 13
4 path.c:246 0x209e2b19 13
4 path.c:31 0x209e26d9 6
4 path.c:31 0x209e2979 7
4 dynarray.c:112 0x209e2f49 16
4 dynarray.c:113 0x209e2669 24
4 path.c:254 0x209e2949 24
2 path.c:178 0x209e2949 24
1 dynarray.c:84 0x209e2e19 24
2 dynarray.c:95 0x209e2669 24
2 path.c:191 0x209e2b19 25
2 path.c:205 0x209e2979 6
2 path.c:205 0x209e26d9 7
2 path.c:205 0x209e29c9 12
3 path.c:223 0x209e2b19 0x209e2b19 25 25
4 path.c:246 0x209e2b19 25
4 path.c:31 0x209e2979 6
4 path.c:31 0x209e26d9 7
4 path.c:31 0x209e29c9 12
4 dynarray.c:112 0x209e2669 24
4 dynarray.c:113 0x209e2e19 24
4 path.c:254 0x209e2949 24
4 path.c:246 0x209e25d9 25
4 path.c:31 0x209e28b9 6
4 path.c:31 0x209e26f9 7
4 path.c:31 0x209e2b49 12
4 dynarray.c:112 0x209e3089 32
4 dynarray.c:113 0x209e2719 24
4 path.c:254 0x209e2999 24
2 path.c:128 0x209e2999 24
1 dynarray.c:84 0x209e2f49 24
2 dynarray.c:95 0x209e2719 16
2 path.c:90 0x209e2b49 6
2 path.c:90 0x209e26f9 8
2 path.c:90 0x209e28b9 12
3 dynarray.c:69 0x209e3089 0x209e2719 16 32
1 path.c:143 0x209e25d9 26
2 path.c:178 0x209e2719 24
1 dynarray.c:84 0x209e2949 24
2 dynarray.c:95 0x209e2e19 16
2 path.c:191 0x209e2b19 26
2 path.c:205 0x209e29c9 6
3 path.c:223 0x209e2b19 0x209e2b19 26 6
4 path.c:246 0x209e2b19 6
4 path.c:31 0x209e29c9 6
4 dynarray.c:112 0x209e2e19 16
4 dynarray.c:113 0x209e2949 24
4 path.c:254 0x209e2719 24
2 path.c:178 0x209e2719 24
1 dynarray.c:84 0x209e2669 24
2 dynarray.c:95 0x209e2949 16
2 path.c:191 0x209e2b19 26
2 path.c:205 0x209e29c9 6
2 path.c:205 0x209e26d9 8
3 path.c:223 0x209e2b19 0x209e2b19 26 14
4 path.c:246 0x209e2b19 14
4 path.c:31 0x209e29c9 6
4 path.c:31 0x209e26d9 8
4 dynarray.c:112 0x209e2949 16
4 dynarray.c:113 0x209e2669 24
4 path.c:254 0x209e2719 24
2 path.c:178 0x209e2719 24
1 dynarray.c:84 0x209e2e19 24
2 dynarray.c:95 0x209e2669 24
2 path.c:191 0x209e2b19 26
2 path.c:205 0x209e26d9 6
2 path.c:205 0x209e29c9 8
2 path.c:205 0x209e2979 12
3 path.c:223 0x209e2b19 0x209e2b19 26 26
4 path.c:246 0x209e2b19 26
4 path.c:31 0x209e26d9 6
4 path.c:31 0x209e29c9 8
4 path.c:31 0x209e2979 12
4 dynarray.c:112 0x209e2669 24
4 dynarray.c:113 0x209e2e19 24
4 path.c:254 0x209e2719 24
4 path.c:246 0x209e25d9 26
4 path.c:31 0x209e2b49 6
4 path.c:31 0x209e26f9 8
4 path.c:31 0x209e28b9 12
4 dynarray.c:112 0x209e3089 32
4 dynarray.c:113 0x209e2f49 24
4 path.c:254 0x209e2999 24
2 path.c:128 0x209e2999 24
1 dynarray.c:84 0x209e2949 24
2 dynarray.c:95 0x209e2f49 16
2 path.c:90 0x209e28b9 6
2 path.c:90 0x209e26f9 8
2 path.c:90 0x209e2b49 12
3 dynarray.c:69 0x209e3089 0x209e2f49 16 32
1 path.c:143 0x209e25d9 26
2 path.c:178 0x209e2f49 24
1 dynarray.c:84 0x209e2719 24
2 dynarray.c:95 0x209e2e19 16
2 path.c:191 0x209e2b19 26
2 path.c:205 0x209e2979 6
3 path.c:223 0x209e2b19 0x209e2b19 26 6
4 path.c:246 0x209e2b19 6
4 path.c:31 0x209e2979 6
4 dynarray.c:112 0x209e2e19 16
4 dynarray.c:113 0x209e2719 24
4 path.c:254 0x209e2f49 24
2 path.c:178 0x209e2f49 24
1 dynarray.c:84 0x209e2669 24
2 dynarray.c:95 0x209e2719 16
2 path.c:191 0x209e2b19 26
2 path.c:205 0x209e2979 6
2 path.c:205 0x209e29c9 8
3 path.c:223 0x209e2b19 0x209e2b19 26 14
4 path.c:246 0x209e2b19 14
4 path.c:31 0x209e2979 6
4 path.c:31 0x209e29c9 8
4 dynarray.c:112 0x209e2719 16
4 dynarray.c:113 0x209e2669 24
4 path.c:254 0x209e2f49 24
2 path.c:178 0x209e2f49 24
1 dynarray.c:84 0x209e2e19 24
2 dynarray.c:95 0x209e2669 24
2 path.c:191 0x209e2b19 26
2 path.c:205 0x209e29c9 6
2 path.c:205 0x209e2979 8
2 path.c:205 0x209e26d9 12
3 path.c:223 0x209e2b19 0x209e2b19 26 26
4 path.c:246 0x209e2b19 26
4 path.c:31 0x209e29c9 6
4 path.c:31 0x209e2979 8
4 path.c:31 0x209e26d9 12
4 dynarray.c:112 0x209e2669 24
4 dynarray.c:113 0x209e2e19 24
4 path.c:254 0x209e2f49 24
2 path.c:178 0x209e2f49 24
1 dynarray.c:84 0x209e2719 24
2 dynarray.c:95 0x209e2e19 24
2 path.c:191 0x209e2b19 26
2 path.c:205 0x209e26d9 6
2 path.c:205 0x209e2979 8
2 path.c:205 0x209e29c9 12
3 path.c:223 0x209e2b19 0x209e2b19 26 26
1 bdtBad4.c:143 0x209e2ff9 32
2 path.c:178 0x209e2f19 24
1 dynarray.c:84 0x209e2669 24
2 dynarray.c:95 0x209e2639 24
2 path.c:191 0x209e30c9 26
2 path.c:205 0x209e2e79 6
2 path.c:205 0x209e2e99 8
2 path.c:205 0x209e2eb9 12
3 path.c:223 0x209e30c9 0x209e30c9 26 26
4 path.c:246 0x209e2b19 26
4 path.c:31 0x209e26d9 6
4 path.c:31 0x209e2979 8
4 path.c:31 0x209e29c9 12
4 dynarray.c:112 0x209e2e19 24
4 dynarray.c:113 0x209e2719 24
4 path.c:254 0x209e2f49 24
4 path.c:246 0x209e25d9 26
4 path.c:31 0x209e28b9 6
4 path.c:31 0x209e26f9 8
4 path.c:31 0x209e2b49 12
4 dynarray.c:112 0x209e3089 32
4 dynarray.c:113 0x209e2949 24
4 path.c:254 0x209e2999 24
2 path.c:128 0x209e2999 24
1 dynarray.c:84 0x209e2b19 24
2 dynarray.c:95 0x209e2949 16
2 path.c:90 0x209e2b49 6
2 path.c:90 0x209e26f9 7
2 path.c:90 0x209e28b9 12
3 dynarray.c:69 0x209e30f9 0x209e2949 16 32
1 path.c:143 0x209e25d9 25
2 path.c:178 0x209e2949 24
1 dynarray.c:84 0x209e2f49 24
2 dynarray.c:95 0x209e2719 16
2 path.c:191 0x209e3139 25
2 path.c:205 0x209e29c9 6
3 path.c:223 0x209e3139 0x209e3139 25 6
4 path.c:246 0x209e3139 6
4 path.c:31 0x209e29c9 6
4 dynarray.c:112 0x209e2719 16
4 dynarray.c:113 0x209e2f49 24
4 path.c:254 0x209e2949 24
2 path.c:178 0x209e2949 24
1 dynarray.c:84 0x209e2e19 24
2 dynarray.c:95 0x209e2f49 16
2 path.c:191 0x209e3139 25
2 path.c:205 0x209e29c9 6
2 path.c:205 0x209e2979 7
3 path.c:223 0x209e3139 0x209e3139 25 13
4 path.c:246 0x209e3139 13
4 path.c:31 0x209e29c9 6
4 path.c:31 0x209e2979 7
4 dynarray.c:112 0x209e2f49 16
4 dynarray.c:113 0x209e2e19 24
4 path.c:254 0x209e2949 24
2 path.c:178 0x209e2949 24
1 dynarray.c:84 0x209e2719 24
2 dynarray.c:95 0x209e2e19 24
2 path.c:191 0x209e3139 25
2 path.c:205 0x209e2979 6
2 path.c:205 0x209e29c9 7
2 path.c:205 0x209e26d9 12
3 path.c:223 0x209e3139 0x209e3139 25 25
4 path.c:246 0x209e3139 25
4 path.c:31 0x209e2979 6
4 path.c:31 0x209e29c9 7
4 path.c:31 0x209e26d9 12
4 dynarray.c:112 0x209e2e19 24
4 dynarray.c:113 0x209e2719 24
4 path.c:254 0x209e2949 24
4 path.c:246 0x209e25d9 25
4 path.c:31 0x209e2b49 6
4 path.c:31 0x209e26f9 7
4 path.c:31 0x209e28b9 12
4 dynarray.c:112 0x209e30f9 32
4 dynarray.c:113 0x209e2b19 24
4 path.c:254 0x209e2999 24
2 path.c:128 0x209e2999 24
1 dynarray.c:84 0x209e2f49 24
2 dynarray.c:95 0x209e2b19 16
2 path.c:90 0x209e28b9 6
2 path.c:90 0x209e26f9 8
2 path.c:90 0x209e2b49 12
3 dynarray.c:69 0x209e30f9 0x209e2b19 16 32
1 path.c:143 0x209e25d9 26
2 path.c:178 0x209e2b19 24
1 dynarray.c:84 0x209e2949 24
2 dynarray.c:95 0x209e2719 16
2 path.c:191 0x209e3139 26
2 path.c:205 0x209e26d9 6
3 path.c:223 0x209e3139 0x209e3139 26 6
4 path.c:246 0x209e3139 6
4 path.c:31 0x209e26d9 6
4 dynarray.c:112 0x209e2719 16
4 dynarray.c:113 0x209e2949 24
4 path.c:254 0x209e2b19 24
2 path.c:178 0x209e2b19 24
1 dynarray.c:84 0x209e2e19 24
2 dynarray.c:95 0x209e2949 16
2 path.c:191 0x209e3139 26
2 path.c:205 0x209e26d9 6
2 path.c:205 0x209e29c9 8
3 path.c:223 0x209e3139 0x209e3139 26 14
4 path.c:246 0x209e3139 14
4 path.c:31 0x209e26d9 6
4 path.c:31 0x209e29c9 8
4 dynarray.c:112 0x209e2949 16
4 dynarray.c:113 0x209e2e19 24
4 path.c:254 0x209e2b19 24
2 path.c:178 0x209e2b19 24
1 dynarray.c:84 0x209e2719 24
2 dynarray.c:95 0x209e2e19 24
2 path.c:191 0x209e3139 26
2 path.c:205 0x209e29c9 6
2 path.c:205 0x209e26d9 8
2 path.c:205 0x209e2979 12
3 path.c:223 0x209e3139 0x209e3139 26 26
4 path.c:246 0x209e3139 26
4 path.c:31 0x209e29c9 6
4 path.c:31 0x209e26d9 8
4 path.c:31 0x209e2979 12
4 dynarray.c:112 0x209e2e19 24
4 dynarray.c:113 0x209e2719 24
4 path.c:254 0x209e2b19 24
4 path.c:246 0x209e25d9 26
4 path.c:31 0x209e28b9 6
4 path.c:31 0x209e26f9 8
4 path.c:31 0x209e2b49 12
4 dynarray.c:112 0x209e30f9 32
4 dynarray.c:113 0x209e2f49 24
4 path.c:254 0x209e2999 24
2 path.c:128 0x209e2999 24
1 dynarray.c:84 0x209e2949 24
2 dynarray.c:95 0x209e2f49 16
2 path.c:90 0x209e2b49 6
2 path.c:90 0x209e26f9 8
2 path.c:90 0x209e28b9 12
3 dynarray.c:69 0x209e30f9 0x209e2f49 16 32
1 path.c:143 0x209e25d9 26
2 path.c:178 0x209e2f49 24
1 dynarray.c:84 0x209e2b19 24
2 dynarray.c:95 0x209e2719 16
2 path.c:191 0x209e3139 26
2 path.c:205 0x209e2979 6
3 path.c:223 0x209e3139 0x209e3139 26 6
4 path.c:246 0x209e3139 6
4 path.c:31 0x209e2979 6
4 dynarray.c:112 0x209e2719 16
4 dynarray.c:113 0x209e2b19 24
4 path.c:254 0x209e2f49 24
2 path.c:178 0x209e2f49 24
1 dynarray.c:84 0x209e2e19 24
2 dynarray.c:95 0x209e2b19 16
2 path.c:191 0x209e3139 26
2 path.c:205 0x209e2979 6
2 path.c:205 0x209e26d9 8
3 path.c:223 0x209e3139 0x209e3139 26 14
4 path.c:246 0x209e3139 14
4 path.c:31 0x209e2979 6
4 path.c:31 0x209e26d9 8
4 dynarray.c:112 0x209e2b19 16
4 dynarray.c:113 0x209e2e19 24
4 path.c:254 0x209e2f49 24
2 path.c:178 0x209e2f49 24
1 dynarray.c:84 0x209e2719 24
2 dynarray.c:95 0x209e2e19 24
2 path.c:191 0x209e3139 26
2 path.c:205 0x209e26d9 6
2 path.c:205 0x209e2979 8
2 path.c:205 0x209e29c9 12
3 path.c:223 0x209e3139 0x209e3139 26 26
4 path.c:246 0x209e3139 26
4 path.c:31 0x209e26d9 6
4 path.c:31 0x209e2979 8
4 path.c:31 0x209e29c9 12
4 dynarray.c:112 0x209e2e19 24
4 dynarray.c:113 0x209e2719 24
4 path.c:254 0x209e2f49 24
4 path.c:246 0x209e25d9 26
4 path.c:31 0x209e2b49 6
4 path.c:31 0x209e26f9 8
4 path.c:31 0x209e28b9 12
4 dynarray.c:112 0x209e30f9 32
4 dynarray.c:113 0x209e2949 24
4 path.c:254 0x209e2999 24
2 path.c:128 0x209e2999 24
1 dynarray.c:84 0x209e2b19 24
2 dynarray.c:95 0x209e2949 16
2 path.c:90 0x209e28b9 6
2 path.c:90 0x209e26f9 8
2 path.c:90 0x209e2b49 12
3 dynarray.c:69 0x209e30f9 0x209e2949 16 32
2 path.c:90 0x209e29c9 6
1 path.c:143 0x209e3089 32
2 path.c:178 0x209e2949 24
1 dynarray.c:84 0x209e25d9 24
2 dynarray.c:95 0x209e2f49 16
2 path.c:191 0x209e3169 32
2 path.c:205 0x209e2979 6
3 path.c:223 0x209e3169 0x209e3169 32 6
4 path.c:246 0x209e3169 6
4 path.c:31 0x209e2979 6
4 dynarray.c:112 0x209e2f49 16
4 dynarray.c:113 0x209e25d9 24
4 path.c:254 0x209e2949 24
2 path.c:178 0x209e2949 24
1 dynarray.c:84 0x209e2719 24
2 dynarray.c:95 0x209e25d9 16
2 path.c:191 0x209e31a9 32
2 path.c:205 0x209e2979 6
2 path.c:205 0x209e3169 8
3 path.c:223 0x209e31a9 0x209e31a9 32 14
4 path.c:246 0x209e31a9 14
4 path.c:31 0x209e2979 6
4 path.c:31 0x209e3169 8
4 dynarray.c:112 0x209e25d9 16
4 dynarray.c:113 0x209e2719 24
4 path.c:254 0x209e2949 24
2 path.c:178 0x209e2949 24
1 dynarray.c:84 0x209e2f49 24
2 dynarray.c:95 0x209e2719 24
2 path.c:191 0x209e31e9 32
2 path.c:205 0x209e3169 6
2 path.c:205 0x209e2979 8
2 path.c:205 0x209e31a9 12
3 path.c:223 0x209e31e9 0x209e31e9 32 26
4 path.c:246 0x209e31e9 26
4 path.c:31 0x209e3169 6
4 path.c:31 0x209e2979 8
4 path.c:31 0x209e31a9 12
4 dynarray.c:112 0x209e2719 24
4 dynarray.c:113 0x209e2f49 24
4 path.c:254 0x209e2949 24
2 path.c:178 0x209e2949 24
1 dynarray.c:84 0x209e25d9 24
2 dynarray.c:95 0x209e3229 32
2 path.c:191 0x209e3269 32
2 path.c:205 0x209e31a9 6
2 path.c:205 0x209e2979 8
2 path.c:205 0x209e3169 12
2 path.c:205 0x209e31c9 6
3 path.c:223 0x209e3269 0x209e3269 32 32
4 path.c:246 0x209e3269 32
4 path.c:31 0x209e31a9 6
4 path.c:31 0x209e2979 8
4 path.c:31 0x209e3169 12
4 path.c:31 0x209e31c9 6
4 dynarray.c:112 0x209e3229 32
4 dynarray.c:113 0x209e25d9 24
4 path.c:254 0x209e2949 24
2 path.c:178 0x209e2949 24
1 dynarray.c:84 0x209e25d9 24
2 dynarray.c:95 0x209e3229 32
2 path.c:191 0x209e3269 32
2 path.c:205 0x209e31c9 6
2 path.c:205 0x209e3169 8
2 path.c:205 0x209e2979 12
2 path.c:205 0x209e31a9 6
3 path.c:223 0x209e3269 0x209e3269 32 32
1 bdtBad4.c:143 0x209e31e9 32
2 path.c:178 0x209e2f49 24
1 dynarray.c:84 0x209e2719 24
2 dynarray.c:95 0x209e32a9 32
2 path.c:191 0x209e32e9 32
2 path.c:205 0x209e3189 6
2 path.c:205 0x209e26d9 8
2 path.c:205 0x209e3329 12
2 path.c:205 0x209e3349 6
3 path.c:223 0x209e32e9 0x209e32e9 32 32
4 path.c:246 0x209e3269 32
4 path.c:31 0x209e31c9 6
4 path.c:31 0x209e3169 8
4 path.c:31 0x209e2979 12
4 path.c:31 0x209e31a9 6
4 dynarray.c:112 0x209e3229 32
4 dynarray.c:113 0x209e25d9 24
4 path.c:254 0x209e2949 24
4 path.c:246 0x209e3089 32
4 path.c:31 0x209e28b9 6
4 path.c:31 0x209e26f9 8
4 path.c:31 0x209e2b49 12
4 path.c:31 0x209e29c9 6
4 dynarray.c:112 0x209e30f9 32
4 dynarray.c:113 0x209e2b19 24
4 path.c:254 0x209e2999 24
2 path.c:128 0x209e2999 24
1 dynarray.c:84 0x209e25d9 24
2 dynarray.c:95 0x209e2b19 16
2 path.c:90 0x209e29c9 6
2 path.c:90 0x209e2b49 8
2 path.c:90 0x209e26f9 12
3 dynarray.c:69 0x209e30f9 0x209e2b19 16 32
2 path.c:90 0x209e28b9 6
1 path.c:143 0x209e3269 32
2 path.c:178 0x209e2b19 24
1 dynarray.c:84 0x209e2949 24
2 dynarray.c:95 0x209e2e19 16
2 path.c:191 0x209e3089 32
2 path.c:205 0x209e31a9 6
3 path.c:223 0x209e3089 0x209e3089 32 6
4 path.c:246 0x209e3089 6
4 path.c:31 0x209e31a9 6
4 dynarray.c:112 0x209e2e19 16
4 dynarray.c:113 0x209e2949 24
4 path.c:254 0x209e2b19 24
2 path.c:178 0x209e2b19 24
1 dynarray.c:84 0x209e3139 24
2 dynarray.c:95 0x209e2949 16
2 path.c:191 0x209e3369 32
2 path.c:205 0x209e31a9 6
2 path.c:205 0x209e3089 8
3 path.c:223 0x209e3369 0x209e3369 32 14
4 path.c:246 0x209e3369 14
4 path.c:31 0x209e31a9 6
4 path.c:31 0x209e3089 8
4 dynarray.c:112 0x209e2949 16
4 dynarray.c:113 0x209e3139 24
4 path.c:254 0x209e2b19 24
2 path.c:178 0x209e2b19 24
1 dynarray.c:84 0x209e2e19 24
2 dynarray.c:95 0x209e3139 24
2 path.c:191 0x209e33a9 32
2 path.c:205 0x209e3089 6
2 path.c:205 0x209e31a9 8
2 path.c:205 0x209e3369 12
3 path.c:223 0x209e33a9 0x209e33a9 32 26
4 path.c:246 0x209e33a9 26
4 path.c:31 0x209e3089 6
4 path.c:31 0x209e31a9 8
4 path.c:31 0x209e3369 12
4 dynarray.c:112 0x209e3139 24
4 dynarray.c:113 0x209e2e19 24
4 path.c:254 0x209e2b19 24
2 path.c:178 0x209e2b19 24
1 dynarray.c:84 0x209e2949 24
2 dynarray.c:95 0x209e33a9 32
2 path.c:191 0x209e33e9 32
2 path.c:205 0x209e3369 6
2 path.c:205 0x209e31a9 8
2 path.c:205 0x209e3089 12
2 path.c:205 0x209e3389 6
3 path.c:223 0x209e33e9 0x209e33e9 32 32
4 path.c:246 0x209e33e9 32
4 path.c:31 0x209e3369 6
4 path.c:31 0x209e31a9 8
4 path.c:31 0x209e3089 12
4 path.c:31 0x209e3389 6
4 dynarray.c:112 0x209e33a9 32
4 dynarray.c:113 0x209e2949 24
4 path.c:254 0x209e2b19 24
4 path.c:246 0x209e3269 32
4 path.c:31 0x209e29c9 6
4 path.c:31 0x209e2b49 8
4 path.c:31 0x209e26f9 12
4 path.c:31 0x209e28b9 6
4 dynarray.c:112 0x209e30f9 32
4 dynarray.c:113 0x209e25d9 24
4 path.c:254 0x209e2999 24
1 dynarray.c:84 0x209e2949 24
2 dynarray.c:95 0x209e3429 48
1 bdtBad4.c:663 0x209e3479 111
4 dynarray.c:112 0x209e3429 48
4 dynarray.c:113 0x209e2949 24
6 bdt_client.c:96 0x209e3479
4 bdt_client.c:96 0x209e3479 111
2 path.c:128 0x209e2999 24
1 dynarray.c:84 0x209e2949 24
2 dynarray.c:95 0x209e25d9 16
2 path.c:90 0x209e28b9 6
2 path.c:90 0x209e26f9 8
2 path.c:90 0x209e2b49 12
3 dynarray.c:69 0x209e30f9 0x209e25d9 16 32
2 path.c:90 0x209e29c9 6
1 path.c:143 0x209e3229 32
2 path.c:178 0x209e25d9 24
1 dynarray.c:84 0x209e2b19 24
2 dynarray.c:95 0x209e2e19 16
2 path.c:191 0x209e3269 32
2 path.c:205 0x209e3389 6
3 path.c:223 0x209e3269 0x209e3269 32 6
4 path.c:246 0x209e3269 6
4 path.c:31 0x209e3389 6
4 dynarray.c:112 0x209e2e19 16
4 dynarray.c:113 0x209e2b19 24
4 path.c:254 0x209e25d9 24
2 path.c:178 0x209e25d9 24
1 dynarray.c:84 0x209e3139 24
2 dynarray.c:95 0x209e2b19 16
2 path.c:191 0x209e33e9 32
2 path.c:205 0x209e3389 6
2 path.c:205 0x209e3269 8
3 path.c:223 0x209e33e9 0x209e33e9 32 14
4 path.c:246 0x209e33e9 14
4 path.c:31 0x209e3389 6
4 path.c:31 0x209e3269 8
4 dynarray.c:112 0x209e2b19 16
4 dynarray.c:113 0x209e3139 24
4 path.c:254 0x209e25d9 24
2 path.c:178 0x209e25d9 24
1 dynarray.c:84 0x209e2e19 24
2 dynarray.c:95 0x209e3139 24
2 path.c:191 0x209e3509 32
2 path.c:205 0x209e3269 6
2 path.c:205 0x209e3389 8
2 path.c:205 0x209e33e9 12
3 path.c:223 0x209e3509 0x209e3509 32 26
4 path.c:246 0x209e3509 26
4 path.c:31 0x209e3269 6
4 path.c:31 0x209e3389 8
4 path.c:31 0x209e33e9 12
4 dynarray.c:112 0x209e3139 24
4 dynarray.c:113 0x209e2e19 24
4 path.c:254 0x209e25d9 24
2 path.c:178 0x209e25d9 24
1 dynarray.c:84 0x209e2b19 24
2 dynarray.c:95 0x209e3509 32
2 path.c:191 0x209e3549 32
2 path.c:205 0x209e33e9 6
2 path.c:205 0x209e3389 8
2 path.c:205 0x209e3269 12
2 path.c:205 0x209e3409 6
3 path.c:223 0x209e3549 0x209e3549 32 32
4 path.c:246 0x209e3549 32
4 path.c:31 0x209e33e9 6
4 path.c:31 0x209e3389 8
4 path.c:31 0x209e3269 12
4 path.c:31 0x209e3409 6
4 dynarray.c:112 0x209e3509 32
4 dynarray.c:113 0x209e2b19 24
4 path.c:254 0x209e25d9 24
4 path.c:246 0x209e3229 32
4 path.c:31 0x209e28b9 6
4 path.c:31 0x209e26f9 8
4 path.c:31 0x209e2b49 12
4 path.c:31 0x209e29c9 6
4 dynarray.c:112 0x209e30f9 32
4 dynarray.c:113 0x209e2949 24
4 path.c:254 0x209e2999 24
2 path.c:128 0x209e2999 24
1 dynarray.c:84 0x209e2b19 24
2 dynarray.c:95 0x209e2949 16
2 path.c:90 0x209e29c9 6
2 path.c:90 0x209e2b49 8
2 path.c:90 0x209e26f9 8
3 dynarray.c:69 0x209e30f9 0x209e2949 16 32
1 path.c:143 0x209e25d9 22
2 path.c:178 0x209e2949 24
1 dynarray.c:84 0x209e2e19 24
2 dynarray.c:95 0x209e3139 16
2 path.c:191 0x209e3589 22
2 path.c:205 0x209e28b9 6
3 path.c:223 0x209e3589 0x209e3589 22 6
4 path.c:246 0x209e3589 6
4 path.c:31 0x209e28b9 6
4 dynarray.c:112 0x209e3139 16
4 dynarray.c:113 0x209e2e19 24
4 path.c:254 0x209e2949 24
2 path.c:178 0x209e2949 24
1 dynarray.c:84 0x209e3589 24
2 dynarray.c:95 0x209e2e19 16
2 path.c:191 0x209e35b9 22
2 path.c:205 0x209e28b9 6
2 path.c:205 0x209e3409 8
3 path.c:223 0x209e35b9 0x209e35b9 22 14
4 path.c:246 0x209e35b9 14
4 path.c:31 0x209e28b9 6
4 path.c:31 0x209e3409 8
4 dynarray.c:112 0x209e2e19 16
4 dynarray.c:113 0x209e3589 24
4 path.c:254 0x209e2949 24
2 path.c:178 0x209e2949 24
1 dynarray.c:84 0x209e3139 24
2 dynarray.c:95 0x209e3589 24
2 path.c:191 0x209e35b9 22
2 path.c:205 0x209e3409 6
2 path.c:205 0x209e28b9 8
2 path.c:205 0x209e3269 8
3 path.c:223 0x209e35b9 0x209e35b9 22 22
4 path.c:246 0x209e35b9 22
4 path.c:31 0x209e3409 6
4 path.c:31 0x209e28b9 8
4 path.c:31 0x209e3269 8
4 dynarray.c:112 0x209e3589 24
4 dynarray.c:113 0x209e3139 24
4 path.c:254 0x209e2949 24
4 path.c:246 0x209e25d9 22
4 path.c:31 0x209e29c9 6
4 path.c:31 0x209e2b49 8
4 path.c:31 0x209e26f9 8
4 dynarray.c:112 0x209e30f9 32
4 dynarray.c:113 0x209e2b19 24
4 path.c:254 0x209e2999 24
2 path.c:128 0x209e2999 24
1 dynarray.c:84 0x209e2e19 24
2 dynarray.c:95 0x209e2b19 16
2 path.c:90 0x209e26f9 6
2 path.c:90 0x209e2b49 8
2 path.c:90 0x209e29c9 8
3 dynarray.c:69 0x209e30f9 0x209e2b19 16 32
1 path.c:143 0x209e25d9 22
2 path.c:178 0x209e2b19 24
1 dynarray.c:84 0x209e2949 24
2 dynarray.c:95 0x209e3139 16
2 path.c:191 0x209e35b9 22
2 path.c:205 0x209e3269 6
3 path.c:223 0x209e35b9 0x209e35b9 22 6
4 path.c:246 0x209e35b9 6
4 path.c:31 0x209e3269 6
4 dynarray.c:112 0x209e3139 16
4 dynarray.c:113 0x209e2949 24
4 path.c:254 0x209e2b19 24
2 path.c:178 0x209e2b19 24
1 dynarray.c:84 0x209e3589 24
2 dynarray.c:95 0x209e2949 16
2 path.c:191 0x209e35b9 22
2 path.c:205 0x209e3269 6
2 path.c:205 0x209e28b9 8
3 path.c:223 0x209e35b9 0x209e35b9 22 14
4 path.c:246 0x209e35b9 14
4 path.c:31 0x209e3269 6
4 path.c:31 0x209e28b9 8
4 dynarray.c:112 0x209e2949 16
4 dynarray.c:113 0x209e3589 24
4 path.c:254 0x209e2b19 24
2 path.c:178 0x209e2b19 24
1 dynarray.c:84 0x209e3139 24
2 dynarray.c:95 0x209e3589 24
2 path.c:191 0x209e35b9 22
2 path.c:205 0x209e28b9 6
2 path.c:205 0x209e3269 8
2 path.c:205 0x209e3409 8
3 path.c:223 0x209e35b9 0x209e35b9 22 22
4 path.c:246 0x209e35b9 22
4 path.c:31 0x209e28b9 6
4 path.c:31 0x209e3269 8
4 path.c:31 0x209e3409 8
4 dynarray.c:112 0x209e3589 24
4 dynarray.c:113 0x209e3139 24
4 path.c:254 0x209e2b19 24
4 path.c:246 0x209e25d9 22
4 path.c:31 0x209e26f9 6
4 path.c:31 0x209e2b49 8
4 path.c:31 0x209e29c9 8
4 dynarray.c:112 0x209e30f9 32
4 dynarray.c:113 0x209e2e19 24
4 path.c:254 0x209e2999 24
2 path.c:128 0x209e2999 24
1 dynarray.c:84 0x209e2949 24
2 dynarray.c:95 0x209e2e19 16
2 path.c:90 0x209e29c9 6
2 path.c:90 0x209e2b49 8
2 path.c:90 0x209e26f9 8
3 dynarray.c:69 0x209e30f9 0x209e2e19 16 32
1 path.c:143 0x209e25d9 22
2 path.c:178 0x209e2e19 24
1 dynarray.c:84 0x209e2b19 24
2 dynarray.c:95 0x209e3139 16
2 path.c:191 0x209e35b9 22
2 path.c:205 0x209e3409 6
3 path.c:223 0x209e35b9 0x209e35b9 22 6
4 path.c:246 0x209e35b9 6
4 path.c:31 0x209e3409 6
4 dynarray.c:112 0x209e3139 16
4 dynarray.c:113 0x209e2b19 24
4 path.c:254 0x209e2e19 24
2 path.c:178 0x209e2e19 24
1 dynarray.c:84 0x209e3589 24
2 dynarray.c:95 0x209e2b19 16
2 path.c:191 0x209e35b9 22
2 path.c:205 0x209e3409 6
2 path.c:205 0x209e3269 8
3 path.c:223 0x209e35b9 0x209e35b9 22 14
4 path.c:246 0x209e35b9 14
4 path.c:31 0x209e3409 6
4 path.c:31 0x209e3269 8
4 dynarray.c:112 0x209e2b19 16
4 dynarray.c:113 0x209e3589 24
4 path.c:254 0x209e2e19 24
2 path.c:178 0x209e2e19 24
1 dynarray.c:84 0x209e3139 24
2 dynarray.c:95 0x209e3589 24
2 path.c:191 0x209e35b9 22
2 path.c:205 0x209e3269 6
2 path.c:205 0x209e3409 8
2 path.c:205 0x209e28b9 8
3 path.c:223 0x209e35b9 0x209e35b9 22 22
4 path.c:246 0x209e35b9 22
4 path.c:31 0x209e3269 6
4 path.c:31 0x209e3409 8
4 path.c:31 0x209e28b9 8
4 dynarray.c:112 0x209e3589 24
4 dynarray.c:113 0x209e3139 24
4 path.c:254 0x209e2e19 24
4 path.c:246 0x209e25d9 22
4 path.c:31 0x209e29c9 6
4 path.c:31 0x209e2b49 8
4 path.c:31 0x209e26f9 8
4 dynarray.c:112 0x209e30f9 32
4 dynarray.c:113 0x209e2949 24
4 path.c:254 0x209e2999 24
2 path.c:128 0x209e2999 24
1 dynarray.c:84 0x209e2b19 24
2 dynarray.c:95 0x209e2949 16
2 path.c:90 0x209e26f9 6
2 path.c:90 0x209e2b49 8
1 path.c:143 0x209e2899 14
2 path.c:178 0x209e2e19 24
1 dynarray.c:84 0x209e25d9 24
2 dynarray.c:95 0x209e3139 16
2 path.c:191 0x209e29c9 14
2 path.c:205 0x209e3409 6
3 path.c:223 0x209e29c9 0x209e29c9 14 6
4 path.c:246 0x209e29c9 6
4 path.c:31 0x209e3409 6
4 dynarray.c:112 0x209e3139 16
4 dynarray.c:113 0x209e25d9 24
4 path.c:254 0x209e2e19 24
2 path.c:178 0x209e2e19 24
1 dynarray.c:84 0x209e3589 24
2 dynarray.c:95 0x209e25d9 16
2 path.c:191 0x209e3409 14
2 path.c:205 0x209e29c9 6
2 path.c:205 0x209e3269 8
3 path.c:223 0x209e3409 0x209e3409 14 14
4 path.c:246 0x209e3409 14
4 path.c:31 0x209e29c9 6
4 path.c:31 0x209e3269 8
4 dynarray.c:112 0x209e25d9 16
4 dynarray.c:113 0x209e3589 24
4 path.c:254 0x209e2e19 24
4 path.c:246 0x209e2899 14
4 path.c:31 0x209e26f9 6
4 path.c:31 0x209e2b49 8
4 dynarray.c:112 0x209e2949 16
4 dynarray.c:113 0x209e2b19 24
4 path.c:254 0x209e2999 24
4 path.c:246 0x209e32e9 32
4 path.c:31 0x209e3189 6
4 path.c:31 0x209e26d9 8
4 path.c:31 0x209e3329 12
4 path.c:31 0x209e3349 6
4 dynarray.c:112 0x209e32a9 32
4 dynarray.c:113 0x209e2719 24
4 path.c:254 0x209e2f49 24
4 bdtBad4.c:263 0x209e31e9 32
4 path.c:246 0x209e30c9 26
4 path.c:31 0x209e2e79 6
4 path.c:31 0x209e2e99 8
4 path.c:31 0x209e2eb9 12
4 dynarray.c:112 0x209e2639 24
4 dynarray.c:113 0x209e2669 24
4 path.c:254 0x209e2f19 24
4 bdtBad4.c:263 0x209e2ff9 32
4 path.c:246 0x209e2db9 14
4 path.c:31 0x209e2dd9 6
4 path.c:31 0x209e2df9 8
4 dynarray.c:112 0x209e2d89 16
4 dynarray.c:113 0x209e29e9 24
4 path.c:254 0x209e2cd9 24
4 bdtBad4.c:263 0x209e2d49 32
2 path.c:128 0x209e2cd9 24
1 dynarray.c:84 0x209e3139 24
2 dynarray.c:95 0x209e29e9 16
2 path.c:90 0x209e2df9 6
1 path.c:143 0x209e28b9 6
2 path.c:178 0x209e2f19 24
1 dynarray.c:84 0x209e2d89 24
2 dynarray.c:95 0x209e2669 16
2 path.c:191 0x209e2dd9 6
2 path.c:205 0x209e2eb9 6
3 path.c:223 0x209e2dd9 0x209e2dd9 6 6
4 path.c:246 0x209e2dd9 6
4 path.c:31 0x209e2eb9 6
4 dynarray.c:112 0x209e2669 16
4 dynarray.c:113 0x209e2d89 24
4 path.c:254 0x209e2f19 24
4 path.c:246 0x209e28b9 6
4 path.c:31 0x209e2df9 6
4 dynarray.c:112 0x209e29e9 16
4 dynarray.c:113 0x209e3139 24
4 path.c:254 0x209e2cd9 24
2 path.c:128 0x209e2cd9 24
1 dynarray.c:84 0x209e2639 24
2 dynarray.c:95 0x209e3139 16
2 path.c:90 0x209e2df9 6
2 path.c:90 0x209e28b9 7
1 path.c:143 0x209e2db9 13
2 path.c:178 0x209e2f19 24
1 dynarray.c:84 0x209e29e9 24
2 dynarray.c:95 0x209e2d89 16
2 path.c:191 0x209e2eb9 13
2 path.c:205 0x209e2e99 6
3 path.c:223 0x209e2eb9 0x209e2eb9 13 6
4 path.c:246 0x209e2eb9 6
4 path.c:31 0x209e2e99 6
4 dynarray.c:112 0x209e2d89 16
4 dynarray.c:113 0x209e29e9 24
4 path.c:254 0x209e2f19 24
2 path.c:178 0x209e2f19 24
1 dynarray.c:84 0x209e2669 24
2 dynarray.c:95 0x209e29e9 16
2 path.c:191 0x209e2e99 13
2 path.c:205 0x209e2eb9 6
2 path.c:205 0x209e2e79 7
3 path.c:223 0x209e2e99 0x209e2e99 13 13
4 path.c:246 0x209e2e99 13
4 path.c:31 0x209e2eb9 6
4 path.c:31 0x209e2e79 7
4 dynarray.c:112 0x209e29e9 16
4 dynarray.c:113 0x209e2669 24
4 path.c:254 0x209e2f19 24
4 path.c:246 0x209e2db9 13
4 path.c:31 0x209e2df9 6
4 path.c:31 0x209e28b9 7
4 dynarray.c:112 0x209e3139 16
4 dynarray.c:113 0x209e2639 24
4 path.c:254 0x209e2cd9 24
2 path.c:128 0x209e2cd9 24
1 dynarray.c:84 0x209e2d89 24
2 dynarray.c:95 0x209e2639 16
2 path.c:90 0x209e28b9 6
2 path.c:90 0x209e2df9 8
1 path.c:143 0x209e2dd9 14
2 path.c:178 0x209e2f19 24
1 dynarray.c:84 0x209e3139 24
2 dynarray.c:95 0x209e2669 16
2 path.c:191 0x209e2db9 14
2 path.c:205 0x209e2eb9 6
3 path.c:223 0x209e2db9 0x209e2db9 14 6
4 path.c:246 0x209e2db9 6
4 path.c:31 0x209e2eb9 6
4 dynarray.c:112 0x209e2669 16
4 dynarray.c:113 0x209e3139 24
4 path.c:254 0x209e2f19 24
2 path.c:178 0x209e2f19 24
1 dynarray.c:84 0x209e29e9 24
2 dynarray.c:95 0x209e3139 16
2 path.c:191 0x209e2eb9 14
2 path.c:205 0x209e2db9 6
2 path.c:205 0x209e2e99 8
3 path.c:223 0x209e2eb9 0x209e2eb9 14 14
4 path.c:246 0x209e2eb9 14
4 path.c:31 0x209e2db9 6
4 path.c:31 0x209e2e99 8
4 dynarray.c:112 0x209e3139 16
4 dynarray.c:113 0x209e29e9 24
4 path.c:254 0x209e2f19 24
4 path.c:246 0x209e2dd9 14
4 path.c:31 0x209e28b9 6
4 path.c:31 0x209e2df9 8
4 dynarray.c:112 0x209e2639 16
4 dynarray.c:113 0x209e2d89 24
4 path.c:254 0x209e2cd9 24
2 path.c:128 0x209e2cd9 24
1 dynarray.c:84 0x209e2669 24
2 dynarray.c:95 0x209e2d89 16
2 path.c:90 0x209e2df9 6
2 path.c:90 0x209e28b9 8
2 path.c:90 0x209e2dd9 12
3 dynarray.c:69 0x209e2d49 0x209e2d89 16 32
1 path.c:143 0x209e2639 26
2 path.c:178 0x209e2d89 24
1 dynarray.c:84 0x209e2f19 24
2 dynarray.c:95 0x209e29e9 16
2 path.c:191 0x209e30c9 26
2 path.c:205 0x209e2e99 6
3 path.c:223 0x209e30c9 0x209e30c9 26 6
4 path.c:246 0x209e30c9 6
4 path.c:31 0x209e2e99 6
4 dynarray.c:112 0x209e29e9 16
4 dynarray.c:113 0x209e2f19 24
4 path.c:254 0x209e2d89 24
2 path.c:178 0x209e2d89 24
1 dynarray.c:84 0x209e3139 24
2 dynarray.c:95 0x209e2f19 16
2 path.c:191 0x209e30c9 26
2 path.c:205 0x209e2e99 6
2 path.c:205 0x209e2db9 8
3 path.c:223 0x209e30c9 0x209e30c9 26 14
4 path.c:246 0x209e30c9 14
4 path.c:31 0x209e2e99 6
4 path.c:31 0x209e2db9 8
4 dynarray.c:112 0x209e2f19 16
4 dynarray.c:113 0x209e3139 24
4 path.c:254 0x209e2d89 24
4 path.c:246 0x209e2639 26
4 path.c:31 0x209e2df9 6
4 path.c:31 0x209e28b9 8
4 path.c:31 0x209e2dd9 12
4 dynarray.c:112 0x209e2d49 32
4 dynarray.c:113 0x209e2669 24
4 path.c:254 0x209e2cd9 24
2 path.c:128 0x209e2cd9 24
1 dynarray.c:84 0x209e29e9 24
2 dynarray.c:95 0x209e2669 16
2 path.c:90 0x209e2dd9 6
2 path.c:90 0x209e28b9 8
2 path.c:90 0x209e2df9 12
3 dynarray.c:69 0x209e2d49 0x209e2669 16 32
2 path.c:90 0x209e2db9 6
1 path.c:143 0x209e33a9 32
2 path.c:178 0x209e2669 24
1 dynarray.c:84 0x209e2639 24
2 dynarray.c:95 0x209e2d89 16
2 path.c:191 0x209e2ff9 32
2 path.c:205 0x209e2e99 6
3 path.c:223 0x209e2ff9 0x209e2ff9 32 6
4 path.c:246 0x209e2ff9 6
4 path.c:31 0x209e2e99 6
4 dynarray.c:112 0x209e2d89 16
4 dynarray.c:113 0x209e2639 24
4 path.c:254 0x209e2669 24
2 path.c:178 0x209e2669 24
1 dynarray.c:84 0x209e3139 24
2 dynarray.c:95 0x209e2639 16
2 path.c:191 0x209e32a9 32
2 path.c:205 0x209e2e99 6
2 path.c:205 0x209e2ff9 8
3 path.c:223 0x209e32a9 0x209e32a9 32 14
4 path.c:246 0x209e32a9 14
4 path.c:31 0x209e2e99 6
4 path.c:31 0x209e2ff9 8
4 dynarray.c:112 0x209e2639 16
4 dynarray.c:113 0x209e3139 24
4 path.c:254 0x209e2669 24
4 path.c:246 0x209e33a9 32
4 path.c:31 0x209e2dd9 6
4 path.c:31 0x209e28b9 8
4 path.c:31 0x209e2df9 12
4 path.c:31 0x209e2db9 6
4 dynarray.c:112 0x209e2d49 32
4 dynarray.c:113 0x209e29e9 24
4 path.c:254 0x209e2cd9 24
1 dynarray.c:84 0x209e2d89 24
2 dynarray.c:95 0x209e2cd9 24
1 bdtBad4.c:663 0x209e31e9 42
4 dynarray.c:112 0x209e2cd9 24
4 dynarray.c:113 0x209e2d89 24
6 bdt_client.c:113 0x209e31e9
4 bdt_client.c:113 0x209e31e9 42
2 path.c:128 0x209e2d89 24
1 dynarray.c:84 0x209e29e9 24
2 dynarray.c:95 0x209e2cd9 16
2 path.c:90 0x209e2db9 13
1 path.c:143 0x209e2e79 13
2 path.c:178 0x209e3139 24
1 dynarray.c:84 0x209e2669 24
2 dynarray.c:95 0x209e2639 16
2 path.c:191 0x209e2df9 13
2 path.c:205 0x209e2dd9 13
3 path.c:223 0x209e2df9 0x209e2df9 13 13
4 path.c:246 0x209e2df9 13
4 path.c:31 0x209e2dd9 13
4 dynarray.c:112 0x209e2639 16
4 dynarray.c:113 0x209e2669 24
4 path.c:254 0x209e3139 24
4 path.c:246 0x209e2e79 13
4 path.c:31 0x209e2db9 13
4 dynarray.c:112 0x209e2cd9 16
4 dynarray.c:113 0x209e29e9 24
4 path.c:254 0x209e2d89 24
2 path.c:128 0x209e2d89 24
1 dynarray.c:84 0x209e2f19 24
2 dynarray.c:95 0x209e29e9 16
2 path.c:90 0x209e2db9 6
1 path.c:143 0x209e28b9 6
2 path.c:178 0x209e3139 24
1 dynarray.c:84 0x209e2cd9 24
2 dynarray.c:95 0x209e2669 16
2 path.c:191 0x209e2e79 6
2 path.c:205 0x209e2df9 6
3 path.c:223 0x209e2e79 0x209e2e79 6 6
4 path.c:246 0x209e2e79 6
4 path.c:31 0x209e2df9 6
4 dynarray.c:112 0x209e2669 16
4 dynarray.c:113 0x209e2cd9 24
4 path.c:254 0x209e3139 24
4 path.c:246 0x209e28b9 6
4 path.c:31 0x209e2db9 6
4 dynarray.c:112 0x209e29e9 16
4 dynarray.c:113 0x209e2f19 24
4 path.c:254 0x209e2d89 24
4 path.c:246 0x209e2c09 25
4 path.c:31 0x209e2c39 6
4 path.c:31 0x209e2c59 7
4 path.c:31 0x209e2c79 12
4 dynarray.c:112 0x209e2bd9 24
4 dynarray.c:113 0x209e2919 24
4 path.c:254 0x209e2ba9 24
4 bdtBad4.c:263 0x209e2b69 32
4 path.c:246 0x209e2ab9 13
4 path.c:31 0x209e2ad9 6
4 path.c:31 0x209e2af9 7
4 dynarray.c:112 0x209e2a89 16
4 dynarray.c:113 0x209e25a9 24
4 path.c:254 0x209e2a59 24
4 bdtBad4.c:263 0x209e2a19 32
4 path.c:246 0x209e2859 6
4 path.c:31 0x209e2879 6
4 dynarray.c:112 0x209e2829 16
4 dynarray.c:113 0x209e2609 24
4 path.c:254 0x209e27f9 24
4 bdtBad4.c:263 0x209e27b9 32
2 path.c:128 0x209e27f9 24
1 dynarray.c:84 0x209e2639 24
2 dynarray.c:95 0x209e2609 16
2 path.c:90 0x209e2879 6
2 path.c:90 0x209e2859 7
1 path.c:143 0x209e2dd9 13
4 path.c:246 0x209e2dd9 13
4 path.c:31 0x209e2879 6
4 path.c:31 0x209e2859 7
4 dynarray.c:112 0x209e2609 16
4 dynarray.c:113 0x209e2639 24
4 path.c:254 0x209e27f9 24
2 path.c:128 0x209e27f9 24
1 dynarray.c:84 0x209e2829 24
2 dynarray.c:95 0x209e2639 16
2 path.c:90 0x209e2859 6
1 path.c:143 0x209e2dd9 6
4 path.c:246 0x209e2dd9 6
4 path.c:31 0x209e2859 6
4 dynarray.c:112 0x209e2639 16
4 dynarray.c:113 0x209e2829 24
4 path.c:254 0x209e27f9 24
2 path.c:128 0x209e27f9 24
1 dynarray.c:84 0x209e2609 24
2 dynarray.c:95 0x209e2829 16
2 path.c:90 0x209e2859 6
1 path.c:143 0x209e2dd9 6
4 path.c:246 0x209e2dd9 6
4 path.c:31 0x209e2859 6
4 dynarray.c:112 0x209e2829 16
4 dynarray.c:113 0x209e2609 24
4 path.c:254 0x209e27f9 24
2 path.c:128 0x209e27f9 24
1 dynarray.c:84 0x209e2639 24
2 dynarray.c:95 0x209e2609 16
2 path.c:90 0x209e2859 13
1 path.c:143 0x209e2dd9 13
4 path.c:246 0x209e2dd9 13
4 path.c:31 0x209e2859 13
4 dynarray.c:112 0x209e2609 16
4 dynarray.c:113 0x209e2639 24
4 path.c:254 0x209e27f9 24
1 dynarray.c:84 0x209e2829 24
2 dynarray.c:95 0x209e27f9 16
1 bdtBad4.c:663 0x209e2dd9 1
4 dynarray.c:112 0x209e27f9 16
4 dynarray.c:113 0x209e2829 24
4 bdt_client.c:124 0x209e2dd9 1
2 path.c:128 0x209e2829 24
1 dynarray.c:84 0x209e2639 24
2 dynarray.c:95 0x209e27f9 16
2 path.c:90 0x209e2859 2
2 path.c:90 0x209e2879 2
1 path.c:143 0x209e2dd9 4
2 path.c:178 0x209e2a59 24
1 dynarray.c:84 0x209e2609 24
2 dynarray.c:95 0x209e25a9 16
2 path.c:191 0x209e2af9 4
2 path.c:205 0x209e2ab9 2
3 path.c:223 0x209e2af9 0x209e2af9 4 2
1 bdtBad4.c:143 0x209e31e9 32
2 path.c:178 0x209e2ba9 24
1 dynarray.c:84 0x209e2a89 24
2 dynarray.c:95 0x209e2919 16
2 path.c:191 0x209e2c79 2
2 path.c:205 0x209e2c59 2
3 path.c:223 0x209e2c79 0x209e2c79 2 2
4 path.c:246 0x209e2af9 2
4 path.c:31 0x209e2ab9 2
4 dynarray.c:112 0x209e25a9 16
4 dynarray.c:113 0x209e2609 24
4 path.c:254 0x209e2a59 24
2 path.c:178 0x209e2a59 24
1 dynarray.c:84 0x209e2bd9 24
2 dynarray.c:95 0x209e2609 16
2 path.c:191 0x209e2ab9 4
2 path.c:205 0x209e2af9 2
2 path.c:205 0x209e2c39 2
3 path.c:223 0x209e2ab9 0x209e2ab9 4 4
1 bdtBad4.c:143 0x209e2fb9 32
2 path.c:178 0x209e2c09 24
1 dynarray.c:84 0x209e25a9 24
2 dynarray.c:95 0x209e2d89 16
2 path.c:191 0x209e2db9 4
2 path.c:205 0x209e28b9 2
2 path.c:205 0x209e2df9 2
3 path.c:223 0x209e2db9 0x209e2db9 4 4
4 path.c:246 0x209e2ab9 4
4 path.c:31 0x209e2af9 2
4 path.c:31 0x209e2c39 2
4 dynarray.c:112 0x209e2609 16
4 dynarray.c:113 0x209e2bd9 24
4 path.c:254 0x209e2a59 24
4 path.c:246 0x209e2dd9 4
4 path.c:31 0x209e2859 2
4 path.c:31 0x209e2879 2
4 dynarray.c:112 0x209e27f9 16
4 dynarray.c:113 0x209e2639 24
4 path.c:254 0x209e2829 24
1 dynarray.c:84 0x209e2f19 24
2 dynarray.c:95 0x209e2829 16
1 bdtBad4.c:663 0x209e2ad9 5
4 dynarray.c:112 0x209e2829 16
4 dynarray.c:113 0x209e2f19 24
6 bdt_client.c:136 0x209e2ad9
4 bdt_client.c:136 0x209e2ad9 5
2 path.c:128 0x209e2f19 24
1 dynarray.c:84 0x209e2639 24
2 dynarray.c:95 0x209e2829 16
2 path.c:90 0x209e2879 2
2 path.c:90 0x209e2859 2
1 path.c:143 0x209e2ad9 4
2 path.c:178 0x209e2a59 24
1 dynarray.c:84 0x209e27f9 24
2 dynarray.c:95 0x209e2bd9 16
2 path.c:191 0x209e2dd9 4
2 path.c:205 0x209e2af9 2
3 path.c:223 0x209e2dd9 0x209e2dd9 4 2
4 path.c:246 0x209e2dd9 2
4 path.c:31 0x209e2af9 2
4 dynarray.c:112 0x209e2bd9 16
4 dynarray.c:113 0x209e27f9 24
4 path.c:254 0x209e2a59 24
2 path.c:178 0x209e2a59 24
1 dynarray.c:84 0x209e2609 24
2 dynarray.c:95 0x209e27f9 16
2 path.c:191 0x209e2af9 4
2 path.c:205 0x209e2dd9 2
2 path.c:205 0x209e2ab9 2
3 path.c:223 0x209e2af9 0x209e2af9 4 4
4 path.c:246 0x209e2af9 4
4 path.c:31 0x209e2dd9 2
4 path.c:31 0x209e2ab9 2
4 dynarray.c:112 0x209e27f9 16
4 dynarray.c:113 0x209e2609 24
4 path.c:254 0x209e2a59 24
2 path.c:178 0x209e2a59 24
1 dynarray.c:84 0x209e2bd9 24
2 dynarray.c:95 0x209e2609 16
2 path.c:191 0x209e2ab9 4
2 path.c:205 0x209e2dd9 2
2 path.c:205 0x209e2af9 2
3 path.c:223 0x209e2ab9 0x209e2ab9 4 4
1 bdtBad4.c:143 0x209e2f79 32
2 path.c:178 0x209e29e9 24
1 dynarray.c:84 0x209e27f9 24
2 dynarray.c:95 0x209e3139 16
2 path.c:191 0x209e2e79 4
2 path.c:205 0x209e2ff9 2
2 path.c:205 0x209e2e99 2
3 path.c:223 0x209e2e79 0x209e2e79 4 4
4 path.c:246 0x209e2ab9 4
4 path.c:31 0x209e2dd9 2
4 path.c:31 0x209e2af9 2
4 dynarray.c:112 0x209e2609 16
4 dynarray.c:113 0x209e2bd9 24
4 path.c:254 0x209e2a59 24
4 path.c:246 0x209e2ad9 4
4 path.c:31 0x209e2879 2
4 path.c:31 0x209e2859 2
4 dynarray.c:112 0x209e2829 16
4 dynarray.c:113 0x209e2639 24
4 path.c:254 0x209e2f19 24
1 dynarray.c:84 0x209e2cd9 24
2 dynarray.c:95 0x209e2f19 24
1 bdtBad4.c:663 0x209e2c39 8
4 dynarray.c:112 0x209e2f19 24
4 dynarray.c:113 0x209e2cd9 24
6 bdt_client.c:140 0x209e2c39
4 bdt_client.c:140 0x209e2c39 8
2 path.c:128 0x209e2cd9 24
1 dynarray.c:84 0x209e2639 24
2 dynarray.c:95 0x209e2f19 16
2 path.c:90 0x209e2859 2
2 path.c:90 0x209e2879 2
1 path.c:143 0x209e2c39 4
2 path.c:178 0x209e2a59 24
1 dynarray.c:84 0x209e2829 24
2 dynarray.c:95 0x209e2bd9 16
2 path.c:191 0x209e2ad9 4
2 path.c:205 0x209e2dd9 2
3 path.c:223 0x209e2ad9 0x209e2ad9 4 2
4 path.c:246 0x209e2ad9 2
4 path.c:31 0x209e2dd9 2
4 dynarray.c:112 0x209e2bd9 16
4 dynarray.c:113 0x209e2829 24
4 path.c:254 0x209e2a59 24
2 path.c:178 0x209e2a59 24
1 dynarray.c:84 0x209e2609 24
2 dynarray.c:95 0x209e2829 16
2 path.c:191 0x209e2dd9 4
2 path.c:205 0x209e2ad9 2
2 path.c:205 0x209e2ab9 2
3 path.c:223 0x209e2dd9 0x209e2dd9 4 4
4 path.c:246 0x209e2dd9 4
4 path.c:31 0x209e2ad9 2
4 path.c:31 0x209e2ab9 2
4 dynarray.c:112 0x209e2829 16
4 dynarray.c:113 0x209e2609 24
4 path.c:254 0x209e2a59 24
4 path.c:246 0x209e2c39 4
4 path.c:31 0x209e2859 2
4 path.c:31 0x209e2879 2
4 dynarray.c:112 0x209e2f19 16
4 dynarray.c:113 0x209e2639 24
4 path.c:254 0x209e2cd9 24
4 path.c:246 0x209e2db9 4
4 path.c:31 0x209e28b9 2
4 path.c:31 0x209e2df9 2
4 dynarray.c:112 0x209e2d89 16
4 dynarray.c:113 0x209e25a9 24
4 path.c:254 0x209e2c09 24
4 bdtBad4.c:263 0x209e2fb9 32
1 dynarray.c:84 0x209e2bd9 24
2 dynarray.c:95 0x209e2c09 16
1 bdtBad4.c:663 0x209e2af9 5
4 dynarray.c:112 0x209e2c09 16
4 dynarray.c:113 0x209e2bd9 24
6 bdt_client.c:145 0x209e2af9
4 bdt_client.c:145 0x209e2af9 5
2 path.c:128 0x209e2bd9 24
1 dynarray.c:84 0x209e25a9 24
2 dynarray.c:95 0x209e2c09 16
2 path.c:90 0x209e2df9 2
2 path.c:90 0x209e28b9 3
1 path.c:143 0x209e2af9 5
2 path.c:178 0x209e2cd9 24
1 dynarray.c:84 0x209e2d89 24
2 dynarray.c:95 0x209e2639 16
2 path.c:191 0x209e2db9 5
2 path.c:205 0x209e2859 2
3 path.c:223 0x209e2db9 0x209e2db9 5 2
4 path.c:246 0x209e2db9 2
4 path.c:31 0x209e2859 2
4 dynarray.c:112 0x209e2639 16
4 dynarray.c:113 0x209e2d89 24
4 path.c:254 0x209e2cd9 24
2 path.c:178 0x209e2cd9 24
1 dynarray.c:84 0x209e2f19 24
2 dynarray.c:95 0x209e2d89 16
2 path.c:191 0x209e2859 5
2 path.c:205 0x209e2db9 2
2 path.c:205 0x209e2c39 3
3 path.c:223 0x209e2859 0x209e2859 5 5
4 path.c:246 0x209e2859 5
4 path.c:31 0x209e2db9 2
4 path.c:31 0x209e2c39 3
4 dynarray.c:112 0x209e2d89 16
4 dynarray.c:113 0x209e2f19 24
4 path.c:254 0x209e2cd9 24
2 path.c:178 0x209e2cd9 24
1 dynarray.c:84 0x209e2639 24
2 dynarray.c:95 0x209e2f19 16
2 path.c:191 0x209e2c39 5
2 path.c:205 0x209e2db9 2
2 path.c:205 0x209e2859 3
3 path.c:223 0x209e2c39 0x209e2c39 5 5
1 bdtBad4.c:143 0x209e2fb9 32
2 path.c:178 0x209e2a59 24
1 dynarray.c:84 0x209e2d89 24
2 dynarray.c:95 0x209e2609 16
2 path.c:191 0x209e2ab9 5
2 path.c:205 0x209e2ad9 2
2 path.c:205 0x209e2dd9 3
3 path.c:223 0x209e2ab9 0x209e2ab9 5 5
4 path.c:246 0x209e2c39 5
4 path.c:31 0x209e2db9 2
4 path.c:31 0x209e2859 3
4 dynarray.c:112 0x209e2f19 16
4 dynarray.c:113 0x209e2639 24
4 path.c:254 0x209e2cd9 24
4 path.c:246 0x209e2af9 5
4 path.c:31 0x209e2df9 2
4 path.c:31 0x209e28b9 3
4 dynarray.c:112 0x209e2c09 16
4 dynarray.c:113 0x209e25a9 24
4 path.c:254 0x209e2bd9 24
1 dynarray.c:84 0x209e2829 24
2 dynarray.c:95 0x209e2bd9 24
1 bdtBad4.c:663 0x209e2879 9
4 dynarray.c:112 0x209e2bd9 24
4 dynarray.c:113 0x209e2829 24
6 bdt_client.c:149 0x209e2879
4 bdt_client.c:149 0x209e2879 9
2 path.c:128 0x209e2829 24
1 dynarray.c:84 0x209e25a9 24
2 dynarray.c:95 0x209e2bd9 16
2 path.c:90 0x209e28b9 2
2 path.c:90 0x209e2df9 3
1 path.c:143 0x209e2879 5
2 path.c:178 0x209e2cd9 24
1 dynarray.c:84 0x209e2c09 24
2 dynarray.c:95 0x209e2639 16
2 path.c:191 0x209e2af9 5
2 path.c:205 0x209e2db9 2
3 path.c:223 0x209e2af9 0x209e2af9 5 2
4 path.c:246 0x209e2af9 2
4 path.c:31 0x209e2db9 2
4 dynarray.c:112 0x209e2639 16
4 dynarray.c:113 0x209e2c09 24
4 path.c:254 0x209e2cd9 24
2 path.c:178 0x209e2cd9 24
1 dynarray.c:84 0x209e2f19 24
2 dynarray.c:95 0x209e2c09 16
2 path.c:191 0x209e2db9 5
2 path.c:205 0x209e2af9 2
2 path.c:205 0x209e2c39 3
3 path.c:223 0x209e2db9 0x209e2db9 5 5
4 path.c:246 0x209e2db9 5
4 path.c:31 0x209e2af9 2
4 path.c:31 0x209e2c39 3
4 dynarray.c:112 0x209e2c09 16
4 dynarray.c:113 0x209e2f19 24
4 path.c:254 0x209e2cd9 24
4 path.c:246 0x209e2879 5
4 path.c:31 0x209e28b9 2
4 path.c:31 0x209e2df9 3
4 dynarray.c:112 0x209e2bd9 16
4 dynarray.c:113 0x209e25a9 24
4 path.c:254 0x209e2829 24
4 path.c:246 0x209e2ab9 5
4 path.c:31 0x209e2ad9 2
4 path.c:31 0x209e2dd9 3
4 dynarray.c:112 0x209e2609 16
4 dynarray.c:113 0x209e2d89 24
4 path.c:254 0x209e2a59 24
4 bdtBad4.c:263 0x209e2fb9 32
1 dynarray.c:84 0x209e2639 24
2 dynarray.c:95 0x209e2a59 16
1 bdtBad4.c:663 0x209e2859 5
4 dynarray.c:112 0x209e2a59 16
4 dynarray.c:113 0x209e2639 24
6 bdt_client.c:153 0x209e2859
4 bdt_client.c:153 0x209e2859 5
2 path.c:128 0x209e2639 24
1 dynarray.c:84 0x209e2d89 24
2 dynarray.c:95 0x209e2a59 16
2 path.c:90 0x209e2dd9 2
2 path.c:90 0x209e2ad9 3
1 path.c:143 0x209e2859 5
2 path.c:178 0x209e2829 24
1 dynarray.c:84 0x209e2609 24
2 dynarray.c:95 0x209e25a9 16
2 path.c:191 0x209e2ab9 5
2 path.c:205 0x209e28b9 2
3 path.c:223 0x209e2ab9 0x209e2ab9 5 2
4 path.c:246 0x209e2ab9 2
4 path.c:31 0x209e28b9 2
4 dynarray.c:112 0x209e25a9 16
4 dynarray.c:113 0x209e2609 24
4 path.c:254 0x209e2829 24
2 path.c:178 0x209e2829 24
1 dynarray.c:84 0x209e2bd9 24
2 dynarray.c:95 0x209e2609 16
2 path.c:191 0x209e28b9 5
2 path.c:205 0x209e2ab9 2
2 path.c:205 0x209e2879 3
3 path.c:223 0x209e28b9 0x209e28b9 5 5
4 path.c:246 0x209e28b9 5
4 path.c:31 0x209e2ab9 2
4 path.c:31 0x209e2879 3
4 dynarray.c:112 0x209e2609 16
4 dynarray.c:113 0x209e2bd9 24
4 path.c:254 0x209e2829 24
2 path.c:178 0x209e2829 24
1 dynarray.c:84 0x209e25a9 24
2 dynarray.c:95 0x209e2bd9 16
2 path.c:191 0x209e2879 5
2 path.c:205 0x209e2ab9 2
2 path.c:205 0x209e28b9 3
3 path.c:223 0x209e2879 0x209e2879 5 5
1 bdtBad4.c:143 0x209e2fb9 32
2 path.c:178 0x209e2cd9 24
1 dynarray.c:84 0x209e2609 24
2 dynarray.c:95 0x209e2f19 16
2 path.c:191 0x209e2c39 5
2 path.c:205 0x209e2af9 2
2 path.c:205 0x209e2db9 3
3 path.c:223 0x209e2c39 0x209e2c39 5 5
4 path.c:246 0x209e2879 5
4 path.c:31 0x209e2ab9 2
4 path.c:31 0x209e28b9 3
4 dynarray.c:112 0x209e2bd9 16
4 dynarray.c:113 0x209e25a9 24
4 path.c:254 0x209e2829 24
4 path.c:246 0x209e2859 5
4 path.c:31 0x209e2dd9 2
4 path.c:31 0x209e2ad9 3
4 dynarray.c:112 0x209e2a59 16
4 dynarray.c:113 0x209e2d89 24
4 path.c:254 0x209e2639 24
1 dynarray.c:84 0x209e2c09 24
2 dynarray.c:95 0x209e2639 24
1 bdtBad4.c:663 0x209e2df9 9
4 dynarray.c:112 0x209e2639 24
4 dynarray.c:113 0x209e2c09 24
6 bdt_client.c:157 0x209e2df9
4 bdt_client.c:157 0x209e2df9 9
2 path.c:128 0x209e2c09 24
1 dynarray.c:84 0x209e2d89 24
2 dynarray.c:95 0x209e2639 16
2 path.c:90 0x209e2ad9 2
2 path.c:90 0x209e2dd9 2
1 path.c:143 0x209e2df9 4
2 path.c:178 0x209e2829 24
1 dynarray.c:84 0x209e2a59 24
2 dynarray.c:95 0x209e25a9 16
2 path.c:191 0x209e2859 4
2 path.c:205 0x209e2ab9 2
3 path.c:223 0x209e2859 0x209e2859 4 2
4 path.c:246 0x209e2859 2
4 path.c:31 0x209e2ab9 2
4 dynarray.c:112 0x209e25a9 16
4 dynarray.c:113 0x209e2a59 24
4 path.c:254 0x209e2829 24
2 path.c:178 0x209e2829 24
1 dynarray.c:84 0x209e2bd9 24
2 dynarray.c:95 0x209e2a59 16
2 path.c:191 0x209e2ab9 4
2 path.c:205 0x209e2859 2
2 path.c:205 0x209e2879 2
3 path.c:223 0x209e2ab9 0x209e2ab9 4 4
4 path.c:246 0x209e2ab9 4
4 path.c:31 0x209e2859 2
4 path.c:31 0x209e2879 2
4 dynarray.c:112 0x209e2a59 16
4 dynarray.c:113 0x209e2bd9 24
4 path.c:254 0x209e2829 24
4 path.c:246 0x209e2df9 4
4 path.c:31 0x209e2ad9 2
4 path.c:31 0x209e2dd9 2
4 dynarray.c:112 0x209e2639 16
4 dynarray.c:113 0x209e2d89 24
4 path.c:254 0x209e2c09 24
4 path.c:246 0x209e2e79 4
4 path.c:31 0x209e2ff9 2
4 path.c:31 0x209e2e99 2
4 dynarray.c:112 0x209e3139 16
4 dynarray.c:113 0x209e27f9 24
4 path.c:254 0x209e29e9 24
4 bdtBad4.c:263 0x209e2f79 32
1 dynarray.c:84 0x209e25a9 24
2 dynarray.c:95 0x209e29e9 16
1 bdtBad4.c:663 0x209e28b9 6
4 dynarray.c:112 0x209e29e9 16
4 dynarray.c:113 0x209e25a9 24
6 bdt_client.c:161 0x209e28b9
4 bdt_client.c:161 0x209e28b9 6
4 path.c:246 0x209e2c39 5
4 path.c:31 0x209e2af9 2
4 path.c:31 0x209e2db9 3
4 dynarray.c:112 0x209e2f19 16
4 dynarray.c:113 0x209e2609 24
4 path.c:254 0x209e2cd9 24
4 bdtBad4.c:263 0x209e2fb9 32
4 path.c:246 0x209e2c79 2
4 path.c:31 0x209e2c59 2
4 dynarray.c:112 0x209e2919 16
4 dynarray.c:113 0x209e2a89 24
4 path.c:254 0x209e2ba9 24
4 bdtBad4.c:263 0x209e31e9 32
