2 path.c:128 0x4302a9 24
4 path.c:254 0x4302a9 24
2 path.c:128 0x4324d9 24
1 dynarray.c:84 0x4302a9 24
2 dynarray.c:95 0x432509 16
2 path.c:90 0x432539 6
1 path.c:143 0x432559 6
4 path.c:246 0x432559 6
4 path.c:31 0x432539 6
4 dynarray.c:112 0x432509 16
4 dynarray.c:113 0x4302a9 24
4 path.c:254 0x4324d9 24
1 dynarray.c:84 0x4324d9 24
2 dynarray.c:95 0x432579 16
1 bdtBad5.c:662 0x432539 1
4 dynarray.c:112 0x432579 16
4 dynarray.c:113 0x4324d9 24
4 bdt_client.c:39 0x432539 1
2 path.c:128 0x4325a9 24
4 path.c:254 0x4325a9 24
2 path.c:128 0x4325d9 24
1 dynarray.c:84 0x4325a9 24
2 dynarray.c:95 0x432609 16
4 dynarray.c:112 0x432609 16
4 dynarray.c:113 0x4325a9 24
4 path.c:254 0x4325d9 24
2 path.c:128 0x432639 24
1 dynarray.c:84 0x4325d9 24
2 dynarray.c:95 0x432669 16
2 path.c:90 0x432699 6
2 path.c:90 0x4326b9 7
4 path.c:31 0x432699 6
4 path.c:31 0x4326b9 7
4 dynarray.c:112 0x432669 16
4 dynarray.c:113 0x4325d9 24
4 path.c:254 0x432639 24
2 path.c:128 0x432639 24
1 dynarray.c:84 0x432669 24
2 dynarray.c:95 0x4325d9 16
2 path.c:90 0x4326d9 6
4 path.c:31 0x4326d9 6
4 dynarray.c:112 0x4325d9 16
4 dynarray.c:113 0x432669 24
4 path.c:254 0x432639 24
2 path.c:128 0x432639 24
1 dynarray.c:84 0x4325d9 24
2 dynarray.c:95 0x432669 16
2 path.c:90 0x4326f9 6
1 path.c:143 0x4326d9 6
2 path.c:178 0x432719 24
1 dynarray.c:84 0x4325a9 24
2 dynarray.c:95 0x432749 16
2 path.c:191 0x432779 6
2 path.c:205 0x432799 6
3 path.c:223 0x432779 0x432779 6 6
1 bdtBad5.c:143 0x4327b9 32
2 path.c:178 0x4327f9 24
1 dynarray.c:84 0x432609 24
2 dynarray.c:95 0x432829 16
2 path.c:191 0x432859 6
2 path.c:205 0x432879 6
3 path.c:223 0x432859 0x432859 6 6
4 path.c:246 0x432779 6
4 path.c:31 0x432799 6
4 dynarray.c:112 0x432749 16
4 dynarray.c:113 0x4325a9 24
4 path.c:254 0x432719 24
4 path.c:246 0x4326d9 6
4 path.c:31 0x4326f9 6
4 dynarray.c:112 0x432669 16
4 dynarray.c:113 0x4325d9 24
4 path.c:254 0x432639 24
2 path.c:128 0x432639 24
1 dynarray.c:84 0x432719 24
2 dynarray.c:95 0x4325d9 16
2 path.c:90 0x4326f9 6
2 path.c:90 0x432899 7
2 path.c:90 0x4328b9 12
3 dynarray.c:69 0x4328d9 0x4325d9 16 32
1 path.c:143 0x432669 25
2 path.c:178 0x4325d9 24
1 dynarray.c:84 0x4325a9 24
2 dynarray.c:95 0x432919 16
2 path.c:191 0x432949 25
2 path.c:205 0x432979 6
3 path.c:223 0x432949 0x432949 25 6
4 path.c:246 0x432949 6
4 path.c:31 0x432979 6
4 dynarray.c:112 0x432919 16
4 dynarray.c:113 0x4325a9 24
4 path.c:254 0x4325d9 24
2 path.c:178 0x4325d9 24
1 dynarray.c:84 0x432919 24
2 dynarray.c:95 0x4325a9 16
2 path.c:191 0x432999 25
2 path.c:205 0x432979 6
2 path.c:205 0x4329c9 7
3 path.c:223 0x432999 0x432999 25 13
4 path.c:246 0x432999 13
4 path.c:31 0x432979 6
4 path.c:31 0x4329c9 7
4 dynarray.c:112 0x4325a9 16
4 dynarray.c:113 0x432919 24
4 path.c:254 0x4325d9 24
2 path.c:178 0x4325d9 24
1 dynarray.c:84 0x432999 24
2 dynarray.c:95 0x432919 16
2 path.c:191 0x4329e9 25
2 path.c:205 0x4329c9 6
2 path.c:205 0x432979 7
3 path.c:223 0x4329e9 0x4329e9 25 13
1 bdtBad5.c:143 0x432a19 32
2 path.c:178 0x432a59 24
1 dynarray.c:84 0x4325a9 24
2 dynarray.c:95 0x432a89 16
2 path.c:191 0x432ab9 13
2 path.c:205 0x432ad9 6
2 path.c:205 0x432af9 7
3 path.c:223 0x432ab9 0x432ab9 13 13
4 path.c:246 0x4329e9 13
4 path.c:31 0x4329c9 6
4 path.c:31 0x432979 7
4 dynarray.c:112 0x432919 16
4 dynarray.c:113 0x432999 24
4 path.c:254 0x4325d9 24
2 path.c:178 0x4325d9 24
1 dynarray.c:84 0x4329e9 24
2 dynarray.c:95 0x432999 24
2 path.c:191 0x432b19 25
2 path.c:205 0x432979 6
2 path.c:205 0x4329c9 7
2 path.c:205 0x432b49 12
3 path.c:223 0x432b19 0x432b19 25 25
1 bdtBad5.c:143 0x432b69 32
2 path.c:178 0x432ba9 24
1 dynarray.c:84 0x432919 24
2 dynarray.c:95 0x432bd9 24
2 path.c:191 0x432c09 25
2 path.c:205 0x432c39 6
2 path.c:205 0x432c59 7
2 path.c:205 0x432c79 12
3 path.c:223 0x432c09 0x432c09 25 25
4 path.c:246 0x432b19 25
4 path.c:31 0x432979 6
4 path.c:31 0x4329c9 7
4 path.c:31 0x432b49 12
4 dynarray.c:112 0x432999 24
4 dynarray.c:113 0x4329e9 24
4 path.c:254 0x4325d9 24
4 path.c:246 0x432669 25
4 path.c:31 0x4326f9 6
4 path.c:31 0x432899 7
4 path.c:31 0x4328b9 12
4 dynarray.c:112 0x4328d9 32
4 dynarray.c:113 0x432719 24
4 path.c:254 0x432639 24
2 path.c:128 0x432639 24
1 dynarray.c:84 0x432b19 24
2 dynarray.c:95 0x432719 16
2 path.c:90 0x4328b9 6
1 path.c:143 0x4326d9 6
2 path.c:178 0x4325d9 24
1 dynarray.c:84 0x432669 24
2 dynarray.c:95 0x4329e9 16
2 path.c:191 0x432899 6
2 path.c:205 0x432b49 6
3 path.c:223 0x432899 0x432899 6 6
4 path.c:246 0x432899 6
4 path.c:31 0x432b49 6
4 dynarray.c:112 0x4329e9 16
4 dynarray.c:113 0x432669 24
4 path.c:254 0x4325d9 24
4 path.c:246 0x4326d9 6
4 path.c:31 0x4328b9 6
4 dynarray.c:112 0x432719 16
4 dynarray.c:113 0x432b19 24
4 path.c:254 0x432639 24
2 path.c:128 0x432639 24
1 dynarray.c:84 0x432999 24
2 dynarray.c:95 0x432b19 16
2 path.c:90 0x4328b9 6
2 path.c:90 0x4326d9 7
1 path.c:143 0x4326f9 13
2 path.c:178 0x4325d9 24
1 dynarray.c:84 0x432719 24
2 dynarray.c:95 0x432669 16
2 path.c:191 0x432b49 13
2 path.c:205 0x4329c9 6
3 path.c:223 0x432b49 0x432b49 13 6
4 path.c:246 0x432b49 6
4 path.c:31 0x4329c9 6
4 dynarray.c:112 0x432669 16
4 dynarray.c:113 0x432719 24
4 path.c:254 0x4325d9 24
2 path.c:178 0x4325d9 24
1 dynarray.c:84 0x4329e9 24
2 dynarray.c:95 0x432719 16
2 path.c:191 0x4329c9 13
2 path.c:205 0x432b49 6
2 path.c:205 0x432979 7
3 path.c:223 0x4329c9 0x4329c9 13 13
4 path.c:246 0x4329c9 13
4 path.c:31 0x432b49 6
4 path.c:31 0x432979 7
4 dynarray.c:112 0x432719 16
4 dynarray.c:113 0x4329e9 24
4 path.c:254 0x4325d9 24
4 path.c:246 0x4326f9 13
4 path.c:31 0x4328b9 6
4 path.c:31 0x4326d9 7
4 dynarray.c:112 0x432b19 16
4 dynarray.c:113 0x432999 24
4 path.c:254 0x432639 24
2 path.c:128 0x432639 24
1 dynarray.c:84 0x432669 24
2 dynarray.c:95 0x432999 16
2 path.c:90 0x4326d9 6
2 path.c:90 0x4328b9 7
2 path.c:90 0x4326f9 12
3 dynarray.c:69 0x432c99 0x432999 16 32
1 path.c:143 0x432b19 25
2 path.c:178 0x432999 24
1 dynarray.c:84 0x4325d9 24
2 dynarray.c:95 0x4329e9 16
2 path.c:191 0x432cd9 25
2 path.c:205 0x432979 6
3 path.c:223 0x432cd9 0x432cd9 25 6
4 path.c:246 0x432cd9 6
4 path.c:31 0x432979 6
4 dynarray.c:112 0x4329e9 16
4 dynarray.c:113 0x4325d9 24
4 path.c:254 0x432999 24
2 path.c:178 0x432999 24
1 dynarray.c:84 0x432719 24
2 dynarray.c:95 0x4325d9 16
2 path.c:191 0x432cd9 25
2 path.c:205 0x432979 6
2 path.c:205 0x432b49 7
3 path.c:223 0x432cd9 0x432cd9 25 13
4 path.c:246 0x432cd9 13
4 path.c:31 0x432979 6
4 path.c:31 0x432b49 7
4 dynarray.c:112 0x4325d9 16
4 dynarray.c:113 0x432719 24
4 path.c:254 0x432999 24
2 path.c:178 0x432999 24
1 dynarray.c:84 0x4329e9 24
2 dynarray.c:95 0x432719 24
2 path.c:191 0x432cd9 25
2 path.c:205 0x432b49 6
2 path.c:205 0x432979 7
2 path.c:205 0x4329c9 12
3 path.c:223 0x432cd9 0x432cd9 25 25
4 path.c:246 0x432cd9 25
4 path.c:31 0x432b49 6
4 path.c:31 0x432979 7
4 path.c:31 0x4329c9 12
4 dynarray.c:112 0x432719 24
4 dynarray.c:113 0x4329e9 24
4 path.c:254 0x432999 24
4 path.c:246 0x432b19 25
4 path.c:31 0x4326d9 6
4 path.c:31 0x4328b9 7
4 path.c:31 0x4326f9 12
4 dynarray.c:112 0x432c99 32
4 dynarray.c:113 0x432669 24
4 path.c:254 0x432639 24
2 path.c:128 0x432639 24
1 dynarray.c:84 0x4325d9 24
2 dynarray.c:95 0x432669 16
2 path.c:90 0x4326f9 12
1 path.c:143 0x432899 12
2 path.c:178 0x432999 24
1 dynarray.c:84 0x432b19 24
2 dynarray.c:95 0x4329e9 16
2 path.c:191 0x4328b9 12
2 path.c:205 0x4329c9 12
3 path.c:223 0x4328b9 0x4328b9 12 12
4 path.c:246 0x4328b9 12
4 path.c:31 0x4329c9 12
4 dynarray.c:112 0x4329e9 16
4 dynarray.c:113 0x432b19 24
4 path.c:254 0x432999 24
4 path.c:246 0x432899 12
4 path.c:31 0x4326f9 12
4 dynarray.c:112 0x432669 16
4 dynarray.c:113 0x4325d9 24
4 path.c:254 0x432639 24
2 path.c:128 0x432639 24
1 dynarray.c:84 0x432719 24
2 dynarray.c:95 0x4325d9 16
2 path.c:90 0x4326f9 12
1 path.c:143 0x4326d9 12
2 path.c:178 0x432999 24
1 dynarray.c:84 0x432669 24
2 dynarray.c:95 0x432b19 16
2 path.c:191 0x432899 12
2 path.c:205 0x4328b9 12
3 path.c:223 0x432899 0x432899 12 12
4 path.c:246 0x432899 12
4 path.c:31 0x4328b9 12
4 dynarray.c:112 0x432b19 16
4 dynarray.c:113 0x432669 24
4 path.c:254 0x432999 24
4 path.c:246 0x4326d9 12
4 path.c:31 0x4326f9 12
4 dynarray.c:112 0x4325d9 16
4 dynarray.c:113 0x432719 24
4 path.c:254 0x432639 24
2 path.c:128 0x432639 24
1 dynarray.c:84 0x4329e9 24
2 dynarray.c:95 0x432719 16
2 path.c:90 0x4326f9 12
1 path.c:143 0x4329c9 12
2 path.c:178 0x432999 24
1 dynarray.c:84 0x4325d9 24
2 dynarray.c:95 0x432669 16
2 path.c:191 0x4326d9 12
2 path.c:205 0x432899 12
3 path.c:223 0x4326d9 0x4326d9 12 12
4 path.c:246 0x4326d9 12
4 path.c:31 0x432899 12
4 dynarray.c:112 0x432669 16
4 dynarray.c:113 0x4325d9 24
4 path.c:254 0x432999 24
4 path.c:246 0x4329c9 12
4 path.c:31 0x4326f9 12
4 dynarray.c:112 0x432719 16
4 dynarray.c:113 0x4329e9 24
4 path.c:254 0x432639 24
2 path.c:128 0x432639 24
1 dynarray.c:84 0x432b19 24
2 dynarray.c:95 0x4329e9 16
2 path.c:90 0x4326f9 6
2 path.c:90 0x4329c9 8
1 path.c:143 0x4328b9 14
2 path.c:178 0x432999 24
1 dynarray.c:84 0x432719 24
2 dynarray.c:95 0x4325d9 16
2 path.c:191 0x432899 14
2 path.c:205 0x432979 6
3 path.c:223 0x432899 0x432899 14 6
4 path.c:246 0x432899 6
4 path.c:31 0x432979 6
4 dynarray.c:112 0x4325d9 16
4 dynarray.c:113 0x432719 24
4 path.c:254 0x432999 24
2 path.c:178 0x432999 24
1 dynarray.c:84 0x432669 24
2 dynarray.c:95 0x432719 16
2 path.c:191 0x432979 14
2 path.c:205 0x432899 6
2 path.c:205 0x432b49 8
3 path.c:223 0x432979 0x432979 14 14
4 path.c:246 0x432979 14
4 path.c:31 0x432899 6
4 path.c:31 0x432b49 8
4 dynarray.c:112 0x432719 16
4 dynarray.c:113 0x432669 24
4 path.c:254 0x432999 24
2 path.c:128 0x432999 24
1 dynarray.c:84 0x4325d9 24
2 dynarray.c:95 0x432669 16
2 path.c:90 0x432b49 6
2 path.c:90 0x432899 7
2 path.c:90 0x432979 12
3 dynarray.c:69 0x432d09 0x432669 16 32
1 path.c:143 0x432719 25
2 path.c:178 0x432669 24
1 dynarray.c:84 0x432cd9 24
2 dynarray.c:95 0x432d49 16
2 path.c:191 0x432d79 25
2 path.c:205 0x432da9 6
3 path.c:223 0x432d79 0x432d79 25 6
4 path.c:246 0x432d79 6
4 path.c:31 0x432da9 6
4 dynarray.c:112 0x432d49 16
4 dynarray.c:113 0x432cd9 24
4 path.c:254 0x432669 24
2 path.c:178 0x432669 24
1 dynarray.c:84 0x432d79 24
2 dynarray.c:95 0x432cd9 16
2 path.c:191 0x432dc9 25
2 path.c:205 0x432da9 6
2 path.c:205 0x432df9 7
3 path.c:223 0x432dc9 0x432dc9 25 13
4 path.c:246 0x432dc9 13
4 path.c:31 0x432da9 6
4 path.c:31 0x432df9 7
4 dynarray.c:112 0x432cd9 16
4 dynarray.c:113 0x432d79 24
4 path.c:254 0x432669 24
2 path.c:178 0x432669 24
1 dynarray.c:84 0x432d49 24
2 dynarray.c:95 0x432d79 24
2 path.c:191 0x432dc9 25
2 path.c:205 0x432df9 6
2 path.c:205 0x432da9 7
2 path.c:205 0x432e19 12
3 path.c:223 0x432dc9 0x432dc9 25 25
4 path.c:246 0x432dc9 25
4 path.c:31 0x432df9 6
4 path.c:31 0x432da9 7
4 path.c:31 0x432e19 12
4 dynarray.c:112 0x432d79 24
4 dynarray.c:113 0x432d49 24
4 path.c:254 0x432669 24
4 path.c:246 0x432719 25
4 path.c:31 0x432b49 6
4 path.c:31 0x432899 7
4 path.c:31 0x432979 12
4 dynarray.c:112 0x432d09 32
4 dynarray.c:113 0x4325d9 24
4 path.c:254 0x432999 24
2 path.c:128 0x432999 24
1 dynarray.c:84 0x432cd9 24
2 dynarray.c:95 0x4325d9 16
2 path.c:90 0x432979 12
2 path.c:90 0x432899 6
2 path.c:90 0x432b49 9
3 dynarray.c:69 0x432e39 0x4325d9 16 32
1 path.c:143 0x432719 27
2 path.c:178 0x4325d9 24
1 dynarray.c:84 0x432669 24
2 dynarray.c:95 0x432d49 16
2 path.c:191 0x432dc9 27
2 path.c:205 0x432e19 12
3 path.c:223 0x432dc9 0x432dc9 27 12
4 path.c:246 0x432dc9 12
4 path.c:31 0x432e19 12
4 dynarray.c:112 0x432d49 16
4 dynarray.c:113 0x432669 24
4 path.c:254 0x4325d9 24
4 path.c:246 0x432719 27
4 path.c:31 0x432979 12
4 path.c:31 0x432899 6
4 path.c:31 0x432b49 9
4 dynarray.c:112 0x432e39 32
4 dynarray.c:113 0x432cd9 24
4 path.c:254 0x432999 24
2 path.c:128 0x432999 24
1 dynarray.c:84 0x432d79 24
2 dynarray.c:95 0x432cd9 16
2 path.c:90 0x432b49 6
2 path.c:90 0x432899 8
1 path.c:143 0x4326d9 14
2 path.c:178 0x4325d9 24
1 dynarray.c:84 0x432719 24
2 dynarray.c:95 0x432669 16
2 path.c:191 0x432979 14
2 path.c:205 0x432da9 6
3 path.c:223 0x432979 0x432979 14 6
4 path.c:246 0x432979 6
4 path.c:31 0x432da9 6
4 dynarray.c:112 0x432669 16
4 dynarray.c:113 0x432719 24
4 path.c:254 0x4325d9 24
2 path.c:178 0x4325d9 24
1 dynarray.c:84 0x432d49 24
2 dynarray.c:95 0x432719 16
2 path.c:191 0x432da9 14
2 path.c:205 0x432979 6
2 path.c:205 0x432df9 8
3 path.c:223 0x432da9 0x432da9 14 14
4 path.c:246 0x432da9 14
4 path.c:31 0x432979 6
4 path.c:31 0x432df9 8
4 dynarray.c:112 0x432719 16
4 dynarray.c:113 0x432d49 24
4 path.c:254 0x4325d9 24
2 path.c:178 0x4325d9 24
1 dynarray.c:84 0x432669 24
2 dynarray.c:95 0x432d49 16
2 path.c:191 0x432df9 14
2 path.c:205 0x432979 6
2 path.c:205 0x432da9 8
3 path.c:223 0x432df9 0x432df9 14 14
1 bdtBad5.c:143 0x432e39 32
2 path.c:178 0x432dc9 24
1 dynarray.c:84 0x432719 24
2 dynarray.c:95 0x432e79 16
2 path.c:191 0x432ea9 14
2 path.c:205 0x432ec9 6
2 path.c:205 0x432ee9 8
3 path.c:223 0x432ea9 0x432ea9 14 14
4 path.c:246 0x432df9 14
4 path.c:31 0x432979 6
4 path.c:31 0x432da9 8
4 dynarray.c:112 0x432d49 16
4 dynarray.c:113 0x432669 24
4 path.c:254 0x4325d9 24
4 path.c:246 0x4326d9 14
4 path.c:31 0x432b49 6
4 path.c:31 0x432899 8
4 dynarray.c:112 0x432cd9 16
4 dynarray.c:113 0x432d79 24
4 path.c:254 0x432999 24
2 path.c:128 0x432999 24
1 dynarray.c:84 0x432d49 24
2 dynarray.c:95 0x432d79 16
2 path.c:90 0x432899 6
2 path.c:90 0x432b49 7
1 path.c:143 0x432e19 13
2 path.c:178 0x4325d9 24
1 dynarray.c:84 0x432cd9 24
2 dynarray.c:95 0x432669 16
2 path.c:191 0x4326d9 13
2 path.c:205 0x432979 6
3 path.c:223 0x4326d9 0x4326d9 13 6
4 path.c:246 0x4326d9 6
4 path.c:31 0x432979 6
4 dynarray.c:112 0x432669 16
4 dynarray.c:113 0x432cd9 24
4 path.c:254 0x4325d9 24
2 path.c:178 0x4325d9 24
1 dynarray.c:84 0x432669 24
2 dynarray.c:95 0x432cd9 16
2 path.c:191 0x432979 13
2 path.c:205 0x4326d9 6
2 path.c:205 0x432df9 7
3 path.c:223 0x432979 0x432979 13 13
4 path.c:246 0x432979 13
4 path.c:31 0x4326d9 6
4 path.c:31 0x432df9 7
4 dynarray.c:112 0x432cd9 16
4 dynarray.c:113 0x432669 24
4 path.c:254 0x4325d9 24
2 path.c:178 0x4325d9 24
1 dynarray.c:84 0x432cd9 24
2 dynarray.c:95 0x432669 16
2 path.c:191 0x432df9 13
2 path.c:205 0x4326d9 6
2 path.c:205 0x432979 7
3 path.c:223 0x432df9 0x432df9 13 13
1 bdtBad5.c:143 0x432d09 32
2 path.c:178 0x432f09 24
1 dynarray.c:84 0x432949 24
2 dynarray.c:95 0x432f39 16
2 path.c:191 0x432f69 13
2 path.c:205 0x432f89 6
2 path.c:205 0x432fa9 7
3 path.c:223 0x432f69 0x432f69 13 13
4 path.c:246 0x432f69 13
4 path.c:31 0x432f89 6
4 path.c:31 0x432fa9 7
4 dynarray.c:112 0x432f39 16
4 dynarray.c:113 0x432949 24
4 path.c:254 0x432f09 24
4 bdtBad5.c:193 0x432d09 32
4 path.c:246 0x432e19 13
4 path.c:31 0x432899 6
4 path.c:31 0x432b49 7
4 dynarray.c:112 0x432d79 16
4 dynarray.c:113 0x432d49 24
4 path.c:254 0x432999 24
4 path.c:246 0x432df9 13
4 path.c:31 0x4326d9 6
4 path.c:31 0x432979 7
4 dynarray.c:112 0x432669 16
4 dynarray.c:113 0x432cd9 24
4 path.c:254 0x4325d9 24
2 path.c:128 0x4325d9 24
1 dynarray.c:84 0x432949 24
2 dynarray.c:95 0x432cd9 16
2 path.c:90 0x432979 6
2 path.c:90 0x4326d9 4
2 path.c:90 0x432df9 5
3 dynarray.c:69 0x432fc9 0x432cd9 16 32
2 path.c:90 0x432b49 7
1 path.c:143 0x432669 22
2 path.c:178 0x432cd9 24
1 dynarray.c:84 0x432999 24
2 dynarray.c:95 0x432d49 16
2 path.c:191 0x432f09 22
2 path.c:205 0x432899 6
3 path.c:223 0x432f09 0x432f09 22 6
4 path.c:246 0x432f09 6
4 path.c:31 0x432899 6
4 dynarray.c:112 0x432d49 16
4 dynarray.c:113 0x432999 24
4 path.c:254 0x432cd9 24
2 path.c:178 0x432cd9 24
1 dynarray.c:84 0x432d79 24
2 dynarray.c:95 0x432999 16
2 path.c:191 0x432f09 22
2 path.c:205 0x432899 6
2 path.c:205 0x432e19 4
3 path.c:223 0x432f09 0x432f09 22 10
4 path.c:246 0x432f09 10
4 path.c:31 0x432899 6
4 path.c:31 0x432e19 4
4 dynarray.c:112 0x432999 16
4 dynarray.c:113 0x432d79 24
4 path.c:254 0x432cd9 24
2 path.c:178 0x432cd9 24
1 dynarray.c:84 0x432d49 24
2 dynarray.c:95 0x432d79 16
2 path.c:191 0x432f09 22
2 path.c:205 0x432e19 6
2 path.c:205 0x432899 4
3 path.c:223 0x432f09 0x432f09 22 10
1 bdtBad5.c:143 0x432d09 32
2 path.c:178 0x433009 24
1 dynarray.c:84 0x432999 24
2 dynarray.c:95 0x433039 16
2 path.c:191 0x432fa9 10
2 path.c:205 0x432f89 6
2 path.c:205 0x432f69 4
3 path.c:223 0x432fa9 0x432fa9 10 10
4 path.c:246 0x432fa9 10
4 path.c:31 0x432f89 6
4 path.c:31 0x432f69 4
4 dynarray.c:112 0x433039 16
4 dynarray.c:113 0x432999 24
4 path.c:254 0x433009 24
4 bdtBad5.c:193 0x432d09 32
4 path.c:246 0x432669 22
4 path.c:31 0x432979 6
4 path.c:31 0x4326d9 4
4 path.c:31 0x432df9 5
4 path.c:31 0x432b49 7
4 dynarray.c:112 0x432fc9 32
4 dynarray.c:113 0x432949 24
4 path.c:254 0x4325d9 24
4 path.c:246 0x432f09 10
4 path.c:31 0x432e19 6
4 path.c:31 0x432899 4
4 dynarray.c:112 0x432d79 16
4 dynarray.c:113 0x432d49 24
4 path.c:254 0x432cd9 24
2 path.c:128 0x432cd9 24
1 dynarray.c:84 0x433039 24
2 dynarray.c:95 0x432d49 16
2 path.c:90 0x432899 6
1 path.c:143 0x432da9 6
2 path.c:178 0x432f09 24
1 dynarray.c:84 0x432d79 24
2 dynarray.c:95 0x4325d9 16
2 path.c:191 0x432e19 6
2 path.c:205 0x432df9 6
3 path.c:223 0x432e19 0x432e19 6 6
4 path.c:246 0x432e19 6
4 path.c:31 0x432df9 6
4 dynarray.c:112 0x4325d9 16
4 dynarray.c:113 0x432d79 24
4 path.c:254 0x432f09 24
4 path.c:246 0x432da9 6
4 path.c:31 0x432899 6
4 dynarray.c:112 0x432d49 16
4 dynarray.c:113 0x433039 24
4 path.c:254 0x432cd9 24
2 path.c:128 0x432cd9 24
1 dynarray.c:84 0x432949 24
2 dynarray.c:95 0x433039 16
2 path.c:90 0x432899 6
2 path.c:90 0x432da9 7
1 path.c:143 0x432b49 13
2 path.c:178 0x432f09 24
1 dynarray.c:84 0x432d49 24
2 dynarray.c:95 0x432d79 16
2 path.c:191 0x432df9 13
2 path.c:205 0x4326d9 6
3 path.c:223 0x432df9 0x432df9 13 6
4 path.c:246 0x432df9 6
4 path.c:31 0x4326d9 6
4 dynarray.c:112 0x432d79 16
4 dynarray.c:113 0x432d49 24
4 path.c:254 0x432f09 24
2 path.c:178 0x432f09 24
1 dynarray.c:84 0x4325d9 24
2 dynarray.c:95 0x432d49 16
2 path.c:191 0x4326d9 13
2 path.c:205 0x432df9 6
2 path.c:205 0x432979 7
3 path.c:223 0x4326d9 0x4326d9 13 13
4 path.c:246 0x4326d9 13
4 path.c:31 0x432df9 6
4 path.c:31 0x432979 7
4 dynarray.c:112 0x432d49 16
4 dynarray.c:113 0x4325d9 24
4 path.c:254 0x432f09 24
4 path.c:246 0x432b49 13
4 path.c:31 0x432899 6
4 path.c:31 0x432da9 7
4 dynarray.c:112 0x433039 16
4 dynarray.c:113 0x432949 24
4 path.c:254 0x432cd9 24
2 path.c:128 0x432cd9 24
1 dynarray.c:84 0x432d79 24
2 dynarray.c:95 0x432949 16
2 path.c:90 0x432da9 6
2 path.c:90 0x432899 8
1 path.c:143 0x432e19 14
2 path.c:178 0x432f09 24
1 dynarray.c:84 0x433039 24
2 dynarray.c:95 0x4325d9 16
2 path.c:191 0x432b49 14
2 path.c:205 0x432df9 6
3 path.c:223 0x432b49 0x432b49 14 6
4 path.c:246 0x432b49 6
4 path.c:31 0x432df9 6
4 dynarray.c:112 0x4325d9 16
4 dynarray.c:113 0x433039 24
4 path.c:254 0x432f09 24
2 path.c:178 0x432f09 24
1 dynarray.c:84 0x432d49 24
2 dynarray.c:95 0x433039 16
2 path.c:191 0x432df9 14
2 path.c:205 0x432b49 6
2 path.c:205 0x4326d9 8
3 path.c:223 0x432df9 0x432df9 14 14
4 path.c:246 0x432df9 14
4 path.c:31 0x432b49 6
4 path.c:31 0x4326d9 8
4 dynarray.c:112 0x433039 16
4 dynarray.c:113 0x432d49 24
4 path.c:254 0x432f09 24
4 path.c:246 0x432e19 14
4 path.c:31 0x432da9 6
4 path.c:31 0x432899 8
4 dynarray.c:112 0x432949 16
4 dynarray.c:113 0x432d79 24
4 path.c:254 0x432cd9 24
2 path.c:128 0x432cd9 24
1 dynarray.c:84 0x4325d9 24
2 dynarray.c:95 0x432d79 16
2 path.c:90 0x432899 6
2 path.c:90 0x432da9 7
1 path.c:143 0x432979 13
2 path.c:178 0x432f09 24
1 dynarray.c:84 0x432949 24
2 dynarray.c:95 0x432d49 16
2 path.c:191 0x432e19 13
2 path.c:205 0x432b49 6
3 path.c:223 0x432e19 0x432e19 13 6
4 path.c:246 0x432e19 6
4 path.c:31 0x432b49 6
4 dynarray.c:112 0x432d49 16
4 dynarray.c:113 0x432949 24
4 path.c:254 0x432f09 24
2 path.c:178 0x432f09 24
1 dynarray.c:84 0x433039 24
2 dynarray.c:95 0x432949 16
2 path.c:191 0x432b49 13
2 path.c:205 0x432e19 6
2 path.c:205 0x432df9 7
3 path.c:223 0x432b49 0x432b49 13 13
4 path.c:246 0x432b49 13
4 path.c:31 0x432e19 6
4 path.c:31 0x432df9 7
4 dynarray.c:112 0x432949 16
4 dynarray.c:113 0x433039 24
4 path.c:254 0x432f09 24
2 path.c:128 0x432f09 24
1 dynarray.c:84 0x432d49 24
2 dynarray.c:95 0x433039 16
2 path.c:90 0x432df9 6
2 path.c:90 0x432e19 4
1 path.c:143 0x4326d9 10
2 path.c:178 0x432669 24
1 dynarray.c:84 0x432949 24
2 dynarray.c:95 0x433009 16
2 path.c:191 0x432b49 10
2 path.c:205 0x432f89 6
3 path.c:223 0x432b49 0x432b49 10 6
4 path.c:246 0x432b49 6
4 path.c:31 0x432f89 6
4 dynarray.c:112 0x433009 16
4 dynarray.c:113 0x432949 24
4 path.c:254 0x432669 24
2 path.c:178 0x432669 24
1 dynarray.c:84 0x432999 24
2 dynarray.c:95 0x432949 16
2 path.c:191 0x432f89 10
2 path.c:205 0x432b49 6
2 path.c:205 0x432fa9 4
3 path.c:223 0x432f89 0x432f89 10 10
4 path.c:246 0x432f89 10
4 path.c:31 0x432b49 6
4 path.c:31 0x432fa9 4
4 dynarray.c:112 0x432949 16
4 dynarray.c:113 0x432999 24
4 path.c:254 0x432669 24
2 path.c:128 0x432669 24
1 dynarray.c:84 0x433009 24
2 dynarray.c:95 0x432999 16
2 path.c:90 0x432fa9 6
2 path.c:90 0x432b49 4
2 path.c:90 0x432f89 5
3 dynarray.c:69 0x433069 0x432999 16 32
1 path.c:143 0x432949 15
2 path.c:178 0x432999 24
1 dynarray.c:84 0x432f39 24
2 dynarray.c:95 0x4330a9 16
2 path.c:191 0x4330d9 15
2 path.c:205 0x433109 6
3 path.c:223 0x4330d9 0x4330d9 15 6
4 path.c:246 0x4330d9 6
4 path.c:31 0x433109 6
4 dynarray.c:112 0x4330a9 16
4 dynarray.c:113 0x432f39 24
4 path.c:254 0x432999 24
2 path.c:178 0x432999 24
1 dynarray.c:84 0x4330a9 24
2 dynarray.c:95 0x432f39 16
2 path.c:191 0x433129 15
2 path.c:205 0x433109 6
2 path.c:205 0x433159 4
3 path.c:223 0x433129 0x433129 15 10
4 path.c:246 0x433129 10
4 path.c:31 0x433109 6
4 path.c:31 0x433159 4
4 dynarray.c:112 0x432f39 16
4 dynarray.c:113 0x4330a9 24
4 path.c:254 0x432999 24
2 path.c:128 0x432999 24
1 dynarray.c:84 0x433129 24
2 dynarray.c:95 0x4330a9 16
2 path.c:90 0x433159 6
2 path.c:90 0x433109 4
2 path.c:90 0x433179 5
3 dynarray.c:69 0x433199 0x4330a9 16 32
2 path.c:90 0x4331d9 7
1 path.c:143 0x432f39 22
2 path.c:178 0x4330a9 24
1 dynarray.c:84 0x4330d9 24
2 dynarray.c:95 0x4331f9 16
2 path.c:191 0x433229 22
2 path.c:205 0x433259 6
3 path.c:223 0x433229 0x433229 22 6
4 path.c:246 0x433229 6
4 path.c:31 0x433259 6
4 dynarray.c:112 0x4331f9 16
4 dynarray.c:113 0x4330d9 24
4 path.c:254 0x4330a9 24
2 path.c:178 0x4330a9 24
1 dynarray.c:84 0x4331f9 24
2 dynarray.c:95 0x4330d9 16
2 path.c:191 0x433279 22
2 path.c:205 0x433259 6
2 path.c:205 0x4332a9 4
3 path.c:223 0x433279 0x433279 22 10
4 path.c:246 0x433279 10
4 path.c:31 0x433259 6
4 path.c:31 0x4332a9 4
4 dynarray.c:112 0x4330d9 16
4 dynarray.c:113 0x4331f9 24
4 path.c:254 0x4330a9 24
1 dynarray.c:84 0x433279 24
2 dynarray.c:95 0x4332c9 32
1 bdtBad5.c:662 0x433309 59
4 dynarray.c:112 0x4332c9 32
4 dynarray.c:113 0x433279 24
4 bdt_client.c:82 0x433309 59
2 path.c:128 0x4330a9 24
1 dynarray.c:84 0x433279 24
2 dynarray.c:95 0x4331f9 16
2 path.c:90 0x4332a9 6
2 path.c:90 0x433259 7
2 path.c:90 0x433359 12
3 dynarray.c:69 0x433379 0x4331f9 16 32
1 path.c:143 0x4330d9 25
2 path.c:178 0x4331f9 24
1 dynarray.c:84 0x433229 24
2 dynarray.c:95 0x4333b9 16
2 path.c:191 0x4333e9 25
2 path.c:205 0x433419 6
3 path.c:223 0x4333e9 0x4333e9 25 6
4 path.c:246 0x4333e9 6
4 path.c:31 0x433419 6
4 dynarray.c:112 0x4333b9 16
4 dynarray.c:113 0x433229 24
4 path.c:254 0x4331f9 24
2 path.c:178 0x4331f9 24
1 dynarray.c:84 0x4333b9 24
2 dynarray.c:95 0x433229 16
2 path.c:191 0x433439 25
2 path.c:205 0x433419 6
2 path.c:205 0x433469 7
3 path.c:223 0x433439 0x433439 25 13
4 path.c:246 0x433439 13
4 path.c:31 0x433419 6
4 path.c:31 0x433469 7
4 dynarray.c:112 0x433229 16
4 dynarray.c:113 0x4333b9 24
4 path.c:254 0x4331f9 24
2 path.c:178 0x4331f9 24
1 dynarray.c:84 0x433439 24
2 dynarray.c:95 0x4333b9 24
2 path.c:191 0x433489 25
2 path.c:205 0x433469 6
2 path.c:205 0x433419 7
2 path.c:205 0x4334b9 12
3 path.c:223 0x433489 0x433489 25 25
4 path.c:246 0x433489 25
4 path.c:31 0x433469 6
4 path.c:31 0x433419 7
4 path.c:31 0x4334b9 12
4 dynarray.c:112 0x4333b9 24
4 dynarray.c:113 0x433439 24
4 path.c:254 0x4331f9 24
4 path.c:246 0x4330d9 25
4 path.c:31 0x4332a9 6
4 path.c:31 0x433259 7
4 path.c:31 0x433359 12
4 dynarray.c:112 0x433379 32
4 dynarray.c:113 0x433279 24
4 path.c:254 0x4330a9 24
2 path.c:128 0x4330a9 24
1 dynarray.c:84 0x433229 24
2 dynarray.c:95 0x433279 16
2 path.c:90 0x433359 6
2 path.c:90 0x433259 8
2 path.c:90 0x4332a9 12
3 dynarray.c:69 0x4334d9 0x433279 16 32
1 path.c:143 0x4330d9 26
2 path.c:178 0x433279 24
1 dynarray.c:84 0x4331f9 24
2 dynarray.c:95 0x433439 16
2 path.c:191 0x433489 26
2 path.c:205 0x4334b9 6
3 path.c:223 0x433489 0x433489 26 6
4 path.c:246 0x433489 6
4 path.c:31 0x4334b9 6
4 dynarray.c:112 0x433439 16
4 dynarray.c:113 0x4331f9 24
4 path.c:254 0x433279 24
2 path.c:178 0x433279 24
1 dynarray.c:84 0x4333b9 24
2 dynarray.c:95 0x4331f9 16
2 path.c:191 0x433489 26
2 path.c:205 0x4334b9 6
2 path.c:205 0x433419 8
3 path.c:223 0x433489 0x433489 26 14
4 path.c:246 0x433489 14
4 path.c:31 0x4334b9 6
4 path.c:31 0x433419 8
4 dynarray.c:112 0x4331f9 16
4 dynarray.c:113 0x4333b9 24
4 path.c:254 0x433279 24
2 path.c:178 0x433279 24
1 dynarray.c:84 0x433439 24
2 dynarray.c:95 0x4333b9 24
2 path.c:191 0x433489 26
2 path.c:205 0x433419 6
2 path.c:205 0x4334b9 8
2 path.c:205 0x433469 12
3 path.c:223 0x433489 0x433489 26 26
4 path.c:246 0x433489 26
4 path.c:31 0x433419 6
4 path.c:31 0x4334b9 8
4 path.c:31 0x433469 12
4 dynarray.c:112 0x4333b9 24
4 dynarray.c:113 0x433439 24
4 path.c:254 0x433279 24
2 path.c:128 0x433279 24
1 dynarray.c:84 0x4331f9 24
2 dynarray.c:95 0x433439 16
2 path.c:90 0x433469 6
2 path.c:90 0x4334b9 8
2 path.c:90 0x433419 12
3 dynarray.c:69 0x433519 0x433439 16 32
1 path.c:143 0x4333b9 26
2 path.c:178 0x433439 24
1 dynarray.c:84 0x433489 24
2 dynarray.c:95 0x433559 16
2 path.c:191 0x433589 26
2 path.c:205 0x4335b9 6
3 path.c:223 0x433589 0x433589 26 6
4 path.c:246 0x433589 6
4 path.c:31 0x4335b9 6
4 dynarray.c:112 0x433559 16
4 dynarray.c:113 0x433489 24
4 path.c:254 0x433439 24
2 path.c:178 0x433439 24
1 dynarray.c:84 0x433589 24
2 dynarray.c:95 0x433489 16
2 path.c:191 0x4335d9 26
2 path.c:205 0x4335b9 6
2 path.c:205 0x433609 8
3 path.c:223 0x4335d9 0x4335d9 26 14
4 path.c:246 0x4335d9 14
4 path.c:31 0x4335b9 6
4 path.c:31 0x433609 8
4 dynarray.c:112 0x433489 16
4 dynarray.c:113 0x433589 24
4 path.c:254 0x433439 24
2 path.c:178 0x433439 24
1 dynarray.c:84 0x433559 24
2 dynarray.c:95 0x433589 24
2 path.c:191 0x4335d9 26
2 path.c:205 0x433609 6
2 path.c:205 0x4335b9 8
2 path.c:205 0x433629 12
3 path.c:223 0x4335d9 0x4335d9 26 26
4 path.c:246 0x4335d9 26
4 path.c:31 0x433609 6
4 path.c:31 0x4335b9 8
4 path.c:31 0x433629 12
4 dynarray.c:112 0x433589 24
4 dynarray.c:113 0x433559 24
4 path.c:254 0x433439 24
2 path.c:178 0x433439 24
1 dynarray.c:84 0x433489 24
2 dynarray.c:95 0x433559 24
2 path.c:191 0x4335d9 26
2 path.c:205 0x433629 6
2 path.c:205 0x4335b9 8
2 path.c:205 0x433609 12
3 path.c:223 0x4335d9 0x4335d9 26 26
1 bdtBad5.c:143 0x433379 32
2 path.c:178 0x433649 24
1 dynarray.c:84 0x433589 24
2 dynarray.c:95 0x433679 24
2 path.c:191 0x4336a9 26
2 path.c:205 0x4336d9 6
2 path.c:205 0x4336f9 8
2 path.c:205 0x433719 12
3 path.c:223 0x4336a9 0x4336a9 26 26
4 path.c:246 0x4335d9 26
4 path.c:31 0x433629 6
4 path.c:31 0x4335b9 8
4 path.c:31 0x433609 12
4 dynarray.c:112 0x433559 24
4 dynarray.c:113 0x433489 24
4 path.c:254 0x433439 24
4 path.c:246 0x4333b9 26
4 path.c:31 0x433469 6
4 path.c:31 0x4334b9 8
4 path.c:31 0x433419 12
4 dynarray.c:112 0x433519 32
4 dynarray.c:113 0x4331f9 24
4 path.c:254 0x433279 24
2 path.c:128 0x433279 24
1 dynarray.c:84 0x4335d9 24
2 dynarray.c:95 0x4331f9 16
2 path.c:90 0x433419 6
2 path.c:90 0x4334b9 7
2 path.c:90 0x433469 12
3 dynarray.c:69 0x433739 0x4331f9 16 32
1 path.c:143 0x4333b9 25
2 path.c:178 0x4331f9 24
1 dynarray.c:84 0x433439 24
2 dynarray.c:95 0x433489 16
2 path.c:191 0x433779 25
2 path.c:205 0x433609 6
3 path.c:223 0x433779 0x433779 25 6
4 path.c:246 0x433779 6
4 path.c:31 0x433609 6
4 dynarray.c:112 0x433489 16
4 dynarray.c:113 0x433439 24
4 path.c:254 0x4331f9 24
2 path.c:178 0x4331f9 24
1 dynarray.c:84 0x433559 24
2 dynarray.c:95 0x433439 16
2 path.c:191 0x433779 25
2 path.c:205 0x433609 6
2 path.c:205 0x4335b9 7
3 path.c:223 0x433779 0x433779 25 13
4 path.c:246 0x433779 13
4 path.c:31 0x433609 6
4 path.c:31 0x4335b9 7
4 dynarray.c:112 0x433439 16
4 dynarray.c:113 0x433559 24
4 path.c:254 0x4331f9 24
2 path.c:178 0x4331f9 24
1 dynarray.c:84 0x433489 24
2 dynarray.c:95 0x433559 24
2 path.c:191 0x433779 25
2 path.c:205 0x4335b9 6
2 path.c:205 0x433609 7
2 path.c:205 0x433629 12
3 path.c:223 0x433779 0x433779 25 25
4 path.c:246 0x433779 25
4 path.c:31 0x4335b9 6
4 path.c:31 0x433609 7
4 path.c:31 0x433629 12
4 dynarray.c:112 0x433559 24
4 dynarray.c:113 0x433489 24
4 path.c:254 0x4331f9 24
4 path.c:246 0x4333b9 25
4 path.c:31 0x433419 6
4 path.c:31 0x4334b9 7
4 path.c:31 0x433469 12
4 dynarray.c:112 0x433739 32
4 dynarray.c:113 0x4335d9 24
4 path.c:254 0x433279 24
2 path.c:128 0x433279 24
1 dynarray.c:84 0x433439 24
2 dynarray.c:95 0x4335d9 16
2 path.c:90 0x433469 6
2 path.c:90 0x4334b9 8
2 path.c:90 0x433419 12
3 dynarray.c:69 0x4337a9 0x4335d9 16 32
1 path.c:143 0x4333b9 26
2 path.c:178 0x4335d9 24
1 dynarray.c:84 0x4331f9 24
2 dynarray.c:95 0x433489 16
2 path.c:191 0x433779 26
2 path.c:205 0x433629 6
3 path.c:223 0x433779 0x433779 26 6
4 path.c:246 0x433779 6
4 path.c:31 0x433629 6
4 dynarray.c:112 0x433489 16
4 dynarray.c:113 0x4331f9 24
4 path.c:254 0x4335d9 24
2 path.c:178 0x4335d9 24
1 dynarray.c:84 0x433559 24
2 dynarray.c:95 0x4331f9 16
2 path.c:191 0x433779 26
2 path.c:205 0x433629 6
2 path.c:205 0x433609 8
3 path.c:223 0x433779 0x433779 26 14
4 path.c:246 0x433779 14
4 path.c:31 0x433629 6
4 path.c:31 0x433609 8
4 dynarray.c:112 0x4331f9 16
4 dynarray.c:113 0x433559 24
4 path.c:254 0x4335d9 24
2 path.c:178 0x4335d9 24
1 dynarray.c:84 0x433489 24
2 dynarray.c:95 0x433559 24
2 path.c:191 0x433779 26
2 path.c:205 0x433609 6
2 path.c:205 0x433629 8
2 path.c:205 0x4335b9 12
3 path.c:223 0x433779 0x433779 26 26
4 path.c:246 0x433779 26
4 path.c:31 0x433609 6
4 path.c:31 0x433629 8
4 path.c:31 0x4335b9 12
4 dynarray.c:112 0x433559 24
4 dynarray.c:113 0x433489 24
4 path.c:254 0x4335d9 24
4 path.c:246 0x4333b9 26
4 path.c:31 0x433469 6
4 path.c:31 0x4334b9 8
4 path.c:31 0x433419 12
4 dynarray.c:112 0x4337a9 32
4 dynarray.c:113 0x433439 24
4 path.c:254 0x433279 24
2 path.c:128 0x433279 24
1 dynarray.c:84 0x4331f9 24
2 dynarray.c:95 0x433439 16
2 path.c:90 0x433419 6
2 path.c:90 0x4334b9 8
2 path.c:90 0x433469 12
3 dynarray.c:69 0x4337a9 0x433439 16 32
1 path.c:143 0x4333b9 26
2 path.c:178 0x433439 24
1 dynarray.c:84 0x4335d9 24
2 dynarray.c:95 0x433489 16
2 path.c:191 0x433779 26
2 path.c:205 0x4335b9 6
3 path.c:223 0x433779 0x433779 26 6
4 path.c:246 0x433779 6
4 path.c:31 0x4335b9 6
4 dynarray.c:112 0x433489 16
4 dynarray.c:113 0x4335d9 24
4 path.c:254 0x433439 24
2 path.c:178 0x433439 24
1 dynarray.c:84 0x433559 24
2 dynarray.c:95 0x4335d9 16
2 path.c:191 0x433779 26
2 path.c:205 0x4335b9 6
2 path.c:205 0x433629 8
3 path.c:223 0x433779 0x433779 26 14
4 path.c:246 0x433779 14
4 path.c:31 0x4335b9 6
4 path.c:31 0x433629 8
4 dynarray.c:112 0x4335d9 16
4 dynarray.c:113 0x433559 24
4 path.c:254 0x433439 24
2 path.c:178 0x433439 24
1 dynarray.c:84 0x433489 24
2 dynarray.c:95 0x433559 24
2 path.c:191 0x433779 26
2 path.c:205 0x433629 6
2 path.c:205 0x4335b9 8
2 path.c:205 0x433609 12
3 path.c:223 0x433779 0x433779 26 26
4 path.c:246 0x433779 26
4 path.c:31 0x433629 6
4 path.c:31 0x4335b9 8
4 path.c:31 0x433609 12
4 dynarray.c:112 0x433559 24
4 dynarray.c:113 0x433489 24
4 path.c:254 0x433439 24
4 path.c:246 0x4333b9 26
4 path.c:31 0x433419 6
4 path.c:31 0x4334b9 8
4 path.c:31 0x433469 12
4 dynarray.c:112 0x4337a9 32
4 dynarray.c:113 0x4331f9 24
4 path.c:254 0x433279 24
2 path.c:128 0x433279 24
1 dynarray.c:84 0x4335d9 24
2 dynarray.c:95 0x4331f9 16
2 path.c:90 0x433469 6
2 path.c:90 0x4334b9 8
2 path.c:90 0x433419 12
3 dynarray.c:69 0x4337a9 0x4331f9 16 32
2 path.c:90 0x433609 6
1 path.c:143 0x433739 32
2 path.c:178 0x4331f9 24
1 dynarray.c:84 0x4333b9 24
2 dynarray.c:95 0x433439 16
2 path.c:191 0x4337e9 32
2 path.c:205 0x4335b9 6
3 path.c:223 0x4337e9 0x4337e9 32 6
4 path.c:246 0x4337e9 6
4 path.c:31 0x4335b9 6
4 dynarray.c:112 0x433439 16
4 dynarray.c:113 0x4333b9 24
4 path.c:254 0x4331f9 24
2 path.c:178 0x4331f9 24
1 dynarray.c:84 0x433489 24
2 dynarray.c:95 0x4333b9 16
2 path.c:191 0x433829 32
2 path.c:205 0x4335b9 6
2 path.c:205 0x4337e9 8
3 path.c:223 0x433829 0x433829 32 14
4 path.c:246 0x433829 14
4 path.c:31 0x4335b9 6
4 path.c:31 0x4337e9 8
4 dynarray.c:112 0x4333b9 16
4 dynarray.c:113 0x433489 24
4 path.c:254 0x4331f9 24
2 path.c:178 0x4331f9 24
1 dynarray.c:84 0x433439 24
2 dynarray.c:95 0x433489 24
2 path.c:191 0x433869 32
2 path.c:205 0x4337e9 6
2 path.c:205 0x4335b9 8
2 path.c:205 0x433829 12
3 path.c:223 0x433869 0x433869 32 26
4 path.c:246 0x433869 26
4 path.c:31 0x4337e9 6
4 path.c:31 0x4335b9 8
4 path.c:31 0x433829 12
4 dynarray.c:112 0x433489 24
4 dynarray.c:113 0x433439 24
4 path.c:254 0x4331f9 24
2 path.c:178 0x4331f9 24
1 dynarray.c:84 0x4333b9 24
2 dynarray.c:95 0x4338a9 32
2 path.c:191 0x4338e9 32
2 path.c:205 0x433829 6
2 path.c:205 0x4335b9 8
2 path.c:205 0x4337e9 12
2 path.c:205 0x433849 6
3 path.c:223 0x4338e9 0x4338e9 32 32
4 path.c:246 0x4338e9 32
4 path.c:31 0x433829 6
4 path.c:31 0x4335b9 8
4 path.c:31 0x4337e9 12
4 path.c:31 0x433849 6
4 dynarray.c:112 0x4338a9 32
4 dynarray.c:113 0x4333b9 24
4 path.c:254 0x4331f9 24
2 path.c:178 0x4331f9 24
1 dynarray.c:84 0x4333b9 24
2 dynarray.c:95 0x4338a9 32
2 path.c:191 0x4338e9 32
2 path.c:205 0x433849 6
2 path.c:205 0x4337e9 8
2 path.c:205 0x4335b9 12
2 path.c:205 0x433829 6
3 path.c:223 0x4338e9 0x4338e9 32 32
1 bdtBad5.c:143 0x433869 32
2 path.c:178 0x433439 24
1 dynarray.c:84 0x433489 24
2 dynarray.c:95 0x433929 32
2 path.c:191 0x433969 32
2 path.c:205 0x433809 6
2 path.c:205 0x433629 8
2 path.c:205 0x4339a9 12
2 path.c:205 0x4339c9 6
3 path.c:223 0x433969 0x433969 32 32
4 path.c:246 0x4338e9 32
4 path.c:31 0x433849 6
4 path.c:31 0x4337e9 8
4 path.c:31 0x4335b9 12
4 path.c:31 0x433829 6
4 dynarray.c:112 0x4338a9 32
4 dynarray.c:113 0x4333b9 24
4 path.c:254 0x4331f9 24
4 path.c:246 0x433739 32
4 path.c:31 0x433469 6
4 path.c:31 0x4334b9 8
4 path.c:31 0x433419 12
4 path.c:31 0x433609 6
4 dynarray.c:112 0x4337a9 32
4 dynarray.c:113 0x4335d9 24
4 path.c:254 0x433279 24
2 path.c:128 0x433279 24
1 dynarray.c:84 0x4333b9 24
2 dynarray.c:95 0x4335d9 16
2 path.c:90 0x433609 6
2 path.c:90 0x433419 8
2 path.c:90 0x4334b9 12
3 dynarray.c:69 0x4337a9 0x4335d9 16 32
2 path.c:90 0x433469 6
1 path.c:143 0x4338e9 32
2 path.c:178 0x4335d9 24
1 dynarray.c:84 0x4331f9 24
2 dynarray.c:95 0x433559 16
2 path.c:191 0x433739 32
2 path.c:205 0x433829 6
3 path.c:223 0x433739 0x433739 32 6
4 path.c:246 0x433739 6
4 path.c:31 0x433829 6
4 dynarray.c:112 0x433559 16
4 dynarray.c:113 0x4331f9 24
4 path.c:254 0x4335d9 24
2 path.c:178 0x4335d9 24
1 dynarray.c:84 0x433779 24
2 dynarray.c:95 0x4331f9 16
2 path.c:191 0x4339e9 32
2 path.c:205 0x433829 6
2 path.c:205 0x433739 8
3 path.c:223 0x4339e9 0x4339e9 32 14
4 path.c:246 0x4339e9 14
4 path.c:31 0x433829 6
4 path.c:31 0x433739 8
4 dynarray.c:112 0x4331f9 16
4 dynarray.c:113 0x433779 24
4 path.c:254 0x4335d9 24
2 path.c:178 0x4335d9 24
1 dynarray.c:84 0x433559 24
2 dynarray.c:95 0x433779 24
2 path.c:191 0x433a29 32
2 path.c:205 0x433739 6
2 path.c:205 0x433829 8
2 path.c:205 0x4339e9 12
3 path.c:223 0x433a29 0x433a29 32 26
4 path.c:246 0x433a29 26
4 path.c:31 0x433739 6
4 path.c:31 0x433829 8
4 path.c:31 0x4339e9 12
4 dynarray.c:112 0x433779 24
4 dynarray.c:113 0x433559 24
4 path.c:254 0x4335d9 24
2 path.c:178 0x4335d9 24
1 dynarray.c:84 0x4331f9 24
2 dynarray.c:95 0x433a29 32
2 path.c:191 0x433a69 32
2 path.c:205 0x4339e9 6
2 path.c:205 0x433829 8
2 path.c:205 0x433739 12
2 path.c:205 0x433a09 6
3 path.c:223 0x433a69 0x433a69 32 32
4 path.c:246 0x433a69 32
4 path.c:31 0x4339e9 6
4 path.c:31 0x433829 8
4 path.c:31 0x433739 12
4 path.c:31 0x433a09 6
4 dynarray.c:112 0x433a29 32
4 dynarray.c:113 0x4331f9 24
4 path.c:254 0x4335d9 24
4 path.c:246 0x4338e9 32
4 path.c:31 0x433609 6
4 path.c:31 0x433419 8
4 path.c:31 0x4334b9 12
4 path.c:31 0x433469 6
4 dynarray.c:112 0x4337a9 32
4 dynarray.c:113 0x4333b9 24
4 path.c:254 0x433279 24
1 dynarray.c:84 0x4331f9 24
2 dynarray.c:95 0x433aa9 48
1 bdtBad5.c:662 0x433af9 117
4 dynarray.c:112 0x433aa9 48
4 dynarray.c:113 0x4331f9 24
4 bdt_client.c:96 0x433af9 117
2 path.c:128 0x433279 24
1 dynarray.c:84 0x4331f9 24
2 dynarray.c:95 0x4333b9 16
2 path.c:90 0x433469 6
2 path.c:90 0x4334b9 8
2 path.c:90 0x433419 12
3 dynarray.c:69 0x4337a9 0x4333b9 16 32
2 path.c:90 0x433609 6
1 path.c:143 0x4338a9 32
2 path.c:178 0x4333b9 24
1 dynarray.c:84 0x4335d9 24
2 dynarray.c:95 0x433559 16
2 path.c:191 0x4338e9 32
2 path.c:205 0x433a09 6
3 path.c:223 0x4338e9 0x4338e9 32 6
4 path.c:246 0x4338e9 6
4 path.c:31 0x433a09 6
4 dynarray.c:112 0x433559 16
4 dynarray.c:113 0x4335d9 24
4 path.c:254 0x4333b9 24
2 path.c:178 0x4333b9 24
1 dynarray.c:84 0x433779 24
2 dynarray.c:95 0x4335d9 16
2 path.c:191 0x433a69 32
2 path.c:205 0x433a09 6
2 path.c:205 0x4338e9 8
3 path.c:223 0x433a69 0x433a69 32 14
4 path.c:246 0x433a69 14
4 path.c:31 0x433a09 6
4 path.c:31 0x4338e9 8
4 dynarray.c:112 0x4335d9 16
4 dynarray.c:113 0x433779 24
4 path.c:254 0x4333b9 24
2 path.c:178 0x4333b9 24
1 dynarray.c:84 0x433559 24
2 dynarray.c:95 0x433779 24
2 path.c:191 0x433b89 32
2 path.c:205 0x4338e9 6
2 path.c:205 0x433a09 8
2 path.c:205 0x433a69 12
3 path.c:223 0x433b89 0x433b89 32 26
4 path.c:246 0x433b89 26
4 path.c:31 0x4338e9 6
4 path.c:31 0x433a09 8
4 path.c:31 0x433a69 12
4 dynarray.c:112 0x433779 24
4 dynarray.c:113 0x433559 24
4 path.c:254 0x4333b9 24
2 path.c:178 0x4333b9 24
1 dynarray.c:84 0x4335d9 24
2 dynarray.c:95 0x433b89 32
2 path.c:191 0x433bc9 32
2 path.c:205 0x433a69 6
2 path.c:205 0x433a09 8
2 path.c:205 0x4338e9 12
2 path.c:205 0x433a89 6
3 path.c:223 0x433bc9 0x433bc9 32 32
4 path.c:246 0x433bc9 32
4 path.c:31 0x433a69 6
4 path.c:31 0x433a09 8
4 path.c:31 0x4338e9 12
4 path.c:31 0x433a89 6
4 dynarray.c:112 0x433b89 32
4 dynarray.c:113 0x4335d9 24
4 path.c:254 0x4333b9 24
4 path.c:246 0x4338a9 32
4 path.c:31 0x433469 6
4 path.c:31 0x4334b9 8
4 path.c:31 0x433419 12
4 path.c:31 0x433609 6
4 dynarray.c:112 0x4337a9 32
4 dynarray.c:113 0x4331f9 24
4 path.c:254 0x433279 24
2 path.c:128 0x433279 24
1 dynarray.c:84 0x4335d9 24
2 dynarray.c:95 0x4331f9 16
2 path.c:90 0x433609 6
2 path.c:90 0x433419 8
2 path.c:90 0x4334b9 8
3 dynarray.c:69 0x4337a9 0x4331f9 16 32
1 path.c:143 0x4333b9 22
2 path.c:178 0x4331f9 24
1 dynarray.c:84 0x433559 24
2 dynarray.c:95 0x433779 16
2 path.c:191 0x433c09 22
2 path.c:205 0x433469 6
3 path.c:223 0x433c09 0x433c09 22 6
4 path.c:246 0x433c09 6
4 path.c:31 0x433469 6
4 dynarray.c:112 0x433779 16
4 dynarray.c:113 0x433559 24
4 path.c:254 0x4331f9 24
2 path.c:178 0x4331f9 24
1 dynarray.c:84 0x433c09 24
2 dynarray.c:95 0x433559 16
2 path.c:191 0x433c39 22
2 path.c:205 0x433469 6
2 path.c:205 0x433a89 8
3 path.c:223 0x433c39 0x433c39 22 14
4 path.c:246 0x433c39 14
4 path.c:31 0x433469 6
4 path.c:31 0x433a89 8
4 dynarray.c:112 0x433559 16
4 dynarray.c:113 0x433c09 24
4 path.c:254 0x4331f9 24
2 path.c:178 0x4331f9 24
1 dynarray.c:84 0x433779 24
2 dynarray.c:95 0x433c09 24
2 path.c:191 0x433c39 22
2 path.c:205 0x433a89 6
2 path.c:205 0x433469 8
2 path.c:205 0x4338e9 8
3 path.c:223 0x433c39 0x433c39 22 22
4 path.c:246 0x433c39 22
4 path.c:31 0x433a89 6
4 path.c:31 0x433469 8
4 path.c:31 0x4338e9 8
4 dynarray.c:112 0x433c09 24
4 dynarray.c:113 0x433779 24
4 path.c:254 0x4331f9 24
2 path.c:128 0x4331f9 24
1 dynarray.c:84 0x433559 24
2 dynarray.c:95 0x433779 16
2 path.c:90 0x4338e9 6
2 path.c:90 0x433469 8
2 path.c:90 0x433a89 8
3 dynarray.c:69 0x4338a9 0x433779 16 32
1 path.c:143 0x433c09 22
2 path.c:178 0x433779 24
1 dynarray.c:84 0x433c39 24
2 dynarray.c:95 0x433c69 16
2 path.c:191 0x433c99 22
2 path.c:205 0x433a09 6
3 path.c:223 0x433c99 0x433c99 22 6
4 path.c:246 0x433c99 6
4 path.c:31 0x433a09 6
4 dynarray.c:112 0x433c69 16
4 dynarray.c:113 0x433c39 24
4 path.c:254 0x433779 24
2 path.c:178 0x433779 24
1 dynarray.c:84 0x433c99 24
2 dynarray.c:95 0x433c39 16
2 path.c:191 0x433cc9 22
2 path.c:205 0x433a09 6
2 path.c:205 0x433a69 8
3 path.c:223 0x433cc9 0x433cc9 22 14
4 path.c:246 0x433cc9 14
4 path.c:31 0x433a09 6
4 path.c:31 0x433a69 8
4 dynarray.c:112 0x433c39 16
4 dynarray.c:113 0x433c99 24
4 path.c:254 0x433779 24
2 path.c:178 0x433779 24
1 dynarray.c:84 0x433c69 24
2 dynarray.c:95 0x433c99 24
2 path.c:191 0x433cc9 22
2 path.c:205 0x433a69 6
2 path.c:205 0x433a09 8
2 path.c:205 0x433909 8
3 path.c:223 0x433cc9 0x433cc9 22 22
4 path.c:246 0x433cc9 22
4 path.c:31 0x433a69 6
4 path.c:31 0x433a09 8
4 path.c:31 0x433909 8
4 dynarray.c:112 0x433c99 24
4 dynarray.c:113 0x433c69 24
4 path.c:254 0x433779 24
2 path.c:128 0x433779 24
1 dynarray.c:84 0x433c39 24
2 dynarray.c:95 0x433c69 16
2 path.c:90 0x433909 6
2 path.c:90 0x433a09 8
2 path.c:90 0x433a69 8
3 dynarray.c:69 0x433b89 0x433c69 16 32
1 path.c:143 0x433c99 22
2 path.c:178 0x433c69 24
1 dynarray.c:84 0x433cc9 24
2 dynarray.c:95 0x433cf9 16
2 path.c:191 0x433d29 22
2 path.c:205 0x433739 6
3 path.c:223 0x433d29 0x433d29 22 6
4 path.c:246 0x433d29 6
4 path.c:31 0x433739 6
4 dynarray.c:112 0x433cf9 16
4 dynarray.c:113 0x433cc9 24
4 path.c:254 0x433c69 24
2 path.c:178 0x433c69 24
1 dynarray.c:84 0x433d29 24
2 dynarray.c:95 0x433cc9 16
2 path.c:191 0x433d59 22
2 path.c:205 0x433739 6
2 path.c:205 0x433829 8
3 path.c:223 0x433d59 0x433d59 22 14
4 path.c:246 0x433d59 14
4 path.c:31 0x433739 6
4 path.c:31 0x433829 8
4 dynarray.c:112 0x433cc9 16
4 dynarray.c:113 0x433d29 24
4 path.c:254 0x433c69 24
2 path.c:178 0x433c69 24
1 dynarray.c:84 0x433cf9 24
2 dynarray.c:95 0x433d29 24
2 path.c:191 0x433d59 22
2 path.c:205 0x433829 6
2 path.c:205 0x433739 8
2 path.c:205 0x4339e9 8
3 path.c:223 0x433d59 0x433d59 22 22
4 path.c:246 0x433d59 22
4 path.c:31 0x433829 6
4 path.c:31 0x433739 8
4 path.c:31 0x4339e9 8
4 dynarray.c:112 0x433d29 24
4 dynarray.c:113 0x433cf9 24
4 path.c:254 0x433c69 24
2 path.c:128 0x433c69 24
1 dynarray.c:84 0x433cc9 24
2 dynarray.c:95 0x433cf9 16
2 path.c:90 0x4339e9 6
2 path.c:90 0x433739 8
1 path.c:143 0x432f69 14
2 path.c:178 0x433d59 24
1 dynarray.c:84 0x433d29 24
2 dynarray.c:95 0x433d89 16
2 path.c:191 0x433829 14
2 path.c:205 0x4335b9 6
3 path.c:223 0x433829 0x433829 14 6
4 path.c:246 0x433829 6
4 path.c:31 0x4335b9 6
4 dynarray.c:112 0x433d89 16
4 dynarray.c:113 0x433d29 24
4 path.c:254 0x433d59 24
2 path.c:178 0x433d59 24
1 dynarray.c:84 0x433d89 24
2 dynarray.c:95 0x433d29 16
2 path.c:191 0x4335b9 14
2 path.c:205 0x433829 6
2 path.c:205 0x4337e9 8
3 path.c:223 0x4335b9 0x4335b9 14 14
4 path.c:246 0x4335b9 14
4 path.c:31 0x433829 6
4 path.c:31 0x4337e9 8
4 dynarray.c:112 0x433d29 16
4 dynarray.c:113 0x433d89 24
4 path.c:254 0x433d59 24
4 path.c:246 0x432f69 14
4 path.c:31 0x4339e9 6
4 path.c:31 0x433739 8
4 dynarray.c:112 0x433cf9 16
4 dynarray.c:113 0x433cc9 24
4 path.c:254 0x433c69 24
4 path.c:246 0x433969 32
4 path.c:31 0x433809 6
4 path.c:31 0x433629 8
4 path.c:31 0x4339a9 12
4 path.c:31 0x4339c9 6
4 dynarray.c:112 0x433929 32
4 dynarray.c:113 0x433489 24
4 path.c:254 0x433439 24
4 bdtBad5.c:263 0x433869 32
4 path.c:246 0x4336a9 26
4 path.c:31 0x4336d9 6
4 path.c:31 0x4336f9 8
4 path.c:31 0x433719 12
4 dynarray.c:112 0x433679 24
4 dynarray.c:113 0x433589 24
4 path.c:254 0x433649 24
4 bdtBad5.c:263 0x433379 32
4 path.c:246 0x432ea9 14
4 path.c:31 0x432ec9 6
4 path.c:31 0x432ee9 8
4 dynarray.c:112 0x432e79 16
4 dynarray.c:113 0x432719 24
4 path.c:254 0x432dc9 24
4 bdtBad5.c:263 0x432e39 32
2 path.c:128 0x432dc9 24
1 dynarray.c:84 0x433d29 24
2 dynarray.c:95 0x432719 16
2 path.c:90 0x432ee9 6
1 path.c:143 0x433759 6
2 path.c:178 0x433649 24
1 dynarray.c:84 0x432e79 24
2 dynarray.c:95 0x433589 16
2 path.c:191 0x432ec9 6
2 path.c:205 0x433719 6
3 path.c:223 0x432ec9 0x432ec9 6 6
4 path.c:246 0x432ec9 6
4 path.c:31 0x433719 6
4 dynarray.c:112 0x433589 16
4 dynarray.c:113 0x432e79 24
4 path.c:254 0x433649 24
4 path.c:246 0x433759 6
4 path.c:31 0x432ee9 6
4 dynarray.c:112 0x432719 16
4 dynarray.c:113 0x433d29 24
4 path.c:254 0x432dc9 24
2 path.c:128 0x432dc9 24
1 dynarray.c:84 0x433679 24
2 dynarray.c:95 0x433d29 16
2 path.c:90 0x432ee9 6
2 path.c:90 0x433759 7
1 path.c:143 0x432ea9 13
2 path.c:178 0x433649 24
1 dynarray.c:84 0x432719 24
2 dynarray.c:95 0x432e79 16
2 path.c:191 0x433719 13
2 path.c:205 0x4336f9 6
3 path.c:223 0x433719 0x433719 13 6
4 path.c:246 0x433719 6
4 path.c:31 0x4336f9 6
4 dynarray.c:112 0x432e79 16
4 dynarray.c:113 0x432719 24
4 path.c:254 0x433649 24
2 path.c:178 0x433649 24
1 dynarray.c:84 0x433589 24
2 dynarray.c:95 0x432719 16
2 path.c:191 0x4336f9 13
2 path.c:205 0x433719 6
2 path.c:205 0x4336d9 7
3 path.c:223 0x4336f9 0x4336f9 13 13
4 path.c:246 0x4336f9 13
4 path.c:31 0x433719 6
4 path.c:31 0x4336d9 7
4 dynarray.c:112 0x432719 16
4 dynarray.c:113 0x433589 24
4 path.c:254 0x433649 24
4 path.c:246 0x432ea9 13
4 path.c:31 0x432ee9 6
4 path.c:31 0x433759 7
4 dynarray.c:112 0x433d29 16
4 dynarray.c:113 0x433679 24
4 path.c:254 0x432dc9 24
2 path.c:128 0x432dc9 24
1 dynarray.c:84 0x432e79 24
2 dynarray.c:95 0x433679 16
2 path.c:90 0x433759 6
2 path.c:90 0x432ee9 8
1 path.c:143 0x432ec9 14
2 path.c:178 0x433649 24
1 dynarray.c:84 0x433d29 24
2 dynarray.c:95 0x433589 16
2 path.c:191 0x432ea9 14
2 path.c:205 0x433719 6
3 path.c:223 0x432ea9 0x432ea9 14 6
4 path.c:246 0x432ea9 6
4 path.c:31 0x433719 6
4 dynarray.c:112 0x433589 16
4 dynarray.c:113 0x433d29 24
4 path.c:254 0x433649 24
2 path.c:178 0x433649 24
1 dynarray.c:84 0x432719 24
2 dynarray.c:95 0x433d29 16
2 path.c:191 0x433719 14
2 path.c:205 0x432ea9 6
2 path.c:205 0x4336f9 8
3 path.c:223 0x433719 0x433719 14 14
4 path.c:246 0x433719 14
4 path.c:31 0x432ea9 6
4 path.c:31 0x4336f9 8
4 dynarray.c:112 0x433d29 16
4 dynarray.c:113 0x432719 24
4 path.c:254 0x433649 24
2 path.c:128 0x433649 24
1 dynarray.c:84 0x433589 24
2 dynarray.c:95 0x432719 16
2 path.c:90 0x4336f9 6
2 path.c:90 0x432ea9 8
2 path.c:90 0x433719 12
3 dynarray.c:69 0x432e39 0x432719 16 32
1 path.c:143 0x433d29 26
2 path.c:178 0x432719 24
1 dynarray.c:84 0x4336a9 24
2 dynarray.c:95 0x433439 16
2 path.c:191 0x433c69 26
2 path.c:205 0x4339c9 6
3 path.c:223 0x433c69 0x433c69 26 6
4 path.c:246 0x433c69 6
4 path.c:31 0x4339c9 6
4 dynarray.c:112 0x433439 16
4 dynarray.c:113 0x4336a9 24
4 path.c:254 0x432719 24
2 path.c:178 0x432719 24
1 dynarray.c:84 0x433489 24
2 dynarray.c:95 0x4336a9 16
2 path.c:191 0x433c69 26
2 path.c:205 0x4339c9 6
2 path.c:205 0x4339a9 8
3 path.c:223 0x433c69 0x433c69 26 14
4 path.c:246 0x433c69 14
4 path.c:31 0x4339c9 6
4 path.c:31 0x4339a9 8
4 dynarray.c:112 0x4336a9 16
4 dynarray.c:113 0x433489 24
4 path.c:254 0x432719 24
2 path.c:128 0x432719 24
1 dynarray.c:84 0x433439 24
2 dynarray.c:95 0x433489 16
2 path.c:90 0x4339a9 6
2 path.c:90 0x4339c9 8
2 path.c:90 0x433629 12
3 dynarray.c:69 0x433379 0x433489 16 32
2 path.c:90 0x433809 6
1 path.c:143 0x433a29 32
2 path.c:178 0x433489 24
1 dynarray.c:84 0x4336a9 24
2 dynarray.c:95 0x433c69 16
2 path.c:191 0x433869 32
2 path.c:205 0x433739 6
3 path.c:223 0x433869 0x433869 32 6
4 path.c:246 0x433869 6
4 path.c:31 0x433739 6
4 dynarray.c:112 0x433c69 16
4 dynarray.c:113 0x4336a9 24
4 path.c:254 0x433489 24
2 path.c:178 0x433489 24
1 dynarray.c:84 0x433cc9 24
2 dynarray.c:95 0x4336a9 16
2 path.c:191 0x433969 32
2 path.c:205 0x433739 6
2 path.c:205 0x433869 8
3 path.c:223 0x433969 0x433969 32 14
4 path.c:246 0x433969 14
4 path.c:31 0x433739 6
4 path.c:31 0x433869 8
4 dynarray.c:112 0x4336a9 16
4 dynarray.c:113 0x433cc9 24
4 path.c:254 0x433489 24
1 dynarray.c:84 0x433c69 24
2 dynarray.c:95 0x433489 24
1 bdtBad5.c:662 0x433929 45
4 dynarray.c:112 0x433489 24
4 dynarray.c:113 0x433c69 24
4 bdt_client.c:113 0x433929 45
2 path.c:128 0x433c69 24
1 dynarray.c:84 0x433cc9 24
2 dynarray.c:95 0x433489 16
2 path.c:90 0x433869 13
1 path.c:143 0x4336d9 13
2 path.c:178 0x433cf9 24
1 dynarray.c:84 0x4336a9 24
2 dynarray.c:95 0x433d59 16
2 path.c:191 0x433739 13
2 path.c:205 0x433989 13
3 path.c:223 0x433739 0x433739 13 13
4 path.c:246 0x433739 13
4 path.c:31 0x433989 13
4 dynarray.c:112 0x433d59 16
4 dynarray.c:113 0x4336a9 24
4 path.c:254 0x433cf9 24
4 path.c:246 0x4336d9 13
4 path.c:31 0x433869 13
4 dynarray.c:112 0x433489 16
4 dynarray.c:113 0x433cc9 24
4 path.c:254 0x433c69 24
2 path.c:128 0x433c69 24
1 dynarray.c:84 0x433d89 24
2 dynarray.c:95 0x433cc9 16
2 path.c:90 0x433869 6
1 path.c:143 0x433969 6
2 path.c:178 0x433cf9 24
1 dynarray.c:84 0x433489 24
2 dynarray.c:95 0x4336a9 16
2 path.c:191 0x4336d9 6
2 path.c:205 0x433739 6
3 path.c:223 0x4336d9 0x4336d9 6 6
4 path.c:246 0x4336d9 6
4 path.c:31 0x433739 6
4 dynarray.c:112 0x4336a9 16
4 dynarray.c:113 0x433489 24
4 path.c:254 0x433cf9 24
4 path.c:246 0x433969 6
4 path.c:31 0x433869 6
4 dynarray.c:112 0x433cc9 16
4 dynarray.c:113 0x433d89 24
4 path.c:254 0x433c69 24
4 path.c:246 0x432c09 25
4 path.c:31 0x432c39 6
4 path.c:31 0x432c59 7
4 path.c:31 0x432c79 12
4 dynarray.c:112 0x432bd9 24
4 dynarray.c:113 0x432919 24
4 path.c:254 0x432ba9 24
4 bdtBad5.c:263 0x432b69 32
4 path.c:246 0x432ab9 13
4 path.c:31 0x432ad9 6
4 path.c:31 0x432af9 7
4 dynarray.c:112 0x432a89 16
4 dynarray.c:113 0x4325a9 24
4 path.c:254 0x432a59 24
4 bdtBad5.c:263 0x432a19 32
4 path.c:246 0x432859 6
4 path.c:31 0x432879 6
4 dynarray.c:112 0x432829 16
4 dynarray.c:113 0x432609 24
4 path.c:254 0x4327f9 24
4 bdtBad5.c:263 0x4327b9 32
2 path.c:128 0x4327f9 24
1 dynarray.c:84 0x433d59 24
2 dynarray.c:95 0x432609 16
2 path.c:90 0x432879 6
2 path.c:90 0x432859 7
1 path.c:143 0x433989 13
4 path.c:246 0x433989 13
4 path.c:31 0x432879 6
4 path.c:31 0x432859 7
4 dynarray.c:112 0x432609 16
4 dynarray.c:113 0x433d59 24
4 path.c:254 0x4327f9 24
2 path.c:128 0x4327f9 24
1 dynarray.c:84 0x432829 24
2 dynarray.c:95 0x433d59 16
2 path.c:90 0x432859 6
1 path.c:143 0x433989 6
4 path.c:246 0x433989 6
4 path.c:31 0x432859 6
4 dynarray.c:112 0x433d59 16
4 dynarray.c:113 0x432829 24
4 path.c:254 0x4327f9 24
2 path.c:128 0x4327f9 24
1 dynarray.c:84 0x432609 24
2 dynarray.c:95 0x432829 16
2 path.c:90 0x432859 6
1 path.c:143 0x433989 6
4 path.c:246 0x433989 6
4 path.c:31 0x432859 6
4 dynarray.c:112 0x432829 16
4 dynarray.c:113 0x432609 24
4 path.c:254 0x4327f9 24
2 path.c:128 0x4327f9 24
1 dynarray.c:84 0x433d59 24
2 dynarray.c:95 0x432609 16
2 path.c:90 0x432859 13
1 path.c:143 0x433989 13
4 path.c:246 0x433989 13
4 path.c:31 0x432859 13
4 dynarray.c:112 0x432609 16
4 dynarray.c:113 0x433d59 24
4 path.c:254 0x4327f9 24
1 dynarray.c:84 0x432829 24
2 dynarray.c:95 0x4327f9 16
1 bdtBad5.c:662 0x433989 1
4 dynarray.c:112 0x4327f9 16
4 dynarray.c:113 0x432829 24
4 bdt_client.c:124 0x433989 1
2 path.c:128 0x432829 24
1 dynarray.c:84 0x433d59 24
2 dynarray.c:95 0x4327f9 16
2 path.c:90 0x432859 2
2 path.c:90 0x432879 2
1 path.c:143 0x433989 4
2 path.c:178 0x432a59 24
1 dynarray.c:84 0x432609 24
2 dynarray.c:95 0x4325a9 16
2 path.c:191 0x432af9 4
2 path.c:205 0x432ab9 2
3 path.c:223 0x432af9 0x432af9 4 2
1 bdtBad5.c:143 0x433929 32
2 path.c:178 0x432ba9 24
1 dynarray.c:84 0x432a89 24
2 dynarray.c:95 0x432919 16
2 path.c:191 0x432c79 2
2 path.c:205 0x432c59 2
3 path.c:223 0x432c79 0x432c79 2 2
4 path.c:246 0x432af9 2
4 path.c:31 0x432ab9 2
4 dynarray.c:112 0x4325a9 16
4 dynarray.c:113 0x432609 24
4 path.c:254 0x432a59 24
2 path.c:178 0x432a59 24
1 dynarray.c:84 0x432bd9 24
2 dynarray.c:95 0x432609 16
2 path.c:191 0x432ab9 4
2 path.c:205 0x432af9 2
2 path.c:205 0x432c39 2
3 path.c:223 0x432ab9 0x432ab9 4 4
1 bdtBad5.c:143 0x433519 32
2 path.c:178 0x432c09 24
1 dynarray.c:84 0x4325a9 24
2 dynarray.c:95 0x433c69 16
2 path.c:191 0x433869 4
2 path.c:205 0x433969 2
2 path.c:205 0x433739 2
3 path.c:223 0x433869 0x433869 4 4
4 path.c:246 0x432ab9 4
4 path.c:31 0x432af9 2
4 path.c:31 0x432c39 2
4 dynarray.c:112 0x432609 16
4 dynarray.c:113 0x432bd9 24
4 path.c:254 0x432a59 24
4 path.c:246 0x433989 4
4 path.c:31 0x432859 2
4 path.c:31 0x432879 2
4 dynarray.c:112 0x4327f9 16
4 dynarray.c:113 0x433d59 24
4 path.c:254 0x432829 24
1 dynarray.c:84 0x433d89 24
2 dynarray.c:95 0x432829 16
1 bdtBad5.c:662 0x432ad9 7
4 dynarray.c:112 0x432829 16
4 dynarray.c:113 0x433d89 24
4 bdt_client.c:136 0x432ad9 7
2 path.c:128 0x433d89 24
1 dynarray.c:84 0x433d59 24
2 dynarray.c:95 0x432829 16
2 path.c:90 0x432879 2
2 path.c:90 0x432859 2
1 path.c:143 0x432ad9 4
2 path.c:178 0x432a59 24
1 dynarray.c:84 0x4327f9 24
2 dynarray.c:95 0x432bd9 16
2 path.c:191 0x433989 4
2 path.c:205 0x432af9 2
3 path.c:223 0x433989 0x433989 4 2
4 path.c:246 0x433989 2
4 path.c:31 0x432af9 2
4 dynarray.c:112 0x432bd9 16
4 dynarray.c:113 0x4327f9 24
4 path.c:254 0x432a59 24
2 path.c:178 0x432a59 24
1 dynarray.c:84 0x432609 24
2 dynarray.c:95 0x4327f9 16
2 path.c:191 0x432af9 4
2 path.c:205 0x433989 2
2 path.c:205 0x432ab9 2
3 path.c:223 0x432af9 0x432af9 4 4
4 path.c:246 0x432af9 4
4 path.c:31 0x433989 2
4 path.c:31 0x432ab9 2
4 dynarray.c:112 0x4327f9 16
4 dynarray.c:113 0x432609 24
4 path.c:254 0x432a59 24
2 path.c:178 0x432a59 24
1 dynarray.c:84 0x432bd9 24
2 dynarray.c:95 0x432609 16
2 path.c:191 0x432ab9 4
2 path.c:205 0x433989 2
2 path.c:205 0x432af9 2
3 path.c:223 0x432ab9 0x432ab9 4 4
1 bdtBad5.c:143 0x4332c9 32
2 path.c:178 0x433cc9 24
1 dynarray.c:84 0x4327f9 24
2 dynarray.c:95 0x433cf9 16
2 path.c:191 0x4336d9 4
2 path.c:205 0x433889 2
2 path.c:205 0x4339e9 2
3 path.c:223 0x4336d9 0x4336d9 4 4
4 path.c:246 0x432ab9 4
4 path.c:31 0x433989 2
4 path.c:31 0x432af9 2
4 dynarray.c:112 0x432609 16
4 dynarray.c:113 0x432bd9 24
4 path.c:254 0x432a59 24
4 path.c:246 0x432ad9 4
4 path.c:31 0x432879 2
4 path.c:31 0x432859 2
4 dynarray.c:112 0x432829 16
4 dynarray.c:113 0x433d59 24
4 path.c:254 0x433d89 24
1 dynarray.c:84 0x433489 24
2 dynarray.c:95 0x433d89 24
1 bdtBad5.c:662 0x432c39 11
4 dynarray.c:112 0x433d89 24
4 dynarray.c:113 0x433489 24
4 bdt_client.c:140 0x432c39 11
2 path.c:128 0x433489 24
1 dynarray.c:84 0x433d59 24
2 dynarray.c:95 0x433d89 16
2 path.c:90 0x432859 2
2 path.c:90 0x432879 2
1 path.c:143 0x432c39 4
2 path.c:178 0x432a59 24
1 dynarray.c:84 0x432829 24
2 dynarray.c:95 0x432bd9 16
2 path.c:191 0x432ad9 4
2 path.c:205 0x433989 2
3 path.c:223 0x432ad9 0x432ad9 4 2
4 path.c:246 0x432ad9 2
4 path.c:31 0x433989 2
4 dynarray.c:112 0x432bd9 16
4 dynarray.c:113 0x432829 24
4 path.c:254 0x432a59 24
2 path.c:178 0x432a59 24
1 dynarray.c:84 0x432609 24
2 dynarray.c:95 0x432829 16
2 path.c:191 0x433989 4
2 path.c:205 0x432ad9 2
2 path.c:205 0x432ab9 2
3 path.c:223 0x433989 0x433989 4 4
4 path.c:246 0x433989 4
4 path.c:31 0x432ad9 2
4 path.c:31 0x432ab9 2
4 dynarray.c:112 0x432829 16
4 dynarray.c:113 0x432609 24
4 path.c:254 0x432a59 24
4 path.c:246 0x432c39 4
4 path.c:31 0x432859 2
4 path.c:31 0x432879 2
4 dynarray.c:112 0x433d89 16
4 dynarray.c:113 0x433d59 24
4 path.c:254 0x433489 24
4 path.c:246 0x433869 4
4 path.c:31 0x433969 2
4 path.c:31 0x433739 2
4 dynarray.c:112 0x433c69 16
4 dynarray.c:113 0x4325a9 24
4 path.c:254 0x432c09 24
4 bdtBad5.c:263 0x433519 32
1 dynarray.c:84 0x432bd9 24
2 dynarray.c:95 0x432c09 16
1 bdtBad5.c:662 0x432af9 7
4 dynarray.c:112 0x432c09 16
4 dynarray.c:113 0x432bd9 24
4 bdt_client.c:144 0x432af9 7
2 path.c:128 0x432bd9 24
1 dynarray.c:84 0x4325a9 24
2 dynarray.c:95 0x432c09 16
2 path.c:90 0x433739 2
2 path.c:90 0x433969 3
1 path.c:143 0x432af9 5
2 path.c:178 0x433489 24
1 dynarray.c:84 0x433c69 24
2 dynarray.c:95 0x433d59 16
2 path.c:191 0x433869 5
2 path.c:205 0x432859 2
3 path.c:223 0x433869 0x433869 5 2
4 path.c:246 0x433869 2
4 path.c:31 0x432859 2
4 dynarray.c:112 0x433d59 16
4 dynarray.c:113 0x433c69 24
4 path.c:254 0x433489 24
2 path.c:178 0x433489 24
1 dynarray.c:84 0x433d89 24
2 dynarray.c:95 0x433c69 16
2 path.c:191 0x432859 5
2 path.c:205 0x433869 2
2 path.c:205 0x432c39 3
3 path.c:223 0x432859 0x432859 5 5
4 path.c:246 0x432859 5
4 path.c:31 0x433869 2
4 path.c:31 0x432c39 3
4 dynarray.c:112 0x433c69 16
4 dynarray.c:113 0x433d89 24
4 path.c:254 0x433489 24
2 path.c:178 0x433489 24
1 dynarray.c:84 0x433d59 24
2 dynarray.c:95 0x433d89 16
2 path.c:191 0x432c39 5
2 path.c:205 0x433869 2
2 path.c:205 0x432859 3
3 path.c:223 0x432c39 0x432c39 5 5
1 bdtBad5.c:143 0x433519 32
2 path.c:178 0x432a59 24
1 dynarray.c:84 0x433c69 24
2 dynarray.c:95 0x432609 16
2 path.c:191 0x432ab9 5
2 path.c:205 0x432ad9 2
2 path.c:205 0x433989 3
3 path.c:223 0x432ab9 0x432ab9 5 5
4 path.c:246 0x432c39 5
4 path.c:31 0x433869 2
4 path.c:31 0x432859 3
4 dynarray.c:112 0x433d89 16
4 dynarray.c:113 0x433d59 24
4 path.c:254 0x433489 24
4 path.c:246 0x432af9 5
4 path.c:31 0x433739 2
4 path.c:31 0x433969 3
4 dynarray.c:112 0x432c09 16
4 dynarray.c:113 0x4325a9 24
4 path.c:254 0x432bd9 24
1 dynarray.c:84 0x432829 24
2 dynarray.c:95 0x432bd9 24
1 bdtBad5.c:662 0x432879 12
4 dynarray.c:112 0x432bd9 24
4 dynarray.c:113 0x432829 24
4 bdt_client.c:148 0x432879 12
2 path.c:128 0x432829 24
1 dynarray.c:84 0x4325a9 24
2 dynarray.c:95 0x432bd9 16
2 path.c:90 0x433969 2
2 path.c:90 0x433739 3
1 path.c:143 0x432879 5
2 path.c:178 0x433489 24
1 dynarray.c:84 0x432c09 24
2 dynarray.c:95 0x433d59 16
2 path.c:191 0x432af9 5
2 path.c:205 0x433869 2
3 path.c:223 0x432af9 0x432af9 5 2
4 path.c:246 0x432af9 2
4 path.c:31 0x433869 2
4 dynarray.c:112 0x433d59 16
4 dynarray.c:113 0x432c09 24
4 path.c:254 0x433489 24
2 path.c:178 0x433489 24
1 dynarray.c:84 0x433d89 24
2 dynarray.c:95 0x432c09 16
2 path.c:191 0x433869 5
2 path.c:205 0x432af9 2
2 path.c:205 0x432c39 3
3 path.c:223 0x433869 0x433869 5 5
4 path.c:246 0x433869 5
4 path.c:31 0x432af9 2
4 path.c:31 0x432c39 3
4 dynarray.c:112 0x432c09 16
4 dynarray.c:113 0x433d89 24
4 path.c:254 0x433489 24
4 path.c:246 0x432879 5
4 path.c:31 0x433969 2
4 path.c:31 0x433739 3
4 dynarray.c:112 0x432bd9 16
4 dynarray.c:113 0x4325a9 24
4 path.c:254 0x432829 24
4 path.c:246 0x432ab9 5
4 path.c:31 0x432ad9 2
4 path.c:31 0x433989 3
4 dynarray.c:112 0x432609 16
4 dynarray.c:113 0x433c69 24
4 path.c:254 0x432a59 24
4 bdtBad5.c:263 0x433519 32
1 dynarray.c:84 0x433d59 24
2 dynarray.c:95 0x432a59 16
1 bdtBad5.c:662 0x432859 7
4 dynarray.c:112 0x432a59 16
4 dynarray.c:113 0x433d59 24
4 bdt_client.c:152 0x432859 7
2 path.c:128 0x433d59 24
1 dynarray.c:84 0x433c69 24
2 dynarray.c:95 0x432a59 16
2 path.c:90 0x433989 2
2 path.c:90 0x432ad9 3
1 path.c:143 0x432859 5
2 path.c:178 0x432829 24
1 dynarray.c:84 0x432609 24
2 dynarray.c:95 0x4325a9 16
2 path.c:191 0x432ab9 5
2 path.c:205 0x433969 2
3 path.c:223 0x432ab9 0x432ab9 5 2
4 path.c:246 0x432ab9 2
4 path.c:31 0x433969 2
4 dynarray.c:112 0x4325a9 16
4 dynarray.c:113 0x432609 24
4 path.c:254 0x432829 24
2 path.c:178 0x432829 24
1 dynarray.c:84 0x432bd9 24
2 dynarray.c:95 0x432609 16
2 path.c:191 0x433969 5
2 path.c:205 0x432ab9 2
2 path.c:205 0x432879 3
3 path.c:223 0x433969 0x433969 5 5
4 path.c:246 0x433969 5
4 path.c:31 0x432ab9 2
4 path.c:31 0x432879 3
4 dynarray.c:112 0x432609 16
4 dynarray.c:113 0x432bd9 24
4 path.c:254 0x432829 24
2 path.c:178 0x432829 24
1 dynarray.c:84 0x4325a9 24
2 dynarray.c:95 0x432bd9 16
2 path.c:191 0x432879 5
2 path.c:205 0x432ab9 2
2 path.c:205 0x433969 3
3 path.c:223 0x432879 0x432879 5 5
1 bdtBad5.c:143 0x433519 32
2 path.c:178 0x433489 24
1 dynarray.c:84 0x432609 24
2 dynarray.c:95 0x433d89 16
2 path.c:191 0x432c39 5
2 path.c:205 0x432af9 2
2 path.c:205 0x433869 3
3 path.c:223 0x432c39 0x432c39 5 5
4 path.c:246 0x432879 5
4 path.c:31 0x432ab9 2
4 path.c:31 0x433969 3
4 dynarray.c:112 0x432bd9 16
4 dynarray.c:113 0x4325a9 24
4 path.c:254 0x432829 24
4 path.c:246 0x432859 5
4 path.c:31 0x433989 2
4 path.c:31 0x432ad9 3
4 dynarray.c:112 0x432a59 16
4 dynarray.c:113 0x433c69 24
4 path.c:254 0x433d59 24
1 dynarray.c:84 0x432c09 24
2 dynarray.c:95 0x433d59 24
1 bdtBad5.c:662 0x433739 12
4 dynarray.c:112 0x433d59 24
4 dynarray.c:113 0x432c09 24
4 bdt_client.c:156 0x433739 12
2 path.c:128 0x432c09 24
1 dynarray.c:84 0x433c69 24
2 dynarray.c:95 0x433d59 16
2 path.c:90 0x432ad9 2
2 path.c:90 0x433989 2
1 path.c:143 0x433739 4
2 path.c:178 0x432829 24
1 dynarray.c:84 0x432a59 24
2 dynarray.c:95 0x4325a9 16
2 path.c:191 0x432859 4
2 path.c:205 0x432ab9 2
3 path.c:223 0x432859 0x432859 4 2
4 path.c:246 0x432859 2
4 path.c:31 0x432ab9 2
4 dynarray.c:112 0x4325a9 16
4 dynarray.c:113 0x432a59 24
4 path.c:254 0x432829 24
2 path.c:178 0x432829 24
1 dynarray.c:84 0x432bd9 24
2 dynarray.c:95 0x432a59 16
2 path.c:191 0x432ab9 4
2 path.c:205 0x432859 2
2 path.c:205 0x432879 2
3 path.c:223 0x432ab9 0x432ab9 4 4
4 path.c:246 0x432ab9 4
4 path.c:31 0x432859 2
4 path.c:31 0x432879 2
4 dynarray.c:112 0x432a59 16
4 dynarray.c:113 0x432bd9 24
4 path.c:254 0x432829 24
4 path.c:246 0x433739 4
4 path.c:31 0x432ad9 2
4 path.c:31 0x433989 2
4 dynarray.c:112 0x433d59 16
4 dynarray.c:113 0x433c69 24
4 path.c:254 0x432c09 24
4 path.c:246 0x4336d9 4
4 path.c:31 0x433889 2
4 path.c:31 0x4339e9 2
4 dynarray.c:112 0x433cf9 16
4 dynarray.c:113 0x4327f9 24
4 path.c:254 0x433cc9 24
4 bdtBad5.c:263 0x4332c9 32
1 dynarray.c:84 0x4325a9 24
2 dynarray.c:95 0x433cc9 16
1 bdtBad5.c:662 0x433969 8
4 dynarray.c:112 0x433cc9 16
4 dynarray.c:113 0x4325a9 24
4 bdt_client.c:160 0x433969 8
4 path.c:246 0x432c39 5
4 path.c:31 0x432af9 2
4 path.c:31 0x433869 3
4 dynarray.c:112 0x433d89 16
4 dynarray.c:113 0x432609 24
4 path.c:254 0x433489 24
4 bdtBad5.c:263 0x433519 32
4 path.c:246 0x432c79 2
4 path.c:31 0x432c59 2
4 dynarray.c:112 0x432919 16
4 dynarray.c:113 0x432a89 24
4 path.c:254 0x432ba9 24
4 bdtBad5.c:263 0x433929 32
